2025-06-26T18:05:59.2841045+01:00  [INF] Now listening on: "http://localhost:5045" (d826f4b8)
2025-06-26T18:05:59.3600566+01:00  [INF] Application started. Press Ctrl+C to shut down. (dcaefe54)
2025-06-26T18:05:59.3630988+01:00  [INF] Hosting environment: "Development" (bc5a1a4e)
2025-06-26T18:05:59.3668585+01:00  [INF] Content root path: "S:\14    PFE_DVLD\TheProjectDVLDVersion2.0.0\BackEnd-ServerSide\DVLD_API" (cc26f24e)
2025-06-26T18:05:59.6230422+01:00 0HNDKQESH940J:00000001 [INF] Request starting "HTTP/1.1" "GET" "http"://"localhost:5045""""/swagger/index.html""" - null null (d509f86a)
2025-06-26T18:05:59.8717227+01:00 0HNDKQESH940J:00000001 [INF] Request finished "HTTP/1.1" "GET" "http"://"localhost:5045""""/swagger/index.html""" - 200 null "text/html;charset=utf-8" 252.3961ms (74253ad3)
2025-06-26T18:05:59.9097138+01:00 0HNDKQESH940J:00000002 [INF] Request starting "HTTP/1.1" "GET" "http"://"localhost:5045""""/_framework/aspnetcore-browser-refresh.js""" - null null (d509f86a)
2025-06-26T18:05:59.9130393+01:00 0HNDKQESH940J:00000002 [INF] Request finished "HTTP/1.1" "GET" "http"://"localhost:5045""""/_framework/aspnetcore-browser-refresh.js""" - 200 16501 "application/javascript; charset=utf-8" 3.4457ms (74253ad3)
2025-06-26T18:05:59.9641091+01:00 0HNDKQESH940J:00000003 [INF] Request starting "HTTP/1.1" "GET" "http"://"localhost:5045""""/_vs/browserLink""" - null null (d509f86a)
2025-06-26T18:06:00.0237512+01:00 0HNDKQESH940J:00000003 [INF] Request finished "HTTP/1.1" "GET" "http"://"localhost:5045""""/_vs/browserLink""" - 200 null "text/javascript; charset=UTF-8" 59.6382ms (74253ad3)
2025-06-26T18:06:00.1795170+01:00 0HNDKQESH940J:00000004 [INF] Request starting "HTTP/1.1" "GET" "http"://"localhost:5045""""/swagger/v1/swagger.json""" - null null (d509f86a)
2025-06-26T18:06:00.1963024+01:00 0HNDKQESH940K:00000001 [INF] Request starting "HTTP/1.1" "GET" "http"://"localhost:5045""""/swagger/favicon-32x32.png""" - null null (d509f86a)
2025-06-26T18:06:00.2085274+01:00 0HNDKQESH940K:00000001 [INF] Sending file. Request path: '"/favicon-32x32.png"'. Physical path: '"N/A"' (27b0a520)
2025-06-26T18:06:00.2091361+01:00 0HNDKQESH940K:00000001 [INF] Request finished "HTTP/1.1" "GET" "http"://"localhost:5045""""/swagger/favicon-32x32.png""" - 200 628 "image/png" 12.9457ms (74253ad3)
2025-06-26T18:06:00.3104425+01:00 0HNDKQESH940J:00000004 [INF] Request finished "HTTP/1.1" "GET" "http"://"localhost:5045""""/swagger/v1/swagger.json""" - 200 null "application/json;charset=utf-8" 131.1346ms (74253ad3)
2025-06-26T18:09:01.0761587+01:00 0HNDKQESH940J:00000005 [INF] Request starting "HTTP/1.1" "POST" "http"://"localhost:5045""""/api/applications""" - "application/json" 242 (d509f86a)
2025-06-26T18:09:01.0882095+01:00 0HNDKQESH940J:00000005 [WRN] Failed to determine the https port for redirect. (ca76cc21)
2025-06-26T18:09:01.0904213+01:00 0HNDKQESH940J:00000005 [INF] Executing endpoint '"DVLD_API.Controllers.ApplicationAPIController.CreateApplication (DVLD_API)"' (500cc934)
2025-06-26T18:09:01.1047265+01:00 0HNDKQESH940J:00000005 [INF] Route matched with "{action = \"CreateApplication\", controller = \"ApplicationAPI\"}". Executing controller action with signature "System.Threading.Tasks.Task`1[Microsoft.AspNetCore.Mvc.ActionResult`1[DVLD_SharedModels.clsApplicationDTO]] CreateApplication(DVLD_SharedModels.clsApplicationDTO)" on controller "DVLD_API.Controllers.ApplicationAPIController" ("DVLD_API"). (122b2fdf)
2025-06-26T18:09:01.1534752+01:00 0HNDKQESH940J:00000005 [INF] Creating new application (69092f41)
2025-06-26T18:09:01.6320911+01:00 0HNDKQESH940J:00000005 [INF] Executing "CreatedAtRouteResult", writing value of type '"DVLD_SharedModels.clsApplicationDTO"'. (605b4265)
2025-06-26T18:09:01.6470982+01:00 0HNDKQESH940J:00000005 [INF] Executed action "DVLD_API.Controllers.ApplicationAPIController.CreateApplication (DVLD_API)" in 540.179ms (afa2e885)
2025-06-26T18:09:01.6474452+01:00 0HNDKQESH940J:00000005 [INF] Executed endpoint '"DVLD_API.Controllers.ApplicationAPIController.CreateApplication (DVLD_API)"' (99874f2b)
2025-06-26T18:09:01.6479760+01:00 0HNDKQESH940J:00000005 [INF] Request finished "HTTP/1.1" "POST" "http"://"localhost:5045""""/api/applications""" - 201 null "application/json; charset=utf-8" 571.94ms (74253ad3)
2025-06-26T18:24:18.0513569+01:00 0HNDKQESH940L:00000001 [INF] Request starting "HTTP/1.1" "PUT" "http"://"localhost:5045""""/api/applications/133""" - "application/json" 244 (d509f86a)
2025-06-26T18:24:18.0583888+01:00 0HNDKQESH940L:00000001 [INF] Executing endpoint '"DVLD_API.Controllers.ApplicationAPIController.UpdateApplication (DVLD_API)"' (500cc934)
2025-06-26T18:24:18.0626025+01:00 0HNDKQESH940L:00000001 [INF] Route matched with "{action = \"UpdateApplication\", controller = \"ApplicationAPI\"}". Executing controller action with signature "System.Threading.Tasks.Task`1[Microsoft.AspNetCore.Mvc.ActionResult`1[System.Boolean]] UpdateApplication(Int32, DVLD_SharedModels.clsApplicationDTO)" on controller "DVLD_API.Controllers.ApplicationAPIController" ("DVLD_API"). (122b2fdf)
2025-06-26T18:24:18.0684222+01:00 0HNDKQESH940L:00000001 [INF] Executing "BadRequestObjectResult", writing value of type '"Microsoft.AspNetCore.Mvc.ValidationProblemDetails"'. (605b4265)
2025-06-26T18:24:18.0774780+01:00 0HNDKQESH940L:00000001 [INF] Executed action "DVLD_API.Controllers.ApplicationAPIController.UpdateApplication (DVLD_API)" in 14.7846ms (afa2e885)
2025-06-26T18:24:18.0775275+01:00 0HNDKQESH940L:00000001 [INF] Executed endpoint '"DVLD_API.Controllers.ApplicationAPIController.UpdateApplication (DVLD_API)"' (99874f2b)
2025-06-26T18:24:18.0776090+01:00 0HNDKQESH940L:00000001 [INF] Request finished "HTTP/1.1" "PUT" "http"://"localhost:5045""""/api/applications/133""" - 400 null "application/problem+json; charset=utf-8" 26.3318ms (74253ad3)
2025-06-26T18:25:43.8047140+01:00  [INF] Now listening on: "http://localhost:5045" (d826f4b8)
2025-06-26T18:25:43.8649423+01:00  [INF] Application started. Press Ctrl+C to shut down. (dcaefe54)
2025-06-26T18:25:43.8662707+01:00  [INF] Hosting environment: "Development" (bc5a1a4e)
2025-06-26T18:25:43.8673650+01:00  [INF] Content root path: "S:\14    PFE_DVLD\TheProjectDVLDVersion2.0.0\BackEnd-ServerSide\DVLD_API" (cc26f24e)
2025-06-26T18:25:44.2189516+01:00 0HNDKQPTJD8GT:00000001 [INF] Request starting "HTTP/1.1" "GET" "http"://"localhost:5045""""/swagger/index.html""" - null null (d509f86a)
2025-06-26T18:25:44.3684407+01:00 0HNDKQPTJD8GT:00000001 [INF] Request finished "HTTP/1.1" "GET" "http"://"localhost:5045""""/swagger/index.html""" - 200 null "text/html;charset=utf-8" 153.8259ms (74253ad3)
2025-06-26T18:25:44.3913560+01:00 0HNDKQPTJD8GT:00000002 [INF] Request starting "HTTP/1.1" "GET" "http"://"localhost:5045""""/_framework/aspnetcore-browser-refresh.js""" - null null (d509f86a)
2025-06-26T18:25:44.3934532+01:00 0HNDKQPTJD8GT:00000002 [INF] Request finished "HTTP/1.1" "GET" "http"://"localhost:5045""""/_framework/aspnetcore-browser-refresh.js""" - 200 16501 "application/javascript; charset=utf-8" 2.2435ms (74253ad3)
2025-06-26T18:25:44.4519117+01:00 0HNDKQPTJD8GT:00000003 [INF] Request starting "HTTP/1.1" "GET" "http"://"localhost:5045""""/_vs/browserLink""" - null null (d509f86a)
2025-06-26T18:25:44.4932191+01:00 0HNDKQPTJD8GT:00000003 [INF] Request finished "HTTP/1.1" "GET" "http"://"localhost:5045""""/_vs/browserLink""" - 200 null "text/javascript; charset=UTF-8" 41.3757ms (74253ad3)
2025-06-26T18:25:44.5976802+01:00 0HNDKQPTJD8GT:00000004 [INF] Request starting "HTTP/1.1" "GET" "http"://"localhost:5045""""/swagger/v1/swagger.json""" - null null (d509f86a)
2025-06-26T18:25:44.7017829+01:00 0HNDKQPTJD8GT:00000004 [INF] Request finished "HTTP/1.1" "GET" "http"://"localhost:5045""""/swagger/v1/swagger.json""" - 200 null "application/json;charset=utf-8" 104.1554ms (74253ad3)
2025-06-26T18:26:02.7655799+01:00 0HNDKQPTJD8GT:00000005 [INF] Request starting "HTTP/1.1" "PUT" "http"://"localhost:5045""""/api/applications/133""" - "application/json" 245 (d509f86a)
2025-06-26T18:26:02.7848360+01:00 0HNDKQPTJD8GT:00000005 [WRN] Failed to determine the https port for redirect. (ca76cc21)
2025-06-26T18:26:02.7870866+01:00 0HNDKQPTJD8GT:00000005 [INF] Executing endpoint '"DVLD_API.Controllers.ApplicationAPIController.UpdateApplication (DVLD_API)"' (500cc934)
2025-06-26T18:26:02.8020769+01:00 0HNDKQPTJD8GT:00000005 [INF] Route matched with "{action = \"UpdateApplication\", controller = \"ApplicationAPI\"}". Executing controller action with signature "System.Threading.Tasks.Task`1[Microsoft.AspNetCore.Mvc.ActionResult`1[System.Boolean]] UpdateApplication(Int32, DVLD_SharedModels.clsApplicationDTO)" on controller "DVLD_API.Controllers.ApplicationAPIController" ("DVLD_API"). (122b2fdf)
2025-06-26T18:26:02.8255803+01:00 0HNDKQPTJD8GT:00000005 [INF] Executing "BadRequestObjectResult", writing value of type '"Microsoft.AspNetCore.Mvc.ValidationProblemDetails"'. (605b4265)
2025-06-26T18:26:02.8360949+01:00 0HNDKQPTJD8GT:00000005 [INF] Executed action "DVLD_API.Controllers.ApplicationAPIController.UpdateApplication (DVLD_API)" in 31.7008ms (afa2e885)
2025-06-26T18:26:02.8362067+01:00 0HNDKQPTJD8GT:00000005 [INF] Executed endpoint '"DVLD_API.Controllers.ApplicationAPIController.UpdateApplication (DVLD_API)"' (99874f2b)
2025-06-26T18:26:02.8363334+01:00 0HNDKQPTJD8GT:00000005 [INF] Request finished "HTTP/1.1" "PUT" "http"://"localhost:5045""""/api/applications/133""" - 400 null "application/problem+json; charset=utf-8" 70.8381ms (74253ad3)
2025-06-26T18:26:15.7320509+01:00 0HNDKQPTJD8GT:00000006 [INF] Request starting "HTTP/1.1" "PUT" "http"://"localhost:5045""""/api/applications/133""" - "application/json" 247 (d509f86a)
2025-06-26T18:26:15.7340229+01:00 0HNDKQPTJD8GT:00000006 [INF] Executing endpoint '"DVLD_API.Controllers.ApplicationAPIController.UpdateApplication (DVLD_API)"' (500cc934)
2025-06-26T18:26:15.7342776+01:00 0HNDKQPTJD8GT:00000006 [INF] Route matched with "{action = \"UpdateApplication\", controller = \"ApplicationAPI\"}". Executing controller action with signature "System.Threading.Tasks.Task`1[Microsoft.AspNetCore.Mvc.ActionResult`1[System.Boolean]] UpdateApplication(Int32, DVLD_SharedModels.clsApplicationDTO)" on controller "DVLD_API.Controllers.ApplicationAPIController" ("DVLD_API"). (122b2fdf)
2025-06-26T18:26:15.7361464+01:00 0HNDKQPTJD8GT:00000006 [INF] Executing "BadRequestObjectResult", writing value of type '"Microsoft.AspNetCore.Mvc.ValidationProblemDetails"'. (605b4265)
2025-06-26T18:26:15.7364237+01:00 0HNDKQPTJD8GT:00000006 [INF] Executed action "DVLD_API.Controllers.ApplicationAPIController.UpdateApplication (DVLD_API)" in 2.0886ms (afa2e885)
2025-06-26T18:26:15.7364688+01:00 0HNDKQPTJD8GT:00000006 [INF] Executed endpoint '"DVLD_API.Controllers.ApplicationAPIController.UpdateApplication (DVLD_API)"' (99874f2b)
2025-06-26T18:26:15.7365463+01:00 0HNDKQPTJD8GT:00000006 [INF] Request finished "HTTP/1.1" "PUT" "http"://"localhost:5045""""/api/applications/133""" - 400 null "application/problem+json; charset=utf-8" 4.6671ms (74253ad3)
2025-06-26T18:29:59.7059382+01:00 0HNDKQPTJD8GT:00000007 [INF] Request starting "HTTP/1.1" "PUT" "http"://"localhost:5045""""/api/applications/133""" - "application/json" 242 (d509f86a)
2025-06-26T18:29:59.7079048+01:00 0HNDKQPTJD8GT:00000007 [INF] Executing endpoint '"DVLD_API.Controllers.ApplicationAPIController.UpdateApplication (DVLD_API)"' (500cc934)
2025-06-26T18:29:59.7080538+01:00 0HNDKQPTJD8GT:00000007 [INF] Route matched with "{action = \"UpdateApplication\", controller = \"ApplicationAPI\"}". Executing controller action with signature "System.Threading.Tasks.Task`1[Microsoft.AspNetCore.Mvc.ActionResult`1[System.Boolean]] UpdateApplication(Int32, DVLD_SharedModels.clsApplicationDTO)" on controller "DVLD_API.Controllers.ApplicationAPIController" ("DVLD_API"). (122b2fdf)
2025-06-26T18:29:59.7265513+01:00 0HNDKQPTJD8GT:00000007 [INF] Updating application 133 (412e7f30)
2025-06-26T18:30:00.0013921+01:00 0HNDKQPTJD8GT:00000007 [ERR] Failed to update application 133 (bfaf51b8)
2025-06-26T18:30:00.0030446+01:00 0HNDKQPTJD8GT:00000007 [INF] Executing "ObjectResult", writing value of type '"<>f__AnonymousType0`1[[System.String, System.Private.CoreLib, Version=8.0.0.0, Culture=neutral, PublicKeyToken=7cec85d7bea7798e]]"'. (605b4265)
2025-06-26T18:30:00.0046413+01:00 0HNDKQPTJD8GT:00000007 [INF] Executed action "DVLD_API.Controllers.ApplicationAPIController.UpdateApplication (DVLD_API)" in 296.5563ms (afa2e885)
2025-06-26T18:30:00.0048860+01:00 0HNDKQPTJD8GT:00000007 [INF] Executed endpoint '"DVLD_API.Controllers.ApplicationAPIController.UpdateApplication (DVLD_API)"' (99874f2b)
2025-06-26T18:30:00.0054534+01:00 0HNDKQPTJD8GT:00000007 [INF] Request finished "HTTP/1.1" "PUT" "http"://"localhost:5045""""/api/applications/133""" - 500 null "application/json; charset=utf-8" 301.7215ms (74253ad3)
2025-06-26T18:33:04.1139175+01:00 0HNDKQPTJD8GT:00000008 [INF] Request starting "HTTP/1.1" "PUT" "http"://"localhost:5045""""/api/applications/133""" - "application/json" 242 (d509f86a)
2025-06-26T18:33:04.1159238+01:00 0HNDKQPTJD8GT:00000008 [INF] Executing endpoint '"DVLD_API.Controllers.ApplicationAPIController.UpdateApplication (DVLD_API)"' (500cc934)
2025-06-26T18:33:04.1194720+01:00 0HNDKQPTJD8GT:00000008 [INF] Route matched with "{action = \"UpdateApplication\", controller = \"ApplicationAPI\"}". Executing controller action with signature "System.Threading.Tasks.Task`1[Microsoft.AspNetCore.Mvc.ActionResult`1[System.Boolean]] UpdateApplication(Int32, DVLD_SharedModels.clsApplicationDTO)" on controller "DVLD_API.Controllers.ApplicationAPIController" ("DVLD_API"). (122b2fdf)
2025-06-26T18:33:04.1219391+01:00 0HNDKQPTJD8GT:00000008 [INF] Updating application 133 (412e7f30)
2025-06-26T18:33:04.1536691+01:00 0HNDKQPTJD8GT:00000008 [ERR] Failed to update application 133 (bfaf51b8)
2025-06-26T18:33:04.1539736+01:00 0HNDKQPTJD8GT:00000008 [INF] Executing "ObjectResult", writing value of type '"<>f__AnonymousType0`1[[System.String, System.Private.CoreLib, Version=8.0.0.0, Culture=neutral, PublicKeyToken=7cec85d7bea7798e]]"'. (605b4265)
2025-06-26T18:33:04.1541887+01:00 0HNDKQPTJD8GT:00000008 [INF] Executed action "DVLD_API.Controllers.ApplicationAPIController.UpdateApplication (DVLD_API)" in 34.6722ms (afa2e885)
2025-06-26T18:33:04.1542211+01:00 0HNDKQPTJD8GT:00000008 [INF] Executed endpoint '"DVLD_API.Controllers.ApplicationAPIController.UpdateApplication (DVLD_API)"' (99874f2b)
2025-06-26T18:33:04.1543221+01:00 0HNDKQPTJD8GT:00000008 [INF] Request finished "HTTP/1.1" "PUT" "http"://"localhost:5045""""/api/applications/133""" - 500 null "application/json; charset=utf-8" 40.4982ms (74253ad3)
2025-06-26T18:35:19.0250494+01:00  [INF] Now listening on: "http://localhost:5045" (d826f4b8)
2025-06-26T18:35:19.0809884+01:00  [INF] Application started. Press Ctrl+C to shut down. (dcaefe54)
2025-06-26T18:35:19.0821835+01:00  [INF] Hosting environment: "Development" (bc5a1a4e)
2025-06-26T18:35:19.0835762+01:00  [INF] Content root path: "S:\14    PFE_DVLD\TheProjectDVLDVersion2.0.0\BackEnd-ServerSide\DVLD_API" (cc26f24e)
2025-06-26T18:35:19.4848529+01:00 0HNDKQV920SIR:00000001 [INF] Request starting "HTTP/1.1" "GET" "http"://"localhost:5045""""/swagger/index.html""" - null null (d509f86a)
2025-06-26T18:35:19.6278812+01:00 0HNDKQV920SIR:00000001 [INF] Request finished "HTTP/1.1" "GET" "http"://"localhost:5045""""/swagger/index.html""" - 200 null "text/html;charset=utf-8" 149.0377ms (74253ad3)
2025-06-26T18:35:19.6551075+01:00 0HNDKQV920SIR:00000002 [INF] Request starting "HTTP/1.1" "GET" "http"://"localhost:5045""""/_framework/aspnetcore-browser-refresh.js""" - null null (d509f86a)
2025-06-26T18:35:19.6577515+01:00 0HNDKQV920SIR:00000002 [INF] Request finished "HTTP/1.1" "GET" "http"://"localhost:5045""""/_framework/aspnetcore-browser-refresh.js""" - 200 16501 "application/javascript; charset=utf-8" 2.7354ms (74253ad3)
2025-06-26T18:35:19.7156035+01:00 0HNDKQV920SIR:00000003 [INF] Request starting "HTTP/1.1" "GET" "http"://"localhost:5045""""/_vs/browserLink""" - null null (d509f86a)
2025-06-26T18:35:19.7489129+01:00 0HNDKQV920SIR:00000003 [INF] Request finished "HTTP/1.1" "GET" "http"://"localhost:5045""""/_vs/browserLink""" - 200 null "text/javascript; charset=UTF-8" 33.3696ms (74253ad3)
2025-06-26T18:35:19.8671850+01:00 0HNDKQV920SIR:00000004 [INF] Request starting "HTTP/1.1" "GET" "http"://"localhost:5045""""/swagger/v1/swagger.json""" - null null (d509f86a)
2025-06-26T18:35:19.9731028+01:00 0HNDKQV920SIR:00000004 [INF] Request finished "HTTP/1.1" "GET" "http"://"localhost:5045""""/swagger/v1/swagger.json""" - 200 null "application/json;charset=utf-8" 105.9621ms (74253ad3)
2025-06-26T18:37:08.9157598+01:00  [INF] Now listening on: "http://localhost:5045" (d826f4b8)
2025-06-26T18:37:08.9707338+01:00  [INF] Application started. Press Ctrl+C to shut down. (dcaefe54)
2025-06-26T18:37:08.9722015+01:00  [INF] Hosting environment: "Development" (bc5a1a4e)
2025-06-26T18:37:08.9734197+01:00  [INF] Content root path: "S:\14    PFE_DVLD\TheProjectDVLDVersion2.0.0\BackEnd-ServerSide\DVLD_API" (cc26f24e)
2025-06-26T18:37:09.3239351+01:00 0HNDKR09PBGH7:00000001 [INF] Request starting "HTTP/1.1" "GET" "http"://"localhost:5045""""/swagger/index.html""" - null null (d509f86a)
2025-06-26T18:37:09.4795822+01:00 0HNDKR09PBGH7:00000001 [INF] Request finished "HTTP/1.1" "GET" "http"://"localhost:5045""""/swagger/index.html""" - 200 null "text/html;charset=utf-8" 162.1034ms (74253ad3)
2025-06-26T18:37:09.5172033+01:00 0HNDKR09PBGH7:00000002 [INF] Request starting "HTTP/1.1" "GET" "http"://"localhost:5045""""/_framework/aspnetcore-browser-refresh.js""" - null null (d509f86a)
2025-06-26T18:37:09.5194745+01:00 0HNDKR09PBGH7:00000002 [INF] Request finished "HTTP/1.1" "GET" "http"://"localhost:5045""""/_framework/aspnetcore-browser-refresh.js""" - 200 16501 "application/javascript; charset=utf-8" 2.3422ms (74253ad3)
2025-06-26T18:37:09.5841577+01:00 0HNDKR09PBGH7:00000003 [INF] Request starting "HTTP/1.1" "GET" "http"://"localhost:5045""""/_vs/browserLink""" - null null (d509f86a)
2025-06-26T18:37:09.6316325+01:00 0HNDKR09PBGH7:00000003 [INF] Request finished "HTTP/1.1" "GET" "http"://"localhost:5045""""/_vs/browserLink""" - 200 null "text/javascript; charset=UTF-8" 47.5338ms (74253ad3)
2025-06-26T18:37:09.7445274+01:00 0HNDKR09PBGH7:00000004 [INF] Request starting "HTTP/1.1" "GET" "http"://"localhost:5045""""/swagger/v1/swagger.json""" - null null (d509f86a)
2025-06-26T18:37:09.8298006+01:00 0HNDKR09PBGH7:00000004 [INF] Request finished "HTTP/1.1" "GET" "http"://"localhost:5045""""/swagger/v1/swagger.json""" - 200 null "application/json;charset=utf-8" 85.3087ms (74253ad3)
2025-06-26T18:37:51.8133196+01:00 0HNDKR09PBGH7:00000005 [INF] Request starting "HTTP/1.1" "PUT" "http"://"localhost:5045""""/api/applications/133""" - "application/json" 243 (d509f86a)
2025-06-26T18:37:51.8277879+01:00 0HNDKR09PBGH7:00000005 [WRN] Failed to determine the https port for redirect. (ca76cc21)
2025-06-26T18:37:51.8307179+01:00 0HNDKR09PBGH7:00000005 [INF] Executing endpoint '"DVLD_API.Controllers.ApplicationAPIController.UpdateApplication (DVLD_API)"' (500cc934)
2025-06-26T18:37:51.8446218+01:00 0HNDKR09PBGH7:00000005 [INF] Route matched with "{action = \"UpdateApplication\", controller = \"ApplicationAPI\"}". Executing controller action with signature "System.Threading.Tasks.Task`1[Microsoft.AspNetCore.Mvc.ActionResult`1[System.Boolean]] UpdateApplication(Int32, DVLD_SharedModels.clsApplicationDTO)" on controller "DVLD_API.Controllers.ApplicationAPIController" ("DVLD_API"). (122b2fdf)
2025-06-26T18:37:51.8699206+01:00 0HNDKR09PBGH7:00000005 [INF] Executing "BadRequestObjectResult", writing value of type '"Microsoft.AspNetCore.Mvc.ValidationProblemDetails"'. (605b4265)
2025-06-26T18:37:51.8803170+01:00 0HNDKR09PBGH7:00000005 [INF] Executed action "DVLD_API.Controllers.ApplicationAPIController.UpdateApplication (DVLD_API)" in 33.5446ms (afa2e885)
2025-06-26T18:37:51.8803919+01:00 0HNDKR09PBGH7:00000005 [INF] Executed endpoint '"DVLD_API.Controllers.ApplicationAPIController.UpdateApplication (DVLD_API)"' (99874f2b)
2025-06-26T18:37:51.8805076+01:00 0HNDKR09PBGH7:00000005 [INF] Request finished "HTTP/1.1" "PUT" "http"://"localhost:5045""""/api/applications/133""" - 400 null "application/problem+json; charset=utf-8" 67.4357ms (74253ad3)
2025-06-26T18:38:40.3343297+01:00 0HNDKR09PBGH7:00000006 [INF] Request starting "HTTP/1.1" "PUT" "http"://"localhost:5045""""/api/applications/133""" - "application/json" 245 (d509f86a)
2025-06-26T18:38:40.3363820+01:00 0HNDKR09PBGH7:00000006 [INF] Executing endpoint '"DVLD_API.Controllers.ApplicationAPIController.UpdateApplication (DVLD_API)"' (500cc934)
2025-06-26T18:38:40.3365846+01:00 0HNDKR09PBGH7:00000006 [INF] Route matched with "{action = \"UpdateApplication\", controller = \"ApplicationAPI\"}". Executing controller action with signature "System.Threading.Tasks.Task`1[Microsoft.AspNetCore.Mvc.ActionResult`1[System.Boolean]] UpdateApplication(Int32, DVLD_SharedModels.clsApplicationDTO)" on controller "DVLD_API.Controllers.ApplicationAPIController" ("DVLD_API"). (122b2fdf)
2025-06-26T18:38:40.3385934+01:00 0HNDKR09PBGH7:00000006 [INF] Executing "BadRequestObjectResult", writing value of type '"Microsoft.AspNetCore.Mvc.ValidationProblemDetails"'. (605b4265)
2025-06-26T18:38:40.3389249+01:00 0HNDKR09PBGH7:00000006 [INF] Executed action "DVLD_API.Controllers.ApplicationAPIController.UpdateApplication (DVLD_API)" in 2.282ms (afa2e885)
2025-06-26T18:38:40.3389674+01:00 0HNDKR09PBGH7:00000006 [INF] Executed endpoint '"DVLD_API.Controllers.ApplicationAPIController.UpdateApplication (DVLD_API)"' (99874f2b)
2025-06-26T18:38:40.3390432+01:00 0HNDKR09PBGH7:00000006 [INF] Request finished "HTTP/1.1" "PUT" "http"://"localhost:5045""""/api/applications/133""" - 400 null "application/problem+json; charset=utf-8" 4.8175ms (74253ad3)
2025-06-26T18:49:18.5070445+01:00 0HNDKR09PBGH9:00000001 [INF] Request starting "HTTP/1.1" "PUT" "http"://"localhost:5045""""/api/applications/133""" - "application/json" 244 (d509f86a)
2025-06-26T18:49:18.5076518+01:00 0HNDKR09PBGH9:00000001 [INF] Executing endpoint '"DVLD_API.Controllers.ApplicationAPIController.UpdateApplication (DVLD_API)"' (500cc934)
2025-06-26T18:49:18.5077761+01:00 0HNDKR09PBGH9:00000001 [INF] Route matched with "{action = \"UpdateApplication\", controller = \"ApplicationAPI\"}". Executing controller action with signature "System.Threading.Tasks.Task`1[Microsoft.AspNetCore.Mvc.ActionResult`1[System.Boolean]] UpdateApplication(Int32, DVLD_SharedModels.clsApplicationDTO)" on controller "DVLD_API.Controllers.ApplicationAPIController" ("DVLD_API"). (122b2fdf)
2025-06-26T18:49:18.5436198+01:00 0HNDKR09PBGH9:00000001 [INF] Updating application 133 (412e7f30)
2025-06-26T18:49:18.8775559+01:00 0HNDKR09PBGH9:00000001 [INF] Executing "OkObjectResult", writing value of type '"System.Boolean"'. (605b4265)
2025-06-26T18:49:18.8793484+01:00 0HNDKR09PBGH9:00000001 [INF] Executed action "DVLD_API.Controllers.ApplicationAPIController.UpdateApplication (DVLD_API)" in 371.5379ms (afa2e885)
2025-06-26T18:49:18.8795615+01:00 0HNDKR09PBGH9:00000001 [INF] Executed endpoint '"DVLD_API.Controllers.ApplicationAPIController.UpdateApplication (DVLD_API)"' (99874f2b)
2025-06-26T18:49:18.8799778+01:00 0HNDKR09PBGH9:00000001 [INF] Request finished "HTTP/1.1" "PUT" "http"://"localhost:5045""""/api/applications/133""" - 200 null "application/json; charset=utf-8" 373.6392ms (74253ad3)
2025-06-26T18:50:07.2281820+01:00 0HNDKR09PBGH9:00000002 [INF] Request starting "HTTP/1.1" "PUT" "http"://"localhost:5045""""/api/applications/133""" - "application/json" 244 (d509f86a)
2025-06-26T18:50:07.2305671+01:00 0HNDKR09PBGH9:00000002 [INF] Executing endpoint '"DVLD_API.Controllers.ApplicationAPIController.UpdateApplication (DVLD_API)"' (500cc934)
2025-06-26T18:50:07.2306563+01:00 0HNDKR09PBGH9:00000002 [INF] Route matched with "{action = \"UpdateApplication\", controller = \"ApplicationAPI\"}". Executing controller action with signature "System.Threading.Tasks.Task`1[Microsoft.AspNetCore.Mvc.ActionResult`1[System.Boolean]] UpdateApplication(Int32, DVLD_SharedModels.clsApplicationDTO)" on controller "DVLD_API.Controllers.ApplicationAPIController" ("DVLD_API"). (122b2fdf)
2025-06-26T18:50:07.2333939+01:00 0HNDKR09PBGH9:00000002 [INF] Updating application 133 (412e7f30)
2025-06-26T18:50:07.2473088+01:00 0HNDKR09PBGH9:00000002 [INF] Executing "OkObjectResult", writing value of type '"System.Boolean"'. (605b4265)
2025-06-26T18:50:07.2474571+01:00 0HNDKR09PBGH9:00000002 [INF] Executed action "DVLD_API.Controllers.ApplicationAPIController.UpdateApplication (DVLD_API)" in 16.7777ms (afa2e885)
2025-06-26T18:50:07.2474797+01:00 0HNDKR09PBGH9:00000002 [INF] Executed endpoint '"DVLD_API.Controllers.ApplicationAPIController.UpdateApplication (DVLD_API)"' (99874f2b)
2025-06-26T18:50:07.2478191+01:00 0HNDKR09PBGH9:00000002 [INF] Request finished "HTTP/1.1" "PUT" "http"://"localhost:5045""""/api/applications/133""" - 200 null "application/json; charset=utf-8" 19.4942ms (74253ad3)
2025-06-26T18:59:52.8354214+01:00 0HNDKR09PBGHA:00000001 [INF] Request starting "HTTP/1.1" "GET" "http"://"localhost:5045""""/api/applications/133""" - null null (d509f86a)
2025-06-26T18:59:52.8377608+01:00 0HNDKR09PBGHA:00000001 [INF] Executing endpoint '"DVLD_API.Controllers.ApplicationAPIController.GetApplicationByID (DVLD_API)"' (500cc934)
2025-06-26T18:59:52.8425581+01:00 0HNDKR09PBGHA:00000001 [INF] Route matched with "{action = \"GetApplicationByID\", controller = \"ApplicationAPI\"}". Executing controller action with signature "System.Threading.Tasks.Task`1[Microsoft.AspNetCore.Mvc.ActionResult`1[DVLD_SharedModels.clsApplicationDTO]] GetApplicationByID(Int32)" on controller "DVLD_API.Controllers.ApplicationAPIController" ("DVLD_API"). (122b2fdf)
2025-06-26T18:59:52.8451421+01:00 0HNDKR09PBGHA:00000001 [INF] Retrieving application 133 (862552af)
2025-06-26T18:59:52.8610123+01:00 0HNDKR09PBGHA:00000001 [INF] Executing "OkObjectResult", writing value of type '"DVLD_SharedModels.clsApplicationDTO"'. (605b4265)
2025-06-26T18:59:52.8641622+01:00 0HNDKR09PBGHA:00000001 [INF] Executed action "DVLD_API.Controllers.ApplicationAPIController.GetApplicationByID (DVLD_API)" in 21.5641ms (afa2e885)
2025-06-26T18:59:52.8641847+01:00 0HNDKR09PBGHA:00000001 [INF] Executed endpoint '"DVLD_API.Controllers.ApplicationAPIController.GetApplicationByID (DVLD_API)"' (99874f2b)
2025-06-26T18:59:52.8642505+01:00 0HNDKR09PBGHA:00000001 [INF] Request finished "HTTP/1.1" "GET" "http"://"localhost:5045""""/api/applications/133""" - 200 null "application/json; charset=utf-8" 30.2796ms (74253ad3)
2025-06-26T20:55:16.3356581+01:00  [INF] Now listening on: "http://localhost:5045" (d826f4b8)
2025-06-26T20:55:16.4068952+01:00  [INF] Application started. Press Ctrl+C to shut down. (dcaefe54)
2025-06-26T20:55:16.4091199+01:00  [INF] Hosting environment: "Development" (bc5a1a4e)
2025-06-26T20:55:16.4108353+01:00  [INF] Content root path: "S:\14    PFE_DVLD\TheProjectDVLDVersion2.0.0\BackEnd-ServerSide\DVLD_API" (cc26f24e)
2025-06-26T20:55:16.7898118+01:00 0HNDKTDFIFDU9:00000001 [INF] Request starting "HTTP/1.1" "GET" "http"://"localhost:5045""""/swagger/index.html""" - null null (d509f86a)
2025-06-26T20:55:16.9951281+01:00 0HNDKTDFIFDU9:00000001 [INF] Request finished "HTTP/1.1" "GET" "http"://"localhost:5045""""/swagger/index.html""" - 200 null "text/html;charset=utf-8" 210.5709ms (74253ad3)
2025-06-26T20:55:17.0262616+01:00 0HNDKTDFIFDU9:00000002 [INF] Request starting "HTTP/1.1" "GET" "http"://"localhost:5045""""/_framework/aspnetcore-browser-refresh.js""" - null null (d509f86a)
2025-06-26T20:55:17.0289363+01:00 0HNDKTDFIFDU9:00000002 [INF] Request finished "HTTP/1.1" "GET" "http"://"localhost:5045""""/_framework/aspnetcore-browser-refresh.js""" - 200 16501 "application/javascript; charset=utf-8" 2.8827ms (74253ad3)
2025-06-26T20:55:17.0836942+01:00 0HNDKTDFIFDU9:00000003 [INF] Request starting "HTTP/1.1" "GET" "http"://"localhost:5045""""/_vs/browserLink""" - null null (d509f86a)
2025-06-26T20:55:17.1314117+01:00 0HNDKTDFIFDU9:00000003 [INF] Request finished "HTTP/1.1" "GET" "http"://"localhost:5045""""/_vs/browserLink""" - 200 null "text/javascript; charset=UTF-8" 47.7586ms (74253ad3)
2025-06-26T20:55:17.2189181+01:00 0HNDKTDFIFDU9:00000004 [INF] Request starting "HTTP/1.1" "GET" "http"://"localhost:5045""""/swagger/v1/swagger.json""" - null null (d509f86a)
2025-06-26T20:55:17.3245669+01:00 0HNDKTDFIFDU9:00000004 [INF] Request finished "HTTP/1.1" "GET" "http"://"localhost:5045""""/swagger/v1/swagger.json""" - 200 null "application/json;charset=utf-8" 105.7249ms (74253ad3)
2025-06-26T21:17:20.8312433+01:00  [INF] Now listening on: "http://localhost:5045" (d826f4b8)
2025-06-26T21:17:20.8904881+01:00  [INF] Application started. Press Ctrl+C to shut down. (dcaefe54)
2025-06-26T21:17:20.8922591+01:00  [INF] Hosting environment: "Development" (bc5a1a4e)
2025-06-26T21:17:20.8938224+01:00  [INF] Content root path: "S:\14    PFE_DVLD\TheProjectDVLDVersion2.0.0\BackEnd-ServerSide\DVLD_API" (cc26f24e)
2025-06-26T21:17:21.4339885+01:00 0HNDKTPQDEI0G:00000001 [INF] Request starting "HTTP/1.1" "GET" "http"://"localhost:5045""""/swagger/index.html""" - null null (d509f86a)
2025-06-26T21:17:21.6218594+01:00 0HNDKTPQDEI0G:00000001 [ERR] An unhandled exception has occurred while executing the request. (48a46595)
System.InvalidOperationException: The constraint reference 'short' could not be resolved to a type. Register the constraint type with 'Microsoft.AspNetCore.Routing.RouteOptions.ConstraintMap'.
   at Microsoft.AspNetCore.Routing.DefaultParameterPolicyFactory.Create(RoutePatternParameterPart parameter, String inlineText)
   at Microsoft.AspNetCore.Routing.Matching.DfaMatcherBuilder.CachingParameterPolicyFactory.Create(RoutePatternParameterPart parameter, String inlineText)
   at Microsoft.AspNetCore.Routing.Matching.DfaMatcherBuilder.CreateCandidate(Endpoint endpoint, Int32 score)
   at Microsoft.AspNetCore.Routing.Matching.DfaMatcherBuilder.CreateCandidates(IReadOnlyList`1 endpoints)
   at Microsoft.AspNetCore.Routing.Matching.DfaMatcherBuilder.AddNode(DfaNode node, DfaState[] states, Int32 exitDestination)
   at Microsoft.AspNetCore.Routing.Matching.DfaMatcherBuilder.AddNode(DfaNode node, DfaState[] states, Int32 exitDestination)
   at Microsoft.AspNetCore.Routing.Matching.DfaMatcherBuilder.AddNode(DfaNode node, DfaState[] states, Int32 exitDestination)
   at Microsoft.AspNetCore.Routing.Matching.DfaMatcherBuilder.AddNode(DfaNode node, DfaState[] states, Int32 exitDestination)
   at Microsoft.AspNetCore.Routing.Matching.DfaMatcherBuilder.AddNode(DfaNode node, DfaState[] states, Int32 exitDestination)
   at Microsoft.AspNetCore.Routing.Matching.DfaMatcherBuilder.AddNode(DfaNode node, DfaState[] states, Int32 exitDestination)
   at Microsoft.AspNetCore.Routing.Matching.DfaMatcherBuilder.AddNode(DfaNode node, DfaState[] states, Int32 exitDestination)
   at Microsoft.AspNetCore.Routing.Matching.DfaMatcherBuilder.Build()
   at Microsoft.AspNetCore.Routing.Matching.DataSourceDependentMatcher.CreateMatcher(IReadOnlyList`1 endpoints)
   at Microsoft.AspNetCore.Routing.DataSourceDependentCache`1.Initialize()
   at System.Threading.LazyInitializer.EnsureInitializedCore[T](T& target, Boolean& initialized, Object& syncLock, Func`1 valueFactory)
   at Microsoft.AspNetCore.Routing.Matching.DataSourceDependentMatcher..ctor(EndpointDataSource dataSource, Lifetime lifetime, Func`1 matcherBuilderFactory)
   at Microsoft.AspNetCore.Routing.Matching.DfaMatcherFactory.CreateMatcher(EndpointDataSource dataSource)
   at Microsoft.AspNetCore.Routing.EndpointRoutingMiddleware.InitializeCoreAsync()
--- End of stack trace from previous location ---
   at Microsoft.AspNetCore.Routing.EndpointRoutingMiddleware.<Invoke>g__AwaitMatcher|10_0(EndpointRoutingMiddleware middleware, HttpContext httpContext, Task`1 matcherTask)
   at Microsoft.AspNetCore.Diagnostics.DeveloperExceptionPageMiddlewareImpl.Invoke(HttpContext context)
2025-06-26T21:17:21.6466997+01:00 0HNDKTPQDEI0G:00000001 [INF] Request finished "HTTP/1.1" "GET" "http"://"localhost:5045""""/swagger/index.html""" - 500 null "text/html; charset=utf-8" 217.7517ms (74253ad3)
2025-06-26T21:17:21.6779497+01:00 0HNDKTPQDEI0G:00000002 [INF] Request starting "HTTP/1.1" "GET" "http"://"localhost:5045""""/_vs/browserLink""" - null null (d509f86a)
2025-06-26T21:17:21.6808331+01:00 0HNDKTPQDEI0H:00000001 [INF] Request starting "HTTP/1.1" "GET" "http"://"localhost:5045""""/_framework/aspnetcore-browser-refresh.js""" - null null (d509f86a)
2025-06-26T21:17:21.6842420+01:00 0HNDKTPQDEI0H:00000001 [INF] Request finished "HTTP/1.1" "GET" "http"://"localhost:5045""""/_framework/aspnetcore-browser-refresh.js""" - 200 16501 "application/javascript; charset=utf-8" 3.4022ms (74253ad3)
2025-06-26T21:17:21.7056966+01:00 0HNDKTPQDEI0G:00000002 [INF] Request finished "HTTP/1.1" "GET" "http"://"localhost:5045""""/_vs/browserLink""" - 200 null "text/javascript; charset=UTF-8" 27.9115ms (74253ad3)
2025-06-26T21:17:21.8647903+01:00 0HNDKTPQDEI0G:00000003 [INF] Request starting "HTTP/1.1" "GET" "http"://"localhost:5045""""/favicon.ico""" - null null (d509f86a)
2025-06-26T21:17:21.8703103+01:00 0HNDKTPQDEI0G:00000003 [ERR] An unhandled exception has occurred while executing the request. (48a46595)
System.InvalidOperationException: The constraint reference 'short' could not be resolved to a type. Register the constraint type with 'Microsoft.AspNetCore.Routing.RouteOptions.ConstraintMap'.
   at Microsoft.AspNetCore.Routing.DefaultParameterPolicyFactory.Create(RoutePatternParameterPart parameter, String inlineText)
   at Microsoft.AspNetCore.Routing.Matching.DfaMatcherBuilder.CachingParameterPolicyFactory.Create(RoutePatternParameterPart parameter, String inlineText)
   at Microsoft.AspNetCore.Routing.Matching.DfaMatcherBuilder.CreateCandidate(Endpoint endpoint, Int32 score)
   at Microsoft.AspNetCore.Routing.Matching.DfaMatcherBuilder.CreateCandidates(IReadOnlyList`1 endpoints)
   at Microsoft.AspNetCore.Routing.Matching.DfaMatcherBuilder.AddNode(DfaNode node, DfaState[] states, Int32 exitDestination)
   at Microsoft.AspNetCore.Routing.Matching.DfaMatcherBuilder.AddNode(DfaNode node, DfaState[] states, Int32 exitDestination)
   at Microsoft.AspNetCore.Routing.Matching.DfaMatcherBuilder.AddNode(DfaNode node, DfaState[] states, Int32 exitDestination)
   at Microsoft.AspNetCore.Routing.Matching.DfaMatcherBuilder.AddNode(DfaNode node, DfaState[] states, Int32 exitDestination)
   at Microsoft.AspNetCore.Routing.Matching.DfaMatcherBuilder.AddNode(DfaNode node, DfaState[] states, Int32 exitDestination)
   at Microsoft.AspNetCore.Routing.Matching.DfaMatcherBuilder.AddNode(DfaNode node, DfaState[] states, Int32 exitDestination)
   at Microsoft.AspNetCore.Routing.Matching.DfaMatcherBuilder.AddNode(DfaNode node, DfaState[] states, Int32 exitDestination)
   at Microsoft.AspNetCore.Routing.Matching.DfaMatcherBuilder.Build()
   at Microsoft.AspNetCore.Routing.Matching.DataSourceDependentMatcher.CreateMatcher(IReadOnlyList`1 endpoints)
   at Microsoft.AspNetCore.Routing.DataSourceDependentCache`1.Initialize()
   at System.Threading.LazyInitializer.EnsureInitializedCore[T](T& target, Boolean& initialized, Object& syncLock, Func`1 valueFactory)
   at Microsoft.AspNetCore.Routing.Matching.DataSourceDependentMatcher..ctor(EndpointDataSource dataSource, Lifetime lifetime, Func`1 matcherBuilderFactory)
   at Microsoft.AspNetCore.Routing.Matching.DfaMatcherFactory.CreateMatcher(EndpointDataSource dataSource)
   at Microsoft.AspNetCore.Routing.EndpointRoutingMiddleware.InitializeCoreAsync()
--- End of stack trace from previous location ---
   at Microsoft.AspNetCore.Routing.EndpointRoutingMiddleware.<Invoke>g__AwaitMatcher|10_0(EndpointRoutingMiddleware middleware, HttpContext httpContext, Task`1 matcherTask)
   at Microsoft.AspNetCore.Diagnostics.DeveloperExceptionPageMiddlewareImpl.Invoke(HttpContext context)
2025-06-26T21:17:21.8727699+01:00 0HNDKTPQDEI0G:00000003 [INF] Request finished "HTTP/1.1" "GET" "http"://"localhost:5045""""/favicon.ico""" - 500 null "text/plain; charset=utf-8" 8.0723ms (74253ad3)
2025-06-26T21:17:36.5935005+01:00  [INF] Now listening on: "http://localhost:5045" (d826f4b8)
2025-06-26T21:17:36.6500877+01:00  [INF] Application started. Press Ctrl+C to shut down. (dcaefe54)
2025-06-26T21:17:36.6514263+01:00  [INF] Hosting environment: "Development" (bc5a1a4e)
2025-06-26T21:17:36.6524926+01:00  [INF] Content root path: "S:\14    PFE_DVLD\TheProjectDVLDVersion2.0.0\BackEnd-ServerSide\DVLD_API" (cc26f24e)
2025-06-26T21:17:36.9943154+01:00 0HNDKTPV29E5A:00000001 [INF] Request starting "HTTP/1.1" "GET" "http"://"localhost:5045""""/swagger/index.html""" - null null (d509f86a)
2025-06-26T21:17:37.1108349+01:00 0HNDKTPV29E5A:00000001 [ERR] An unhandled exception has occurred while executing the request. (48a46595)
System.InvalidOperationException: The constraint reference 'short' could not be resolved to a type. Register the constraint type with 'Microsoft.AspNetCore.Routing.RouteOptions.ConstraintMap'.
   at Microsoft.AspNetCore.Routing.DefaultParameterPolicyFactory.Create(RoutePatternParameterPart parameter, String inlineText)
   at Microsoft.AspNetCore.Routing.Matching.DfaMatcherBuilder.CachingParameterPolicyFactory.Create(RoutePatternParameterPart parameter, String inlineText)
   at Microsoft.AspNetCore.Routing.Matching.DfaMatcherBuilder.CreateCandidate(Endpoint endpoint, Int32 score)
   at Microsoft.AspNetCore.Routing.Matching.DfaMatcherBuilder.CreateCandidates(IReadOnlyList`1 endpoints)
   at Microsoft.AspNetCore.Routing.Matching.DfaMatcherBuilder.AddNode(DfaNode node, DfaState[] states, Int32 exitDestination)
   at Microsoft.AspNetCore.Routing.Matching.DfaMatcherBuilder.AddNode(DfaNode node, DfaState[] states, Int32 exitDestination)
   at Microsoft.AspNetCore.Routing.Matching.DfaMatcherBuilder.AddNode(DfaNode node, DfaState[] states, Int32 exitDestination)
   at Microsoft.AspNetCore.Routing.Matching.DfaMatcherBuilder.AddNode(DfaNode node, DfaState[] states, Int32 exitDestination)
   at Microsoft.AspNetCore.Routing.Matching.DfaMatcherBuilder.AddNode(DfaNode node, DfaState[] states, Int32 exitDestination)
   at Microsoft.AspNetCore.Routing.Matching.DfaMatcherBuilder.AddNode(DfaNode node, DfaState[] states, Int32 exitDestination)
   at Microsoft.AspNetCore.Routing.Matching.DfaMatcherBuilder.AddNode(DfaNode node, DfaState[] states, Int32 exitDestination)
   at Microsoft.AspNetCore.Routing.Matching.DfaMatcherBuilder.Build()
   at Microsoft.AspNetCore.Routing.Matching.DataSourceDependentMatcher.CreateMatcher(IReadOnlyList`1 endpoints)
   at Microsoft.AspNetCore.Routing.DataSourceDependentCache`1.Initialize()
   at System.Threading.LazyInitializer.EnsureInitializedCore[T](T& target, Boolean& initialized, Object& syncLock, Func`1 valueFactory)
   at Microsoft.AspNetCore.Routing.Matching.DataSourceDependentMatcher..ctor(EndpointDataSource dataSource, Lifetime lifetime, Func`1 matcherBuilderFactory)
   at Microsoft.AspNetCore.Routing.Matching.DfaMatcherFactory.CreateMatcher(EndpointDataSource dataSource)
   at Microsoft.AspNetCore.Routing.EndpointRoutingMiddleware.InitializeCoreAsync()
--- End of stack trace from previous location ---
   at Microsoft.AspNetCore.Routing.EndpointRoutingMiddleware.<Invoke>g__AwaitMatcher|10_0(EndpointRoutingMiddleware middleware, HttpContext httpContext, Task`1 matcherTask)
   at Microsoft.AspNetCore.Diagnostics.DeveloperExceptionPageMiddlewareImpl.Invoke(HttpContext context)
2025-06-26T21:17:37.1311446+01:00 0HNDKTPV29E5A:00000001 [INF] Request finished "HTTP/1.1" "GET" "http"://"localhost:5045""""/swagger/index.html""" - 500 null "text/html; charset=utf-8" 141.9729ms (74253ad3)
2025-06-26T21:17:37.1539360+01:00 0HNDKTPV29E5A:00000002 [INF] Request starting "HTTP/1.1" "GET" "http"://"localhost:5045""""/_vs/browserLink""" - null null (d509f86a)
2025-06-26T21:17:37.1543060+01:00 0HNDKTPV29E5B:00000001 [INF] Request starting "HTTP/1.1" "GET" "http"://"localhost:5045""""/_framework/aspnetcore-browser-refresh.js""" - null null (d509f86a)
2025-06-26T21:17:37.1566588+01:00 0HNDKTPV29E5B:00000001 [INF] Request finished "HTTP/1.1" "GET" "http"://"localhost:5045""""/_framework/aspnetcore-browser-refresh.js""" - 200 16501 "application/javascript; charset=utf-8" 2.4349ms (74253ad3)
2025-06-26T21:17:37.1839490+01:00 0HNDKTPV29E5A:00000002 [INF] Request finished "HTTP/1.1" "GET" "http"://"localhost:5045""""/_vs/browserLink""" - 200 null "text/javascript; charset=UTF-8" 30.211ms (74253ad3)
2025-06-26T21:17:37.3296321+01:00 0HNDKTPV29E5A:00000003 [INF] Request starting "HTTP/1.1" "GET" "http"://"localhost:5045""""/favicon.ico""" - null null (d509f86a)
2025-06-26T21:17:37.3337332+01:00 0HNDKTPV29E5A:00000003 [ERR] An unhandled exception has occurred while executing the request. (48a46595)
System.InvalidOperationException: The constraint reference 'short' could not be resolved to a type. Register the constraint type with 'Microsoft.AspNetCore.Routing.RouteOptions.ConstraintMap'.
   at Microsoft.AspNetCore.Routing.DefaultParameterPolicyFactory.Create(RoutePatternParameterPart parameter, String inlineText)
   at Microsoft.AspNetCore.Routing.Matching.DfaMatcherBuilder.CachingParameterPolicyFactory.Create(RoutePatternParameterPart parameter, String inlineText)
   at Microsoft.AspNetCore.Routing.Matching.DfaMatcherBuilder.CreateCandidate(Endpoint endpoint, Int32 score)
   at Microsoft.AspNetCore.Routing.Matching.DfaMatcherBuilder.CreateCandidates(IReadOnlyList`1 endpoints)
   at Microsoft.AspNetCore.Routing.Matching.DfaMatcherBuilder.AddNode(DfaNode node, DfaState[] states, Int32 exitDestination)
   at Microsoft.AspNetCore.Routing.Matching.DfaMatcherBuilder.AddNode(DfaNode node, DfaState[] states, Int32 exitDestination)
   at Microsoft.AspNetCore.Routing.Matching.DfaMatcherBuilder.AddNode(DfaNode node, DfaState[] states, Int32 exitDestination)
   at Microsoft.AspNetCore.Routing.Matching.DfaMatcherBuilder.AddNode(DfaNode node, DfaState[] states, Int32 exitDestination)
   at Microsoft.AspNetCore.Routing.Matching.DfaMatcherBuilder.AddNode(DfaNode node, DfaState[] states, Int32 exitDestination)
   at Microsoft.AspNetCore.Routing.Matching.DfaMatcherBuilder.AddNode(DfaNode node, DfaState[] states, Int32 exitDestination)
   at Microsoft.AspNetCore.Routing.Matching.DfaMatcherBuilder.AddNode(DfaNode node, DfaState[] states, Int32 exitDestination)
   at Microsoft.AspNetCore.Routing.Matching.DfaMatcherBuilder.Build()
   at Microsoft.AspNetCore.Routing.Matching.DataSourceDependentMatcher.CreateMatcher(IReadOnlyList`1 endpoints)
   at Microsoft.AspNetCore.Routing.DataSourceDependentCache`1.Initialize()
   at System.Threading.LazyInitializer.EnsureInitializedCore[T](T& target, Boolean& initialized, Object& syncLock, Func`1 valueFactory)
   at Microsoft.AspNetCore.Routing.Matching.DataSourceDependentMatcher..ctor(EndpointDataSource dataSource, Lifetime lifetime, Func`1 matcherBuilderFactory)
   at Microsoft.AspNetCore.Routing.Matching.DfaMatcherFactory.CreateMatcher(EndpointDataSource dataSource)
   at Microsoft.AspNetCore.Routing.EndpointRoutingMiddleware.InitializeCoreAsync()
--- End of stack trace from previous location ---
   at Microsoft.AspNetCore.Routing.EndpointRoutingMiddleware.<Invoke>g__AwaitMatcher|10_0(EndpointRoutingMiddleware middleware, HttpContext httpContext, Task`1 matcherTask)
   at Microsoft.AspNetCore.Diagnostics.DeveloperExceptionPageMiddlewareImpl.Invoke(HttpContext context)
2025-06-26T21:17:37.3355858+01:00 0HNDKTPV29E5A:00000003 [INF] Request finished "HTTP/1.1" "GET" "http"://"localhost:5045""""/favicon.ico""" - 500 null "text/plain; charset=utf-8" 6.0086ms (74253ad3)
2025-06-26T21:18:28.1386132+01:00  [INF] Now listening on: "http://localhost:5045" (d826f4b8)
2025-06-26T21:18:28.1924660+01:00  [INF] Application started. Press Ctrl+C to shut down. (dcaefe54)
2025-06-26T21:18:28.1937526+01:00  [INF] Hosting environment: "Development" (bc5a1a4e)
2025-06-26T21:18:28.1948054+01:00  [INF] Content root path: "S:\14    PFE_DVLD\TheProjectDVLDVersion2.0.0\BackEnd-ServerSide\DVLD_API" (cc26f24e)
2025-06-26T21:18:28.4372673+01:00 0HNDKTQECPNIF:00000001 [INF] Request starting "HTTP/1.1" "GET" "http"://"localhost:5045""""/swagger/index.html""" - null null (d509f86a)
2025-06-26T21:18:28.5787795+01:00 0HNDKTQECPNIF:00000001 [INF] Request finished "HTTP/1.1" "GET" "http"://"localhost:5045""""/swagger/index.html""" - 200 null "text/html;charset=utf-8" 145.8376ms (74253ad3)
2025-06-26T21:18:28.6059264+01:00 0HNDKTQECPNIF:00000002 [INF] Request starting "HTTP/1.1" "GET" "http"://"localhost:5045""""/_framework/aspnetcore-browser-refresh.js""" - null null (d509f86a)
2025-06-26T21:18:28.6079988+01:00 0HNDKTQECPNIF:00000002 [INF] Request finished "HTTP/1.1" "GET" "http"://"localhost:5045""""/_framework/aspnetcore-browser-refresh.js""" - 200 16501 "application/javascript; charset=utf-8" 2.1957ms (74253ad3)
2025-06-26T21:18:28.6605191+01:00 0HNDKTQECPNIF:00000003 [INF] Request starting "HTTP/1.1" "GET" "http"://"localhost:5045""""/_vs/browserLink""" - null null (d509f86a)
2025-06-26T21:18:28.6937334+01:00 0HNDKTQECPNIF:00000003 [INF] Request finished "HTTP/1.1" "GET" "http"://"localhost:5045""""/_vs/browserLink""" - 200 null "text/javascript; charset=UTF-8" 33.2346ms (74253ad3)
2025-06-26T21:18:28.7993744+01:00 0HNDKTQECPNIF:00000004 [INF] Request starting "HTTP/1.1" "GET" "http"://"localhost:5045""""/swagger/v1/swagger.json""" - null null (d509f86a)
2025-06-26T21:18:28.8855335+01:00 0HNDKTQECPNIF:00000004 [INF] Request finished "HTTP/1.1" "GET" "http"://"localhost:5045""""/swagger/v1/swagger.json""" - 200 null "application/json;charset=utf-8" 86.2062ms (74253ad3)
2025-06-26T21:18:57.8776083+01:00  [INF] Now listening on: "http://localhost:5045" (d826f4b8)
2025-06-26T21:18:57.9336404+01:00  [INF] Application started. Press Ctrl+C to shut down. (dcaefe54)
2025-06-26T21:18:57.9348527+01:00  [INF] Hosting environment: "Development" (bc5a1a4e)
2025-06-26T21:18:57.9359461+01:00  [INF] Content root path: "S:\14    PFE_DVLD\TheProjectDVLDVersion2.0.0\BackEnd-ServerSide\DVLD_API" (cc26f24e)
2025-06-26T21:18:58.1685488+01:00 0HNDKTQN84JSS:00000001 [INF] Request starting "HTTP/1.1" "GET" "http"://"localhost:5045""""/swagger/index.html""" - null null (d509f86a)
2025-06-26T21:18:58.3121104+01:00 0HNDKTQN84JSS:00000001 [INF] Request finished "HTTP/1.1" "GET" "http"://"localhost:5045""""/swagger/index.html""" - 200 null "text/html;charset=utf-8" 148.959ms (74253ad3)
2025-06-26T21:18:58.3325541+01:00 0HNDKTQN84JSS:00000002 [INF] Request starting "HTTP/1.1" "GET" "http"://"localhost:5045""""/_framework/aspnetcore-browser-refresh.js""" - null null (d509f86a)
2025-06-26T21:18:58.3349074+01:00 0HNDKTQN84JSS:00000002 [INF] Request finished "HTTP/1.1" "GET" "http"://"localhost:5045""""/_framework/aspnetcore-browser-refresh.js""" - 200 16501 "application/javascript; charset=utf-8" 2.4774ms (74253ad3)
2025-06-26T21:18:58.3895485+01:00 0HNDKTQN84JSS:00000003 [INF] Request starting "HTTP/1.1" "GET" "http"://"localhost:5045""""/_vs/browserLink""" - null null (d509f86a)
2025-06-26T21:18:58.4289771+01:00 0HNDKTQN84JSS:00000003 [INF] Request finished "HTTP/1.1" "GET" "http"://"localhost:5045""""/_vs/browserLink""" - 200 null "text/javascript; charset=UTF-8" 39.4749ms (74253ad3)
2025-06-26T21:18:58.5439616+01:00 0HNDKTQN84JSS:00000004 [INF] Request starting "HTTP/1.1" "GET" "http"://"localhost:5045""""/swagger/v1/swagger.json""" - null null (d509f86a)
2025-06-26T21:18:58.6714788+01:00 0HNDKTQN84JSS:00000004 [INF] Request finished "HTTP/1.1" "GET" "http"://"localhost:5045""""/swagger/v1/swagger.json""" - 200 null "application/json;charset=utf-8" 127.5961ms (74253ad3)
2025-06-26T21:19:19.4123173+01:00 0HNDKTQN84JSS:00000005 [INF] Request starting "HTTP/1.1" "GET" "http"://"localhost:5045""""/api/applicationsAsync/GetAllApplicationsAsync""?pageNumber=1&pageSize=10" - null null (d509f86a)
2025-06-26T21:19:19.4296460+01:00 0HNDKTQN84JSS:00000005 [WRN] Failed to determine the https port for redirect. (ca76cc21)
2025-06-26T21:19:19.4319163+01:00 0HNDKTQN84JSS:00000005 [INF] Executing endpoint '"DVLD_API.Controllers.ApplicationAPIController.GetAllApplicationsAsync (DVLD_API)"' (500cc934)
2025-06-26T21:19:19.4507324+01:00 0HNDKTQN84JSS:00000005 [INF] Route matched with "{action = \"GetAllApplications\", controller = \"ApplicationAPI\"}". Executing controller action with signature "System.Threading.Tasks.Task`1[Microsoft.AspNetCore.Mvc.IActionResult] GetAllApplicationsAsync(Int32, Int32)" on controller "DVLD_API.Controllers.ApplicationAPIController" ("DVLD_API"). (122b2fdf)
2025-06-26T21:19:19.4824461+01:00 0HNDKTQN84JSS:00000005 [INF] Getting all applications - Page 1, Size 10 (25237438)
2025-06-26T21:19:19.7636969+01:00 0HNDKTQN84JSS:00000005 [INF] Executing "OkObjectResult", writing value of type '"DVLD_API.Controllers.PaginatedList`1[[DVLD_SharedModels.clsApplicationDTO, DVLD_SharedModels, Version=1.0.0.0, Culture=neutral, PublicKeyToken=null]]"'. (605b4265)
2025-06-26T21:19:19.7766432+01:00 0HNDKTQN84JSS:00000005 [INF] Executed action "DVLD_API.Controllers.ApplicationAPIController.GetAllApplicationsAsync (DVLD_API)" in 323.6417ms (afa2e885)
2025-06-26T21:19:19.7769476+01:00 0HNDKTQN84JSS:00000005 [INF] Executed endpoint '"DVLD_API.Controllers.ApplicationAPIController.GetAllApplicationsAsync (DVLD_API)"' (99874f2b)
2025-06-26T21:19:19.7774312+01:00 0HNDKTQN84JSS:00000005 [INF] Request finished "HTTP/1.1" "GET" "http"://"localhost:5045""""/api/applicationsAsync/GetAllApplicationsAsync""?pageNumber=1&pageSize=10" - 200 null "application/json; charset=utf-8" 365.1995ms (74253ad3)
2025-06-26T21:19:50.2253959+01:00 0HNDKTQN84JSS:00000006 [INF] Request starting "HTTP/1.1" "PUT" "http"://"localhost:5045""""/api/applicationsAsync/UpdateStatusAsync/133/2""" - null 0 (d509f86a)
2025-06-26T21:19:50.2288493+01:00 0HNDKTQN84JSS:00000006 [INF] Executing endpoint '"DVLD_API.Controllers.ApplicationAPIController.UpdateStatusAsync (DVLD_API)"' (500cc934)
2025-06-26T21:19:50.2320430+01:00 0HNDKTQN84JSS:00000006 [INF] Route matched with "{action = \"UpdateStatus\", controller = \"ApplicationAPI\"}". Executing controller action with signature "System.Threading.Tasks.Task`1[Microsoft.AspNetCore.Mvc.ActionResult`1[System.Boolean]] UpdateStatusAsync(Int32, Int16)" on controller "DVLD_API.Controllers.ApplicationAPIController" ("DVLD_API"). (122b2fdf)
2025-06-26T21:19:50.2352135+01:00 0HNDKTQN84JSS:00000006 [INF] Updating status for application 133 to 2 (8c565b71)
2025-06-26T21:19:50.2935175+01:00 0HNDKTQN84JSS:00000006 [ERR] Failed to update status for application 133 (80db7938)
2025-06-26T21:19:50.2944742+01:00 0HNDKTQN84JSS:00000006 [INF] Executing "ObjectResult", writing value of type '"<>f__AnonymousType0`1[[System.String, System.Private.CoreLib, Version=8.0.0.0, Culture=neutral, PublicKeyToken=7cec85d7bea7798e]]"'. (605b4265)
2025-06-26T21:19:50.2956496+01:00 0HNDKTQN84JSS:00000006 [INF] Executed action "DVLD_API.Controllers.ApplicationAPIController.UpdateStatusAsync (DVLD_API)" in 63.5326ms (afa2e885)
2025-06-26T21:19:50.2956949+01:00 0HNDKTQN84JSS:00000006 [INF] Executed endpoint '"DVLD_API.Controllers.ApplicationAPIController.UpdateStatusAsync (DVLD_API)"' (99874f2b)
2025-06-26T21:19:50.2957964+01:00 0HNDKTQN84JSS:00000006 [INF] Request finished "HTTP/1.1" "PUT" "http"://"localhost:5045""""/api/applicationsAsync/UpdateStatusAsync/133/2""" - 500 null "application/json; charset=utf-8" 70.5983ms (74253ad3)
2025-06-26T21:20:14.9637531+01:00 0HNDKTQN84JSS:00000007 [INF] Request starting "HTTP/1.1" "GET" "http"://"localhost:5045""""/api/applicationsAsync/GetAllApplicationsAsync""?pageNumber=1&pageSize=10" - null null (d509f86a)
2025-06-26T21:20:14.9650999+01:00 0HNDKTQN84JSS:00000007 [INF] Executing endpoint '"DVLD_API.Controllers.ApplicationAPIController.GetAllApplicationsAsync (DVLD_API)"' (500cc934)
2025-06-26T21:20:14.9652313+01:00 0HNDKTQN84JSS:00000007 [INF] Route matched with "{action = \"GetAllApplications\", controller = \"ApplicationAPI\"}". Executing controller action with signature "System.Threading.Tasks.Task`1[Microsoft.AspNetCore.Mvc.IActionResult] GetAllApplicationsAsync(Int32, Int32)" on controller "DVLD_API.Controllers.ApplicationAPIController" ("DVLD_API"). (122b2fdf)
2025-06-26T21:20:14.9751524+01:00 0HNDKTQN84JSS:00000007 [INF] Getting all applications - Page 1, Size 10 (25237438)
2025-06-26T21:20:14.9775263+01:00 0HNDKTQN84JSS:00000007 [INF] Executing "OkObjectResult", writing value of type '"DVLD_API.Controllers.PaginatedList`1[[DVLD_SharedModels.clsApplicationDTO, DVLD_SharedModels, Version=1.0.0.0, Culture=neutral, PublicKeyToken=null]]"'. (605b4265)
2025-06-26T21:20:14.9777902+01:00 0HNDKTQN84JSS:00000007 [INF] Executed action "DVLD_API.Controllers.ApplicationAPIController.GetAllApplicationsAsync (DVLD_API)" in 12.5262ms (afa2e885)
2025-06-26T21:20:14.9778305+01:00 0HNDKTQN84JSS:00000007 [INF] Executed endpoint '"DVLD_API.Controllers.ApplicationAPIController.GetAllApplicationsAsync (DVLD_API)"' (99874f2b)
2025-06-26T21:20:14.9779559+01:00 0HNDKTQN84JSS:00000007 [INF] Request finished "HTTP/1.1" "GET" "http"://"localhost:5045""""/api/applicationsAsync/GetAllApplicationsAsync""?pageNumber=1&pageSize=10" - 200 null "application/json; charset=utf-8" 14.3858ms (74253ad3)
2025-06-26T21:20:33.5759452+01:00 0HNDKTQN84JSU:00000001 [INF] Request starting "HTTP/1.1" "PUT" "http"://"localhost:5045""""/api/applicationsAsync/UpdateStatusAsync/133/3""" - null 0 (d509f86a)
2025-06-26T21:20:33.5761586+01:00 0HNDKTQN84JSU:00000001 [INF] Executing endpoint '"DVLD_API.Controllers.ApplicationAPIController.UpdateStatusAsync (DVLD_API)"' (500cc934)
2025-06-26T21:20:33.5762323+01:00 0HNDKTQN84JSU:00000001 [INF] Route matched with "{action = \"UpdateStatus\", controller = \"ApplicationAPI\"}". Executing controller action with signature "System.Threading.Tasks.Task`1[Microsoft.AspNetCore.Mvc.ActionResult`1[System.Boolean]] UpdateStatusAsync(Int32, Int16)" on controller "DVLD_API.Controllers.ApplicationAPIController" ("DVLD_API"). (122b2fdf)
2025-06-26T21:20:33.5777843+01:00 0HNDKTQN84JSU:00000001 [INF] Updating status for application 133 to 3 (8c565b71)
2025-06-26T21:20:33.5972540+01:00 0HNDKTQN84JSU:00000001 [ERR] Failed to update status for application 133 (80db7938)
2025-06-26T21:20:33.5975050+01:00 0HNDKTQN84JSU:00000001 [INF] Executing "ObjectResult", writing value of type '"<>f__AnonymousType0`1[[System.String, System.Private.CoreLib, Version=8.0.0.0, Culture=neutral, PublicKeyToken=7cec85d7bea7798e]]"'. (605b4265)
2025-06-26T21:20:33.5976609+01:00 0HNDKTQN84JSU:00000001 [INF] Executed action "DVLD_API.Controllers.ApplicationAPIController.UpdateStatusAsync (DVLD_API)" in 21.3963ms (afa2e885)
2025-06-26T21:20:33.5976937+01:00 0HNDKTQN84JSU:00000001 [INF] Executed endpoint '"DVLD_API.Controllers.ApplicationAPIController.UpdateStatusAsync (DVLD_API)"' (99874f2b)
2025-06-26T21:20:33.5977686+01:00 0HNDKTQN84JSU:00000001 [INF] Request finished "HTTP/1.1" "PUT" "http"://"localhost:5045""""/api/applicationsAsync/UpdateStatusAsync/133/3""" - 500 null "application/json; charset=utf-8" 21.8769ms (74253ad3)
2025-06-26T21:25:05.1674275+01:00  [INF] Now listening on: "http://localhost:5045" (d826f4b8)
2025-06-26T21:25:05.2295439+01:00  [INF] Application started. Press Ctrl+C to shut down. (dcaefe54)
2025-06-26T21:25:05.2310254+01:00  [INF] Hosting environment: "Development" (bc5a1a4e)
2025-06-26T21:25:05.2322978+01:00  [INF] Content root path: "S:\14    PFE_DVLD\TheProjectDVLDVersion2.0.0\BackEnd-ServerSide\DVLD_API" (cc26f24e)
2025-06-26T21:25:05.5947287+01:00 0HNDKTU4O0N5R:00000001 [INF] Request starting "HTTP/1.1" "GET" "http"://"localhost:5045""""/swagger/index.html""" - null null (d509f86a)
2025-06-26T21:25:05.7496568+01:00 0HNDKTU4O0N5R:00000001 [INF] Request finished "HTTP/1.1" "GET" "http"://"localhost:5045""""/swagger/index.html""" - 200 null "text/html;charset=utf-8" 159.5761ms (74253ad3)
2025-06-26T21:25:05.7818839+01:00 0HNDKTU4O0N5R:00000002 [INF] Request starting "HTTP/1.1" "GET" "http"://"localhost:5045""""/_framework/aspnetcore-browser-refresh.js""" - null null (d509f86a)
2025-06-26T21:25:05.7846450+01:00 0HNDKTU4O0N5R:00000002 [INF] Request finished "HTTP/1.1" "GET" "http"://"localhost:5045""""/_framework/aspnetcore-browser-refresh.js""" - 200 16501 "application/javascript; charset=utf-8" 2.9178ms (74253ad3)
2025-06-26T21:25:05.8450726+01:00 0HNDKTU4O0N5R:00000003 [INF] Request starting "HTTP/1.1" "GET" "http"://"localhost:5045""""/_vs/browserLink""" - null null (d509f86a)
2025-06-26T21:25:05.8891609+01:00 0HNDKTU4O0N5R:00000003 [INF] Request finished "HTTP/1.1" "GET" "http"://"localhost:5045""""/_vs/browserLink""" - 200 null "text/javascript; charset=UTF-8" 44.1246ms (74253ad3)
2025-06-26T21:25:05.9925155+01:00 0HNDKTU4O0N5R:00000004 [INF] Request starting "HTTP/1.1" "GET" "http"://"localhost:5045""""/swagger/v1/swagger.json""" - null null (d509f86a)
2025-06-26T21:25:06.0907944+01:00 0HNDKTU4O0N5R:00000004 [INF] Request finished "HTTP/1.1" "GET" "http"://"localhost:5045""""/swagger/v1/swagger.json""" - 200 null "application/json;charset=utf-8" 98.333ms (74253ad3)
2025-06-26T21:25:17.0442723+01:00 0HNDKTU4O0N5R:00000005 [INF] Request starting "HTTP/1.1" "PUT" "http"://"localhost:5045""""/api/applicationsAsync/UpdateStatusAsync/133/2""" - null 0 (d509f86a)
2025-06-26T21:25:17.0586864+01:00 0HNDKTU4O0N5R:00000005 [WRN] Failed to determine the https port for redirect. (ca76cc21)
2025-06-26T21:25:17.0610298+01:00 0HNDKTU4O0N5R:00000005 [INF] Executing endpoint '"DVLD_API.Controllers.ApplicationAPIController.UpdateStatusAsync (DVLD_API)"' (500cc934)
2025-06-26T21:25:17.0762093+01:00 0HNDKTU4O0N5R:00000005 [INF] Route matched with "{action = \"UpdateStatus\", controller = \"ApplicationAPI\"}". Executing controller action with signature "System.Threading.Tasks.Task`1[Microsoft.AspNetCore.Mvc.ActionResult`1[System.Boolean]] UpdateStatusAsync(Int32, Int16)" on controller "DVLD_API.Controllers.ApplicationAPIController" ("DVLD_API"). (122b2fdf)
2025-06-26T21:25:17.0987215+01:00 0HNDKTU4O0N5R:00000005 [INF] Updating status for application 133 to 2 (8c565b71)
2025-06-26T21:25:17.3790545+01:00 0HNDKTU4O0N5R:00000005 [ERR] Failed to update status for application 133 (80db7938)
2025-06-26T21:25:17.3853677+01:00 0HNDKTU4O0N5R:00000005 [INF] Executing "ObjectResult", writing value of type '"<>f__AnonymousType0`1[[System.String, System.Private.CoreLib, Version=8.0.0.0, Culture=neutral, PublicKeyToken=7cec85d7bea7798e]]"'. (605b4265)
2025-06-26T21:25:17.3907856+01:00 0HNDKTU4O0N5R:00000005 [INF] Executed action "DVLD_API.Controllers.ApplicationAPIController.UpdateStatusAsync (DVLD_API)" in 312.3494ms (afa2e885)
2025-06-26T21:25:17.3911130+01:00 0HNDKTU4O0N5R:00000005 [INF] Executed endpoint '"DVLD_API.Controllers.ApplicationAPIController.UpdateStatusAsync (DVLD_API)"' (99874f2b)
2025-06-26T21:25:17.3916045+01:00 0HNDKTU4O0N5R:00000005 [INF] Request finished "HTTP/1.1" "PUT" "http"://"localhost:5045""""/api/applicationsAsync/UpdateStatusAsync/133/2""" - 500 null "application/json; charset=utf-8" 347.4329ms (74253ad3)
2025-06-26T21:26:07.3060844+01:00  [INF] Now listening on: "http://localhost:5045" (d826f4b8)
2025-06-26T21:26:07.3638634+01:00  [INF] Application started. Press Ctrl+C to shut down. (dcaefe54)
2025-06-26T21:26:07.3649580+01:00  [INF] Hosting environment: "Development" (bc5a1a4e)
2025-06-26T21:26:07.3660619+01:00  [INF] Content root path: "S:\14    PFE_DVLD\TheProjectDVLDVersion2.0.0\BackEnd-ServerSide\DVLD_API" (cc26f24e)
2025-06-26T21:26:07.7241685+01:00 0HNDKTUN8N4JB:00000001 [INF] Request starting "HTTP/1.1" "GET" "http"://"localhost:5045""""/swagger/index.html""" - null null (d509f86a)
2025-06-26T21:26:07.8810019+01:00 0HNDKTUN8N4JB:00000001 [INF] Request finished "HTTP/1.1" "GET" "http"://"localhost:5045""""/swagger/index.html""" - 200 null "text/html;charset=utf-8" 162.298ms (74253ad3)
2025-06-26T21:26:07.9097698+01:00 0HNDKTUN8N4JB:00000002 [INF] Request starting "HTTP/1.1" "GET" "http"://"localhost:5045""""/_framework/aspnetcore-browser-refresh.js""" - null null (d509f86a)
2025-06-26T21:26:07.9117260+01:00 0HNDKTUN8N4JB:00000002 [INF] Request finished "HTTP/1.1" "GET" "http"://"localhost:5045""""/_framework/aspnetcore-browser-refresh.js""" - 200 16501 "application/javascript; charset=utf-8" 2.103ms (74253ad3)
2025-06-26T21:26:07.9689606+01:00 0HNDKTUN8N4JB:00000003 [INF] Request starting "HTTP/1.1" "GET" "http"://"localhost:5045""""/_vs/browserLink""" - null null (d509f86a)
2025-06-26T21:26:08.0060422+01:00 0HNDKTUN8N4JB:00000003 [INF] Request finished "HTTP/1.1" "GET" "http"://"localhost:5045""""/_vs/browserLink""" - 200 null "text/javascript; charset=UTF-8" 37.1083ms (74253ad3)
2025-06-26T21:26:08.1050075+01:00 0HNDKTUN8N4JB:00000004 [INF] Request starting "HTTP/1.1" "GET" "http"://"localhost:5045""""/swagger/v1/swagger.json""" - null null (d509f86a)
2025-06-26T21:26:08.2317863+01:00 0HNDKTUN8N4JB:00000004 [INF] Request finished "HTTP/1.1" "GET" "http"://"localhost:5045""""/swagger/v1/swagger.json""" - 200 null "application/json;charset=utf-8" 126.8575ms (74253ad3)
2025-06-26T21:26:27.5369556+01:00 0HNDKTUN8N4JB:00000005 [INF] Request starting "HTTP/1.1" "GET" "http"://"localhost:5045""""/api/applicationsAsync/GetAllApplicationsAsync""?pageNumber=1&pageSize=10" - null null (d509f86a)
2025-06-26T21:26:27.5551237+01:00 0HNDKTUN8N4JB:00000005 [WRN] Failed to determine the https port for redirect. (ca76cc21)
2025-06-26T21:26:27.5572655+01:00 0HNDKTUN8N4JB:00000005 [INF] Executing endpoint '"DVLD_API.Controllers.ApplicationAPIController.GetAllApplicationsAsync (DVLD_API)"' (500cc934)
2025-06-26T21:26:27.5711749+01:00 0HNDKTUN8N4JB:00000005 [INF] Route matched with "{action = \"GetAllApplications\", controller = \"ApplicationAPI\"}". Executing controller action with signature "System.Threading.Tasks.Task`1[Microsoft.AspNetCore.Mvc.IActionResult] GetAllApplicationsAsync(Int32, Int32)" on controller "DVLD_API.Controllers.ApplicationAPIController" ("DVLD_API"). (122b2fdf)
2025-06-26T21:26:27.5891097+01:00 0HNDKTUN8N4JB:00000005 [INF] Getting all applications - Page 1, Size 10 (25237438)
2025-06-26T21:26:27.8306023+01:00 0HNDKTUN8N4JB:00000005 [INF] Executing "OkObjectResult", writing value of type '"DVLD_API.Controllers.PaginatedList`1[[DVLD_SharedModels.clsApplicationDTO, DVLD_SharedModels, Version=1.0.0.0, Culture=neutral, PublicKeyToken=null]]"'. (605b4265)
2025-06-26T21:26:27.8440592+01:00 0HNDKTUN8N4JB:00000005 [INF] Executed action "DVLD_API.Controllers.ApplicationAPIController.GetAllApplicationsAsync (DVLD_API)" in 270.6932ms (afa2e885)
2025-06-26T21:26:27.8443913+01:00 0HNDKTUN8N4JB:00000005 [INF] Executed endpoint '"DVLD_API.Controllers.ApplicationAPIController.GetAllApplicationsAsync (DVLD_API)"' (99874f2b)
2025-06-26T21:26:27.8448705+01:00 0HNDKTUN8N4JB:00000005 [INF] Request finished "HTTP/1.1" "GET" "http"://"localhost:5045""""/api/applicationsAsync/GetAllApplicationsAsync""?pageNumber=1&pageSize=10" - 200 null "application/json; charset=utf-8" 308.1434ms (74253ad3)
2025-06-26T21:26:38.6382724+01:00 0HNDKTUN8N4JB:00000006 [INF] Request starting "HTTP/1.1" "PUT" "http"://"localhost:5045""""/api/applicationsAsync/UpdateStatusAsync/133/2""" - null 0 (d509f86a)
2025-06-26T21:26:38.6416090+01:00 0HNDKTUN8N4JB:00000006 [INF] Executing endpoint '"DVLD_API.Controllers.ApplicationAPIController.UpdateStatusAsync (DVLD_API)"' (500cc934)
2025-06-26T21:26:38.6448297+01:00 0HNDKTUN8N4JB:00000006 [INF] Route matched with "{action = \"UpdateStatus\", controller = \"ApplicationAPI\"}". Executing controller action with signature "System.Threading.Tasks.Task`1[Microsoft.AspNetCore.Mvc.ActionResult`1[System.Boolean]] UpdateStatusAsync(Int32, Int16)" on controller "DVLD_API.Controllers.ApplicationAPIController" ("DVLD_API"). (122b2fdf)
2025-06-26T21:26:38.6483869+01:00 0HNDKTUN8N4JB:00000006 [INF] Updating status for application 133 to 2 (8c565b71)
2025-06-26T21:26:38.6867420+01:00 0HNDKTUN8N4JB:00000006 [ERR] Failed to update status for application 133 (80db7938)
2025-06-26T21:26:38.6875929+01:00 0HNDKTUN8N4JB:00000006 [INF] Executing "ObjectResult", writing value of type '"<>f__AnonymousType0`1[[System.String, System.Private.CoreLib, Version=8.0.0.0, Culture=neutral, PublicKeyToken=7cec85d7bea7798e]]"'. (605b4265)
2025-06-26T21:26:38.6886592+01:00 0HNDKTUN8N4JB:00000006 [INF] Executed action "DVLD_API.Controllers.ApplicationAPIController.UpdateStatusAsync (DVLD_API)" in 43.7587ms (afa2e885)
2025-06-26T21:26:38.6886937+01:00 0HNDKTUN8N4JB:00000006 [INF] Executed endpoint '"DVLD_API.Controllers.ApplicationAPIController.UpdateStatusAsync (DVLD_API)"' (99874f2b)
2025-06-26T21:26:38.6887882+01:00 0HNDKTUN8N4JB:00000006 [INF] Request finished "HTTP/1.1" "PUT" "http"://"localhost:5045""""/api/applicationsAsync/UpdateStatusAsync/133/2""" - 500 null "application/json; charset=utf-8" 50.5969ms (74253ad3)
2025-06-26T21:29:06.7204671+01:00  [INF] Now listening on: "http://localhost:5045" (d826f4b8)
2025-06-26T21:29:06.7776620+01:00  [INF] Application started. Press Ctrl+C to shut down. (dcaefe54)
2025-06-26T21:29:06.7790111+01:00  [INF] Hosting environment: "Development" (bc5a1a4e)
2025-06-26T21:29:06.7801079+01:00  [INF] Content root path: "S:\14    PFE_DVLD\TheProjectDVLDVersion2.0.0\BackEnd-ServerSide\DVLD_API" (cc26f24e)
2025-06-26T21:29:07.1109520+01:00 0HNDKU0CN9N9H:00000001 [INF] Request starting "HTTP/1.1" "GET" "http"://"localhost:5045""""/swagger/index.html""" - null null (d509f86a)
2025-06-26T21:29:07.2997781+01:00 0HNDKU0CN9N9H:00000001 [INF] Request finished "HTTP/1.1" "GET" "http"://"localhost:5045""""/swagger/index.html""" - 200 null "text/html;charset=utf-8" 193.5338ms (74253ad3)
2025-06-26T21:29:07.3283311+01:00 0HNDKU0CN9N9H:00000002 [INF] Request starting "HTTP/1.1" "GET" "http"://"localhost:5045""""/_framework/aspnetcore-browser-refresh.js""" - null null (d509f86a)
2025-06-26T21:29:07.3305336+01:00 0HNDKU0CN9N9H:00000002 [INF] Request finished "HTTP/1.1" "GET" "http"://"localhost:5045""""/_framework/aspnetcore-browser-refresh.js""" - 200 16501 "application/javascript; charset=utf-8" 2.3587ms (74253ad3)
2025-06-26T21:29:07.3905630+01:00 0HNDKU0CN9N9H:00000003 [INF] Request starting "HTTP/1.1" "GET" "http"://"localhost:5045""""/_vs/browserLink""" - null null (d509f86a)
2025-06-26T21:29:07.4280594+01:00 0HNDKU0CN9N9H:00000003 [INF] Request finished "HTTP/1.1" "GET" "http"://"localhost:5045""""/_vs/browserLink""" - 200 null "text/javascript; charset=UTF-8" 37.5458ms (74253ad3)
2025-06-26T21:29:07.5294352+01:00 0HNDKU0CN9N9H:00000004 [INF] Request starting "HTTP/1.1" "GET" "http"://"localhost:5045""""/swagger/v1/swagger.json""" - null null (d509f86a)
2025-06-26T21:29:07.6205150+01:00 0HNDKU0CN9N9H:00000004 [INF] Request finished "HTTP/1.1" "GET" "http"://"localhost:5045""""/swagger/v1/swagger.json""" - 200 null "application/json;charset=utf-8" 91.1417ms (74253ad3)
2025-06-26T21:29:16.9110852+01:00 0HNDKU0CN9N9H:00000005 [INF] Request starting "HTTP/1.1" "PUT" "http"://"localhost:5045""""/api/applicationsAsync/UpdateStatusAsync/133/2""" - null 0 (d509f86a)
2025-06-26T21:29:16.9232860+01:00 0HNDKU0CN9N9H:00000005 [WRN] Failed to determine the https port for redirect. (ca76cc21)
2025-06-26T21:29:16.9253296+01:00 0HNDKU0CN9N9H:00000005 [INF] Executing endpoint '"DVLD_API.Controllers.ApplicationAPIController.UpdateStatusAsync (DVLD_API)"' (500cc934)
2025-06-26T21:29:16.9394635+01:00 0HNDKU0CN9N9H:00000005 [INF] Route matched with "{action = \"UpdateStatus\", controller = \"ApplicationAPI\"}". Executing controller action with signature "System.Threading.Tasks.Task`1[Microsoft.AspNetCore.Mvc.ActionResult`1[System.Boolean]] UpdateStatusAsync(Int32, Int16)" on controller "DVLD_API.Controllers.ApplicationAPIController" ("DVLD_API"). (122b2fdf)
2025-06-26T21:29:16.9551961+01:00 0HNDKU0CN9N9H:00000005 [INF] Updating status for application 133 to 2 (8c565b71)
2025-06-26T21:31:26.6102585+01:00  [INF] Now listening on: "http://localhost:5045" (d826f4b8)
2025-06-26T21:31:26.6705858+01:00  [INF] Application started. Press Ctrl+C to shut down. (dcaefe54)
2025-06-26T21:31:26.6717394+01:00  [INF] Hosting environment: "Development" (bc5a1a4e)
2025-06-26T21:31:26.6727643+01:00  [INF] Content root path: "S:\14    PFE_DVLD\TheProjectDVLDVersion2.0.0\BackEnd-ServerSide\DVLD_API" (cc26f24e)
2025-06-26T21:31:27.0397231+01:00 0HNDKU1ME6INQ:00000001 [INF] Request starting "HTTP/1.1" "GET" "http"://"localhost:5045""""/swagger/index.html""" - null null (d509f86a)
2025-06-26T21:31:27.2057146+01:00 0HNDKU1ME6INQ:00000001 [INF] Request finished "HTTP/1.1" "GET" "http"://"localhost:5045""""/swagger/index.html""" - 200 null "text/html;charset=utf-8" 170.6234ms (74253ad3)
2025-06-26T21:31:27.2452924+01:00 0HNDKU1ME6INQ:00000002 [INF] Request starting "HTTP/1.1" "GET" "http"://"localhost:5045""""/_framework/aspnetcore-browser-refresh.js""" - null null (d509f86a)
2025-06-26T21:31:27.2480597+01:00 0HNDKU1ME6INQ:00000002 [INF] Request finished "HTTP/1.1" "GET" "http"://"localhost:5045""""/_framework/aspnetcore-browser-refresh.js""" - 200 16501 "application/javascript; charset=utf-8" 2.901ms (74253ad3)
2025-06-26T21:31:27.3161958+01:00 0HNDKU1ME6INQ:00000003 [INF] Request starting "HTTP/1.1" "GET" "http"://"localhost:5045""""/_vs/browserLink""" - null null (d509f86a)
2025-06-26T21:31:27.3570545+01:00 0HNDKU1ME6INQ:00000003 [INF] Request finished "HTTP/1.1" "GET" "http"://"localhost:5045""""/_vs/browserLink""" - 200 null "text/javascript; charset=UTF-8" 40.996ms (74253ad3)
2025-06-26T21:31:27.4526066+01:00 0HNDKU1ME6INQ:00000004 [INF] Request starting "HTTP/1.1" "GET" "http"://"localhost:5045""""/swagger/v1/swagger.json""" - null null (d509f86a)
2025-06-26T21:31:27.5483173+01:00 0HNDKU1ME6INQ:00000004 [INF] Request finished "HTTP/1.1" "GET" "http"://"localhost:5045""""/swagger/v1/swagger.json""" - 200 null "application/json;charset=utf-8" 95.755ms (74253ad3)
2025-06-26T21:31:34.7095834+01:00 0HNDKU1ME6INQ:00000005 [INF] Request starting "HTTP/1.1" "PUT" "http"://"localhost:5045""""/api/applicationsAsync/UpdateStatusAsync/133/2""" - null 0 (d509f86a)
2025-06-26T21:31:34.7253113+01:00 0HNDKU1ME6INQ:00000005 [WRN] Failed to determine the https port for redirect. (ca76cc21)
2025-06-26T21:31:34.7277668+01:00 0HNDKU1ME6INQ:00000005 [INF] Executing endpoint '"DVLD_API.Controllers.ApplicationAPIController.UpdateStatusAsync (DVLD_API)"' (500cc934)
2025-06-26T21:31:34.7418176+01:00 0HNDKU1ME6INQ:00000005 [INF] Route matched with "{action = \"UpdateStatus\", controller = \"ApplicationAPI\"}". Executing controller action with signature "System.Threading.Tasks.Task`1[Microsoft.AspNetCore.Mvc.ActionResult`1[System.Boolean]] UpdateStatusAsync(Int32, Int16)" on controller "DVLD_API.Controllers.ApplicationAPIController" ("DVLD_API"). (122b2fdf)
2025-06-26T21:31:34.7578334+01:00 0HNDKU1ME6INQ:00000005 [INF] Updating status for application 133 to 2 (8c565b71)
2025-06-26T21:31:35.0060228+01:00 0HNDKU1ME6INQ:00000005 [INF] Executing "OkObjectResult", writing value of type '"System.Boolean"'. (605b4265)
2025-06-26T21:31:35.0117677+01:00 0HNDKU1ME6INQ:00000005 [INF] Executed action "DVLD_API.Controllers.ApplicationAPIController.UpdateStatusAsync (DVLD_API)" in 267.611ms (afa2e885)
2025-06-26T21:31:35.0120815+01:00 0HNDKU1ME6INQ:00000005 [INF] Executed endpoint '"DVLD_API.Controllers.ApplicationAPIController.UpdateStatusAsync (DVLD_API)"' (99874f2b)
2025-06-26T21:31:35.0125689+01:00 0HNDKU1ME6INQ:00000005 [INF] Request finished "HTTP/1.1" "PUT" "http"://"localhost:5045""""/api/applicationsAsync/UpdateStatusAsync/133/2""" - 200 null "application/json; charset=utf-8" 303.0623ms (74253ad3)
2025-06-26T21:36:12.9617182+01:00 0HNDKU1ME6INQ:00000006 [INF] Request starting "HTTP/1.1" "GET" "http"://"localhost:5045""""/api/applicationsAsync/GetAllApplicationsAsync""?pageNumber=1&pageSize=10" - null null (d509f86a)
2025-06-26T21:36:12.9702405+01:00 0HNDKU1ME6INQ:00000006 [INF] Executing endpoint '"DVLD_API.Controllers.ApplicationAPIController.GetAllApplicationsAsync (DVLD_API)"' (500cc934)
2025-06-26T21:36:12.9734048+01:00 0HNDKU1ME6INQ:00000006 [INF] Route matched with "{action = \"GetAllApplications\", controller = \"ApplicationAPI\"}". Executing controller action with signature "System.Threading.Tasks.Task`1[Microsoft.AspNetCore.Mvc.IActionResult] GetAllApplicationsAsync(Int32, Int32)" on controller "DVLD_API.Controllers.ApplicationAPIController" ("DVLD_API"). (122b2fdf)
2025-06-26T21:36:12.9785420+01:00 0HNDKU1ME6INQ:00000006 [INF] Getting all applications - Page 1, Size 10 (25237438)
2025-06-26T21:36:12.9904868+01:00 0HNDKU1ME6INQ:00000006 [INF] Executing "OkObjectResult", writing value of type '"DVLD_API.Controllers.PaginatedList`1[[DVLD_SharedModels.clsApplicationDTO, DVLD_SharedModels, Version=1.0.0.0, Culture=neutral, PublicKeyToken=null]]"'. (605b4265)
2025-06-26T21:36:12.9993460+01:00 0HNDKU1ME6INQ:00000006 [INF] Executed action "DVLD_API.Controllers.ApplicationAPIController.GetAllApplicationsAsync (DVLD_API)" in 25.8679ms (afa2e885)
2025-06-26T21:36:12.9993989+01:00 0HNDKU1ME6INQ:00000006 [INF] Executed endpoint '"DVLD_API.Controllers.ApplicationAPIController.GetAllApplicationsAsync (DVLD_API)"' (99874f2b)
2025-06-26T21:36:12.9995042+01:00 0HNDKU1ME6INQ:00000006 [INF] Request finished "HTTP/1.1" "GET" "http"://"localhost:5045""""/api/applicationsAsync/GetAllApplicationsAsync""?pageNumber=1&pageSize=10" - 200 null "application/json; charset=utf-8" 39.2759ms (74253ad3)
