2025-07-06T00:45:25.9500764+01:00  [INF] Now listening on: "http://localhost:5045" (d826f4b8)
2025-07-06T00:45:26.0080347+01:00  [INF] Application started. Press Ctrl+C to shut down. (dcaefe54)
2025-07-06T00:45:26.0095597+01:00  [INF] Hosting environment: "Development" (bc5a1a4e)
2025-07-06T00:45:26.0106986+01:00  [INF] Content root path: "S:\14    PFE_DVLD\TheProjectDVLDVersion2.0.0\BackEnd-ServerSide\DVLD_API" (cc26f24e)
2025-07-06T00:45:26.8170360+01:00 0HNDS3O24D7SN:00000001 [INF] Request starting "HTTP/1.1" "GET" "http"://"localhost:5045""""/swagger/index.html""" - null null (d509f86a)
2025-07-06T00:45:26.9927465+01:00 0HNDS3O24D7SN:00000001 [INF] Request finished "HTTP/1.1" "GET" "http"://"localhost:5045""""/swagger/index.html""" - 200 null "text/html;charset=utf-8" 182.678ms (74253ad3)
2025-07-06T00:45:27.0258338+01:00 0HNDS3O24D7SN:00000002 [INF] Request starting "HTTP/1.1" "GET" "http"://"localhost:5045""""/_framework/aspnetcore-browser-refresh.js""" - null null (d509f86a)
2025-07-06T00:45:27.0279442+01:00 0HNDS3O24D7SN:00000002 [INF] Request finished "HTTP/1.1" "GET" "http"://"localhost:5045""""/_framework/aspnetcore-browser-refresh.js""" - 200 16501 "application/javascript; charset=utf-8" 2.2113ms (74253ad3)
2025-07-06T00:45:27.0890170+01:00 0HNDS3O24D7SN:00000003 [INF] Request starting "HTTP/1.1" "GET" "http"://"localhost:5045""""/_vs/browserLink""" - null null (d509f86a)
2025-07-06T00:45:27.1425375+01:00 0HNDS3O24D7SN:00000003 [INF] Request finished "HTTP/1.1" "GET" "http"://"localhost:5045""""/_vs/browserLink""" - 200 null "text/javascript; charset=UTF-8" 53.6099ms (74253ad3)
2025-07-06T00:45:27.2709757+01:00 0HNDS3O24D7SN:00000004 [INF] Request starting "HTTP/1.1" "GET" "http"://"localhost:5045""""/swagger/v1/swagger.json""" - null null (d509f86a)
2025-07-06T00:45:27.3665973+01:00 0HNDS3O24D7SN:00000004 [INF] Request finished "HTTP/1.1" "GET" "http"://"localhost:5045""""/swagger/v1/swagger.json""" - 200 null "application/json;charset=utf-8" 95.6609ms (74253ad3)
2025-07-06T00:57:03.6042449+01:00 0HNDS3O24D7SP:00000001 [INF] Request starting "HTTP/1.1" "GET" "http"://"localhost:5045""""/api/LocalDrivingLicenseApplicationAPI/GetAllLocalDrivingLicenseApplicationsAsync""" - null null (d509f86a)
2025-07-06T00:57:03.6304390+01:00 0HNDS3O24D7SP:00000001 [WRN] Failed to determine the https port for redirect. (ca76cc21)
2025-07-06T00:57:03.6324869+01:00 0HNDS3O24D7SP:00000001 [INF] Executing endpoint '"DVLD_API.Controllers.LocalDrivingLicenseApplicationAPIController.GetAllLocalDrivingLicenseApplicationsAsync (DVLD_API)"' (500cc934)
2025-07-06T00:57:03.6472874+01:00 0HNDS3O24D7SP:00000001 [INF] Route matched with "{action = \"GetAllLocalDrivingLicenseApplications\", controller = \"LocalDrivingLicenseApplicationAPI\"}". Executing controller action with signature "System.Threading.Tasks.Task`1[Microsoft.AspNetCore.Mvc.ActionResult`1[System.Collections.Generic.IEnumerable`1[DVLD_SharedModels.clsLocalDrivingLicenseApplications_ViewDTO]]] GetAllLocalDrivingLicenseApplicationsAsync(System.Threading.CancellationToken)" on controller "DVLD_API.Controllers.LocalDrivingLicenseApplicationAPIController" ("DVLD_API"). (122b2fdf)
2025-07-06T00:57:03.9514750+01:00 0HNDS3O24D7SP:00000001 [INF] Executing "OkObjectResult", writing value of type '"System.Collections.Generic.List`1[[DVLD_SharedModels.clsLocalDrivingLicenseApplications_ViewDTO, DVLD_SharedModels, Version=1.0.0.0, Culture=neutral, PublicKeyToken=null]]"'. (605b4265)
2025-07-06T00:57:03.9591923+01:00 0HNDS3O24D7SP:00000001 [INF] Executed action "DVLD_API.Controllers.LocalDrivingLicenseApplicationAPIController.GetAllLocalDrivingLicenseApplicationsAsync (DVLD_API)" in 309.7831ms (afa2e885)
2025-07-06T00:57:03.9594854+01:00 0HNDS3O24D7SP:00000001 [INF] Executed endpoint '"DVLD_API.Controllers.LocalDrivingLicenseApplicationAPIController.GetAllLocalDrivingLicenseApplicationsAsync (DVLD_API)"' (99874f2b)
2025-07-06T00:57:03.9604116+01:00 0HNDS3O24D7SP:00000001 [INF] Request finished "HTTP/1.1" "GET" "http"://"localhost:5045""""/api/LocalDrivingLicenseApplicationAPI/GetAllLocalDrivingLicenseApplicationsAsync""" - 200 null "application/json; charset=utf-8" 356.2841ms (74253ad3)
2025-07-06T01:42:11.2111242+01:00  [INF] Now listening on: "http://localhost:5045" (d826f4b8)
2025-07-06T01:42:11.2740350+01:00  [INF] Application started. Press Ctrl+C to shut down. (dcaefe54)
2025-07-06T01:42:11.2754478+01:00  [INF] Hosting environment: "Development" (bc5a1a4e)
2025-07-06T01:42:11.2766146+01:00  [INF] Content root path: "S:\14    PFE_DVLD\TheProjectDVLDVersion2.0.0\BackEnd-ServerSide\DVLD_API" (cc26f24e)
2025-07-06T01:42:14.1624182+01:00 0HNDS4NP02NCD:00000001 [INF] Request starting "HTTP/1.1" "GET" "http"://"localhost:5045""""/swagger""" - null null (d509f86a)
2025-07-06T01:42:14.2719679+01:00 0HNDS4NP02NCD:00000001 [INF] Request finished "HTTP/1.1" "GET" "http"://"localhost:5045""""/swagger""" - 301 0 null 113.1468ms (74253ad3)
2025-07-06T01:42:14.2838715+01:00 0HNDS4NP02NCD:00000002 [INF] Request starting "HTTP/1.1" "GET" "http"://"localhost:5045""""/swagger/index.html""" - null null (d509f86a)
2025-07-06T01:42:14.3257084+01:00 0HNDS4NP02NCD:00000002 [INF] Request finished "HTTP/1.1" "GET" "http"://"localhost:5045""""/swagger/index.html""" - 200 null "text/html;charset=utf-8" 41.9258ms (74253ad3)
2025-07-06T01:42:14.3789579+01:00 0HNDS4NP02NCD:00000003 [INF] Request starting "HTTP/1.1" "GET" "http"://"localhost:5045""""/swagger/swagger-ui.css""" - null null (d509f86a)
2025-07-06T01:42:14.3811233+01:00 0HNDS4NP02NCE:00000001 [INF] Request starting "HTTP/1.1" "GET" "http"://"localhost:5045""""/swagger/swagger-ui-bundle.js""" - null null (d509f86a)
2025-07-06T01:42:14.3813107+01:00 0HNDS4NP02NCF:00000001 [INF] Request starting "HTTP/1.1" "GET" "http"://"localhost:5045""""/swagger/swagger-ui-standalone-preset.js""" - null null (d509f86a)
2025-07-06T01:42:14.3813529+01:00 0HNDS4NP02NCG:00000001 [INF] Request starting "HTTP/1.1" "GET" "http"://"localhost:5045""""/_vs/browserLink""" - null null (d509f86a)
2025-07-06T01:42:14.3861250+01:00 0HNDS4NP02NCH:00000001 [INF] Request starting "HTTP/1.1" "GET" "http"://"localhost:5045""""/_framework/aspnetcore-browser-refresh.js""" - null null (d509f86a)
2025-07-06T01:42:14.3954416+01:00 0HNDS4NP02NCH:00000001 [INF] Request finished "HTTP/1.1" "GET" "http"://"localhost:5045""""/_framework/aspnetcore-browser-refresh.js""" - 200 16501 "application/javascript; charset=utf-8" 11.0741ms (74253ad3)
2025-07-06T01:42:14.4399906+01:00 0HNDS4NP02NCF:00000001 [INF] Sending file. Request path: '"/swagger-ui-standalone-preset.js"'. Physical path: '"N/A"' (27b0a520)
2025-07-06T01:42:14.4399423+01:00 0HNDS4NP02NCD:00000003 [INF] Sending file. Request path: '"/swagger-ui.css"'. Physical path: '"N/A"' (27b0a520)
2025-07-06T01:42:14.4416877+01:00 0HNDS4NP02NCD:00000003 [INF] Request finished "HTTP/1.1" "GET" "http"://"localhost:5045""""/swagger/swagger-ui.css""" - 200 152034 "text/css" 62.7864ms (74253ad3)
2025-07-06T01:42:14.4416876+01:00 0HNDS4NP02NCF:00000001 [INF] Request finished "HTTP/1.1" "GET" "http"://"localhost:5045""""/swagger/swagger-ui-standalone-preset.js""" - 200 230280 "text/javascript" 60.3799ms (74253ad3)
2025-07-06T01:42:14.4430182+01:00 0HNDS4NP02NCG:00000001 [INF] Request finished "HTTP/1.1" "GET" "http"://"localhost:5045""""/_vs/browserLink""" - 200 null "text/javascript; charset=UTF-8" 61.6958ms (74253ad3)
2025-07-06T01:42:14.4742202+01:00 0HNDS4NP02NCE:00000001 [INF] Sending file. Request path: '"/swagger-ui-bundle.js"'. Physical path: '"N/A"' (27b0a520)
2025-07-06T01:42:14.4743700+01:00 0HNDS4NP02NCE:00000001 [INF] Request finished "HTTP/1.1" "GET" "http"://"localhost:5045""""/swagger/swagger-ui-bundle.js""" - 200 1456926 "text/javascript" 93.8558ms (74253ad3)
2025-07-06T01:42:14.6419147+01:00 0HNDS4NP02NCI:00000001 [INF] Request starting "HTTP/1.1" "GET" "http"://"localhost:5045""""/swagger/favicon-16x16.png""" - null null (d509f86a)
2025-07-06T01:42:14.6425909+01:00 0HNDS4NP02NCI:00000001 [INF] Sending file. Request path: '"/favicon-16x16.png"'. Physical path: '"N/A"' (27b0a520)
2025-07-06T01:42:14.6426748+01:00 0HNDS4NP02NCI:00000001 [INF] Request finished "HTTP/1.1" "GET" "http"://"localhost:5045""""/swagger/favicon-16x16.png""" - 200 665 "image/png" 0.8297ms (74253ad3)
2025-07-06T01:42:14.6468006+01:00 0HNDS4NP02NCI:00000002 [INF] Request starting "HTTP/1.1" "GET" "http"://"localhost:5045""""/swagger/v1/swagger.json""" - null null (d509f86a)
2025-07-06T01:42:14.7236967+01:00 0HNDS4NP02NCI:00000002 [INF] Request finished "HTTP/1.1" "GET" "http"://"localhost:5045""""/swagger/v1/swagger.json""" - 200 null "application/json;charset=utf-8" 76.9148ms (74253ad3)
2025-07-06T01:43:29.1760173+01:00  [INF] Now listening on: "http://localhost:5045" (d826f4b8)
2025-07-06T01:43:29.2353185+01:00  [INF] Application started. Press Ctrl+C to shut down. (dcaefe54)
2025-07-06T01:43:29.2366591+01:00  [INF] Hosting environment: "Development" (bc5a1a4e)
2025-07-06T01:43:29.2377066+01:00  [INF] Content root path: "S:\14    PFE_DVLD\TheProjectDVLDVersion2.0.0\BackEnd-ServerSide\DVLD_API" (cc26f24e)
2025-07-06T01:43:30.2094706+01:00 0HNDS4OG4C3KH:00000001 [INF] Request starting "HTTP/1.1" "GET" "http"://"localhost:5045""""/swagger""" - null null (d509f86a)
2025-07-06T01:43:30.3176826+01:00 0HNDS4OG4C3KH:00000001 [INF] Request finished "HTTP/1.1" "GET" "http"://"localhost:5045""""/swagger""" - 301 0 null 112.1733ms (74253ad3)
2025-07-06T01:43:30.3536124+01:00 0HNDS4OG4C3KH:00000002 [INF] Request starting "HTTP/1.1" "GET" "http"://"localhost:5045""""/swagger/index.html""" - null null (d509f86a)
2025-07-06T01:43:30.4062630+01:00 0HNDS4OG4C3KH:00000002 [INF] Request finished "HTTP/1.1" "GET" "http"://"localhost:5045""""/swagger/index.html""" - 200 null "text/html;charset=utf-8" 52.7385ms (74253ad3)
2025-07-06T01:43:30.4714714+01:00 0HNDS4OG4C3KH:00000003 [INF] Request starting "HTTP/1.1" "GET" "http"://"localhost:5045""""/_framework/aspnetcore-browser-refresh.js""" - null null (d509f86a)
2025-07-06T01:43:30.4729282+01:00 0HNDS4OG4C3KH:00000003 [INF] Request finished "HTTP/1.1" "GET" "http"://"localhost:5045""""/_framework/aspnetcore-browser-refresh.js""" - 200 16501 "application/javascript; charset=utf-8" 1.5413ms (74253ad3)
2025-07-06T01:43:30.4851675+01:00 0HNDS4OG4C3KH:00000004 [INF] Request starting "HTTP/1.1" "GET" "http"://"localhost:5045""""/_vs/browserLink""" - null null (d509f86a)
2025-07-06T01:43:30.5134577+01:00 0HNDS4OG4C3KH:00000004 [INF] Request finished "HTTP/1.1" "GET" "http"://"localhost:5045""""/_vs/browserLink""" - 200 null "text/javascript; charset=UTF-8" 28.3155ms (74253ad3)
2025-07-06T01:43:30.6469061+01:00 0HNDS4OG4C3KH:00000005 [INF] Request starting "HTTP/1.1" "GET" "http"://"localhost:5045""""/swagger/favicon-16x16.png""" - null null (d509f86a)
2025-07-06T01:43:30.6573404+01:00 0HNDS4OG4C3KH:00000005 [INF] Sending file. Request path: '"/favicon-16x16.png"'. Physical path: '"N/A"' (27b0a520)
2025-07-06T01:43:30.6574911+01:00 0HNDS4OG4C3KH:00000005 [INF] Request finished "HTTP/1.1" "GET" "http"://"localhost:5045""""/swagger/favicon-16x16.png""" - 499 665 "image/png" 10.6336ms (74253ad3)
2025-07-06T01:43:30.6978115+01:00 0HNDS4OG4C3KI:00000001 [INF] Request starting "HTTP/1.1" "GET" "http"://"localhost:5045""""/swagger/v1/swagger.json""" - null null (d509f86a)
2025-07-06T01:43:30.7724002+01:00 0HNDS4OG4C3KI:00000001 [INF] Request finished "HTTP/1.1" "GET" "http"://"localhost:5045""""/swagger/v1/swagger.json""" - 200 null "application/json;charset=utf-8" 74.607ms (74253ad3)
2025-07-06T01:43:53.3482195+01:00 0HNDS4OG4C3KI:00000002 [INF] Request starting "HTTP/1.1" "GET" "http"://"localhost:5045""""/api/LocalDrivingLicenseApplicationAPI/GetTotalTrialsPerTestAsync/1/1""" - null null (d509f86a)
2025-07-06T01:43:53.3647825+01:00 0HNDS4OG4C3KI:00000002 [WRN] Failed to determine the https port for redirect. (ca76cc21)
2025-07-06T01:43:53.3668202+01:00 0HNDS4OG4C3KI:00000002 [INF] Executing endpoint '"DVLD_API.Controllers.LocalDrivingLicenseApplicationAPIController.GetTotalTrialsPerTestAsync (DVLD_API)"' (500cc934)
2025-07-06T01:43:53.3802286+01:00 0HNDS4OG4C3KI:00000002 [INF] Route matched with "{action = \"GetTotalTrialsPerTest\", controller = \"LocalDrivingLicenseApplicationAPI\"}". Executing controller action with signature "System.Threading.Tasks.Task`1[Microsoft.AspNetCore.Mvc.ActionResult`1[System.Byte]] GetTotalTrialsPerTestAsync(Int32, Int32, System.Threading.CancellationToken)" on controller "DVLD_API.Controllers.LocalDrivingLicenseApplicationAPIController" ("DVLD_API"). (122b2fdf)
2025-07-06T01:43:53.7064528+01:00 0HNDS4OG4C3KI:00000002 [INF] Executing "OkObjectResult", writing value of type '"System.Byte"'. (605b4265)
2025-07-06T01:43:53.7157828+01:00 0HNDS4OG4C3KI:00000002 [INF] Executed action "DVLD_API.Controllers.LocalDrivingLicenseApplicationAPIController.GetTotalTrialsPerTestAsync (DVLD_API)" in 332.262ms (afa2e885)
2025-07-06T01:43:53.7162466+01:00 0HNDS4OG4C3KI:00000002 [INF] Executed endpoint '"DVLD_API.Controllers.LocalDrivingLicenseApplicationAPIController.GetTotalTrialsPerTestAsync (DVLD_API)"' (99874f2b)
2025-07-06T01:43:53.7176529+01:00 0HNDS4OG4C3KI:00000002 [INF] Request finished "HTTP/1.1" "GET" "http"://"localhost:5045""""/api/LocalDrivingLicenseApplicationAPI/GetTotalTrialsPerTestAsync/1/1""" - 200 null "application/json; charset=utf-8" 371.3413ms (74253ad3)
2025-07-06T14:40:51.6255734+01:00  [INF] Now listening on: "http://localhost:5045" (d826f4b8)
2025-07-06T14:40:51.7309184+01:00  [INF] Application started. Press Ctrl+C to shut down. (dcaefe54)
2025-07-06T14:40:51.7327656+01:00  [INF] Hosting environment: "Development" (bc5a1a4e)
2025-07-06T14:40:51.7346953+01:00  [INF] Content root path: "S:\14    PFE_DVLD\TheProjectDVLDVersion2.0.0\BackEnd-ServerSide\DVLD_API" (cc26f24e)
2025-07-06T14:40:53.1943554+01:00 0HNDSIASL2SR7:00000001 [INF] Request starting "HTTP/1.1" "GET" "http"://"localhost:5045""""/swagger""" - null null (d509f86a)
2025-07-06T14:40:53.4342642+01:00 0HNDSIASL2SR7:00000001 [INF] Request finished "HTTP/1.1" "GET" "http"://"localhost:5045""""/swagger""" - 301 0 null 244.726ms (74253ad3)
2025-07-06T14:40:53.4655173+01:00 0HNDSIASL2SR7:00000002 [INF] Request starting "HTTP/1.1" "GET" "http"://"localhost:5045""""/swagger/index.html""" - null null (d509f86a)
2025-07-06T14:40:53.5120209+01:00 0HNDSIASL2SR7:00000002 [INF] Request finished "HTTP/1.1" "GET" "http"://"localhost:5045""""/swagger/index.html""" - 200 null "text/html;charset=utf-8" 46.5904ms (74253ad3)
2025-07-06T14:40:53.5434311+01:00 0HNDSIASL2SR7:00000003 [INF] Request starting "HTTP/1.1" "GET" "http"://"localhost:5045""""/_framework/aspnetcore-browser-refresh.js""" - null null (d509f86a)
2025-07-06T14:40:53.5450103+01:00 0HNDSIASL2SR7:00000003 [INF] Request finished "HTTP/1.1" "GET" "http"://"localhost:5045""""/_framework/aspnetcore-browser-refresh.js""" - 200 16501 "application/javascript; charset=utf-8" 1.6248ms (74253ad3)
2025-07-06T14:40:53.5502332+01:00 0HNDSIASL2SR7:00000004 [INF] Request starting "HTTP/1.1" "GET" "http"://"localhost:5045""""/_vs/browserLink""" - null null (d509f86a)
2025-07-06T14:40:53.5884988+01:00 0HNDSIASL2SR7:00000004 [INF] Request finished "HTTP/1.1" "GET" "http"://"localhost:5045""""/_vs/browserLink""" - 200 null "text/javascript; charset=UTF-8" 38.2953ms (74253ad3)
2025-07-06T14:40:53.7119737+01:00 0HNDSIASL2SR7:00000005 [INF] Request starting "HTTP/1.1" "GET" "http"://"localhost:5045""""/swagger/favicon-16x16.png""" - null null (d509f86a)
2025-07-06T14:40:53.7235940+01:00 0HNDSIASL2SR7:00000005 [INF] Sending file. Request path: '"/favicon-16x16.png"'. Physical path: '"N/A"' (27b0a520)
2025-07-06T14:40:53.7237407+01:00 0HNDSIASL2SR7:00000005 [INF] Request finished "HTTP/1.1" "GET" "http"://"localhost:5045""""/swagger/favicon-16x16.png""" - 499 665 "image/png" 11.8363ms (74253ad3)
2025-07-06T14:40:53.7265819+01:00 0HNDSIASL2SR8:00000001 [INF] Request starting "HTTP/1.1" "GET" "http"://"localhost:5045""""/swagger/v1/swagger.json""" - null null (d509f86a)
2025-07-06T14:40:53.8116108+01:00 0HNDSIASL2SR8:00000001 [INF] Request finished "HTTP/1.1" "GET" "http"://"localhost:5045""""/swagger/v1/swagger.json""" - 200 null "application/json;charset=utf-8" 85.0322ms (74253ad3)
2025-07-06T14:43:10.3443882+01:00 0HNDSIASL2SR9:00000001 [INF] Request starting "HTTP/1.1" "GET" "http"://"localhost:5045""""/api/LocalDrivingLicenseApplicationAPI/GetAllLocalDrivingLicenseApplicationsAsync""" - null null (d509f86a)
2025-07-06T14:43:10.3620659+01:00 0HNDSIASL2SR9:00000001 [WRN] Failed to determine the https port for redirect. (ca76cc21)
2025-07-06T14:43:10.3643157+01:00 0HNDSIASL2SR9:00000001 [INF] Executing endpoint '"DVLD_API.Controllers.LocalDrivingLicenseApplicationAPIController.GetAllLocalDrivingLicenseApplicationsAsync (DVLD_API)"' (500cc934)
2025-07-06T14:43:10.3816335+01:00 0HNDSIASL2SR9:00000001 [INF] Route matched with "{action = \"GetAllLocalDrivingLicenseApplications\", controller = \"LocalDrivingLicenseApplicationAPI\"}". Executing controller action with signature "System.Threading.Tasks.Task`1[Microsoft.AspNetCore.Mvc.ActionResult`1[System.Collections.Generic.IEnumerable`1[DVLD_SharedModels.clsLocalDrivingLicenseApplications_ViewDTO]]] GetAllLocalDrivingLicenseApplicationsAsync(System.Threading.CancellationToken)" on controller "DVLD_API.Controllers.LocalDrivingLicenseApplicationAPIController" ("DVLD_API"). (122b2fdf)
2025-07-06T14:43:11.3713176+01:00 0HNDSIASL2SR9:00000001 [INF] Executing "OkObjectResult", writing value of type '"System.Collections.Generic.List`1[[DVLD_SharedModels.clsLocalDrivingLicenseApplications_ViewDTO, DVLD_SharedModels, Version=1.0.0.0, Culture=neutral, PublicKeyToken=null]]"'. (605b4265)
2025-07-06T14:43:11.3804187+01:00 0HNDSIASL2SR9:00000001 [INF] Executed action "DVLD_API.Controllers.LocalDrivingLicenseApplicationAPIController.GetAllLocalDrivingLicenseApplicationsAsync (DVLD_API)" in 996.4747ms (afa2e885)
2025-07-06T14:43:11.3807593+01:00 0HNDSIASL2SR9:00000001 [INF] Executed endpoint '"DVLD_API.Controllers.LocalDrivingLicenseApplicationAPIController.GetAllLocalDrivingLicenseApplicationsAsync (DVLD_API)"' (99874f2b)
2025-07-06T14:43:11.3818049+01:00 0HNDSIASL2SR9:00000001 [INF] Request finished "HTTP/1.1" "GET" "http"://"localhost:5045""""/api/LocalDrivingLicenseApplicationAPI/GetAllLocalDrivingLicenseApplicationsAsync""" - 200 null "application/json; charset=utf-8" 1037.4703ms (74253ad3)
2025-07-06T15:14:31.8608354+01:00 0HNDSIASL2SRA:00000001 [INF] Request starting "HTTP/1.1" "GET" "http"://"localhost:5045""""/api/UsersAPi/GetUserInfoByUsernameAndPassword/amine/123""" - null null (d509f86a)
2025-07-06T15:14:31.8633521+01:00 0HNDSIASL2SRA:00000001 [INF] Executing endpoint '"DVLD_API.Controllers.UsersAPIController.GetUserInfoByUsernameAndPassword (DVLD_API)"' (500cc934)
2025-07-06T15:14:31.8653127+01:00 0HNDSIASL2SRA:00000001 [INF] Route matched with "{action = \"GetUserInfoByUsernameAndPassword\", controller = \"UsersAPI\"}". Executing controller action with signature "Microsoft.AspNetCore.Mvc.ActionResult`1[DVLD_SharedModels.clsUserDTO] GetUserInfoByUsernameAndPassword(System.String, System.String)" on controller "DVLD_API.Controllers.UsersAPIController" ("DVLD_API"). (122b2fdf)
2025-07-06T15:14:31.9474662+01:00 0HNDSIASL2SRA:00000001 [INF] Executing "OkObjectResult", writing value of type '"DVLD_SharedModels.clsUserDTO"'. (605b4265)
2025-07-06T15:14:31.9486487+01:00 0HNDSIASL2SRA:00000001 [INF] Executed action "DVLD_API.Controllers.UsersAPIController.GetUserInfoByUsernameAndPassword (DVLD_API)" in 83.289ms (afa2e885)
2025-07-06T15:14:31.9486810+01:00 0HNDSIASL2SRA:00000001 [INF] Executed endpoint '"DVLD_API.Controllers.UsersAPIController.GetUserInfoByUsernameAndPassword (DVLD_API)"' (99874f2b)
2025-07-06T15:14:31.9487597+01:00 0HNDSIASL2SRA:00000001 [INF] Request finished "HTTP/1.1" "GET" "http"://"localhost:5045""""/api/UsersAPi/GetUserInfoByUsernameAndPassword/amine/123""" - 200 null "application/json; charset=utf-8" 87.9853ms (74253ad3)
2025-07-06T15:30:05.0813063+01:00 0HNDSIASL2SRB:00000001 [INF] Request starting "HTTP/1.1" "GET" "http"://"localhost:5045""""/api/UsersAPi/GetUserInfoByUsernameAndPassword/amine/123""" - null null (d509f86a)
2025-07-06T15:30:05.0833077+01:00 0HNDSIASL2SRB:00000001 [INF] Executing endpoint '"DVLD_API.Controllers.UsersAPIController.GetUserInfoByUsernameAndPassword (DVLD_API)"' (500cc934)
2025-07-06T15:30:05.0834636+01:00 0HNDSIASL2SRB:00000001 [INF] Route matched with "{action = \"GetUserInfoByUsernameAndPassword\", controller = \"UsersAPI\"}". Executing controller action with signature "Microsoft.AspNetCore.Mvc.ActionResult`1[DVLD_SharedModels.clsUserDTO] GetUserInfoByUsernameAndPassword(System.String, System.String)" on controller "DVLD_API.Controllers.UsersAPIController" ("DVLD_API"). (122b2fdf)
2025-07-06T15:30:05.0980966+01:00 0HNDSIASL2SRB:00000001 [INF] Executing "OkObjectResult", writing value of type '"DVLD_SharedModels.clsUserDTO"'. (605b4265)
2025-07-06T15:30:05.0983089+01:00 0HNDSIASL2SRB:00000001 [INF] Executed action "DVLD_API.Controllers.UsersAPIController.GetUserInfoByUsernameAndPassword (DVLD_API)" in 14.8166ms (afa2e885)
2025-07-06T15:30:05.0983456+01:00 0HNDSIASL2SRB:00000001 [INF] Executed endpoint '"DVLD_API.Controllers.UsersAPIController.GetUserInfoByUsernameAndPassword (DVLD_API)"' (99874f2b)
2025-07-06T15:30:05.0984082+01:00 0HNDSIASL2SRB:00000001 [INF] Request finished "HTTP/1.1" "GET" "http"://"localhost:5045""""/api/UsersAPi/GetUserInfoByUsernameAndPassword/amine/123""" - 200 null "application/json; charset=utf-8" 17.1765ms (74253ad3)
2025-07-06T15:34:03.6135170+01:00 0HNDSIASL2SRC:00000001 [INF] Request starting "HTTP/1.1" "GET" "http"://"localhost:5045""""/api/UsersAPi/GetUserInfoByUsernameAndPassword/amine/123""" - null null (d509f86a)
2025-07-06T15:34:03.6137500+01:00 0HNDSIASL2SRC:00000001 [INF] Executing endpoint '"DVLD_API.Controllers.UsersAPIController.GetUserInfoByUsernameAndPassword (DVLD_API)"' (500cc934)
2025-07-06T15:34:03.6138238+01:00 0HNDSIASL2SRC:00000001 [INF] Route matched with "{action = \"GetUserInfoByUsernameAndPassword\", controller = \"UsersAPI\"}". Executing controller action with signature "Microsoft.AspNetCore.Mvc.ActionResult`1[DVLD_SharedModels.clsUserDTO] GetUserInfoByUsernameAndPassword(System.String, System.String)" on controller "DVLD_API.Controllers.UsersAPIController" ("DVLD_API"). (122b2fdf)
2025-07-06T15:34:03.6260308+01:00 0HNDSIASL2SRC:00000001 [INF] Executing "OkObjectResult", writing value of type '"DVLD_SharedModels.clsUserDTO"'. (605b4265)
2025-07-06T15:34:03.6261792+01:00 0HNDSIASL2SRC:00000001 [INF] Executed action "DVLD_API.Controllers.UsersAPIController.GetUserInfoByUsernameAndPassword (DVLD_API)" in 12.3218ms (afa2e885)
2025-07-06T15:34:03.6262019+01:00 0HNDSIASL2SRC:00000001 [INF] Executed endpoint '"DVLD_API.Controllers.UsersAPIController.GetUserInfoByUsernameAndPassword (DVLD_API)"' (99874f2b)
2025-07-06T15:34:03.6262600+01:00 0HNDSIASL2SRC:00000001 [INF] Request finished "HTTP/1.1" "GET" "http"://"localhost:5045""""/api/UsersAPi/GetUserInfoByUsernameAndPassword/amine/123""" - 200 null "application/json; charset=utf-8" 12.8294ms (74253ad3)
2025-07-06T15:34:05.5087971+01:00 0HNDSIASL2SRD:00000001 [INF] Request starting "HTTP/1.1" "GET" "http"://"localhost:5045""""/api/LocalDrivingLicenseApplicationAPI/GetAllLocalDrivingLicenseApplicationsAsync""" - null null (d509f86a)
2025-07-06T15:34:05.5118155+01:00 0HNDSIASL2SRD:00000001 [INF] Executing endpoint '"DVLD_API.Controllers.LocalDrivingLicenseApplicationAPIController.GetAllLocalDrivingLicenseApplicationsAsync (DVLD_API)"' (500cc934)
2025-07-06T15:34:05.5119260+01:00 0HNDSIASL2SRD:00000001 [INF] Route matched with "{action = \"GetAllLocalDrivingLicenseApplications\", controller = \"LocalDrivingLicenseApplicationAPI\"}". Executing controller action with signature "System.Threading.Tasks.Task`1[Microsoft.AspNetCore.Mvc.ActionResult`1[System.Collections.Generic.IEnumerable`1[DVLD_SharedModels.clsLocalDrivingLicenseApplications_ViewDTO]]] GetAllLocalDrivingLicenseApplicationsAsync(System.Threading.CancellationToken)" on controller "DVLD_API.Controllers.LocalDrivingLicenseApplicationAPIController" ("DVLD_API"). (122b2fdf)
2025-07-06T15:34:05.5306978+01:00 0HNDSIASL2SRD:00000001 [INF] Executing "OkObjectResult", writing value of type '"System.Collections.Generic.List`1[[DVLD_SharedModels.clsLocalDrivingLicenseApplications_ViewDTO, DVLD_SharedModels, Version=1.0.0.0, Culture=neutral, PublicKeyToken=null]]"'. (605b4265)
2025-07-06T15:34:05.5309192+01:00 0HNDSIASL2SRD:00000001 [INF] Executed action "DVLD_API.Controllers.LocalDrivingLicenseApplicationAPIController.GetAllLocalDrivingLicenseApplicationsAsync (DVLD_API)" in 18.9597ms (afa2e885)
2025-07-06T15:34:05.5309503+01:00 0HNDSIASL2SRD:00000001 [INF] Executed endpoint '"DVLD_API.Controllers.LocalDrivingLicenseApplicationAPIController.GetAllLocalDrivingLicenseApplicationsAsync (DVLD_API)"' (99874f2b)
2025-07-06T15:34:05.5311732+01:00 0HNDSIASL2SRD:00000001 [INF] Request finished "HTTP/1.1" "GET" "http"://"localhost:5045""""/api/LocalDrivingLicenseApplicationAPI/GetAllLocalDrivingLicenseApplicationsAsync""" - 200 null "application/json; charset=utf-8" 22.3187ms (74253ad3)
2025-07-06T15:40:20.7430776+01:00 0HNDSIASL2SRE:00000001 [INF] Request starting "HTTP/1.1" "GET" "http"://"localhost:5045""""/api/UsersAPi/GetUserInfoByUsernameAndPassword/amine/123""" - null null (d509f86a)
2025-07-06T15:40:20.7433489+01:00 0HNDSIASL2SRE:00000001 [INF] Executing endpoint '"DVLD_API.Controllers.UsersAPIController.GetUserInfoByUsernameAndPassword (DVLD_API)"' (500cc934)
2025-07-06T15:40:20.7434365+01:00 0HNDSIASL2SRE:00000001 [INF] Route matched with "{action = \"GetUserInfoByUsernameAndPassword\", controller = \"UsersAPI\"}". Executing controller action with signature "Microsoft.AspNetCore.Mvc.ActionResult`1[DVLD_SharedModels.clsUserDTO] GetUserInfoByUsernameAndPassword(System.String, System.String)" on controller "DVLD_API.Controllers.UsersAPIController" ("DVLD_API"). (122b2fdf)
2025-07-06T15:40:20.7585409+01:00 0HNDSIASL2SRE:00000001 [INF] Executing "OkObjectResult", writing value of type '"DVLD_SharedModels.clsUserDTO"'. (605b4265)
2025-07-06T15:40:20.7587180+01:00 0HNDSIASL2SRE:00000001 [INF] Executed action "DVLD_API.Controllers.UsersAPIController.GetUserInfoByUsernameAndPassword (DVLD_API)" in 15.2517ms (afa2e885)
2025-07-06T15:40:20.7587463+01:00 0HNDSIASL2SRE:00000001 [INF] Executed endpoint '"DVLD_API.Controllers.UsersAPIController.GetUserInfoByUsernameAndPassword (DVLD_API)"' (99874f2b)
2025-07-06T15:40:20.7588016+01:00 0HNDSIASL2SRE:00000001 [INF] Request finished "HTTP/1.1" "GET" "http"://"localhost:5045""""/api/UsersAPi/GetUserInfoByUsernameAndPassword/amine/123""" - 200 null "application/json; charset=utf-8" 15.8172ms (74253ad3)
2025-07-06T15:40:22.2160939+01:00 0HNDSIASL2SRF:00000001 [INF] Request starting "HTTP/1.1" "GET" "http"://"localhost:5045""""/api/LocalDrivingLicenseApplicationAPI/GetAllLocalDrivingLicenseApplicationsAsync""" - null null (d509f86a)
2025-07-06T15:40:22.2167326+01:00 0HNDSIASL2SRF:00000001 [INF] Executing endpoint '"DVLD_API.Controllers.LocalDrivingLicenseApplicationAPIController.GetAllLocalDrivingLicenseApplicationsAsync (DVLD_API)"' (500cc934)
2025-07-06T15:40:22.2168039+01:00 0HNDSIASL2SRF:00000001 [INF] Route matched with "{action = \"GetAllLocalDrivingLicenseApplications\", controller = \"LocalDrivingLicenseApplicationAPI\"}". Executing controller action with signature "System.Threading.Tasks.Task`1[Microsoft.AspNetCore.Mvc.ActionResult`1[System.Collections.Generic.IEnumerable`1[DVLD_SharedModels.clsLocalDrivingLicenseApplications_ViewDTO]]] GetAllLocalDrivingLicenseApplicationsAsync(System.Threading.CancellationToken)" on controller "DVLD_API.Controllers.LocalDrivingLicenseApplicationAPIController" ("DVLD_API"). (122b2fdf)
2025-07-06T15:40:22.2362353+01:00 0HNDSIASL2SRF:00000001 [INF] Executing "OkObjectResult", writing value of type '"System.Collections.Generic.List`1[[DVLD_SharedModels.clsLocalDrivingLicenseApplications_ViewDTO, DVLD_SharedModels, Version=1.0.0.0, Culture=neutral, PublicKeyToken=null]]"'. (605b4265)
2025-07-06T15:40:22.2364283+01:00 0HNDSIASL2SRF:00000001 [INF] Executed action "DVLD_API.Controllers.LocalDrivingLicenseApplicationAPIController.GetAllLocalDrivingLicenseApplicationsAsync (DVLD_API)" in 19.6001ms (afa2e885)
2025-07-06T15:40:22.2364493+01:00 0HNDSIASL2SRF:00000001 [INF] Executed endpoint '"DVLD_API.Controllers.LocalDrivingLicenseApplicationAPIController.GetAllLocalDrivingLicenseApplicationsAsync (DVLD_API)"' (99874f2b)
2025-07-06T15:40:22.2365354+01:00 0HNDSIASL2SRF:00000001 [INF] Request finished "HTTP/1.1" "GET" "http"://"localhost:5045""""/api/LocalDrivingLicenseApplicationAPI/GetAllLocalDrivingLicenseApplicationsAsync""" - 200 null "application/json; charset=utf-8" 20.5376ms (74253ad3)
2025-07-06T15:41:15.2706620+01:00 0HNDSIASL2SRG:00000001 [INF] Request starting "HTTP/1.1" "GET" "http"://"localhost:5045""""/api/CountriesAPI/GetAllCoutries""" - null null (d509f86a)
2025-07-06T15:41:15.2734887+01:00 0HNDSIASL2SRG:00000001 [INF] Executing endpoint '"DVLD_API.Controllers.CountriesAPIController.GetAllCountries (DVLD_API)"' (500cc934)
2025-07-06T15:41:15.2757802+01:00 0HNDSIASL2SRG:00000001 [INF] Route matched with "{action = \"GetAllCountries\", controller = \"CountriesAPI\"}". Executing controller action with signature "Microsoft.AspNetCore.Mvc.ActionResult`1[System.Collections.Generic.IEnumerable`1[DVLD_SharedModels.clsCountryDTO]] GetAllCountries()" on controller "DVLD_API.Controllers.CountriesAPIController" ("DVLD_API"). (122b2fdf)
2025-07-06T15:41:15.2807768+01:00 0HNDSIASL2SRG:00000001 [INF] Executing "OkObjectResult", writing value of type '"System.Collections.Generic.List`1[[DVLD_SharedModels.clsCountryDTO, DVLD_SharedModels, Version=1.0.0.0, Culture=neutral, PublicKeyToken=null]]"'. (605b4265)
2025-07-06T15:41:15.2849514+01:00 0HNDSIASL2SRG:00000001 [INF] Executed action "DVLD_API.Controllers.CountriesAPIController.GetAllCountries (DVLD_API)" in 9.1356ms (afa2e885)
2025-07-06T15:41:15.2849834+01:00 0HNDSIASL2SRG:00000001 [INF] Executed endpoint '"DVLD_API.Controllers.CountriesAPIController.GetAllCountries (DVLD_API)"' (99874f2b)
2025-07-06T15:41:15.2850755+01:00 0HNDSIASL2SRG:00000001 [INF] Request finished "HTTP/1.1" "GET" "http"://"localhost:5045""""/api/CountriesAPI/GetAllCoutries""" - 200 null "application/json; charset=utf-8" 14.4643ms (74253ad3)
2025-07-06T15:41:15.3815789+01:00 0HNDSIASL2SRH:00000001 [INF] Request starting "HTTP/1.1" "GET" "http"://"localhost:5045""""/api/PersonAPI/GetPersonByID/1""" - null null (d509f86a)
2025-07-06T15:41:15.3844969+01:00 0HNDSIASL2SRH:00000001 [INF] Executing endpoint '"DVLD_API.Controllers.PersonAPIController.GetPersonByID (DVLD_API)"' (500cc934)
2025-07-06T15:41:15.3868616+01:00 0HNDSIASL2SRH:00000001 [INF] Route matched with "{action = \"GetPersonByID\", controller = \"PersonAPI\"}". Executing controller action with signature "Microsoft.AspNetCore.Mvc.ActionResult`1[DVLD_SharedModels.clsPersonDTO] GetPersonByID(Int32)" on controller "DVLD_API.Controllers.PersonAPIController" ("DVLD_API"). (122b2fdf)
2025-07-06T15:41:15.3905080+01:00 0HNDSIASL2SRH:00000001 [INF] Executing "OkObjectResult", writing value of type '"DVLD_SharedModels.clsPersonDTO"'. (605b4265)
2025-07-06T15:41:15.3920780+01:00 0HNDSIASL2SRH:00000001 [INF] Executed action "DVLD_API.Controllers.PersonAPIController.GetPersonByID (DVLD_API)" in 5.189ms (afa2e885)
2025-07-06T15:41:15.3920976+01:00 0HNDSIASL2SRH:00000001 [INF] Executed endpoint '"DVLD_API.Controllers.PersonAPIController.GetPersonByID (DVLD_API)"' (99874f2b)
2025-07-06T15:41:15.3921401+01:00 0HNDSIASL2SRH:00000001 [INF] Request finished "HTTP/1.1" "GET" "http"://"localhost:5045""""/api/PersonAPI/GetPersonByID/1""" - 200 null "application/json; charset=utf-8" 11.247ms (74253ad3)
2025-07-06T15:41:54.5073976+01:00 0HNDSIASL2SRI:00000001 [INF] Request starting "HTTP/1.1" "GET" "http"://"localhost:5045""""/api/LocalDrivingLicenseApplicationAPI/GetAllLocalDrivingLicenseApplicationsAsync""" - null null (d509f86a)
2025-07-06T15:41:54.5075812+01:00 0HNDSIASL2SRI:00000001 [INF] Executing endpoint '"DVLD_API.Controllers.LocalDrivingLicenseApplicationAPIController.GetAllLocalDrivingLicenseApplicationsAsync (DVLD_API)"' (500cc934)
2025-07-06T15:41:54.5076620+01:00 0HNDSIASL2SRI:00000001 [INF] Route matched with "{action = \"GetAllLocalDrivingLicenseApplications\", controller = \"LocalDrivingLicenseApplicationAPI\"}". Executing controller action with signature "System.Threading.Tasks.Task`1[Microsoft.AspNetCore.Mvc.ActionResult`1[System.Collections.Generic.IEnumerable`1[DVLD_SharedModels.clsLocalDrivingLicenseApplications_ViewDTO]]] GetAllLocalDrivingLicenseApplicationsAsync(System.Threading.CancellationToken)" on controller "DVLD_API.Controllers.LocalDrivingLicenseApplicationAPIController" ("DVLD_API"). (122b2fdf)
2025-07-06T15:41:54.5200050+01:00 0HNDSIASL2SRI:00000001 [INF] Executing "OkObjectResult", writing value of type '"System.Collections.Generic.List`1[[DVLD_SharedModels.clsLocalDrivingLicenseApplications_ViewDTO, DVLD_SharedModels, Version=1.0.0.0, Culture=neutral, PublicKeyToken=null]]"'. (605b4265)
2025-07-06T15:41:54.5201855+01:00 0HNDSIASL2SRI:00000001 [INF] Executed action "DVLD_API.Controllers.LocalDrivingLicenseApplicationAPIController.GetAllLocalDrivingLicenseApplicationsAsync (DVLD_API)" in 12.5015ms (afa2e885)
2025-07-06T15:41:54.5202136+01:00 0HNDSIASL2SRI:00000001 [INF] Executed endpoint '"DVLD_API.Controllers.LocalDrivingLicenseApplicationAPIController.GetAllLocalDrivingLicenseApplicationsAsync (DVLD_API)"' (99874f2b)
2025-07-06T15:41:54.5203164+01:00 0HNDSIASL2SRI:00000001 [INF] Request finished "HTTP/1.1" "GET" "http"://"localhost:5045""""/api/LocalDrivingLicenseApplicationAPI/GetAllLocalDrivingLicenseApplicationsAsync""" - 200 null "application/json; charset=utf-8" 12.9807ms (74253ad3)
2025-07-06T23:56:50.6303856+01:00  [INF] Now listening on: "http://localhost:5045" (d826f4b8)
2025-07-06T23:56:50.6938572+01:00  [INF] Application started. Press Ctrl+C to shut down. (dcaefe54)
2025-07-06T23:56:50.6958248+01:00  [INF] Hosting environment: "Development" (bc5a1a4e)
2025-07-06T23:56:50.6974930+01:00  [INF] Content root path: "S:\14    PFE_DVLD\TheProjectDVLDVersion2.0.0\BackEnd-ServerSide\DVLD_API" (cc26f24e)
2025-07-06T23:56:52.2542051+01:00 0HNDSS1IEM7SB:00000001 [INF] Request starting "HTTP/1.1" "GET" "http"://"localhost:5045""""/swagger""" - null null (d509f86a)
2025-07-06T23:56:52.4574897+01:00 0HNDSS1IEM7SB:00000001 [INF] Request finished "HTTP/1.1" "GET" "http"://"localhost:5045""""/swagger""" - 301 0 null 210.8603ms (74253ad3)
2025-07-06T23:56:52.4894590+01:00 0HNDSS1IEM7SB:00000002 [INF] Request starting "HTTP/1.1" "GET" "http"://"localhost:5045""""/swagger/index.html""" - null null (d509f86a)
2025-07-06T23:56:52.5399373+01:00 0HNDSS1IEM7SB:00000002 [INF] Request finished "HTTP/1.1" "GET" "http"://"localhost:5045""""/swagger/index.html""" - 200 null "text/html;charset=utf-8" 50.5491ms (74253ad3)
2025-07-06T23:56:52.5723540+01:00 0HNDSS1IEM7SB:00000003 [INF] Request starting "HTTP/1.1" "GET" "http"://"localhost:5045""""/_framework/aspnetcore-browser-refresh.js""" - null null (d509f86a)
2025-07-06T23:56:52.5741239+01:00 0HNDSS1IEM7SB:00000003 [INF] Request finished "HTTP/1.1" "GET" "http"://"localhost:5045""""/_framework/aspnetcore-browser-refresh.js""" - 200 16501 "application/javascript; charset=utf-8" 1.8302ms (74253ad3)
2025-07-06T23:56:52.5809775+01:00 0HNDSS1IEM7SB:00000004 [INF] Request starting "HTTP/1.1" "GET" "http"://"localhost:5045""""/_vs/browserLink""" - null null (d509f86a)
2025-07-06T23:56:52.6214308+01:00 0HNDSS1IEM7SB:00000004 [INF] Request finished "HTTP/1.1" "GET" "http"://"localhost:5045""""/_vs/browserLink""" - 200 null "text/javascript; charset=UTF-8" 40.5325ms (74253ad3)
2025-07-06T23:56:52.7281520+01:00 0HNDSS1IEM7SB:00000005 [INF] Request starting "HTTP/1.1" "GET" "http"://"localhost:5045""""/swagger/favicon-16x16.png""" - null null (d509f86a)
2025-07-06T23:56:52.7497501+01:00 0HNDSS1IEM7SB:00000005 [INF] Sending file. Request path: '"/favicon-16x16.png"'. Physical path: '"N/A"' (27b0a520)
2025-07-06T23:56:52.7499306+01:00 0HNDSS1IEM7SB:00000005 [INF] Request finished "HTTP/1.1" "GET" "http"://"localhost:5045""""/swagger/favicon-16x16.png""" - 499 665 "image/png" 21.814ms (74253ad3)
2025-07-06T23:56:52.7543722+01:00 0HNDSS1IEM7SC:00000001 [INF] Request starting "HTTP/1.1" "GET" "http"://"localhost:5045""""/swagger/v1/swagger.json""" - null null (d509f86a)
2025-07-06T23:56:52.8428388+01:00 0HNDSS1IEM7SC:00000001 [INF] Request finished "HTTP/1.1" "GET" "http"://"localhost:5045""""/swagger/v1/swagger.json""" - 200 null "application/json;charset=utf-8" 88.4842ms (74253ad3)
2025-07-06T23:57:14.7363291+01:00 0HNDSS1IEM7SC:00000002 [INF] Request starting "HTTP/1.1" "GET" "http"://"localhost:5045""""/api/LicenseClassAsyncAPI""" - null null (d509f86a)
2025-07-06T23:57:14.7483935+01:00 0HNDSS1IEM7SC:00000002 [WRN] Failed to determine the https port for redirect. (ca76cc21)
2025-07-06T23:57:14.7512796+01:00 0HNDSS1IEM7SC:00000002 [INF] Executing endpoint '"DVLD_API.Controllers.LicenseClassAsyncAPIController.GetAllLicenseClasses (DVLD_API)"' (500cc934)
2025-07-06T23:57:14.7770435+01:00 0HNDSS1IEM7SC:00000002 [INF] Route matched with "{action = \"GetAllLicenseClasses\", controller = \"LicenseClassAsyncAPI\"}". Executing controller action with signature "System.Threading.Tasks.Task`1[Microsoft.AspNetCore.Mvc.IActionResult] GetAllLicenseClasses()" on controller "DVLD_API.Controllers.LicenseClassAsyncAPIController" ("DVLD_API"). (122b2fdf)
2025-07-06T23:57:15.6172435+01:00 0HNDSS1IEM7SC:00000002 [INF] Executing "OkObjectResult", writing value of type '"System.Collections.Generic.List`1[[DVLD_SharedModels.clsLicenseClassDTO, DVLD_SharedModels, Version=1.0.0.0, Culture=neutral, PublicKeyToken=null]]"'. (605b4265)
2025-07-06T23:57:15.6326138+01:00 0HNDSS1IEM7SC:00000002 [INF] Executed action "DVLD_API.Controllers.LicenseClassAsyncAPIController.GetAllLicenseClasses (DVLD_API)" in 851.7039ms (afa2e885)
2025-07-06T23:57:15.6330281+01:00 0HNDSS1IEM7SC:00000002 [INF] Executed endpoint '"DVLD_API.Controllers.LicenseClassAsyncAPIController.GetAllLicenseClasses (DVLD_API)"' (99874f2b)
2025-07-06T23:57:15.6340484+01:00 0HNDSS1IEM7SC:00000002 [INF] Request finished "HTTP/1.1" "GET" "http"://"localhost:5045""""/api/LicenseClassAsyncAPI""" - 200 null "application/json; charset=utf-8" 897.8204ms (74253ad3)
2025-07-06T23:58:11.5899206+01:00 0HNDSS1IEM7SC:00000003 [INF] Request starting "HTTP/1.1" "GET" "http"://"localhost:5045""""/api/LicenseClassAsyncAPI/1""" - null null (d509f86a)
2025-07-06T23:58:11.5918741+01:00 0HNDSS1IEM7SC:00000003 [INF] Executing endpoint '"DVLD_API.Controllers.LicenseClassAsyncAPIController.GetLicenseClassById (DVLD_API)"' (500cc934)
2025-07-06T23:58:11.5982770+01:00 0HNDSS1IEM7SC:00000003 [INF] Route matched with "{action = \"GetLicenseClassById\", controller = \"LicenseClassAsyncAPI\"}". Executing controller action with signature "System.Threading.Tasks.Task`1[Microsoft.AspNetCore.Mvc.IActionResult] GetLicenseClassById(Int32)" on controller "DVLD_API.Controllers.LicenseClassAsyncAPIController" ("DVLD_API"). (122b2fdf)
2025-07-06T23:58:11.6983152+01:00 0HNDSS1IEM7SC:00000003 [INF] Executing "OkObjectResult", writing value of type '"DVLD_SharedModels.clsLicenseClassDTO"'. (605b4265)
2025-07-06T23:58:11.6985663+01:00 0HNDSS1IEM7SC:00000003 [INF] Executed action "DVLD_API.Controllers.LicenseClassAsyncAPIController.GetLicenseClassById (DVLD_API)" in 100.2364ms (afa2e885)
2025-07-06T23:58:11.6985997+01:00 0HNDSS1IEM7SC:00000003 [INF] Executed endpoint '"DVLD_API.Controllers.LicenseClassAsyncAPIController.GetLicenseClassById (DVLD_API)"' (99874f2b)
2025-07-06T23:58:11.6986969+01:00 0HNDSS1IEM7SC:00000003 [INF] Request finished "HTTP/1.1" "GET" "http"://"localhost:5045""""/api/LicenseClassAsyncAPI/1""" - 200 null "application/json; charset=utf-8" 108.9159ms (74253ad3)
2025-07-06T23:58:42.8988285+01:00 0HNDSS1IEM7SC:00000004 [INF] Request starting "HTTP/1.1" "GET" "http"://"localhost:5045""""/api/LicenseClassAsyncAPI/ByName/class3""" - null null (d509f86a)
2025-07-06T23:58:42.9015068+01:00 0HNDSS1IEM7SC:00000004 [INF] Executing endpoint '"DVLD_API.Controllers.LicenseClassAsyncAPIController.GetLicenseClassByName (DVLD_API)"' (500cc934)
2025-07-06T23:58:42.9055225+01:00 0HNDSS1IEM7SC:00000004 [INF] Route matched with "{action = \"GetLicenseClassByName\", controller = \"LicenseClassAsyncAPI\"}". Executing controller action with signature "System.Threading.Tasks.Task`1[Microsoft.AspNetCore.Mvc.IActionResult] GetLicenseClassByName(System.String)" on controller "DVLD_API.Controllers.LicenseClassAsyncAPIController" ("DVLD_API"). (122b2fdf)
2025-07-06T23:58:42.9192469+01:00 0HNDSS1IEM7SC:00000004 [INF] Executing "NotFoundObjectResult", writing value of type '"<>f__AnonymousType3`1[[System.String, System.Private.CoreLib, Version=8.0.0.0, Culture=neutral, PublicKeyToken=7cec85d7bea7798e]]"'. (605b4265)
2025-07-06T23:58:42.9205914+01:00 0HNDSS1IEM7SC:00000004 [INF] Executed action "DVLD_API.Controllers.LicenseClassAsyncAPIController.GetLicenseClassByName (DVLD_API)" in 15.0372ms (afa2e885)
2025-07-06T23:58:42.9206224+01:00 0HNDSS1IEM7SC:00000004 [INF] Executed endpoint '"DVLD_API.Controllers.LicenseClassAsyncAPIController.GetLicenseClassByName (DVLD_API)"' (99874f2b)
2025-07-06T23:58:42.9207059+01:00 0HNDSS1IEM7SC:00000004 [INF] Request finished "HTTP/1.1" "GET" "http"://"localhost:5045""""/api/LicenseClassAsyncAPI/ByName/class3""" - 404 null "application/json; charset=utf-8" 21.9584ms (74253ad3)
