2025-07-27T10:11:51.7387888+01:00  [INF] Now listening on: "http://localhost:5045" (d826f4b8)
2025-07-27T10:11:51.8102299+01:00  [INF] Application started. Press Ctrl+C to shut down. (dcaefe54)
2025-07-27T10:11:51.8126281+01:00  [INF] Hosting environment: "Development" (bc5a1a4e)
2025-07-27T10:11:51.8145706+01:00  [INF] Content root path: "S:\14    PFE_DVLD\TheProjectDVLDVersion2.0.0\BackEnd-ServerSide\DVLD_API" (cc26f24e)
2025-07-27T10:11:53.8519004+01:00 0HNECTMG0JEKT:00000001 [INF] Request starting "HTTP/1.1" "GET" "http"://"localhost:5045""""/swagger""" - null null (d509f86a)
2025-07-27T10:11:54.0295277+01:00 0HNECTMG0JEKT:00000001 [INF] Request finished "HTTP/1.1" "GET" "http"://"localhost:5045""""/swagger""" - 301 0 null 183.1907ms (74253ad3)
2025-07-27T10:11:54.0365428+01:00 0HNECTMG0JEKT:00000002 [INF] Request starting "HTTP/1.1" "GET" "http"://"localhost:5045""""/swagger/index.html""" - null null (d509f86a)
2025-07-27T10:11:54.0884847+01:00 0HNECTMG0JEKT:00000002 [INF] Request finished "HTTP/1.1" "GET" "http"://"localhost:5045""""/swagger/index.html""" - 200 null "text/html;charset=utf-8" 52.0041ms (74253ad3)
2025-07-27T10:11:54.1495373+01:00 0HNECTMG0JEKT:00000003 [INF] Request starting "HTTP/1.1" "GET" "http"://"localhost:5045""""/_framework/aspnetcore-browser-refresh.js""" - null null (d509f86a)
2025-07-27T10:11:54.1513304+01:00 0HNECTMG0JEKT:00000003 [INF] Request finished "HTTP/1.1" "GET" "http"://"localhost:5045""""/_framework/aspnetcore-browser-refresh.js""" - 200 16501 "application/javascript; charset=utf-8" 1.8657ms (74253ad3)
2025-07-27T10:11:54.1565812+01:00 0HNECTMG0JEKT:00000004 [INF] Request starting "HTTP/1.1" "GET" "http"://"localhost:5045""""/_vs/browserLink""" - null null (d509f86a)
2025-07-27T10:11:54.2025616+01:00 0HNECTMG0JEKT:00000004 [INF] Request finished "HTTP/1.1" "GET" "http"://"localhost:5045""""/_vs/browserLink""" - 200 null "text/javascript; charset=UTF-8" 46.0043ms (74253ad3)
2025-07-27T10:11:54.2863553+01:00 0HNECTMG0JEKT:00000005 [INF] Request starting "HTTP/1.1" "GET" "http"://"localhost:5045""""/swagger/v1/swagger.json""" - null null (d509f86a)
2025-07-27T10:11:54.4049267+01:00 0HNECTMG0JEKT:00000005 [INF] Request finished "HTTP/1.1" "GET" "http"://"localhost:5045""""/swagger/v1/swagger.json""" - 200 null "application/json;charset=utf-8" 118.6218ms (74253ad3)
2025-07-27T10:29:04.4218371+01:00 0HNECTMG0JEKU:00000001 [INF] Request starting "HTTP/1.1" "GET" "http"://"localhost:5045""""/api/UsersAPi/GetUserInfoByUsernameAndPassword/amine aharkte/123""" - null null (d509f86a)
2025-07-27T10:29:04.4408626+01:00 0HNECTMG0JEKU:00000001 [WRN] Failed to determine the https port for redirect. (ca76cc21)
2025-07-27T10:29:04.4439547+01:00 0HNECTMG0JEKU:00000001 [INF] Executing endpoint '"DVLD_API.Controllers.UsersAPIController.GetUserInfoByUsernameAndPassword (DVLD_API)"' (500cc934)
2025-07-27T10:29:04.4619628+01:00 0HNECTMG0JEKU:00000001 [INF] Route matched with "{action = \"GetUserInfoByUsernameAndPassword\", controller = \"UsersAPI\"}". Executing controller action with signature "Microsoft.AspNetCore.Mvc.ActionResult`1[DVLD_SharedModels.clsUserDTO] GetUserInfoByUsernameAndPassword(System.String, System.String)" on controller "DVLD_API.Controllers.UsersAPIController" ("DVLD_API"). (122b2fdf)
2025-07-27T10:29:05.3665065+01:00 0HNECTMG0JEKU:00000001 [INF] Executing "OkObjectResult", writing value of type '"DVLD_SharedModels.clsUserDTO"'. (605b4265)
2025-07-27T10:29:05.3728304+01:00 0HNECTMG0JEKU:00000001 [INF] Executed action "DVLD_API.Controllers.UsersAPIController.GetUserInfoByUsernameAndPassword (DVLD_API)" in 908.4495ms (afa2e885)
2025-07-27T10:29:05.3729019+01:00 0HNECTMG0JEKU:00000001 [INF] Executed endpoint '"DVLD_API.Controllers.UsersAPIController.GetUserInfoByUsernameAndPassword (DVLD_API)"' (99874f2b)
2025-07-27T10:29:05.3729871+01:00 0HNECTMG0JEKU:00000001 [INF] Request finished "HTTP/1.1" "GET" "http"://"localhost:5045""""/api/UsersAPi/GetUserInfoByUsernameAndPassword/amine aharkte/123""" - 200 null "application/json; charset=utf-8" 951.5976ms (74253ad3)
2025-07-27T22:35:37.4658950+01:00  [INF] Now listening on: "http://localhost:5045" (d826f4b8)
2025-07-27T22:35:37.6448009+01:00  [INF] Application started. Press Ctrl+C to shut down. (dcaefe54)
2025-07-27T22:35:37.6471340+01:00  [INF] Hosting environment: "Development" (bc5a1a4e)
2025-07-27T22:35:37.6491604+01:00  [INF] Content root path: "S:\14    PFE_DVLD\TheProjectDVLDVersion2.0.0\BackEnd-ServerSide\DVLD_API" (cc26f24e)
2025-07-27T22:35:39.1660151+01:00 0HNEDAM3DJQB4:00000001 [INF] Request starting "HTTP/1.1" "GET" "http"://"localhost:5045""""/swagger""" - null null (d509f86a)
2025-07-27T22:35:39.3371573+01:00 0HNEDAM3DJQB4:00000001 [INF] Request finished "HTTP/1.1" "GET" "http"://"localhost:5045""""/swagger""" - 301 0 null 175.4907ms (74253ad3)
2025-07-27T22:35:39.3575317+01:00 0HNEDAM3DJQB4:00000002 [INF] Request starting "HTTP/1.1" "GET" "http"://"localhost:5045""""/swagger/index.html""" - null null (d509f86a)
2025-07-27T22:35:39.4078846+01:00 0HNEDAM3DJQB4:00000002 [INF] Request finished "HTTP/1.1" "GET" "http"://"localhost:5045""""/swagger/index.html""" - 200 null "text/html;charset=utf-8" 50.4433ms (74253ad3)
2025-07-27T22:35:39.4791656+01:00 0HNEDAM3DJQB4:00000003 [INF] Request starting "HTTP/1.1" "GET" "http"://"localhost:5045""""/_framework/aspnetcore-browser-refresh.js""" - null null (d509f86a)
2025-07-27T22:35:39.4806865+01:00 0HNEDAM3DJQB4:00000003 [INF] Request finished "HTTP/1.1" "GET" "http"://"localhost:5045""""/_framework/aspnetcore-browser-refresh.js""" - 200 16501 "application/javascript; charset=utf-8" 1.5645ms (74253ad3)
2025-07-27T22:35:39.4889696+01:00 0HNEDAM3DJQB4:00000004 [INF] Request starting "HTTP/1.1" "GET" "http"://"localhost:5045""""/_vs/browserLink""" - null null (d509f86a)
2025-07-27T22:35:39.5282495+01:00 0HNEDAM3DJQB4:00000004 [INF] Request finished "HTTP/1.1" "GET" "http"://"localhost:5045""""/_vs/browserLink""" - 200 null "text/javascript; charset=UTF-8" 39.3009ms (74253ad3)
2025-07-27T22:35:39.6538230+01:00 0HNEDAM3DJQB4:00000005 [INF] Request starting "HTTP/1.1" "GET" "http"://"localhost:5045""""/swagger/v1/swagger.json""" - null null (d509f86a)
2025-07-27T22:35:39.7591015+01:00 0HNEDAM3DJQB4:00000005 [INF] Request finished "HTTP/1.1" "GET" "http"://"localhost:5045""""/swagger/v1/swagger.json""" - 200 null "application/json;charset=utf-8" 105.349ms (74253ad3)
2025-07-27T23:01:02.6049182+01:00 0HNEDAM3DJQB5:00000001 [INF] Request starting "HTTP/1.1" "GET" "http"://"localhost:5045""""/api/UsersAPi/GetUserInfoByUsernameAndPassword/amine aharkte/123""" - null null (d509f86a)
2025-07-27T23:01:02.6243960+01:00 0HNEDAM3DJQB5:00000001 [WRN] Failed to determine the https port for redirect. (ca76cc21)
2025-07-27T23:01:02.6276314+01:00 0HNEDAM3DJQB5:00000001 [INF] Executing endpoint '"DVLD_API.Controllers.UsersAPIController.GetUserInfoByUsernameAndPassword (DVLD_API)"' (500cc934)
2025-07-27T23:01:02.6443169+01:00 0HNEDAM3DJQB5:00000001 [INF] Route matched with "{action = \"GetUserInfoByUsernameAndPassword\", controller = \"UsersAPI\"}". Executing controller action with signature "Microsoft.AspNetCore.Mvc.ActionResult`1[DVLD_SharedModels.clsUserDTO] GetUserInfoByUsernameAndPassword(System.String, System.String)" on controller "DVLD_API.Controllers.UsersAPIController" ("DVLD_API"). (122b2fdf)
2025-07-27T23:01:03.5381494+01:00 0HNEDAM3DJQB5:00000001 [INF] Executing "OkObjectResult", writing value of type '"DVLD_SharedModels.clsUserDTO"'. (605b4265)
2025-07-27T23:01:03.5441667+01:00 0HNEDAM3DJQB5:00000001 [INF] Executed action "DVLD_API.Controllers.UsersAPIController.GetUserInfoByUsernameAndPassword (DVLD_API)" in 897.6395ms (afa2e885)
2025-07-27T23:01:03.5442388+01:00 0HNEDAM3DJQB5:00000001 [INF] Executed endpoint '"DVLD_API.Controllers.UsersAPIController.GetUserInfoByUsernameAndPassword (DVLD_API)"' (99874f2b)
2025-07-27T23:01:03.5443258+01:00 0HNEDAM3DJQB5:00000001 [INF] Request finished "HTTP/1.1" "GET" "http"://"localhost:5045""""/api/UsersAPi/GetUserInfoByUsernameAndPassword/amine aharkte/123""" - 200 null "application/json; charset=utf-8" 939.8037ms (74253ad3)
2025-07-27T23:01:07.5682779+01:00 0HNEDAM3DJQB6:00000001 [INF] Request starting "HTTP/1.1" "GET" "http"://"localhost:5045""""/api/LocalDrivingLicenseApplicationAPI/GetAllLocalDrivingLicenseApplicationsAsync""" - null null (d509f86a)
2025-07-27T23:01:07.5701825+01:00 0HNEDAM3DJQB6:00000001 [INF] Executing endpoint '"DVLD_API.Controllers.LocalDrivingLicenseApplicationAPIController.GetAllLocalDrivingLicenseApplicationsAsync (DVLD_API)"' (500cc934)
2025-07-27T23:01:07.5745894+01:00 0HNEDAM3DJQB6:00000001 [INF] Route matched with "{action = \"GetAllLocalDrivingLicenseApplications\", controller = \"LocalDrivingLicenseApplicationAPI\"}". Executing controller action with signature "System.Threading.Tasks.Task`1[Microsoft.AspNetCore.Mvc.ActionResult`1[System.Collections.Generic.IEnumerable`1[DVLD_SharedModels.clsLocalDrivingLicenseApplications_ViewDTO]]] GetAllLocalDrivingLicenseApplicationsAsync(System.Threading.CancellationToken)" on controller "DVLD_API.Controllers.LocalDrivingLicenseApplicationAPIController" ("DVLD_API"). (122b2fdf)
2025-07-27T23:01:07.6320930+01:00 0HNEDAM3DJQB6:00000001 [INF] Executing "OkObjectResult", writing value of type '"System.Collections.Generic.List`1[[DVLD_SharedModels.clsLocalDrivingLicenseApplications_ViewDTO, DVLD_SharedModels, Version=1.0.0.0, Culture=neutral, PublicKeyToken=null]]"'. (605b4265)
2025-07-27T23:01:07.6376267+01:00 0HNEDAM3DJQB6:00000001 [INF] Executed action "DVLD_API.Controllers.LocalDrivingLicenseApplicationAPIController.GetAllLocalDrivingLicenseApplicationsAsync (DVLD_API)" in 62.9533ms (afa2e885)
2025-07-27T23:01:07.6378686+01:00 0HNEDAM3DJQB6:00000001 [INF] Executed endpoint '"DVLD_API.Controllers.LocalDrivingLicenseApplicationAPIController.GetAllLocalDrivingLicenseApplicationsAsync (DVLD_API)"' (99874f2b)
2025-07-27T23:01:07.6388717+01:00 0HNEDAM3DJQB6:00000001 [INF] Request finished "HTTP/1.1" "GET" "http"://"localhost:5045""""/api/LocalDrivingLicenseApplicationAPI/GetAllLocalDrivingLicenseApplicationsAsync""" - 200 null "application/json; charset=utf-8" 70.6331ms (74253ad3)
2025-07-27T23:01:10.5710462+01:00 0HNEDAM3DJQB6:00000002 [INF] Request starting "HTTP/1.1" "GET" "http"://"localhost:5045""""/api/LocalDrivingLicenseApplicationAPI/TryGetLocalDrivingLicenseApplicationByIDAsync/1050""" - null null (d509f86a)
2025-07-27T23:01:10.5740781+01:00 0HNEDAM3DJQB6:00000002 [INF] Executing endpoint '"DVLD_API.Controllers.LocalDrivingLicenseApplicationAPIController.TryGetLocalDrivingLicenseApplicationByIDAsync (DVLD_API)"' (500cc934)
2025-07-27T23:01:10.5772082+01:00 0HNEDAM3DJQB6:00000002 [INF] Route matched with "{action = \"TryGetLocalDrivingLicenseApplicationByID\", controller = \"LocalDrivingLicenseApplicationAPI\"}". Executing controller action with signature "System.Threading.Tasks.Task`1[Microsoft.AspNetCore.Mvc.ActionResult`1[DVLD_SharedModels.clsLocalDrivingLicenseApplicationDTO]] TryGetLocalDrivingLicenseApplicationByIDAsync(Int32)" on controller "DVLD_API.Controllers.LocalDrivingLicenseApplicationAPIController" ("DVLD_API"). (122b2fdf)
2025-07-27T23:01:10.5841902+01:00 0HNEDAM3DJQB6:00000002 [INF] Executing "OkObjectResult", writing value of type '"DVLD_SharedModels.clsLocalDrivingLicenseApplicationDTO"'. (605b4265)
2025-07-27T23:01:10.5862429+01:00 0HNEDAM3DJQB6:00000002 [INF] Executed action "DVLD_API.Controllers.LocalDrivingLicenseApplicationAPIController.TryGetLocalDrivingLicenseApplicationByIDAsync (DVLD_API)" in 8.9619ms (afa2e885)
2025-07-27T23:01:10.5863040+01:00 0HNEDAM3DJQB6:00000002 [INF] Executed endpoint '"DVLD_API.Controllers.LocalDrivingLicenseApplicationAPIController.TryGetLocalDrivingLicenseApplicationByIDAsync (DVLD_API)"' (99874f2b)
2025-07-27T23:01:10.5864007+01:00 0HNEDAM3DJQB6:00000002 [INF] Request finished "HTTP/1.1" "GET" "http"://"localhost:5045""""/api/LocalDrivingLicenseApplicationAPI/TryGetLocalDrivingLicenseApplicationByIDAsync/1050""" - 200 null "application/json; charset=utf-8" 15.4208ms (74253ad3)
2025-07-27T23:01:10.5986912+01:00 0HNEDAM3DJQB7:00000001 [INF] Request starting "HTTP/1.1" "GET" "http"://"localhost:5045""""/api/applicationsAsync/GetApplicationByIDAsync/1141""" - null null (d509f86a)
2025-07-27T23:01:10.5992273+01:00 0HNEDAM3DJQB7:00000001 [INF] Executing endpoint '"DVLD_API.Controllers.ApplicationAPIController.GetApplicationByIDAsync (DVLD_API)"' (500cc934)
2025-07-27T23:01:10.6024646+01:00 0HNEDAM3DJQB7:00000001 [INF] Route matched with "{action = \"GetApplicationByID\", controller = \"ApplicationAPI\"}". Executing controller action with signature "System.Threading.Tasks.Task`1[Microsoft.AspNetCore.Mvc.ActionResult`1[DVLD_SharedModels.clsApplicationDTO]] GetApplicationByIDAsync(Int32)" on controller "DVLD_API.Controllers.ApplicationAPIController" ("DVLD_API"). (122b2fdf)
2025-07-27T23:01:10.6057257+01:00 0HNEDAM3DJQB7:00000001 [INF] Retrieving application 1141 (862552af)
2025-07-27T23:01:10.6099928+01:00 0HNEDAM3DJQB7:00000001 [INF] Executing "OkObjectResult", writing value of type '"DVLD_SharedModels.clsApplicationDTO"'. (605b4265)
2025-07-27T23:01:10.6165610+01:00 0HNEDAM3DJQB7:00000001 [INF] Executed action "DVLD_API.Controllers.ApplicationAPIController.GetApplicationByIDAsync (DVLD_API)" in 14.004ms (afa2e885)
2025-07-27T23:01:10.6166055+01:00 0HNEDAM3DJQB7:00000001 [INF] Executed endpoint '"DVLD_API.Controllers.ApplicationAPIController.GetApplicationByIDAsync (DVLD_API)"' (99874f2b)
2025-07-27T23:01:10.6167229+01:00 0HNEDAM3DJQB7:00000001 [INF] Request finished "HTTP/1.1" "GET" "http"://"localhost:5045""""/api/applicationsAsync/GetApplicationByIDAsync/1141""" - 200 null "application/json; charset=utf-8" 18.0817ms (74253ad3)
2025-07-27T23:01:10.6329803+01:00 0HNEDAM3DJQB8:00000001 [INF] Request starting "HTTP/1.1" "GET" "http"://"localhost:5045""""/api/LicenseAPI/GetActiveLicenseID/1141/3""" - null null (d509f86a)
2025-07-27T23:01:10.6332659+01:00 0HNEDAM3DJQB8:00000001 [INF] Executing endpoint '"DVLD_API.Controllers.LicenseAPIController.GetActiveLicenseID (DVLD_API)"' (500cc934)
2025-07-27T23:01:10.6357134+01:00 0HNEDAM3DJQB8:00000001 [INF] Route matched with "{action = \"GetActiveLicenseID\", controller = \"LicenseAPI\"}". Executing controller action with signature "System.Threading.Tasks.Task`1[Microsoft.AspNetCore.Mvc.IActionResult] GetActiveLicenseID(Int32, Int32)" on controller "DVLD_API.Controllers.LicenseAPIController" ("DVLD_API"). (122b2fdf)
2025-07-27T23:01:10.6458994+01:00 0HNEDAM3DJQB8:00000001 [INF] Executing "ObjectResult", writing value of type '"Microsoft.AspNetCore.Mvc.ProblemDetails"'. (605b4265)
2025-07-27T23:01:10.6528063+01:00 0HNEDAM3DJQB8:00000001 [INF] Executed action "DVLD_API.Controllers.LicenseAPIController.GetActiveLicenseID (DVLD_API)" in 17.0501ms (afa2e885)
2025-07-27T23:01:10.6528468+01:00 0HNEDAM3DJQB8:00000001 [INF] Executed endpoint '"DVLD_API.Controllers.LicenseAPIController.GetActiveLicenseID (DVLD_API)"' (99874f2b)
2025-07-27T23:01:10.6529336+01:00 0HNEDAM3DJQB8:00000001 [INF] Request finished "HTTP/1.1" "GET" "http"://"localhost:5045""""/api/LicenseAPI/GetActiveLicenseID/1141/3""" - 404 null "application/problem+json; charset=utf-8" 19.9973ms (74253ad3)
2025-07-27T23:01:10.6614640+01:00 0HNEDAM3DJQB9:00000001 [INF] Request starting "HTTP/1.1" "GET" "http"://"localhost:5045""""/api/LicenseClassAsyncAPI/GetLicenseClassById/3""" - null null (d509f86a)
2025-07-27T23:01:10.6617029+01:00 0HNEDAM3DJQB9:00000001 [INF] Executing endpoint '"DVLD_API.Controllers.LicenseClassAsyncAPIController.GetLicenseClassById (DVLD_API)"' (500cc934)
2025-07-27T23:01:10.6638175+01:00 0HNEDAM3DJQB9:00000001 [INF] Route matched with "{action = \"GetLicenseClassById\", controller = \"LicenseClassAsyncAPI\"}". Executing controller action with signature "System.Threading.Tasks.Task`1[Microsoft.AspNetCore.Mvc.IActionResult] GetLicenseClassById(Int32)" on controller "DVLD_API.Controllers.LicenseClassAsyncAPIController" ("DVLD_API"). (122b2fdf)
2025-07-27T23:01:10.6681190+01:00 0HNEDAM3DJQB9:00000001 [INF] Executing "OkObjectResult", writing value of type '"DVLD_SharedModels.clsLicenseClassDTO"'. (605b4265)
2025-07-27T23:01:10.6692522+01:00 0HNEDAM3DJQB9:00000001 [INF] Executed action "DVLD_API.Controllers.LicenseClassAsyncAPIController.GetLicenseClassById (DVLD_API)" in 5.4087ms (afa2e885)
2025-07-27T23:01:10.6692768+01:00 0HNEDAM3DJQB9:00000001 [INF] Executed endpoint '"DVLD_API.Controllers.LicenseClassAsyncAPIController.GetLicenseClassById (DVLD_API)"' (99874f2b)
2025-07-27T23:01:10.6693413+01:00 0HNEDAM3DJQB9:00000001 [INF] Request finished "HTTP/1.1" "GET" "http"://"localhost:5045""""/api/LicenseClassAsyncAPI/GetLicenseClassById/3""" - 200 null "application/json; charset=utf-8" 7.9128ms (74253ad3)
2025-07-27T23:01:10.6770431+01:00 0HNEDAM3DJQBA:00000001 [INF] Request starting "HTTP/1.1" "GET" "http"://"localhost:5045""""/api/LocalDrivingLicenseApplicationAPI/GetPassedTestCountAsync/1050""" - null null (d509f86a)
2025-07-27T23:01:10.6774013+01:00 0HNEDAM3DJQBA:00000001 [INF] Request finished "HTTP/1.1" "GET" "http"://"localhost:5045""""/api/LocalDrivingLicenseApplicationAPI/GetPassedTestCountAsync/1050""" - 404 0 null 0.3665ms (74253ad3)
2025-07-27T23:01:10.6780809+01:00 0HNEDAM3DJQBA:00000001 [INF] Request reached the end of the middleware pipeline without being handled by application code. Request path: "GET" "http"://"localhost:5045""""/api/LocalDrivingLicenseApplicationAPI/GetPassedTestCountAsync/1050", Response status code: 404 (e353595a)
2025-07-27T23:01:10.6844170+01:00 0HNEDAM3DJQBB:00000001 [INF] Request starting "HTTP/1.1" "GET" "http"://"localhost:5045""""/api/PersonAPI/GetPersonByID/2073""" - null null (d509f86a)
2025-07-27T23:01:10.6846839+01:00 0HNEDAM3DJQBB:00000001 [INF] Executing endpoint '"DVLD_API.Controllers.PersonAPIController.GetPersonByID (DVLD_API)"' (500cc934)
2025-07-27T23:01:10.6854269+01:00 0HNEDAM3DJQBB:00000001 [INF] Route matched with "{action = \"GetPersonByID\", controller = \"PersonAPI\"}". Executing controller action with signature "Microsoft.AspNetCore.Mvc.ActionResult`1[DVLD_SharedModels.clsPersonDTO] GetPersonByID(Int32)" on controller "DVLD_API.Controllers.PersonAPIController" ("DVLD_API"). (122b2fdf)
2025-07-27T23:01:10.6890431+01:00 0HNEDAM3DJQBB:00000001 [INF] Executing "OkObjectResult", writing value of type '"DVLD_SharedModels.clsPersonDTO"'. (605b4265)
2025-07-27T23:01:10.6913650+01:00 0HNEDAM3DJQBB:00000001 [INF] Executed action "DVLD_API.Controllers.PersonAPIController.GetPersonByID (DVLD_API)" in 5.9092ms (afa2e885)
2025-07-27T23:01:10.6913927+01:00 0HNEDAM3DJQBB:00000001 [INF] Executed endpoint '"DVLD_API.Controllers.PersonAPIController.GetPersonByID (DVLD_API)"' (99874f2b)
2025-07-27T23:01:10.6914998+01:00 0HNEDAM3DJQBB:00000001 [INF] Request finished "HTTP/1.1" "GET" "http"://"localhost:5045""""/api/PersonAPI/GetPersonByID/2073""" - 200 null "application/json; charset=utf-8" 7.0962ms (74253ad3)
2025-07-27T23:02:31.3779023+01:00 0HNEDAM3DJQBC:00000001 [INF] Request starting "HTTP/1.1" "GET" "http"://"localhost:5045""""/api/UsersAPi/GetUserInfoByUsernameAndPassword/amine aharkte/123""" - null null (d509f86a)
2025-07-27T23:02:31.3797451+01:00 0HNEDAM3DJQBC:00000001 [INF] Executing endpoint '"DVLD_API.Controllers.UsersAPIController.GetUserInfoByUsernameAndPassword (DVLD_API)"' (500cc934)
2025-07-27T23:02:31.3798963+01:00 0HNEDAM3DJQBC:00000001 [INF] Route matched with "{action = \"GetUserInfoByUsernameAndPassword\", controller = \"UsersAPI\"}". Executing controller action with signature "Microsoft.AspNetCore.Mvc.ActionResult`1[DVLD_SharedModels.clsUserDTO] GetUserInfoByUsernameAndPassword(System.String, System.String)" on controller "DVLD_API.Controllers.UsersAPIController" ("DVLD_API"). (122b2fdf)
2025-07-27T23:02:31.3845672+01:00 0HNEDAM3DJQBC:00000001 [INF] Executing "OkObjectResult", writing value of type '"DVLD_SharedModels.clsUserDTO"'. (605b4265)
2025-07-27T23:02:31.3846848+01:00 0HNEDAM3DJQBC:00000001 [INF] Executed action "DVLD_API.Controllers.UsersAPIController.GetUserInfoByUsernameAndPassword (DVLD_API)" in 4.7661ms (afa2e885)
2025-07-27T23:02:31.3847003+01:00 0HNEDAM3DJQBC:00000001 [INF] Executed endpoint '"DVLD_API.Controllers.UsersAPIController.GetUserInfoByUsernameAndPassword (DVLD_API)"' (99874f2b)
2025-07-27T23:02:31.3847455+01:00 0HNEDAM3DJQBC:00000001 [INF] Request finished "HTTP/1.1" "GET" "http"://"localhost:5045""""/api/UsersAPi/GetUserInfoByUsernameAndPassword/amine aharkte/123""" - 200 null "application/json; charset=utf-8" 6.9354ms (74253ad3)
2025-07-27T23:02:35.2935538+01:00 0HNEDAM3DJQBD:00000001 [INF] Request starting "HTTP/1.1" "GET" "http"://"localhost:5045""""/api/LocalDrivingLicenseApplicationAPI/GetAllLocalDrivingLicenseApplicationsAsync""" - null null (d509f86a)
2025-07-27T23:02:35.2943620+01:00 0HNEDAM3DJQBD:00000001 [INF] Executing endpoint '"DVLD_API.Controllers.LocalDrivingLicenseApplicationAPIController.GetAllLocalDrivingLicenseApplicationsAsync (DVLD_API)"' (500cc934)
2025-07-27T23:02:35.2944605+01:00 0HNEDAM3DJQBD:00000001 [INF] Route matched with "{action = \"GetAllLocalDrivingLicenseApplications\", controller = \"LocalDrivingLicenseApplicationAPI\"}". Executing controller action with signature "System.Threading.Tasks.Task`1[Microsoft.AspNetCore.Mvc.ActionResult`1[System.Collections.Generic.IEnumerable`1[DVLD_SharedModels.clsLocalDrivingLicenseApplications_ViewDTO]]] GetAllLocalDrivingLicenseApplicationsAsync(System.Threading.CancellationToken)" on controller "DVLD_API.Controllers.LocalDrivingLicenseApplicationAPIController" ("DVLD_API"). (122b2fdf)
2025-07-27T23:02:35.3164764+01:00 0HNEDAM3DJQBD:00000001 [INF] Executing "OkObjectResult", writing value of type '"System.Collections.Generic.List`1[[DVLD_SharedModels.clsLocalDrivingLicenseApplications_ViewDTO, DVLD_SharedModels, Version=1.0.0.0, Culture=neutral, PublicKeyToken=null]]"'. (605b4265)
2025-07-27T23:02:35.3168043+01:00 0HNEDAM3DJQBD:00000001 [INF] Executed action "DVLD_API.Controllers.LocalDrivingLicenseApplicationAPIController.GetAllLocalDrivingLicenseApplicationsAsync (DVLD_API)" in 22.3141ms (afa2e885)
2025-07-27T23:02:35.3168357+01:00 0HNEDAM3DJQBD:00000001 [INF] Executed endpoint '"DVLD_API.Controllers.LocalDrivingLicenseApplicationAPIController.GetAllLocalDrivingLicenseApplicationsAsync (DVLD_API)"' (99874f2b)
2025-07-27T23:02:35.3169524+01:00 0HNEDAM3DJQBD:00000001 [INF] Request finished "HTTP/1.1" "GET" "http"://"localhost:5045""""/api/LocalDrivingLicenseApplicationAPI/GetAllLocalDrivingLicenseApplicationsAsync""" - 200 null "application/json; charset=utf-8" 23.5318ms (74253ad3)
2025-07-27T23:02:51.2471901+01:00 0HNEDAM3DJQBD:00000002 [INF] Request starting "HTTP/1.1" "GET" "http"://"localhost:5045""""/api/LocalDrivingLicenseApplicationAPI/TryGetLocalDrivingLicenseApplicationByIDAsync/37""" - null null (d509f86a)
2025-07-27T23:02:51.2474214+01:00 0HNEDAM3DJQBD:00000002 [INF] Executing endpoint '"DVLD_API.Controllers.LocalDrivingLicenseApplicationAPIController.TryGetLocalDrivingLicenseApplicationByIDAsync (DVLD_API)"' (500cc934)
2025-07-27T23:02:51.2475015+01:00 0HNEDAM3DJQBD:00000002 [INF] Route matched with "{action = \"TryGetLocalDrivingLicenseApplicationByID\", controller = \"LocalDrivingLicenseApplicationAPI\"}". Executing controller action with signature "System.Threading.Tasks.Task`1[Microsoft.AspNetCore.Mvc.ActionResult`1[DVLD_SharedModels.clsLocalDrivingLicenseApplicationDTO]] TryGetLocalDrivingLicenseApplicationByIDAsync(Int32)" on controller "DVLD_API.Controllers.LocalDrivingLicenseApplicationAPIController" ("DVLD_API"). (122b2fdf)
2025-07-27T23:02:51.2494753+01:00 0HNEDAM3DJQBD:00000002 [INF] Executing "OkObjectResult", writing value of type '"DVLD_SharedModels.clsLocalDrivingLicenseApplicationDTO"'. (605b4265)
2025-07-27T23:02:51.2496768+01:00 0HNEDAM3DJQBD:00000002 [INF] Executed action "DVLD_API.Controllers.LocalDrivingLicenseApplicationAPIController.TryGetLocalDrivingLicenseApplicationByIDAsync (DVLD_API)" in 2.1477ms (afa2e885)
2025-07-27T23:02:51.2497044+01:00 0HNEDAM3DJQBD:00000002 [INF] Executed endpoint '"DVLD_API.Controllers.LocalDrivingLicenseApplicationAPIController.TryGetLocalDrivingLicenseApplicationByIDAsync (DVLD_API)"' (99874f2b)
2025-07-27T23:02:51.2498044+01:00 0HNEDAM3DJQBD:00000002 [INF] Request finished "HTTP/1.1" "GET" "http"://"localhost:5045""""/api/LocalDrivingLicenseApplicationAPI/TryGetLocalDrivingLicenseApplicationByIDAsync/37""" - 200 null "application/json; charset=utf-8" 2.6732ms (74253ad3)
2025-07-27T23:03:12.5007898+01:00 0HNEDAM3DJQBE:00000001 [INF] Request starting "HTTP/1.1" "GET" "http"://"localhost:5045""""/api/UsersAPi/GetUserInfoByUsernameAndPassword/amine aharkte/123""" - null null (d509f86a)
2025-07-27T23:03:12.5009731+01:00 0HNEDAM3DJQBE:00000001 [INF] Executing endpoint '"DVLD_API.Controllers.UsersAPIController.GetUserInfoByUsernameAndPassword (DVLD_API)"' (500cc934)
2025-07-27T23:03:12.5010443+01:00 0HNEDAM3DJQBE:00000001 [INF] Route matched with "{action = \"GetUserInfoByUsernameAndPassword\", controller = \"UsersAPI\"}". Executing controller action with signature "Microsoft.AspNetCore.Mvc.ActionResult`1[DVLD_SharedModels.clsUserDTO] GetUserInfoByUsernameAndPassword(System.String, System.String)" on controller "DVLD_API.Controllers.UsersAPIController" ("DVLD_API"). (122b2fdf)
2025-07-27T23:03:12.5055552+01:00 0HNEDAM3DJQBE:00000001 [INF] Executing "OkObjectResult", writing value of type '"DVLD_SharedModels.clsUserDTO"'. (605b4265)
2025-07-27T23:03:12.5056608+01:00 0HNEDAM3DJQBE:00000001 [INF] Executed action "DVLD_API.Controllers.UsersAPIController.GetUserInfoByUsernameAndPassword (DVLD_API)" in 4.5897ms (afa2e885)
2025-07-27T23:03:12.5056748+01:00 0HNEDAM3DJQBE:00000001 [INF] Executed endpoint '"DVLD_API.Controllers.UsersAPIController.GetUserInfoByUsernameAndPassword (DVLD_API)"' (99874f2b)
2025-07-27T23:03:12.5057568+01:00 0HNEDAM3DJQBE:00000001 [INF] Request finished "HTTP/1.1" "GET" "http"://"localhost:5045""""/api/UsersAPi/GetUserInfoByUsernameAndPassword/amine aharkte/123""" - 200 null "application/json; charset=utf-8" 4.986ms (74253ad3)
2025-07-27T23:03:16.1715493+01:00 0HNEDAM3DJQBF:00000001 [INF] Request starting "HTTP/1.1" "GET" "http"://"localhost:5045""""/api/LocalDrivingLicenseApplicationAPI/GetAllLocalDrivingLicenseApplicationsAsync""" - null null (d509f86a)
2025-07-27T23:03:16.1717391+01:00 0HNEDAM3DJQBF:00000001 [INF] Executing endpoint '"DVLD_API.Controllers.LocalDrivingLicenseApplicationAPIController.GetAllLocalDrivingLicenseApplicationsAsync (DVLD_API)"' (500cc934)
2025-07-27T23:03:16.1718336+01:00 0HNEDAM3DJQBF:00000001 [INF] Route matched with "{action = \"GetAllLocalDrivingLicenseApplications\", controller = \"LocalDrivingLicenseApplicationAPI\"}". Executing controller action with signature "System.Threading.Tasks.Task`1[Microsoft.AspNetCore.Mvc.ActionResult`1[System.Collections.Generic.IEnumerable`1[DVLD_SharedModels.clsLocalDrivingLicenseApplications_ViewDTO]]] GetAllLocalDrivingLicenseApplicationsAsync(System.Threading.CancellationToken)" on controller "DVLD_API.Controllers.LocalDrivingLicenseApplicationAPIController" ("DVLD_API"). (122b2fdf)
2025-07-27T23:03:16.1869682+01:00 0HNEDAM3DJQBF:00000001 [INF] Executing "OkObjectResult", writing value of type '"System.Collections.Generic.List`1[[DVLD_SharedModels.clsLocalDrivingLicenseApplications_ViewDTO, DVLD_SharedModels, Version=1.0.0.0, Culture=neutral, PublicKeyToken=null]]"'. (605b4265)
2025-07-27T23:03:16.1872136+01:00 0HNEDAM3DJQBF:00000001 [INF] Executed action "DVLD_API.Controllers.LocalDrivingLicenseApplicationAPIController.GetAllLocalDrivingLicenseApplicationsAsync (DVLD_API)" in 15.3572ms (afa2e885)
2025-07-27T23:03:16.1872425+01:00 0HNEDAM3DJQBF:00000001 [INF] Executed endpoint '"DVLD_API.Controllers.LocalDrivingLicenseApplicationAPIController.GetAllLocalDrivingLicenseApplicationsAsync (DVLD_API)"' (99874f2b)
2025-07-27T23:03:16.1873308+01:00 0HNEDAM3DJQBF:00000001 [INF] Request finished "HTTP/1.1" "GET" "http"://"localhost:5045""""/api/LocalDrivingLicenseApplicationAPI/GetAllLocalDrivingLicenseApplicationsAsync""" - 200 null "application/json; charset=utf-8" 15.855ms (74253ad3)
2025-07-27T23:03:28.9914024+01:00 0HNEDAM3DJQBF:00000002 [INF] Request starting "HTTP/1.1" "GET" "http"://"localhost:5045""""/api/LocalDrivingLicenseApplicationAPI/TryGetLocalDrivingLicenseApplicationByIDAsync/2051""" - null null (d509f86a)
2025-07-27T23:03:28.9916349+01:00 0HNEDAM3DJQBF:00000002 [INF] Executing endpoint '"DVLD_API.Controllers.LocalDrivingLicenseApplicationAPIController.TryGetLocalDrivingLicenseApplicationByIDAsync (DVLD_API)"' (500cc934)
2025-07-27T23:03:28.9917076+01:00 0HNEDAM3DJQBF:00000002 [INF] Route matched with "{action = \"TryGetLocalDrivingLicenseApplicationByID\", controller = \"LocalDrivingLicenseApplicationAPI\"}". Executing controller action with signature "System.Threading.Tasks.Task`1[Microsoft.AspNetCore.Mvc.ActionResult`1[DVLD_SharedModels.clsLocalDrivingLicenseApplicationDTO]] TryGetLocalDrivingLicenseApplicationByIDAsync(Int32)" on controller "DVLD_API.Controllers.LocalDrivingLicenseApplicationAPIController" ("DVLD_API"). (122b2fdf)
2025-07-27T23:03:28.9936384+01:00 0HNEDAM3DJQBF:00000002 [INF] Executing "OkObjectResult", writing value of type '"DVLD_SharedModels.clsLocalDrivingLicenseApplicationDTO"'. (605b4265)
2025-07-27T23:03:28.9937474+01:00 0HNEDAM3DJQBF:00000002 [INF] Executed action "DVLD_API.Controllers.LocalDrivingLicenseApplicationAPIController.TryGetLocalDrivingLicenseApplicationByIDAsync (DVLD_API)" in 2.0115ms (afa2e885)
2025-07-27T23:03:28.9937708+01:00 0HNEDAM3DJQBF:00000002 [INF] Executed endpoint '"DVLD_API.Controllers.LocalDrivingLicenseApplicationAPIController.TryGetLocalDrivingLicenseApplicationByIDAsync (DVLD_API)"' (99874f2b)
2025-07-27T23:03:28.9938447+01:00 0HNEDAM3DJQBF:00000002 [INF] Request finished "HTTP/1.1" "GET" "http"://"localhost:5045""""/api/LocalDrivingLicenseApplicationAPI/TryGetLocalDrivingLicenseApplicationByIDAsync/2051""" - 200 null "application/json; charset=utf-8" 2.6186ms (74253ad3)
2025-07-27T23:03:29.0011550+01:00 0HNEDAM3DJQBG:00000001 [INF] Request starting "HTTP/1.1" "GET" "http"://"localhost:5045""""/api/TestAppointmentAPI/GetTestAppointmentsByApplicationAndType/2051/6""" - null null (d509f86a)
2025-07-27T23:03:29.0016020+01:00 0HNEDAM3DJQBG:00000001 [INF] Executing endpoint '"DVLD_API.Controllers.TestAppointmentAPIController.GetTestAppointmentsByApplicationAndType (DVLD_API)"' (500cc934)
2025-07-27T23:03:29.0044753+01:00 0HNEDAM3DJQBG:00000001 [INF] Route matched with "{action = \"GetTestAppointmentsByApplicationAndType\", controller = \"TestAppointmentAPI\"}". Executing controller action with signature "System.Threading.Tasks.Task`1[Microsoft.AspNetCore.Mvc.IActionResult] GetTestAppointmentsByApplicationAndType(Int32, Int32)" on controller "DVLD_API.Controllers.TestAppointmentAPIController" ("DVLD_API"). (122b2fdf)
2025-07-27T23:03:29.0103085+01:00 0HNEDAM3DJQBG:00000001 [INF] Executing "OkObjectResult", writing value of type '"System.Collections.Generic.List`1[[DVLD_SharedModels.clsTestAppointmentDTO, DVLD_SharedModels, Version=1.0.0.0, Culture=neutral, PublicKeyToken=null]]"'. (605b4265)
2025-07-27T23:03:29.0132702+01:00 0HNEDAM3DJQBG:00000001 [INF] Executed action "DVLD_API.Controllers.TestAppointmentAPIController.GetTestAppointmentsByApplicationAndType (DVLD_API)" in 8.7603ms (afa2e885)
2025-07-27T23:03:29.0132995+01:00 0HNEDAM3DJQBG:00000001 [INF] Executed endpoint '"DVLD_API.Controllers.TestAppointmentAPIController.GetTestAppointmentsByApplicationAndType (DVLD_API)"' (99874f2b)
2025-07-27T23:03:29.0133998+01:00 0HNEDAM3DJQBG:00000001 [INF] Request finished "HTTP/1.1" "GET" "http"://"localhost:5045""""/api/TestAppointmentAPI/GetTestAppointmentsByApplicationAndType/2051/6""" - 200 null "application/json; charset=utf-8" 12.2954ms (74253ad3)
2025-07-27T23:03:29.0250689+01:00 0HNEDAM3DJQBH:00000001 [INF] Request starting "HTTP/1.1" "GET" "http"://"localhost:5045""""/api/applicationsAsync/GetApplicationByIDAsync/2142""" - null null (d509f86a)
2025-07-27T23:03:29.0280965+01:00 0HNEDAM3DJQBH:00000001 [INF] Executing endpoint '"DVLD_API.Controllers.ApplicationAPIController.GetApplicationByIDAsync (DVLD_API)"' (500cc934)
2025-07-27T23:03:29.0281833+01:00 0HNEDAM3DJQBH:00000001 [INF] Route matched with "{action = \"GetApplicationByID\", controller = \"ApplicationAPI\"}". Executing controller action with signature "System.Threading.Tasks.Task`1[Microsoft.AspNetCore.Mvc.ActionResult`1[DVLD_SharedModels.clsApplicationDTO]] GetApplicationByIDAsync(Int32)" on controller "DVLD_API.Controllers.ApplicationAPIController" ("DVLD_API"). (122b2fdf)
2025-07-27T23:03:29.0302432+01:00 0HNEDAM3DJQBH:00000001 [INF] Retrieving application 2142 (862552af)
2025-07-27T23:03:29.0327919+01:00 0HNEDAM3DJQBH:00000001 [INF] Executing "OkObjectResult", writing value of type '"DVLD_SharedModels.clsApplicationDTO"'. (605b4265)
2025-07-27T23:03:29.0329411+01:00 0HNEDAM3DJQBH:00000001 [INF] Executed action "DVLD_API.Controllers.ApplicationAPIController.GetApplicationByIDAsync (DVLD_API)" in 4.7388ms (afa2e885)
2025-07-27T23:03:29.0329710+01:00 0HNEDAM3DJQBH:00000001 [INF] Executed endpoint '"DVLD_API.Controllers.ApplicationAPIController.GetApplicationByIDAsync (DVLD_API)"' (99874f2b)
2025-07-27T23:03:29.0330473+01:00 0HNEDAM3DJQBH:00000001 [INF] Request finished "HTTP/1.1" "GET" "http"://"localhost:5045""""/api/applicationsAsync/GetApplicationByIDAsync/2142""" - 200 null "application/json; charset=utf-8" 8.011ms (74253ad3)
2025-07-27T23:03:29.0575615+01:00 0HNEDAM3DJQBI:00000001 [INF] Request starting "HTTP/1.1" "GET" "http"://"localhost:5045""""/api/LicenseAPI/GetActiveLicenseID/2142/3""" - null null (d509f86a)
2025-07-27T23:03:29.0587832+01:00 0HNEDAM3DJQBI:00000001 [INF] Executing endpoint '"DVLD_API.Controllers.LicenseAPIController.GetActiveLicenseID (DVLD_API)"' (500cc934)
2025-07-27T23:03:29.0588539+01:00 0HNEDAM3DJQBI:00000001 [INF] Route matched with "{action = \"GetActiveLicenseID\", controller = \"LicenseAPI\"}". Executing controller action with signature "System.Threading.Tasks.Task`1[Microsoft.AspNetCore.Mvc.IActionResult] GetActiveLicenseID(Int32, Int32)" on controller "DVLD_API.Controllers.LicenseAPIController" ("DVLD_API"). (122b2fdf)
2025-07-27T23:03:29.0636571+01:00 0HNEDAM3DJQBI:00000001 [INF] Executing "ObjectResult", writing value of type '"Microsoft.AspNetCore.Mvc.ProblemDetails"'. (605b4265)
2025-07-27T23:03:29.0638167+01:00 0HNEDAM3DJQBI:00000001 [INF] Executed action "DVLD_API.Controllers.LicenseAPIController.GetActiveLicenseID (DVLD_API)" in 4.9437ms (afa2e885)
2025-07-27T23:03:29.0638379+01:00 0HNEDAM3DJQBI:00000001 [INF] Executed endpoint '"DVLD_API.Controllers.LicenseAPIController.GetActiveLicenseID (DVLD_API)"' (99874f2b)
2025-07-27T23:03:29.0639175+01:00 0HNEDAM3DJQBI:00000001 [INF] Request finished "HTTP/1.1" "GET" "http"://"localhost:5045""""/api/LicenseAPI/GetActiveLicenseID/2142/3""" - 404 null "application/problem+json; charset=utf-8" 6.3904ms (74253ad3)
2025-07-27T23:03:29.0795864+01:00 0HNEDAM3DJQBJ:00000001 [INF] Request starting "HTTP/1.1" "GET" "http"://"localhost:5045""""/api/LicenseClassAsyncAPI/GetLicenseClassById/3""" - null null (d509f86a)
2025-07-27T23:03:29.0808022+01:00 0HNEDAM3DJQBJ:00000001 [INF] Executing endpoint '"DVLD_API.Controllers.LicenseClassAsyncAPIController.GetLicenseClassById (DVLD_API)"' (500cc934)
2025-07-27T23:03:29.0808668+01:00 0HNEDAM3DJQBJ:00000001 [INF] Route matched with "{action = \"GetLicenseClassById\", controller = \"LicenseClassAsyncAPI\"}". Executing controller action with signature "System.Threading.Tasks.Task`1[Microsoft.AspNetCore.Mvc.IActionResult] GetLicenseClassById(Int32)" on controller "DVLD_API.Controllers.LicenseClassAsyncAPIController" ("DVLD_API"). (122b2fdf)
2025-07-27T23:03:29.0825122+01:00 0HNEDAM3DJQBJ:00000001 [INF] Executing "OkObjectResult", writing value of type '"DVLD_SharedModels.clsLicenseClassDTO"'. (605b4265)
2025-07-27T23:03:29.0826449+01:00 0HNEDAM3DJQBJ:00000001 [INF] Executed action "DVLD_API.Controllers.LicenseClassAsyncAPIController.GetLicenseClassById (DVLD_API)" in 1.7536ms (afa2e885)
2025-07-27T23:03:29.0826612+01:00 0HNEDAM3DJQBJ:00000001 [INF] Executed endpoint '"DVLD_API.Controllers.LicenseClassAsyncAPIController.GetLicenseClassById (DVLD_API)"' (99874f2b)
2025-07-27T23:03:29.0827163+01:00 0HNEDAM3DJQBJ:00000001 [INF] Request finished "HTTP/1.1" "GET" "http"://"localhost:5045""""/api/LicenseClassAsyncAPI/GetLicenseClassById/3""" - 200 null "application/json; charset=utf-8" 3.1765ms (74253ad3)
2025-07-27T23:03:29.0898609+01:00 0HNEDAM3DJQBK:00000001 [INF] Request starting "HTTP/1.1" "GET" "http"://"localhost:5045""""/api/LocalDrivingLicenseApplicationAPI/GetPassedTestCountAsync/2051""" - null null (d509f86a)
2025-07-27T23:03:29.0900278+01:00 0HNEDAM3DJQBK:00000001 [INF] Request finished "HTTP/1.1" "GET" "http"://"localhost:5045""""/api/LocalDrivingLicenseApplicationAPI/GetPassedTestCountAsync/2051""" - 404 0 null 0.2175ms (74253ad3)
2025-07-27T23:03:29.0900894+01:00 0HNEDAM3DJQBK:00000001 [INF] Request reached the end of the middleware pipeline without being handled by application code. Request path: "GET" "http"://"localhost:5045""""/api/LocalDrivingLicenseApplicationAPI/GetPassedTestCountAsync/2051", Response status code: 404 (e353595a)
2025-07-27T23:03:29.0972647+01:00 0HNEDAM3DJQBL:00000001 [INF] Request starting "HTTP/1.1" "GET" "http"://"localhost:5045""""/api/PersonAPI/GetPersonByID/2074""" - null null (d509f86a)
2025-07-27T23:03:29.0982064+01:00 0HNEDAM3DJQBL:00000001 [INF] Executing endpoint '"DVLD_API.Controllers.PersonAPIController.GetPersonByID (DVLD_API)"' (500cc934)
2025-07-27T23:03:29.0982705+01:00 0HNEDAM3DJQBL:00000001 [INF] Route matched with "{action = \"GetPersonByID\", controller = \"PersonAPI\"}". Executing controller action with signature "Microsoft.AspNetCore.Mvc.ActionResult`1[DVLD_SharedModels.clsPersonDTO] GetPersonByID(Int32)" on controller "DVLD_API.Controllers.PersonAPIController" ("DVLD_API"). (122b2fdf)
2025-07-27T23:03:29.1001971+01:00 0HNEDAM3DJQBL:00000001 [INF] Executing "OkObjectResult", writing value of type '"DVLD_SharedModels.clsPersonDTO"'. (605b4265)
2025-07-27T23:03:29.1003659+01:00 0HNEDAM3DJQBL:00000001 [INF] Executed action "DVLD_API.Controllers.PersonAPIController.GetPersonByID (DVLD_API)" in 2.0769ms (afa2e885)
2025-07-27T23:03:29.1003823+01:00 0HNEDAM3DJQBL:00000001 [INF] Executed endpoint '"DVLD_API.Controllers.PersonAPIController.GetPersonByID (DVLD_API)"' (99874f2b)
2025-07-27T23:03:29.1004201+01:00 0HNEDAM3DJQBL:00000001 [INF] Request finished "HTTP/1.1" "GET" "http"://"localhost:5045""""/api/PersonAPI/GetPersonByID/2074""" - 200 null "application/json; charset=utf-8" 3.1895ms (74253ad3)
2025-07-27T23:08:56.5418240+01:00 0HNEDAM3DJQBM:00000001 [INF] Request starting "HTTP/1.1" "GET" "http"://"localhost:5045""""/api/UsersAPi/GetUserInfoByUsernameAndPassword/amine aharkte/123""" - null null (d509f86a)
2025-07-27T23:08:56.5420314+01:00 0HNEDAM3DJQBM:00000001 [INF] Executing endpoint '"DVLD_API.Controllers.UsersAPIController.GetUserInfoByUsernameAndPassword (DVLD_API)"' (500cc934)
2025-07-27T23:08:56.5420979+01:00 0HNEDAM3DJQBM:00000001 [INF] Route matched with "{action = \"GetUserInfoByUsernameAndPassword\", controller = \"UsersAPI\"}". Executing controller action with signature "Microsoft.AspNetCore.Mvc.ActionResult`1[DVLD_SharedModels.clsUserDTO] GetUserInfoByUsernameAndPassword(System.String, System.String)" on controller "DVLD_API.Controllers.UsersAPIController" ("DVLD_API"). (122b2fdf)
2025-07-27T23:08:56.5619327+01:00 0HNEDAM3DJQBM:00000001 [INF] Executing "OkObjectResult", writing value of type '"DVLD_SharedModels.clsUserDTO"'. (605b4265)
2025-07-27T23:08:56.5620432+01:00 0HNEDAM3DJQBM:00000001 [INF] Executed action "DVLD_API.Controllers.UsersAPIController.GetUserInfoByUsernameAndPassword (DVLD_API)" in 19.7937ms (afa2e885)
2025-07-27T23:08:56.5620612+01:00 0HNEDAM3DJQBM:00000001 [INF] Executed endpoint '"DVLD_API.Controllers.UsersAPIController.GetUserInfoByUsernameAndPassword (DVLD_API)"' (99874f2b)
2025-07-27T23:08:56.5620974+01:00 0HNEDAM3DJQBM:00000001 [INF] Request finished "HTTP/1.1" "GET" "http"://"localhost:5045""""/api/UsersAPi/GetUserInfoByUsernameAndPassword/amine aharkte/123""" - 200 null "application/json; charset=utf-8" 20.3359ms (74253ad3)
2025-07-27T23:10:03.7860824+01:00 0HNEDAM3DJQBN:00000001 [INF] Request starting "HTTP/1.1" "GET" "http"://"localhost:5045""""/api/LocalDrivingLicenseApplicationAPI/GetAllLocalDrivingLicenseApplicationsAsync""" - null null (d509f86a)
2025-07-27T23:10:03.7879366+01:00 0HNEDAM3DJQBN:00000001 [INF] Executing endpoint '"DVLD_API.Controllers.LocalDrivingLicenseApplicationAPIController.GetAllLocalDrivingLicenseApplicationsAsync (DVLD_API)"' (500cc934)
2025-07-27T23:10:03.7880189+01:00 0HNEDAM3DJQBN:00000001 [INF] Route matched with "{action = \"GetAllLocalDrivingLicenseApplications\", controller = \"LocalDrivingLicenseApplicationAPI\"}". Executing controller action with signature "System.Threading.Tasks.Task`1[Microsoft.AspNetCore.Mvc.ActionResult`1[System.Collections.Generic.IEnumerable`1[DVLD_SharedModels.clsLocalDrivingLicenseApplications_ViewDTO]]] GetAllLocalDrivingLicenseApplicationsAsync(System.Threading.CancellationToken)" on controller "DVLD_API.Controllers.LocalDrivingLicenseApplicationAPIController" ("DVLD_API"). (122b2fdf)
2025-07-27T23:10:03.8119262+01:00 0HNEDAM3DJQBN:00000001 [INF] Executing "OkObjectResult", writing value of type '"System.Collections.Generic.List`1[[DVLD_SharedModels.clsLocalDrivingLicenseApplications_ViewDTO, DVLD_SharedModels, Version=1.0.0.0, Culture=neutral, PublicKeyToken=null]]"'. (605b4265)
2025-07-27T23:10:03.8121059+01:00 0HNEDAM3DJQBN:00000001 [INF] Executed action "DVLD_API.Controllers.LocalDrivingLicenseApplicationAPIController.GetAllLocalDrivingLicenseApplicationsAsync (DVLD_API)" in 24.0691ms (afa2e885)
2025-07-27T23:10:03.8121261+01:00 0HNEDAM3DJQBN:00000001 [INF] Executed endpoint '"DVLD_API.Controllers.LocalDrivingLicenseApplicationAPIController.GetAllLocalDrivingLicenseApplicationsAsync (DVLD_API)"' (99874f2b)
2025-07-27T23:10:03.8121948+01:00 0HNEDAM3DJQBN:00000001 [INF] Request finished "HTTP/1.1" "GET" "http"://"localhost:5045""""/api/LocalDrivingLicenseApplicationAPI/GetAllLocalDrivingLicenseApplicationsAsync""" - 200 null "application/json; charset=utf-8" 26.1733ms (74253ad3)
2025-07-27T23:10:06.5149297+01:00 0HNEDAM3DJQBN:00000002 [INF] Request starting "HTTP/1.1" "GET" "http"://"localhost:5045""""/api/LocalDrivingLicenseApplicationAPI/TryGetLocalDrivingLicenseApplicationByIDAsync/1047""" - null null (d509f86a)
2025-07-27T23:10:06.5150924+01:00 0HNEDAM3DJQBN:00000002 [INF] Executing endpoint '"DVLD_API.Controllers.LocalDrivingLicenseApplicationAPIController.TryGetLocalDrivingLicenseApplicationByIDAsync (DVLD_API)"' (500cc934)
2025-07-27T23:10:06.5151635+01:00 0HNEDAM3DJQBN:00000002 [INF] Route matched with "{action = \"TryGetLocalDrivingLicenseApplicationByID\", controller = \"LocalDrivingLicenseApplicationAPI\"}". Executing controller action with signature "System.Threading.Tasks.Task`1[Microsoft.AspNetCore.Mvc.ActionResult`1[DVLD_SharedModels.clsLocalDrivingLicenseApplicationDTO]] TryGetLocalDrivingLicenseApplicationByIDAsync(Int32)" on controller "DVLD_API.Controllers.LocalDrivingLicenseApplicationAPIController" ("DVLD_API"). (122b2fdf)
2025-07-27T23:10:06.5168547+01:00 0HNEDAM3DJQBN:00000002 [INF] Executing "OkObjectResult", writing value of type '"DVLD_SharedModels.clsLocalDrivingLicenseApplicationDTO"'. (605b4265)
2025-07-27T23:10:06.5169532+01:00 0HNEDAM3DJQBN:00000002 [INF] Executed action "DVLD_API.Controllers.LocalDrivingLicenseApplicationAPIController.TryGetLocalDrivingLicenseApplicationByIDAsync (DVLD_API)" in 1.7654ms (afa2e885)
2025-07-27T23:10:06.5169697+01:00 0HNEDAM3DJQBN:00000002 [INF] Executed endpoint '"DVLD_API.Controllers.LocalDrivingLicenseApplicationAPIController.TryGetLocalDrivingLicenseApplicationByIDAsync (DVLD_API)"' (99874f2b)
2025-07-27T23:10:06.5170371+01:00 0HNEDAM3DJQBN:00000002 [INF] Request finished "HTTP/1.1" "GET" "http"://"localhost:5045""""/api/LocalDrivingLicenseApplicationAPI/TryGetLocalDrivingLicenseApplicationByIDAsync/1047""" - 200 null "application/json; charset=utf-8" 2.1577ms (74253ad3)
2025-07-27T23:10:06.5446230+01:00 0HNEDAM3DJQBO:00000001 [INF] Request starting "HTTP/1.1" "GET" "http"://"localhost:5045""""/api/applicationsAsync/GetApplicationByIDAsync/1138""" - null null (d509f86a)
2025-07-27T23:10:06.5447608+01:00 0HNEDAM3DJQBO:00000001 [INF] Executing endpoint '"DVLD_API.Controllers.ApplicationAPIController.GetApplicationByIDAsync (DVLD_API)"' (500cc934)
2025-07-27T23:10:06.5448250+01:00 0HNEDAM3DJQBO:00000001 [INF] Route matched with "{action = \"GetApplicationByID\", controller = \"ApplicationAPI\"}". Executing controller action with signature "System.Threading.Tasks.Task`1[Microsoft.AspNetCore.Mvc.ActionResult`1[DVLD_SharedModels.clsApplicationDTO]] GetApplicationByIDAsync(Int32)" on controller "DVLD_API.Controllers.ApplicationAPIController" ("DVLD_API"). (122b2fdf)
2025-07-27T23:10:06.5470359+01:00 0HNEDAM3DJQBO:00000001 [INF] Retrieving application 1138 (862552af)
2025-07-27T23:10:06.5498189+01:00 0HNEDAM3DJQBO:00000001 [INF] Executing "OkObjectResult", writing value of type '"DVLD_SharedModels.clsApplicationDTO"'. (605b4265)
2025-07-27T23:10:06.5499955+01:00 0HNEDAM3DJQBO:00000001 [INF] Executed action "DVLD_API.Controllers.ApplicationAPIController.GetApplicationByIDAsync (DVLD_API)" in 5.1484ms (afa2e885)
2025-07-27T23:10:06.5500222+01:00 0HNEDAM3DJQBO:00000001 [INF] Executed endpoint '"DVLD_API.Controllers.ApplicationAPIController.GetApplicationByIDAsync (DVLD_API)"' (99874f2b)
2025-07-27T23:10:06.5500818+01:00 0HNEDAM3DJQBO:00000001 [INF] Request finished "HTTP/1.1" "GET" "http"://"localhost:5045""""/api/applicationsAsync/GetApplicationByIDAsync/1138""" - 200 null "application/json; charset=utf-8" 5.5137ms (74253ad3)
2025-07-27T23:10:06.5744765+01:00 0HNEDAM3DJQBP:00000001 [INF] Request starting "HTTP/1.1" "GET" "http"://"localhost:5045""""/api/LicenseAPI/GetActiveLicenseID/1138/5""" - null null (d509f86a)
2025-07-27T23:10:06.5746127+01:00 0HNEDAM3DJQBP:00000001 [INF] Executing endpoint '"DVLD_API.Controllers.LicenseAPIController.GetActiveLicenseID (DVLD_API)"' (500cc934)
2025-07-27T23:10:06.5746807+01:00 0HNEDAM3DJQBP:00000001 [INF] Route matched with "{action = \"GetActiveLicenseID\", controller = \"LicenseAPI\"}". Executing controller action with signature "System.Threading.Tasks.Task`1[Microsoft.AspNetCore.Mvc.IActionResult] GetActiveLicenseID(Int32, Int32)" on controller "DVLD_API.Controllers.LicenseAPIController" ("DVLD_API"). (122b2fdf)
2025-07-27T23:10:06.5787120+01:00 0HNEDAM3DJQBP:00000001 [INF] Executing "ObjectResult", writing value of type '"Microsoft.AspNetCore.Mvc.ProblemDetails"'. (605b4265)
2025-07-27T23:10:06.5788133+01:00 0HNEDAM3DJQBP:00000001 [INF] Executed action "DVLD_API.Controllers.LicenseAPIController.GetActiveLicenseID (DVLD_API)" in 4.1139ms (afa2e885)
2025-07-27T23:10:06.5788284+01:00 0HNEDAM3DJQBP:00000001 [INF] Executed endpoint '"DVLD_API.Controllers.LicenseAPIController.GetActiveLicenseID (DVLD_API)"' (99874f2b)
2025-07-27T23:10:06.5788830+01:00 0HNEDAM3DJQBP:00000001 [INF] Request finished "HTTP/1.1" "GET" "http"://"localhost:5045""""/api/LicenseAPI/GetActiveLicenseID/1138/5""" - 404 null "application/problem+json; charset=utf-8" 4.445ms (74253ad3)
2025-07-27T23:10:06.5843960+01:00 0HNEDAM3DJQBQ:00000001 [INF] Request starting "HTTP/1.1" "GET" "http"://"localhost:5045""""/api/LicenseClassAsyncAPI/GetLicenseClassById/5""" - null null (d509f86a)
2025-07-27T23:10:06.5845318+01:00 0HNEDAM3DJQBQ:00000001 [INF] Executing endpoint '"DVLD_API.Controllers.LicenseClassAsyncAPIController.GetLicenseClassById (DVLD_API)"' (500cc934)
2025-07-27T23:10:06.5845972+01:00 0HNEDAM3DJQBQ:00000001 [INF] Route matched with "{action = \"GetLicenseClassById\", controller = \"LicenseClassAsyncAPI\"}". Executing controller action with signature "System.Threading.Tasks.Task`1[Microsoft.AspNetCore.Mvc.IActionResult] GetLicenseClassById(Int32)" on controller "DVLD_API.Controllers.LicenseClassAsyncAPIController" ("DVLD_API"). (122b2fdf)
2025-07-27T23:10:06.5866476+01:00 0HNEDAM3DJQBQ:00000001 [INF] Executing "OkObjectResult", writing value of type '"DVLD_SharedModels.clsLicenseClassDTO"'. (605b4265)
2025-07-27T23:10:06.5867466+01:00 0HNEDAM3DJQBQ:00000001 [INF] Executed action "DVLD_API.Controllers.LicenseClassAsyncAPIController.GetLicenseClassById (DVLD_API)" in 2.1335ms (afa2e885)
2025-07-27T23:10:06.5867631+01:00 0HNEDAM3DJQBQ:00000001 [INF] Executed endpoint '"DVLD_API.Controllers.LicenseClassAsyncAPIController.GetLicenseClassById (DVLD_API)"' (99874f2b)
2025-07-27T23:10:06.5868233+01:00 0HNEDAM3DJQBQ:00000001 [INF] Request finished "HTTP/1.1" "GET" "http"://"localhost:5045""""/api/LicenseClassAsyncAPI/GetLicenseClassById/5""" - 200 null "application/json; charset=utf-8" 2.4608ms (74253ad3)
2025-07-27T23:10:06.5917512+01:00 0HNEDAM3DJQBN:00000003 [INF] Request starting "HTTP/1.1" "GET" "http"://"localhost:5045""""/api/LocalDrivingLicenseApplicationAPI/GetPassedTestCountAsync/1047""" - null null (d509f86a)
2025-07-27T23:10:06.5918781+01:00 0HNEDAM3DJQBN:00000003 [INF] Request finished "HTTP/1.1" "GET" "http"://"localhost:5045""""/api/LocalDrivingLicenseApplicationAPI/GetPassedTestCountAsync/1047""" - 404 0 null 0.151ms (74253ad3)
2025-07-27T23:10:06.5918961+01:00 0HNEDAM3DJQBN:00000003 [INF] Request reached the end of the middleware pipeline without being handled by application code. Request path: "GET" "http"://"localhost:5045""""/api/LocalDrivingLicenseApplicationAPI/GetPassedTestCountAsync/1047", Response status code: 404 (e353595a)
2025-07-27T23:10:06.6042715+01:00 0HNEDAM3DJQBR:00000001 [INF] Request starting "HTTP/1.1" "GET" "http"://"localhost:5045""""/api/PersonAPI/GetPersonByID/1""" - null null (d509f86a)
2025-07-27T23:10:06.6044118+01:00 0HNEDAM3DJQBR:00000001 [INF] Executing endpoint '"DVLD_API.Controllers.PersonAPIController.GetPersonByID (DVLD_API)"' (500cc934)
2025-07-27T23:10:06.6044904+01:00 0HNEDAM3DJQBR:00000001 [INF] Route matched with "{action = \"GetPersonByID\", controller = \"PersonAPI\"}". Executing controller action with signature "Microsoft.AspNetCore.Mvc.ActionResult`1[DVLD_SharedModels.clsPersonDTO] GetPersonByID(Int32)" on controller "DVLD_API.Controllers.PersonAPIController" ("DVLD_API"). (122b2fdf)
2025-07-27T23:10:06.6064707+01:00 0HNEDAM3DJQBR:00000001 [INF] Executing "OkObjectResult", writing value of type '"DVLD_SharedModels.clsPersonDTO"'. (605b4265)
2025-07-27T23:10:06.6065711+01:00 0HNEDAM3DJQBR:00000001 [INF] Executed action "DVLD_API.Controllers.PersonAPIController.GetPersonByID (DVLD_API)" in 2.0656ms (afa2e885)
2025-07-27T23:10:06.6065820+01:00 0HNEDAM3DJQBR:00000001 [INF] Executed endpoint '"DVLD_API.Controllers.PersonAPIController.GetPersonByID (DVLD_API)"' (99874f2b)
2025-07-27T23:10:06.6066124+01:00 0HNEDAM3DJQBR:00000001 [INF] Request finished "HTTP/1.1" "GET" "http"://"localhost:5045""""/api/PersonAPI/GetPersonByID/1""" - 200 null "application/json; charset=utf-8" 2.3889ms (74253ad3)
2025-07-27T23:34:06.5756290+01:00 0HNEDAM3DJQBS:00000001 [INF] Request starting "HTTP/1.1" "GET" "http"://"localhost:5045""""/api/UsersAPi/GetUserInfoByUsernameAndPassword/amine aharkte/123""" - null null (d509f86a)
2025-07-27T23:34:06.5757993+01:00 0HNEDAM3DJQBS:00000001 [INF] Executing endpoint '"DVLD_API.Controllers.UsersAPIController.GetUserInfoByUsernameAndPassword (DVLD_API)"' (500cc934)
2025-07-27T23:34:06.5758737+01:00 0HNEDAM3DJQBS:00000001 [INF] Route matched with "{action = \"GetUserInfoByUsernameAndPassword\", controller = \"UsersAPI\"}". Executing controller action with signature "Microsoft.AspNetCore.Mvc.ActionResult`1[DVLD_SharedModels.clsUserDTO] GetUserInfoByUsernameAndPassword(System.String, System.String)" on controller "DVLD_API.Controllers.UsersAPIController" ("DVLD_API"). (122b2fdf)
2025-07-27T23:34:06.5930609+01:00 0HNEDAM3DJQBS:00000001 [INF] Executing "OkObjectResult", writing value of type '"DVLD_SharedModels.clsUserDTO"'. (605b4265)
2025-07-27T23:34:06.5931772+01:00 0HNEDAM3DJQBS:00000001 [INF] Executed action "DVLD_API.Controllers.UsersAPIController.GetUserInfoByUsernameAndPassword (DVLD_API)" in 17.2857ms (afa2e885)
2025-07-27T23:34:06.5931908+01:00 0HNEDAM3DJQBS:00000001 [INF] Executed endpoint '"DVLD_API.Controllers.UsersAPIController.GetUserInfoByUsernameAndPassword (DVLD_API)"' (99874f2b)
2025-07-27T23:34:06.5932231+01:00 0HNEDAM3DJQBS:00000001 [INF] Request finished "HTTP/1.1" "GET" "http"://"localhost:5045""""/api/UsersAPi/GetUserInfoByUsernameAndPassword/amine aharkte/123""" - 200 null "application/json; charset=utf-8" 17.6609ms (74253ad3)
2025-07-27T23:34:10.5988127+01:00 0HNEDAM3DJQBT:00000001 [INF] Request starting "HTTP/1.1" "GET" "http"://"localhost:5045""""/api/LocalDrivingLicenseApplicationAPI/GetAllLocalDrivingLicenseApplicationsAsync""" - null null (d509f86a)
2025-07-27T23:34:10.5989936+01:00 0HNEDAM3DJQBT:00000001 [INF] Executing endpoint '"DVLD_API.Controllers.LocalDrivingLicenseApplicationAPIController.GetAllLocalDrivingLicenseApplicationsAsync (DVLD_API)"' (500cc934)
2025-07-27T23:34:10.5990720+01:00 0HNEDAM3DJQBT:00000001 [INF] Route matched with "{action = \"GetAllLocalDrivingLicenseApplications\", controller = \"LocalDrivingLicenseApplicationAPI\"}". Executing controller action with signature "System.Threading.Tasks.Task`1[Microsoft.AspNetCore.Mvc.ActionResult`1[System.Collections.Generic.IEnumerable`1[DVLD_SharedModels.clsLocalDrivingLicenseApplications_ViewDTO]]] GetAllLocalDrivingLicenseApplicationsAsync(System.Threading.CancellationToken)" on controller "DVLD_API.Controllers.LocalDrivingLicenseApplicationAPIController" ("DVLD_API"). (122b2fdf)
2025-07-27T23:34:10.6148681+01:00 0HNEDAM3DJQBT:00000001 [INF] Executing "OkObjectResult", writing value of type '"System.Collections.Generic.List`1[[DVLD_SharedModels.clsLocalDrivingLicenseApplications_ViewDTO, DVLD_SharedModels, Version=1.0.0.0, Culture=neutral, PublicKeyToken=null]]"'. (605b4265)
2025-07-27T23:34:10.6150289+01:00 0HNEDAM3DJQBT:00000001 [INF] Executed action "DVLD_API.Controllers.LocalDrivingLicenseApplicationAPIController.GetAllLocalDrivingLicenseApplicationsAsync (DVLD_API)" in 15.9387ms (afa2e885)
2025-07-27T23:34:10.6150518+01:00 0HNEDAM3DJQBT:00000001 [INF] Executed endpoint '"DVLD_API.Controllers.LocalDrivingLicenseApplicationAPIController.GetAllLocalDrivingLicenseApplicationsAsync (DVLD_API)"' (99874f2b)
2025-07-27T23:34:10.6151313+01:00 0HNEDAM3DJQBT:00000001 [INF] Request finished "HTTP/1.1" "GET" "http"://"localhost:5045""""/api/LocalDrivingLicenseApplicationAPI/GetAllLocalDrivingLicenseApplicationsAsync""" - 200 null "application/json; charset=utf-8" 16.3878ms (74253ad3)
2025-07-27T23:34:12.8008428+01:00 0HNEDAM3DJQBT:00000002 [INF] Request starting "HTTP/1.1" "GET" "http"://"localhost:5045""""/api/LocalDrivingLicenseApplicationAPI/TryGetLocalDrivingLicenseApplicationByIDAsync/1050""" - null null (d509f86a)
2025-07-27T23:34:12.8010635+01:00 0HNEDAM3DJQBT:00000002 [INF] Executing endpoint '"DVLD_API.Controllers.LocalDrivingLicenseApplicationAPIController.TryGetLocalDrivingLicenseApplicationByIDAsync (DVLD_API)"' (500cc934)
2025-07-27T23:34:12.8011351+01:00 0HNEDAM3DJQBT:00000002 [INF] Route matched with "{action = \"TryGetLocalDrivingLicenseApplicationByID\", controller = \"LocalDrivingLicenseApplicationAPI\"}". Executing controller action with signature "System.Threading.Tasks.Task`1[Microsoft.AspNetCore.Mvc.ActionResult`1[DVLD_SharedModels.clsLocalDrivingLicenseApplicationDTO]] TryGetLocalDrivingLicenseApplicationByIDAsync(Int32)" on controller "DVLD_API.Controllers.LocalDrivingLicenseApplicationAPIController" ("DVLD_API"). (122b2fdf)
2025-07-27T23:34:12.8027829+01:00 0HNEDAM3DJQBT:00000002 [INF] Executing "OkObjectResult", writing value of type '"DVLD_SharedModels.clsLocalDrivingLicenseApplicationDTO"'. (605b4265)
2025-07-27T23:34:12.8028750+01:00 0HNEDAM3DJQBT:00000002 [INF] Executed action "DVLD_API.Controllers.LocalDrivingLicenseApplicationAPIController.TryGetLocalDrivingLicenseApplicationByIDAsync (DVLD_API)" in 1.7236ms (afa2e885)
2025-07-27T23:34:12.8028934+01:00 0HNEDAM3DJQBT:00000002 [INF] Executed endpoint '"DVLD_API.Controllers.LocalDrivingLicenseApplicationAPIController.TryGetLocalDrivingLicenseApplicationByIDAsync (DVLD_API)"' (99874f2b)
2025-07-27T23:34:12.8029685+01:00 0HNEDAM3DJQBT:00000002 [INF] Request finished "HTTP/1.1" "GET" "http"://"localhost:5045""""/api/LocalDrivingLicenseApplicationAPI/TryGetLocalDrivingLicenseApplicationByIDAsync/1050""" - 200 null "application/json; charset=utf-8" 2.2028ms (74253ad3)
2025-07-27T23:34:12.8181567+01:00 0HNEDAM3DJQBT:00000003 [INF] Request starting "HTTP/1.1" "GET" "http"://"localhost:5045""""/api/applicationsAsync/GetApplicationByIDAsync/1141""" - null null (d509f86a)
2025-07-27T23:34:12.8183440+01:00 0HNEDAM3DJQBT:00000003 [INF] Executing endpoint '"DVLD_API.Controllers.ApplicationAPIController.GetApplicationByIDAsync (DVLD_API)"' (500cc934)
2025-07-27T23:34:12.8184493+01:00 0HNEDAM3DJQBT:00000003 [INF] Route matched with "{action = \"GetApplicationByID\", controller = \"ApplicationAPI\"}". Executing controller action with signature "System.Threading.Tasks.Task`1[Microsoft.AspNetCore.Mvc.ActionResult`1[DVLD_SharedModels.clsApplicationDTO]] GetApplicationByIDAsync(Int32)" on controller "DVLD_API.Controllers.ApplicationAPIController" ("DVLD_API"). (122b2fdf)
2025-07-27T23:34:12.8205656+01:00 0HNEDAM3DJQBT:00000003 [INF] Retrieving application 1141 (862552af)
2025-07-27T23:34:12.8227160+01:00 0HNEDAM3DJQBT:00000003 [INF] Executing "OkObjectResult", writing value of type '"DVLD_SharedModels.clsApplicationDTO"'. (605b4265)
2025-07-27T23:34:12.8228377+01:00 0HNEDAM3DJQBT:00000003 [INF] Executed action "DVLD_API.Controllers.ApplicationAPIController.GetApplicationByIDAsync (DVLD_API)" in 4.3657ms (afa2e885)
2025-07-27T23:34:12.8228592+01:00 0HNEDAM3DJQBT:00000003 [INF] Executed endpoint '"DVLD_API.Controllers.ApplicationAPIController.GetApplicationByIDAsync (DVLD_API)"' (99874f2b)
2025-07-27T23:34:12.8229223+01:00 0HNEDAM3DJQBT:00000003 [INF] Request finished "HTTP/1.1" "GET" "http"://"localhost:5045""""/api/applicationsAsync/GetApplicationByIDAsync/1141""" - 200 null "application/json; charset=utf-8" 4.8161ms (74253ad3)
2025-07-27T23:40:07.9649194+01:00 0HNEDAM3DJQBU:00000001 [INF] Request starting "HTTP/1.1" "GET" "http"://"localhost:5045""""/api/UsersAPi/GetUserInfoByUsernameAndPassword/amine aharkte/123""" - null null (d509f86a)
2025-07-27T23:40:07.9651477+01:00 0HNEDAM3DJQBU:00000001 [INF] Executing endpoint '"DVLD_API.Controllers.UsersAPIController.GetUserInfoByUsernameAndPassword (DVLD_API)"' (500cc934)
2025-07-27T23:40:07.9652374+01:00 0HNEDAM3DJQBU:00000001 [INF] Route matched with "{action = \"GetUserInfoByUsernameAndPassword\", controller = \"UsersAPI\"}". Executing controller action with signature "Microsoft.AspNetCore.Mvc.ActionResult`1[DVLD_SharedModels.clsUserDTO] GetUserInfoByUsernameAndPassword(System.String, System.String)" on controller "DVLD_API.Controllers.UsersAPIController" ("DVLD_API"). (122b2fdf)
2025-07-27T23:40:07.9758012+01:00 0HNEDAM3DJQBU:00000001 [INF] Executing "OkObjectResult", writing value of type '"DVLD_SharedModels.clsUserDTO"'. (605b4265)
2025-07-27T23:40:07.9759823+01:00 0HNEDAM3DJQBU:00000001 [INF] Executed action "DVLD_API.Controllers.UsersAPIController.GetUserInfoByUsernameAndPassword (DVLD_API)" in 10.7181ms (afa2e885)
2025-07-27T23:40:07.9760418+01:00 0HNEDAM3DJQBU:00000001 [INF] Executed endpoint '"DVLD_API.Controllers.UsersAPIController.GetUserInfoByUsernameAndPassword (DVLD_API)"' (99874f2b)
2025-07-27T23:40:07.9760823+01:00 0HNEDAM3DJQBU:00000001 [INF] Request finished "HTTP/1.1" "GET" "http"://"localhost:5045""""/api/UsersAPi/GetUserInfoByUsernameAndPassword/amine aharkte/123""" - 200 null "application/json; charset=utf-8" 11.2346ms (74253ad3)
2025-07-27T23:40:11.0293733+01:00 0HNEDAM3DJQBV:00000001 [INF] Request starting "HTTP/1.1" "GET" "http"://"localhost:5045""""/api/LocalDrivingLicenseApplicationAPI/GetAllLocalDrivingLicenseApplicationsAsync""" - null null (d509f86a)
2025-07-27T23:40:11.0295027+01:00 0HNEDAM3DJQBV:00000001 [INF] Executing endpoint '"DVLD_API.Controllers.LocalDrivingLicenseApplicationAPIController.GetAllLocalDrivingLicenseApplicationsAsync (DVLD_API)"' (500cc934)
2025-07-27T23:40:11.0295884+01:00 0HNEDAM3DJQBV:00000001 [INF] Route matched with "{action = \"GetAllLocalDrivingLicenseApplications\", controller = \"LocalDrivingLicenseApplicationAPI\"}". Executing controller action with signature "System.Threading.Tasks.Task`1[Microsoft.AspNetCore.Mvc.ActionResult`1[System.Collections.Generic.IEnumerable`1[DVLD_SharedModels.clsLocalDrivingLicenseApplications_ViewDTO]]] GetAllLocalDrivingLicenseApplicationsAsync(System.Threading.CancellationToken)" on controller "DVLD_API.Controllers.LocalDrivingLicenseApplicationAPIController" ("DVLD_API"). (122b2fdf)
2025-07-27T23:40:11.0457949+01:00 0HNEDAM3DJQBV:00000001 [INF] Executing "OkObjectResult", writing value of type '"System.Collections.Generic.List`1[[DVLD_SharedModels.clsLocalDrivingLicenseApplications_ViewDTO, DVLD_SharedModels, Version=1.0.0.0, Culture=neutral, PublicKeyToken=null]]"'. (605b4265)
2025-07-27T23:40:11.0461356+01:00 0HNEDAM3DJQBV:00000001 [INF] Executed action "DVLD_API.Controllers.LocalDrivingLicenseApplicationAPIController.GetAllLocalDrivingLicenseApplicationsAsync (DVLD_API)" in 16.5141ms (afa2e885)
2025-07-27T23:40:11.0461704+01:00 0HNEDAM3DJQBV:00000001 [INF] Executed endpoint '"DVLD_API.Controllers.LocalDrivingLicenseApplicationAPIController.GetAllLocalDrivingLicenseApplicationsAsync (DVLD_API)"' (99874f2b)
2025-07-27T23:40:11.0462594+01:00 0HNEDAM3DJQBV:00000001 [INF] Request finished "HTTP/1.1" "GET" "http"://"localhost:5045""""/api/LocalDrivingLicenseApplicationAPI/GetAllLocalDrivingLicenseApplicationsAsync""" - 200 null "application/json; charset=utf-8" 16.923ms (74253ad3)
2025-07-27T23:40:13.7574695+01:00 0HNEDAM3DJQBV:00000002 [INF] Request starting "HTTP/1.1" "GET" "http"://"localhost:5045""""/api/LocalDrivingLicenseApplicationAPI/TryGetLocalDrivingLicenseApplicationByIDAsync/1050""" - null null (d509f86a)
2025-07-27T23:40:13.7576408+01:00 0HNEDAM3DJQBV:00000002 [INF] Executing endpoint '"DVLD_API.Controllers.LocalDrivingLicenseApplicationAPIController.TryGetLocalDrivingLicenseApplicationByIDAsync (DVLD_API)"' (500cc934)
2025-07-27T23:40:13.7577856+01:00 0HNEDAM3DJQBV:00000002 [INF] Route matched with "{action = \"TryGetLocalDrivingLicenseApplicationByID\", controller = \"LocalDrivingLicenseApplicationAPI\"}". Executing controller action with signature "System.Threading.Tasks.Task`1[Microsoft.AspNetCore.Mvc.ActionResult`1[DVLD_SharedModels.clsLocalDrivingLicenseApplicationDTO]] TryGetLocalDrivingLicenseApplicationByIDAsync(Int32)" on controller "DVLD_API.Controllers.LocalDrivingLicenseApplicationAPIController" ("DVLD_API"). (122b2fdf)
2025-07-27T23:40:13.7596375+01:00 0HNEDAM3DJQBV:00000002 [INF] Executing "OkObjectResult", writing value of type '"DVLD_SharedModels.clsLocalDrivingLicenseApplicationDTO"'. (605b4265)
2025-07-27T23:40:13.7597354+01:00 0HNEDAM3DJQBV:00000002 [INF] Executed action "DVLD_API.Controllers.LocalDrivingLicenseApplicationAPIController.TryGetLocalDrivingLicenseApplicationByIDAsync (DVLD_API)" in 1.9263ms (afa2e885)
2025-07-27T23:40:13.7597533+01:00 0HNEDAM3DJQBV:00000002 [INF] Executed endpoint '"DVLD_API.Controllers.LocalDrivingLicenseApplicationAPIController.TryGetLocalDrivingLicenseApplicationByIDAsync (DVLD_API)"' (99874f2b)
2025-07-27T23:40:13.7598155+01:00 0HNEDAM3DJQBV:00000002 [INF] Request finished "HTTP/1.1" "GET" "http"://"localhost:5045""""/api/LocalDrivingLicenseApplicationAPI/TryGetLocalDrivingLicenseApplicationByIDAsync/1050""" - 200 null "application/json; charset=utf-8" 2.3865ms (74253ad3)
2025-07-27T23:40:13.7770380+01:00 0HNEDAM3DJQBV:00000003 [INF] Request starting "HTTP/1.1" "GET" "http"://"localhost:5045""""/api/applicationsAsync/GetApplicationByIDAsync/1141""" - null null (d509f86a)
2025-07-27T23:40:13.7772304+01:00 0HNEDAM3DJQBV:00000003 [INF] Executing endpoint '"DVLD_API.Controllers.ApplicationAPIController.GetApplicationByIDAsync (DVLD_API)"' (500cc934)
2025-07-27T23:40:13.7773021+01:00 0HNEDAM3DJQBV:00000003 [INF] Route matched with "{action = \"GetApplicationByID\", controller = \"ApplicationAPI\"}". Executing controller action with signature "System.Threading.Tasks.Task`1[Microsoft.AspNetCore.Mvc.ActionResult`1[DVLD_SharedModels.clsApplicationDTO]] GetApplicationByIDAsync(Int32)" on controller "DVLD_API.Controllers.ApplicationAPIController" ("DVLD_API"). (122b2fdf)
2025-07-27T23:40:13.7789451+01:00 0HNEDAM3DJQBV:00000003 [INF] Retrieving application 1141 (862552af)
2025-07-27T23:40:13.7808406+01:00 0HNEDAM3DJQBV:00000003 [INF] Executing "OkObjectResult", writing value of type '"DVLD_SharedModels.clsApplicationDTO"'. (605b4265)
2025-07-27T23:40:13.7809316+01:00 0HNEDAM3DJQBV:00000003 [INF] Executed action "DVLD_API.Controllers.ApplicationAPIController.GetApplicationByIDAsync (DVLD_API)" in 3.6145ms (afa2e885)
2025-07-27T23:40:13.7809580+01:00 0HNEDAM3DJQBV:00000003 [INF] Executed endpoint '"DVLD_API.Controllers.ApplicationAPIController.GetApplicationByIDAsync (DVLD_API)"' (99874f2b)
2025-07-27T23:40:13.7810344+01:00 0HNEDAM3DJQBV:00000003 [INF] Request finished "HTTP/1.1" "GET" "http"://"localhost:5045""""/api/applicationsAsync/GetApplicationByIDAsync/1141""" - 200 null "application/json; charset=utf-8" 4.0614ms (74253ad3)
2025-07-27T23:40:13.8025142+01:00 0HNEDAM3DJQC0:00000001 [INF] Request starting "HTTP/1.1" "GET" "http"://"localhost:5045""""/api/LicenseAPI/GetActiveLicenseID/1141/3""" - null null (d509f86a)
2025-07-27T23:40:13.8026602+01:00 0HNEDAM3DJQC0:00000001 [INF] Executing endpoint '"DVLD_API.Controllers.LicenseAPIController.GetActiveLicenseID (DVLD_API)"' (500cc934)
2025-07-27T23:40:13.8027195+01:00 0HNEDAM3DJQC0:00000001 [INF] Route matched with "{action = \"GetActiveLicenseID\", controller = \"LicenseAPI\"}". Executing controller action with signature "System.Threading.Tasks.Task`1[Microsoft.AspNetCore.Mvc.IActionResult] GetActiveLicenseID(Int32, Int32)" on controller "DVLD_API.Controllers.LicenseAPIController" ("DVLD_API"). (122b2fdf)
2025-07-27T23:40:13.8077440+01:00 0HNEDAM3DJQC0:00000001 [INF] Executing "ObjectResult", writing value of type '"Microsoft.AspNetCore.Mvc.ProblemDetails"'. (605b4265)
2025-07-27T23:40:13.8078656+01:00 0HNEDAM3DJQC0:00000001 [INF] Executed action "DVLD_API.Controllers.LicenseAPIController.GetActiveLicenseID (DVLD_API)" in 5.1266ms (afa2e885)
2025-07-27T23:40:13.8079454+01:00 0HNEDAM3DJQC0:00000001 [INF] Executed endpoint '"DVLD_API.Controllers.LicenseAPIController.GetActiveLicenseID (DVLD_API)"' (99874f2b)
2025-07-27T23:40:13.8080959+01:00 0HNEDAM3DJQC0:00000001 [INF] Request finished "HTTP/1.1" "GET" "http"://"localhost:5045""""/api/LicenseAPI/GetActiveLicenseID/1141/3""" - 404 null "application/problem+json; charset=utf-8" 5.613ms (74253ad3)
2025-07-27T23:40:13.8184972+01:00 0HNEDAM3DJQC1:00000001 [INF] Request starting "HTTP/1.1" "GET" "http"://"localhost:5045""""/api/LicenseClassAsyncAPI/GetLicenseClassById/3""" - null null (d509f86a)
2025-07-27T23:40:13.8186287+01:00 0HNEDAM3DJQC1:00000001 [INF] Executing endpoint '"DVLD_API.Controllers.LicenseClassAsyncAPIController.GetLicenseClassById (DVLD_API)"' (500cc934)
2025-07-27T23:40:13.8186774+01:00 0HNEDAM3DJQC1:00000001 [INF] Route matched with "{action = \"GetLicenseClassById\", controller = \"LicenseClassAsyncAPI\"}". Executing controller action with signature "System.Threading.Tasks.Task`1[Microsoft.AspNetCore.Mvc.IActionResult] GetLicenseClassById(Int32)" on controller "DVLD_API.Controllers.LicenseClassAsyncAPIController" ("DVLD_API"). (122b2fdf)
2025-07-27T23:40:13.8208932+01:00 0HNEDAM3DJQC1:00000001 [INF] Executing "OkObjectResult", writing value of type '"DVLD_SharedModels.clsLicenseClassDTO"'. (605b4265)
2025-07-27T23:40:13.8210235+01:00 0HNEDAM3DJQC1:00000001 [INF] Executed action "DVLD_API.Controllers.LicenseClassAsyncAPIController.GetLicenseClassById (DVLD_API)" in 2.3291ms (afa2e885)
2025-07-27T23:40:13.8210464+01:00 0HNEDAM3DJQC1:00000001 [INF] Executed endpoint '"DVLD_API.Controllers.LicenseClassAsyncAPIController.GetLicenseClassById (DVLD_API)"' (99874f2b)
2025-07-27T23:40:13.8211216+01:00 0HNEDAM3DJQC1:00000001 [INF] Request finished "HTTP/1.1" "GET" "http"://"localhost:5045""""/api/LicenseClassAsyncAPI/GetLicenseClassById/3""" - 200 null "application/json; charset=utf-8" 2.6396ms (74253ad3)
2025-07-27T23:40:13.8270216+01:00 0HNEDAM3DJQBV:00000004 [INF] Request starting "HTTP/1.1" "GET" "http"://"localhost:5045""""/api/LocalDrivingLicenseApplicationAPI/GetPassedTestCountAsync/1050""" - null null (d509f86a)
2025-07-27T23:40:13.8272621+01:00 0HNEDAM3DJQBV:00000004 [INF] Request finished "HTTP/1.1" "GET" "http"://"localhost:5045""""/api/LocalDrivingLicenseApplicationAPI/GetPassedTestCountAsync/1050""" - 404 0 null 0.2928ms (74253ad3)
2025-07-27T23:40:13.8272908+01:00 0HNEDAM3DJQBV:00000004 [INF] Request reached the end of the middleware pipeline without being handled by application code. Request path: "GET" "http"://"localhost:5045""""/api/LocalDrivingLicenseApplicationAPI/GetPassedTestCountAsync/1050", Response status code: 404 (e353595a)
2025-07-27T23:48:43.9053044+01:00 0HNEDAM3DJQC2:00000001 [INF] Request starting "HTTP/1.1" "GET" "http"://"localhost:5045""""/api/UsersAPi/GetUserInfoByUsernameAndPassword/amine aharkte/123""" - null null (d509f86a)
2025-07-27T23:48:43.9054429+01:00 0HNEDAM3DJQC2:00000001 [INF] Executing endpoint '"DVLD_API.Controllers.UsersAPIController.GetUserInfoByUsernameAndPassword (DVLD_API)"' (500cc934)
2025-07-27T23:48:43.9055041+01:00 0HNEDAM3DJQC2:00000001 [INF] Route matched with "{action = \"GetUserInfoByUsernameAndPassword\", controller = \"UsersAPI\"}". Executing controller action with signature "Microsoft.AspNetCore.Mvc.ActionResult`1[DVLD_SharedModels.clsUserDTO] GetUserInfoByUsernameAndPassword(System.String, System.String)" on controller "DVLD_API.Controllers.UsersAPIController" ("DVLD_API"). (122b2fdf)
2025-07-27T23:48:44.1464151+01:00 0HNEDAM3DJQC2:00000001 [INF] Executing "OkObjectResult", writing value of type '"DVLD_SharedModels.clsUserDTO"'. (605b4265)
2025-07-27T23:48:44.1465432+01:00 0HNEDAM3DJQC2:00000001 [INF] Executed action "DVLD_API.Controllers.UsersAPIController.GetUserInfoByUsernameAndPassword (DVLD_API)" in 241.014ms (afa2e885)
2025-07-27T23:48:44.1465606+01:00 0HNEDAM3DJQC2:00000001 [INF] Executed endpoint '"DVLD_API.Controllers.UsersAPIController.GetUserInfoByUsernameAndPassword (DVLD_API)"' (99874f2b)
2025-07-27T23:48:44.1465969+01:00 0HNEDAM3DJQC2:00000001 [INF] Request finished "HTTP/1.1" "GET" "http"://"localhost:5045""""/api/UsersAPi/GetUserInfoByUsernameAndPassword/amine aharkte/123""" - 200 null "application/json; charset=utf-8" 241.3592ms (74253ad3)
2025-07-27T23:48:47.1556674+01:00 0HNEDAM3DJQC3:00000001 [INF] Request starting "HTTP/1.1" "GET" "http"://"localhost:5045""""/api/LocalDrivingLicenseApplicationAPI/GetAllLocalDrivingLicenseApplicationsAsync""" - null null (d509f86a)
2025-07-27T23:48:47.1557913+01:00 0HNEDAM3DJQC3:00000001 [INF] Executing endpoint '"DVLD_API.Controllers.LocalDrivingLicenseApplicationAPIController.GetAllLocalDrivingLicenseApplicationsAsync (DVLD_API)"' (500cc934)
2025-07-27T23:48:47.1558499+01:00 0HNEDAM3DJQC3:00000001 [INF] Route matched with "{action = \"GetAllLocalDrivingLicenseApplications\", controller = \"LocalDrivingLicenseApplicationAPI\"}". Executing controller action with signature "System.Threading.Tasks.Task`1[Microsoft.AspNetCore.Mvc.ActionResult`1[System.Collections.Generic.IEnumerable`1[DVLD_SharedModels.clsLocalDrivingLicenseApplications_ViewDTO]]] GetAllLocalDrivingLicenseApplicationsAsync(System.Threading.CancellationToken)" on controller "DVLD_API.Controllers.LocalDrivingLicenseApplicationAPIController" ("DVLD_API"). (122b2fdf)
2025-07-27T23:48:47.1762525+01:00 0HNEDAM3DJQC3:00000001 [INF] Executing "OkObjectResult", writing value of type '"System.Collections.Generic.List`1[[DVLD_SharedModels.clsLocalDrivingLicenseApplications_ViewDTO, DVLD_SharedModels, Version=1.0.0.0, Culture=neutral, PublicKeyToken=null]]"'. (605b4265)
2025-07-27T23:48:47.1763634+01:00 0HNEDAM3DJQC3:00000001 [INF] Executed action "DVLD_API.Controllers.LocalDrivingLicenseApplicationAPIController.GetAllLocalDrivingLicenseApplicationsAsync (DVLD_API)" in 20.4953ms (afa2e885)
2025-07-27T23:48:47.1763787+01:00 0HNEDAM3DJQC3:00000001 [INF] Executed endpoint '"DVLD_API.Controllers.LocalDrivingLicenseApplicationAPIController.GetAllLocalDrivingLicenseApplicationsAsync (DVLD_API)"' (99874f2b)
2025-07-27T23:48:47.1764431+01:00 0HNEDAM3DJQC3:00000001 [INF] Request finished "HTTP/1.1" "GET" "http"://"localhost:5045""""/api/LocalDrivingLicenseApplicationAPI/GetAllLocalDrivingLicenseApplicationsAsync""" - 200 null "application/json; charset=utf-8" 20.7954ms (74253ad3)
2025-07-27T23:48:49.8155895+01:00 0HNEDAM3DJQC3:00000002 [INF] Request starting "HTTP/1.1" "GET" "http"://"localhost:5045""""/api/LocalDrivingLicenseApplicationAPI/TryGetLocalDrivingLicenseApplicationByIDAsync/2051""" - null null (d509f86a)
2025-07-27T23:48:49.8157126+01:00 0HNEDAM3DJQC3:00000002 [INF] Executing endpoint '"DVLD_API.Controllers.LocalDrivingLicenseApplicationAPIController.TryGetLocalDrivingLicenseApplicationByIDAsync (DVLD_API)"' (500cc934)
2025-07-27T23:48:49.8157662+01:00 0HNEDAM3DJQC3:00000002 [INF] Route matched with "{action = \"TryGetLocalDrivingLicenseApplicationByID\", controller = \"LocalDrivingLicenseApplicationAPI\"}". Executing controller action with signature "System.Threading.Tasks.Task`1[Microsoft.AspNetCore.Mvc.ActionResult`1[DVLD_SharedModels.clsLocalDrivingLicenseApplicationDTO]] TryGetLocalDrivingLicenseApplicationByIDAsync(Int32)" on controller "DVLD_API.Controllers.LocalDrivingLicenseApplicationAPIController" ("DVLD_API"). (122b2fdf)
2025-07-27T23:48:49.8173288+01:00 0HNEDAM3DJQC3:00000002 [INF] Executing "OkObjectResult", writing value of type '"DVLD_SharedModels.clsLocalDrivingLicenseApplicationDTO"'. (605b4265)
2025-07-27T23:48:49.8173943+01:00 0HNEDAM3DJQC3:00000002 [INF] Executed action "DVLD_API.Controllers.LocalDrivingLicenseApplicationAPIController.TryGetLocalDrivingLicenseApplicationByIDAsync (DVLD_API)" in 1.6042ms (afa2e885)
2025-07-27T23:48:49.8174043+01:00 0HNEDAM3DJQC3:00000002 [INF] Executed endpoint '"DVLD_API.Controllers.LocalDrivingLicenseApplicationAPIController.TryGetLocalDrivingLicenseApplicationByIDAsync (DVLD_API)"' (99874f2b)
2025-07-27T23:48:49.8174560+01:00 0HNEDAM3DJQC3:00000002 [INF] Request finished "HTTP/1.1" "GET" "http"://"localhost:5045""""/api/LocalDrivingLicenseApplicationAPI/TryGetLocalDrivingLicenseApplicationByIDAsync/2051""" - 200 null "application/json; charset=utf-8" 1.9094ms (74253ad3)
2025-07-27T23:48:49.8331047+01:00 0HNEDAM3DJQC3:00000003 [INF] Request starting "HTTP/1.1" "GET" "http"://"localhost:5045""""/api/applicationsAsync/GetApplicationByIDAsync/2142""" - null null (d509f86a)
2025-07-27T23:48:49.8332314+01:00 0HNEDAM3DJQC3:00000003 [INF] Executing endpoint '"DVLD_API.Controllers.ApplicationAPIController.GetApplicationByIDAsync (DVLD_API)"' (500cc934)
2025-07-27T23:48:49.8333098+01:00 0HNEDAM3DJQC3:00000003 [INF] Route matched with "{action = \"GetApplicationByID\", controller = \"ApplicationAPI\"}". Executing controller action with signature "System.Threading.Tasks.Task`1[Microsoft.AspNetCore.Mvc.ActionResult`1[DVLD_SharedModels.clsApplicationDTO]] GetApplicationByIDAsync(Int32)" on controller "DVLD_API.Controllers.ApplicationAPIController" ("DVLD_API"). (122b2fdf)
2025-07-27T23:48:49.8349155+01:00 0HNEDAM3DJQC3:00000003 [INF] Retrieving application 2142 (862552af)
2025-07-27T23:48:49.8371366+01:00 0HNEDAM3DJQC3:00000003 [INF] Executing "OkObjectResult", writing value of type '"DVLD_SharedModels.clsApplicationDTO"'. (605b4265)
2025-07-27T23:48:49.8372342+01:00 0HNEDAM3DJQC3:00000003 [INF] Executed action "DVLD_API.Controllers.ApplicationAPIController.GetApplicationByIDAsync (DVLD_API)" in 3.9007ms (afa2e885)
2025-07-27T23:48:49.8372511+01:00 0HNEDAM3DJQC3:00000003 [INF] Executed endpoint '"DVLD_API.Controllers.ApplicationAPIController.GetApplicationByIDAsync (DVLD_API)"' (99874f2b)
2025-07-27T23:48:49.8373065+01:00 0HNEDAM3DJQC3:00000003 [INF] Request finished "HTTP/1.1" "GET" "http"://"localhost:5045""""/api/applicationsAsync/GetApplicationByIDAsync/2142""" - 200 null "application/json; charset=utf-8" 4.251ms (74253ad3)
2025-07-27T23:48:49.8543829+01:00 0HNEDAM3DJQC3:00000004 [INF] Request starting "HTTP/1.1" "GET" "http"://"localhost:5045""""/api/LicenseAPI/GetActiveLicenseID/2142/3""" - null null (d509f86a)
2025-07-27T23:48:49.8544907+01:00 0HNEDAM3DJQC3:00000004 [INF] Executing endpoint '"DVLD_API.Controllers.LicenseAPIController.GetActiveLicenseID (DVLD_API)"' (500cc934)
2025-07-27T23:48:49.8545872+01:00 0HNEDAM3DJQC3:00000004 [INF] Route matched with "{action = \"GetActiveLicenseID\", controller = \"LicenseAPI\"}". Executing controller action with signature "System.Threading.Tasks.Task`1[Microsoft.AspNetCore.Mvc.IActionResult] GetActiveLicenseID(Int32, Int32)" on controller "DVLD_API.Controllers.LicenseAPIController" ("DVLD_API"). (122b2fdf)
2025-07-27T23:48:49.8591298+01:00 0HNEDAM3DJQC3:00000004 [INF] Executing "ObjectResult", writing value of type '"Microsoft.AspNetCore.Mvc.ProblemDetails"'. (605b4265)
2025-07-27T23:48:49.8592449+01:00 0HNEDAM3DJQC3:00000004 [INF] Executed action "DVLD_API.Controllers.LicenseAPIController.GetActiveLicenseID (DVLD_API)" in 4.6259ms (afa2e885)
2025-07-27T23:48:49.8592689+01:00 0HNEDAM3DJQC3:00000004 [INF] Executed endpoint '"DVLD_API.Controllers.LicenseAPIController.GetActiveLicenseID (DVLD_API)"' (99874f2b)
2025-07-27T23:48:49.8594266+01:00 0HNEDAM3DJQC3:00000004 [INF] Request finished "HTTP/1.1" "GET" "http"://"localhost:5045""""/api/LicenseAPI/GetActiveLicenseID/2142/3""" - 404 null "application/problem+json; charset=utf-8" 5.0935ms (74253ad3)
2025-07-27T23:48:49.8685357+01:00 0HNEDAM3DJQC4:00000001 [INF] Request starting "HTTP/1.1" "GET" "http"://"localhost:5045""""/api/LicenseClassAsyncAPI/GetLicenseClassById/3""" - null null (d509f86a)
2025-07-27T23:48:49.8686213+01:00 0HNEDAM3DJQC4:00000001 [INF] Executing endpoint '"DVLD_API.Controllers.LicenseClassAsyncAPIController.GetLicenseClassById (DVLD_API)"' (500cc934)
2025-07-27T23:48:49.8686644+01:00 0HNEDAM3DJQC4:00000001 [INF] Route matched with "{action = \"GetLicenseClassById\", controller = \"LicenseClassAsyncAPI\"}". Executing controller action with signature "System.Threading.Tasks.Task`1[Microsoft.AspNetCore.Mvc.IActionResult] GetLicenseClassById(Int32)" on controller "DVLD_API.Controllers.LicenseClassAsyncAPIController" ("DVLD_API"). (122b2fdf)
2025-07-27T23:48:49.8706929+01:00 0HNEDAM3DJQC4:00000001 [INF] Executing "OkObjectResult", writing value of type '"DVLD_SharedModels.clsLicenseClassDTO"'. (605b4265)
2025-07-27T23:48:49.8707750+01:00 0HNEDAM3DJQC4:00000001 [INF] Executed action "DVLD_API.Controllers.LicenseClassAsyncAPIController.GetLicenseClassById (DVLD_API)" in 2.0865ms (afa2e885)
2025-07-27T23:48:49.8707879+01:00 0HNEDAM3DJQC4:00000001 [INF] Executed endpoint '"DVLD_API.Controllers.LicenseClassAsyncAPIController.GetLicenseClassById (DVLD_API)"' (99874f2b)
2025-07-27T23:48:49.8708471+01:00 0HNEDAM3DJQC4:00000001 [INF] Request finished "HTTP/1.1" "GET" "http"://"localhost:5045""""/api/LicenseClassAsyncAPI/GetLicenseClassById/3""" - 200 null "application/json; charset=utf-8" 2.3308ms (74253ad3)
2025-07-27T23:48:49.8761636+01:00 0HNEDAM3DJQC3:00000005 [INF] Request starting "HTTP/1.1" "GET" "http"://"localhost:5045""""/api/LocalDrivingLicenseApplicationAPI/GetPassedTestCountAsync/2051""" - null null (d509f86a)
2025-07-27T23:48:49.8762818+01:00 0HNEDAM3DJQC3:00000005 [INF] Request finished "HTTP/1.1" "GET" "http"://"localhost:5045""""/api/LocalDrivingLicenseApplicationAPI/GetPassedTestCountAsync/2051""" - 404 0 null 0.1365ms (74253ad3)
2025-07-27T23:48:49.8763143+01:00 0HNEDAM3DJQC3:00000005 [INF] Request reached the end of the middleware pipeline without being handled by application code. Request path: "GET" "http"://"localhost:5045""""/api/LocalDrivingLicenseApplicationAPI/GetPassedTestCountAsync/2051", Response status code: 404 (e353595a)
2025-07-27T23:48:49.8824567+01:00 0HNEDAM3DJQC3:00000006 [INF] Request starting "HTTP/1.1" "GET" "http"://"localhost:5045""""/api/PersonAPI/GetPersonByID/2074""" - null null (d509f86a)
2025-07-27T23:48:49.8825030+01:00 0HNEDAM3DJQC3:00000006 [INF] Executing endpoint '"DVLD_API.Controllers.PersonAPIController.GetPersonByID (DVLD_API)"' (500cc934)
2025-07-27T23:48:49.8825470+01:00 0HNEDAM3DJQC3:00000006 [INF] Route matched with "{action = \"GetPersonByID\", controller = \"PersonAPI\"}". Executing controller action with signature "Microsoft.AspNetCore.Mvc.ActionResult`1[DVLD_SharedModels.clsPersonDTO] GetPersonByID(Int32)" on controller "DVLD_API.Controllers.PersonAPIController" ("DVLD_API"). (122b2fdf)
2025-07-27T23:48:49.8847636+01:00 0HNEDAM3DJQC3:00000006 [INF] Executing "OkObjectResult", writing value of type '"DVLD_SharedModels.clsPersonDTO"'. (605b4265)
2025-07-27T23:48:49.8848791+01:00 0HNEDAM3DJQC3:00000006 [INF] Executed action "DVLD_API.Controllers.PersonAPIController.GetPersonByID (DVLD_API)" in 2.317ms (afa2e885)
2025-07-27T23:48:49.8848882+01:00 0HNEDAM3DJQC3:00000006 [INF] Executed endpoint '"DVLD_API.Controllers.PersonAPIController.GetPersonByID (DVLD_API)"' (99874f2b)
2025-07-27T23:48:49.8849025+01:00 0HNEDAM3DJQC3:00000006 [INF] Request finished "HTTP/1.1" "GET" "http"://"localhost:5045""""/api/PersonAPI/GetPersonByID/2074""" - 200 null "application/json; charset=utf-8" 2.4654ms (74253ad3)
