2025-06-29T11:58:36.9056142+01:00  [INF] Now listening on: "http://localhost:5045" (d826f4b8)
2025-06-29T11:58:36.9631362+01:00  [INF] Application started. Press Ctrl+C to shut down. (dcaefe54)
2025-06-29T11:58:36.9647963+01:00  [INF] Hosting environment: "Development" (bc5a1a4e)
2025-06-29T11:58:36.9661123+01:00  [INF] Content root path: "S:\14    PFE_DVLD\TheProjectDVLDVersion2.0.0\BackEnd-ServerSide\DVLD_API" (cc26f24e)
2025-06-29T11:58:38.4769310+01:00 0HNDMVFJ1EJCA:00000001 [INF] Request starting "HTTP/1.1" "GET" "http"://"localhost:5045""""/swagger/index.html""" - null null (d509f86a)
2025-06-29T11:58:38.8506342+01:00 0HNDMVFJ1EJCA:00000001 [INF] Request finished "HTTP/1.1" "GET" "http"://"localhost:5045""""/swagger/index.html""" - 200 null "text/html;charset=utf-8" 380.1711ms (74253ad3)
2025-06-29T11:58:38.9516728+01:00 0HNDMVFJ1EJCA:00000002 [INF] Request starting "HTTP/1.1" "GET" "http"://"localhost:5045""""/_framework/aspnetcore-browser-refresh.js""" - null null (d509f86a)
2025-06-29T11:58:38.9534426+01:00 0HNDMVFJ1EJCA:00000002 [INF] Request finished "HTTP/1.1" "GET" "http"://"localhost:5045""""/_framework/aspnetcore-browser-refresh.js""" - 200 16501 "application/javascript; charset=utf-8" 1.8995ms (74253ad3)
2025-06-29T11:58:38.9638272+01:00 0HNDMVFJ1EJCA:00000003 [INF] Request starting "HTTP/1.1" "GET" "http"://"localhost:5045""""/_vs/browserLink""" - null null (d509f86a)
2025-06-29T11:58:39.0059022+01:00 0HNDMVFJ1EJCA:00000003 [INF] Request finished "HTTP/1.1" "GET" "http"://"localhost:5045""""/_vs/browserLink""" - 200 null "text/javascript; charset=UTF-8" 42.094ms (74253ad3)
2025-06-29T11:58:39.2096955+01:00 0HNDMVFJ1EJCC:00000001 [INF] Request starting "HTTP/1.1" "GET" "http"://"localhost:5045""""/swagger/v1/swagger.json""" - null null (d509f86a)
2025-06-29T11:58:39.3230079+01:00 0HNDMVFJ1EJCC:00000001 [INF] Request finished "HTTP/1.1" "GET" "http"://"localhost:5045""""/swagger/v1/swagger.json""" - 200 null "application/json;charset=utf-8" 113.3347ms (74253ad3)
2025-06-29T12:00:16.9999956+01:00 0HNDMVFJ1EJCD:00000001 [INF] Request starting "HTTP/1.1" "POST" "http"://"localhost:5045""""/api/LocalDrivingLicenseApplicationAPI/TryAddNewLocalDrivingLicenseApplicationAsync""" - "application/json" 88 (d509f86a)
2025-06-29T12:00:17.0236420+01:00 0HNDMVFJ1EJCD:00000001 [WRN] Failed to determine the https port for redirect. (ca76cc21)
2025-06-29T12:00:17.0271327+01:00 0HNDMVFJ1EJCD:00000001 [INF] Executing endpoint '"DVLD_API.Controllers.LocalDrivingLicenseApplicationAPIController.TryAddNewLocalDrivingLicenseApplicationAsync (DVLD_API)"' (500cc934)
2025-06-29T12:00:17.0441612+01:00 0HNDMVFJ1EJCD:00000001 [INF] Route matched with "{action = \"TryAddNewLocalDrivingLicenseApplication\", controller = \"LocalDrivingLicenseApplicationAPI\"}". Executing controller action with signature "System.Threading.Tasks.Task`1[Microsoft.AspNetCore.Mvc.ActionResult`1[System.Int32]] TryAddNewLocalDrivingLicenseApplicationAsync(DVLD_SharedModels.clsLocalDrivingLicenseApplicationDTO, System.Threading.CancellationToken)" on controller "DVLD_API.Controllers.LocalDrivingLicenseApplicationAPIController" ("DVLD_API"). (122b2fdf)
2025-06-29T12:00:17.6784664+01:00 0HNDMVFJ1EJCD:00000001 [INF] Executing "ObjectResult", writing value of type '"<>f__AnonymousType2`2[[System.String, System.Private.CoreLib, Version=8.0.0.0, Culture=neutral, PublicKeyToken=7cec85d7bea7798e],[System.String, System.Private.CoreLib, Version=8.0.0.0, Culture=neutral, PublicKeyToken=7cec85d7bea7798e]]"'. (605b4265)
2025-06-29T12:00:17.6824447+01:00 0HNDMVFJ1EJCD:00000001 [INF] Executed action "DVLD_API.Controllers.LocalDrivingLicenseApplicationAPIController.TryAddNewLocalDrivingLicenseApplicationAsync (DVLD_API)" in 635.9449ms (afa2e885)
2025-06-29T12:00:17.6827586+01:00 0HNDMVFJ1EJCD:00000001 [INF] Executed endpoint '"DVLD_API.Controllers.LocalDrivingLicenseApplicationAPIController.TryAddNewLocalDrivingLicenseApplicationAsync (DVLD_API)"' (99874f2b)
2025-06-29T12:00:17.6837344+01:00 0HNDMVFJ1EJCD:00000001 [INF] Request finished "HTTP/1.1" "POST" "http"://"localhost:5045""""/api/LocalDrivingLicenseApplicationAPI/TryAddNewLocalDrivingLicenseApplicationAsync""" - 500 null "application/json; charset=utf-8" 683.796ms (74253ad3)
2025-06-29T12:03:04.5686464+01:00 0HNDMVFJ1EJCD:00000002 [INF] Request starting "HTTP/1.1" "GET" "http"://"localhost:5045""""/api/LocalDrivingLicenseApplicationAPI/TryGetLocalDrivingLicenseApplicationByIDAsync/36""" - null null (d509f86a)
2025-06-29T12:03:04.5954961+01:00 0HNDMVFJ1EJCD:00000002 [INF] Executing endpoint '"DVLD_API.Controllers.LocalDrivingLicenseApplicationAPIController.TryGetLocalDrivingLicenseApplicationByIDAsync (DVLD_API)"' (500cc934)
2025-06-29T12:03:04.5981934+01:00 0HNDMVFJ1EJCD:00000002 [INF] Route matched with "{action = \"TryGetLocalDrivingLicenseApplicationByID\", controller = \"LocalDrivingLicenseApplicationAPI\"}". Executing controller action with signature "System.Threading.Tasks.Task`1[Microsoft.AspNetCore.Mvc.ActionResult`1[DVLD_SharedModels.clsLocalDrivingLicenseApplicationDTO]] TryGetLocalDrivingLicenseApplicationByIDAsync(Int32)" on controller "DVLD_API.Controllers.LocalDrivingLicenseApplicationAPIController" ("DVLD_API"). (122b2fdf)
2025-06-29T12:03:04.6157197+01:00 0HNDMVFJ1EJCD:00000002 [INF] Executing "OkObjectResult", writing value of type '"DVLD_SharedModels.clsLocalDrivingLicenseApplicationDTO"'. (605b4265)
2025-06-29T12:03:04.6165885+01:00 0HNDMVFJ1EJCD:00000002 [INF] Executed action "DVLD_API.Controllers.LocalDrivingLicenseApplicationAPIController.TryGetLocalDrivingLicenseApplicationByIDAsync (DVLD_API)" in 18.3436ms (afa2e885)
2025-06-29T12:03:04.6166249+01:00 0HNDMVFJ1EJCD:00000002 [INF] Executed endpoint '"DVLD_API.Controllers.LocalDrivingLicenseApplicationAPIController.TryGetLocalDrivingLicenseApplicationByIDAsync (DVLD_API)"' (99874f2b)
2025-06-29T12:03:04.6167244+01:00 0HNDMVFJ1EJCD:00000002 [INF] Request finished "HTTP/1.1" "GET" "http"://"localhost:5045""""/api/LocalDrivingLicenseApplicationAPI/TryGetLocalDrivingLicenseApplicationByIDAsync/36""" - 200 null "application/json; charset=utf-8" 48.199ms (74253ad3)
2025-06-29T12:03:25.2567964+01:00 0HNDMVFJ1EJCD:00000003 [INF] Request starting "HTTP/1.1" "GET" "http"://"localhost:5045""""/api/LocalDrivingLicenseApplicationAPI/TryGetLocalDrivingLicenseApplicationByApplicationIdAsync/110""" - null null (d509f86a)
2025-06-29T12:03:25.2570933+01:00 0HNDMVFJ1EJCD:00000003 [INF] Executing endpoint '"DVLD_API.Controllers.LocalDrivingLicenseApplicationAPIController.TryGetLocalDrivingLicenseApplicationByApplicationIdAsync (DVLD_API)"' (500cc934)
2025-06-29T12:03:25.2592691+01:00 0HNDMVFJ1EJCD:00000003 [INF] Route matched with "{action = \"TryGetLocalDrivingLicenseApplicationByApplicationId\", controller = \"LocalDrivingLicenseApplicationAPI\"}". Executing controller action with signature "System.Threading.Tasks.Task`1[Microsoft.AspNetCore.Mvc.ActionResult`1[DVLD_SharedModels.clsLocalDrivingLicenseApplicationDTO]] TryGetLocalDrivingLicenseApplicationByApplicationIdAsync(Int32)" on controller "DVLD_API.Controllers.LocalDrivingLicenseApplicationAPIController" ("DVLD_API"). (122b2fdf)
2025-06-29T12:03:25.2691245+01:00 0HNDMVFJ1EJCD:00000003 [INF] Executing "OkObjectResult", writing value of type '"DVLD_SharedModels.clsLocalDrivingLicenseApplicationDTO"'. (605b4265)
2025-06-29T12:03:25.2692936+01:00 0HNDMVFJ1EJCD:00000003 [INF] Executed action "DVLD_API.Controllers.LocalDrivingLicenseApplicationAPIController.TryGetLocalDrivingLicenseApplicationByApplicationIdAsync (DVLD_API)" in 9.9884ms (afa2e885)
2025-06-29T12:03:25.2693230+01:00 0HNDMVFJ1EJCD:00000003 [INF] Executed endpoint '"DVLD_API.Controllers.LocalDrivingLicenseApplicationAPIController.TryGetLocalDrivingLicenseApplicationByApplicationIdAsync (DVLD_API)"' (99874f2b)
2025-06-29T12:03:25.2694045+01:00 0HNDMVFJ1EJCD:00000003 [INF] Request finished "HTTP/1.1" "GET" "http"://"localhost:5045""""/api/LocalDrivingLicenseApplicationAPI/TryGetLocalDrivingLicenseApplicationByApplicationIdAsync/110""" - 200 null "application/json; charset=utf-8" 12.7443ms (74253ad3)
2025-06-29T12:03:43.0343931+01:00 0HNDMVFJ1EJCD:00000004 [INF] Request starting "HTTP/1.1" "GET" "http"://"localhost:5045""""/api/LocalDrivingLicenseApplicationAPI/TryGetAllLocalDrivingLicenseApplicationsAsync""" - null null (d509f86a)
2025-06-29T12:03:43.0347019+01:00 0HNDMVFJ1EJCD:00000004 [INF] Executing endpoint '"DVLD_API.Controllers.LocalDrivingLicenseApplicationAPIController.TryGetAllLocalDrivingLicenseApplicationsAsync (DVLD_API)"' (500cc934)
2025-06-29T12:03:43.0370232+01:00 0HNDMVFJ1EJCD:00000004 [INF] Route matched with "{action = \"TryGetAllLocalDrivingLicenseApplications\", controller = \"LocalDrivingLicenseApplicationAPI\"}". Executing controller action with signature "System.Threading.Tasks.Task`1[Microsoft.AspNetCore.Mvc.ActionResult`1[System.Data.DataTable]] TryGetAllLocalDrivingLicenseApplicationsAsync(System.Threading.CancellationToken)" on controller "DVLD_API.Controllers.LocalDrivingLicenseApplicationAPIController" ("DVLD_API"). (122b2fdf)
2025-06-29T12:03:43.0727778+01:00 0HNDMVFJ1EJCD:00000004 [INF] Executing "OkObjectResult", writing value of type '"System.Data.DataTable"'. (605b4265)
2025-06-29T12:03:43.1021141+01:00 0HNDMVFJ1EJCD:00000004 [INF] Executed action "DVLD_API.Controllers.LocalDrivingLicenseApplicationAPIController.TryGetAllLocalDrivingLicenseApplicationsAsync (DVLD_API)" in 65.0479ms (afa2e885)
2025-06-29T12:03:43.1024476+01:00 0HNDMVFJ1EJCD:00000004 [INF] Executed endpoint '"DVLD_API.Controllers.LocalDrivingLicenseApplicationAPIController.TryGetAllLocalDrivingLicenseApplicationsAsync (DVLD_API)"' (99874f2b)
2025-06-29T12:03:43.1702056+01:00 0HNDMVFJ1EJCD:00000004 [ERR] An unhandled exception has occurred while executing the request. (48a46595)
System.NotSupportedException: Serialization and deserialization of 'System.Type' instances is not supported. Path: $.Columns.DataType.
 ---> System.NotSupportedException: Serialization and deserialization of 'System.Type' instances is not supported.
   at System.Text.Json.Serialization.Converters.UnsupportedTypeConverter`1.Write(Utf8JsonWriter writer, T value, JsonSerializerOptions options)
   at System.Text.Json.Serialization.JsonConverter`1.TryWrite(Utf8JsonWriter writer, T& value, JsonSerializerOptions options, WriteStack& state)
   at System.Text.Json.Serialization.Metadata.JsonPropertyInfo`1.GetMemberAndWriteJson(Object obj, WriteStack& state, Utf8JsonWriter writer)
   at System.Text.Json.Serialization.Converters.ObjectDefaultConverter`1.OnTryWrite(Utf8JsonWriter writer, T value, JsonSerializerOptions options, WriteStack& state)
   at System.Text.Json.Serialization.JsonConverter`1.TryWrite(Utf8JsonWriter writer, T& value, JsonSerializerOptions options, WriteStack& state)
   at System.Text.Json.Serialization.JsonConverter`1.TryWriteAsObject(Utf8JsonWriter writer, Object value, JsonSerializerOptions options, WriteStack& state)
   at System.Text.Json.Serialization.JsonConverter`1.TryWrite(Utf8JsonWriter writer, T& value, JsonSerializerOptions options, WriteStack& state)
   at System.Text.Json.Serialization.Converters.IEnumerableConverter`1.OnWriteResume(Utf8JsonWriter writer, TCollection value, JsonSerializerOptions options, WriteStack& state)
   at System.Text.Json.Serialization.JsonCollectionConverter`2.OnTryWrite(Utf8JsonWriter writer, TCollection value, JsonSerializerOptions options, WriteStack& state)
   at System.Text.Json.Serialization.JsonConverter`1.TryWrite(Utf8JsonWriter writer, T& value, JsonSerializerOptions options, WriteStack& state)
   at System.Text.Json.Serialization.Metadata.JsonPropertyInfo`1.GetMemberAndWriteJson(Object obj, WriteStack& state, Utf8JsonWriter writer)
   at System.Text.Json.Serialization.Converters.ObjectDefaultConverter`1.OnTryWrite(Utf8JsonWriter writer, T value, JsonSerializerOptions options, WriteStack& state)
   at System.Text.Json.Serialization.JsonConverter`1.TryWrite(Utf8JsonWriter writer, T& value, JsonSerializerOptions options, WriteStack& state)
   at System.Text.Json.Serialization.JsonConverter`1.WriteCore(Utf8JsonWriter writer, T& value, JsonSerializerOptions options, WriteStack& state)
   --- End of inner exception stack trace ---
   at System.Text.Json.ThrowHelper.ThrowNotSupportedException(WriteStack& state, NotSupportedException ex)
   at System.Text.Json.Serialization.JsonConverter`1.WriteCore(Utf8JsonWriter writer, T& value, JsonSerializerOptions options, WriteStack& state)
   at System.Text.Json.Serialization.Metadata.JsonTypeInfo`1.SerializeAsync(Stream utf8Json, T rootValue, CancellationToken cancellationToken, Object rootValueBoxed)
   at System.Text.Json.Serialization.Metadata.JsonTypeInfo`1.SerializeAsync(Stream utf8Json, T rootValue, CancellationToken cancellationToken, Object rootValueBoxed)
   at System.Text.Json.Serialization.Metadata.JsonTypeInfo`1.SerializeAsync(Stream utf8Json, T rootValue, CancellationToken cancellationToken, Object rootValueBoxed)
   at Microsoft.AspNetCore.Mvc.Formatters.SystemTextJsonOutputFormatter.WriteResponseBodyAsync(OutputFormatterWriteContext context, Encoding selectedEncoding)
   at Microsoft.AspNetCore.Mvc.Infrastructure.ResourceInvoker.<InvokeNextResultFilterAsync>g__Awaited|30_0[TFilter,TFilterAsync](ResourceInvoker invoker, Task lastTask, State next, Scope scope, Object state, Boolean isCompleted)
   at Microsoft.AspNetCore.Mvc.Infrastructure.ResourceInvoker.Rethrow(ResultExecutedContextSealed context)
   at Microsoft.AspNetCore.Mvc.Infrastructure.ResourceInvoker.ResultNext[TFilter,TFilterAsync](State& next, Scope& scope, Object& state, Boolean& isCompleted)
   at Microsoft.AspNetCore.Mvc.Infrastructure.ResourceInvoker.InvokeResultFilters()
--- End of stack trace from previous location ---
   at Microsoft.AspNetCore.Mvc.Infrastructure.ResourceInvoker.<InvokeFilterPipelineAsync>g__Awaited|20_0(ResourceInvoker invoker, Task lastTask, State next, Scope scope, Object state, Boolean isCompleted)
   at Microsoft.AspNetCore.Mvc.Infrastructure.ResourceInvoker.<InvokeAsync>g__Logged|17_1(ResourceInvoker invoker)
   at Microsoft.AspNetCore.Mvc.Infrastructure.ResourceInvoker.<InvokeAsync>g__Logged|17_1(ResourceInvoker invoker)
   at Microsoft.AspNetCore.Routing.EndpointMiddleware.<Invoke>g__AwaitRequestTask|7_0(Endpoint endpoint, Task requestTask, ILogger logger)
   at Microsoft.AspNetCore.Authorization.AuthorizationMiddleware.Invoke(HttpContext context)
   at Swashbuckle.AspNetCore.SwaggerUI.SwaggerUIMiddleware.Invoke(HttpContext httpContext)
   at Swashbuckle.AspNetCore.Swagger.SwaggerMiddleware.Invoke(HttpContext httpContext, ISwaggerProvider swaggerProvider)
   at Microsoft.AspNetCore.Authentication.AuthenticationMiddleware.Invoke(HttpContext context)
   at Microsoft.AspNetCore.Diagnostics.DeveloperExceptionPageMiddlewareImpl.Invoke(HttpContext context)
2025-06-29T12:03:43.1725499+01:00 0HNDMVFJ1EJCD:00000004 [INF] Request finished "HTTP/1.1" "GET" "http"://"localhost:5045""""/api/LocalDrivingLicenseApplicationAPI/TryGetAllLocalDrivingLicenseApplicationsAsync""" - 500 null "text/plain; charset=utf-8" 138.2785ms (74253ad3)
2025-06-29T12:03:58.5347677+01:00 0HNDMVFJ1EJCD:00000005 [INF] Request starting "HTTP/1.1" "GET" "http"://"localhost:5045""""/api/LocalDrivingLicenseApplicationAPI/TryGetAllLocalDrivingLicenseApplicationsAsync""" - null null (d509f86a)
2025-06-29T12:03:58.5350324+01:00 0HNDMVFJ1EJCD:00000005 [INF] Executing endpoint '"DVLD_API.Controllers.LocalDrivingLicenseApplicationAPIController.TryGetAllLocalDrivingLicenseApplicationsAsync (DVLD_API)"' (500cc934)
2025-06-29T12:03:58.5351717+01:00 0HNDMVFJ1EJCD:00000005 [INF] Route matched with "{action = \"TryGetAllLocalDrivingLicenseApplications\", controller = \"LocalDrivingLicenseApplicationAPI\"}". Executing controller action with signature "System.Threading.Tasks.Task`1[Microsoft.AspNetCore.Mvc.ActionResult`1[System.Data.DataTable]] TryGetAllLocalDrivingLicenseApplicationsAsync(System.Threading.CancellationToken)" on controller "DVLD_API.Controllers.LocalDrivingLicenseApplicationAPIController" ("DVLD_API"). (122b2fdf)
2025-06-29T12:03:58.5376101+01:00 0HNDMVFJ1EJCD:00000005 [INF] Executing "OkObjectResult", writing value of type '"System.Data.DataTable"'. (605b4265)
2025-06-29T12:03:58.5389154+01:00 0HNDMVFJ1EJCD:00000005 [INF] Executed action "DVLD_API.Controllers.LocalDrivingLicenseApplicationAPIController.TryGetAllLocalDrivingLicenseApplicationsAsync (DVLD_API)" in 3.7171ms (afa2e885)
2025-06-29T12:03:58.5391279+01:00 0HNDMVFJ1EJCD:00000005 [INF] Executed endpoint '"DVLD_API.Controllers.LocalDrivingLicenseApplicationAPIController.TryGetAllLocalDrivingLicenseApplicationsAsync (DVLD_API)"' (99874f2b)
2025-06-29T12:03:58.5442899+01:00 0HNDMVFJ1EJCD:00000005 [ERR] An unhandled exception has occurred while executing the request. (48a46595)
System.NotSupportedException: Serialization and deserialization of 'System.Type' instances is not supported. Path: $.Columns.DataType.
 ---> System.NotSupportedException: Serialization and deserialization of 'System.Type' instances is not supported.
   at System.Text.Json.Serialization.Converters.UnsupportedTypeConverter`1.Write(Utf8JsonWriter writer, T value, JsonSerializerOptions options)
   at System.Text.Json.Serialization.JsonConverter`1.TryWrite(Utf8JsonWriter writer, T& value, JsonSerializerOptions options, WriteStack& state)
   at System.Text.Json.Serialization.Metadata.JsonPropertyInfo`1.GetMemberAndWriteJson(Object obj, WriteStack& state, Utf8JsonWriter writer)
   at System.Text.Json.Serialization.Converters.ObjectDefaultConverter`1.OnTryWrite(Utf8JsonWriter writer, T value, JsonSerializerOptions options, WriteStack& state)
   at System.Text.Json.Serialization.JsonConverter`1.TryWrite(Utf8JsonWriter writer, T& value, JsonSerializerOptions options, WriteStack& state)
   at System.Text.Json.Serialization.JsonConverter`1.TryWriteAsObject(Utf8JsonWriter writer, Object value, JsonSerializerOptions options, WriteStack& state)
   at System.Text.Json.Serialization.JsonConverter`1.TryWrite(Utf8JsonWriter writer, T& value, JsonSerializerOptions options, WriteStack& state)
   at System.Text.Json.Serialization.Converters.IEnumerableConverter`1.OnWriteResume(Utf8JsonWriter writer, TCollection value, JsonSerializerOptions options, WriteStack& state)
   at System.Text.Json.Serialization.JsonCollectionConverter`2.OnTryWrite(Utf8JsonWriter writer, TCollection value, JsonSerializerOptions options, WriteStack& state)
   at System.Text.Json.Serialization.JsonConverter`1.TryWrite(Utf8JsonWriter writer, T& value, JsonSerializerOptions options, WriteStack& state)
   at System.Text.Json.Serialization.Metadata.JsonPropertyInfo`1.GetMemberAndWriteJson(Object obj, WriteStack& state, Utf8JsonWriter writer)
   at System.Text.Json.Serialization.Converters.ObjectDefaultConverter`1.OnTryWrite(Utf8JsonWriter writer, T value, JsonSerializerOptions options, WriteStack& state)
   at System.Text.Json.Serialization.JsonConverter`1.TryWrite(Utf8JsonWriter writer, T& value, JsonSerializerOptions options, WriteStack& state)
   at System.Text.Json.Serialization.JsonConverter`1.WriteCore(Utf8JsonWriter writer, T& value, JsonSerializerOptions options, WriteStack& state)
   --- End of inner exception stack trace ---
   at System.Text.Json.ThrowHelper.ThrowNotSupportedException(WriteStack& state, NotSupportedException ex)
   at System.Text.Json.Serialization.JsonConverter`1.WriteCore(Utf8JsonWriter writer, T& value, JsonSerializerOptions options, WriteStack& state)
   at System.Text.Json.Serialization.Metadata.JsonTypeInfo`1.SerializeAsync(Stream utf8Json, T rootValue, CancellationToken cancellationToken, Object rootValueBoxed)
   at System.Text.Json.Serialization.Metadata.JsonTypeInfo`1.SerializeAsync(Stream utf8Json, T rootValue, CancellationToken cancellationToken, Object rootValueBoxed)
   at System.Text.Json.Serialization.Metadata.JsonTypeInfo`1.SerializeAsync(Stream utf8Json, T rootValue, CancellationToken cancellationToken, Object rootValueBoxed)
   at Microsoft.AspNetCore.Mvc.Formatters.SystemTextJsonOutputFormatter.WriteResponseBodyAsync(OutputFormatterWriteContext context, Encoding selectedEncoding)
   at Microsoft.AspNetCore.Mvc.Infrastructure.ResourceInvoker.<InvokeNextResultFilterAsync>g__Awaited|30_0[TFilter,TFilterAsync](ResourceInvoker invoker, Task lastTask, State next, Scope scope, Object state, Boolean isCompleted)
   at Microsoft.AspNetCore.Mvc.Infrastructure.ResourceInvoker.Rethrow(ResultExecutedContextSealed context)
   at Microsoft.AspNetCore.Mvc.Infrastructure.ResourceInvoker.ResultNext[TFilter,TFilterAsync](State& next, Scope& scope, Object& state, Boolean& isCompleted)
   at Microsoft.AspNetCore.Mvc.Infrastructure.ResourceInvoker.InvokeResultFilters()
--- End of stack trace from previous location ---
   at Microsoft.AspNetCore.Mvc.Infrastructure.ResourceInvoker.<InvokeFilterPipelineAsync>g__Awaited|20_0(ResourceInvoker invoker, Task lastTask, State next, Scope scope, Object state, Boolean isCompleted)
   at Microsoft.AspNetCore.Mvc.Infrastructure.ResourceInvoker.<InvokeAsync>g__Logged|17_1(ResourceInvoker invoker)
   at Microsoft.AspNetCore.Mvc.Infrastructure.ResourceInvoker.<InvokeAsync>g__Logged|17_1(ResourceInvoker invoker)
   at Microsoft.AspNetCore.Routing.EndpointMiddleware.<Invoke>g__AwaitRequestTask|7_0(Endpoint endpoint, Task requestTask, ILogger logger)
   at Microsoft.AspNetCore.Authorization.AuthorizationMiddleware.Invoke(HttpContext context)
   at Swashbuckle.AspNetCore.SwaggerUI.SwaggerUIMiddleware.Invoke(HttpContext httpContext)
   at Swashbuckle.AspNetCore.Swagger.SwaggerMiddleware.Invoke(HttpContext httpContext, ISwaggerProvider swaggerProvider)
   at Microsoft.AspNetCore.Authentication.AuthenticationMiddleware.Invoke(HttpContext context)
   at Microsoft.AspNetCore.Diagnostics.DeveloperExceptionPageMiddlewareImpl.Invoke(HttpContext context)
2025-06-29T12:03:58.5450950+01:00 0HNDMVFJ1EJCD:00000005 [INF] Request finished "HTTP/1.1" "GET" "http"://"localhost:5045""""/api/LocalDrivingLicenseApplicationAPI/TryGetAllLocalDrivingLicenseApplicationsAsync""" - 500 null "text/plain; charset=utf-8" 10.3943ms (74253ad3)
2025-06-29T12:39:51.5032057+01:00 0HNDMVFJ1EJCE:00000001 [INF] Request starting "HTTP/1.1" "POST" "http"://"localhost:5045""""/api/LocalDrivingLicenseApplicationAPI/TryAddNewLocalDrivingLicenseApplicationAsync""" - "application/json" 88 (d509f86a)
2025-06-29T12:39:51.5044369+01:00 0HNDMVFJ1EJCE:00000001 [INF] Executing endpoint '"DVLD_API.Controllers.LocalDrivingLicenseApplicationAPIController.TryAddNewLocalDrivingLicenseApplicationAsync (DVLD_API)"' (500cc934)
2025-06-29T12:39:51.5045384+01:00 0HNDMVFJ1EJCE:00000001 [INF] Route matched with "{action = \"TryAddNewLocalDrivingLicenseApplication\", controller = \"LocalDrivingLicenseApplicationAPI\"}". Executing controller action with signature "System.Threading.Tasks.Task`1[Microsoft.AspNetCore.Mvc.ActionResult`1[System.Int32]] TryAddNewLocalDrivingLicenseApplicationAsync(DVLD_SharedModels.clsLocalDrivingLicenseApplicationDTO, System.Threading.CancellationToken)" on controller "DVLD_API.Controllers.LocalDrivingLicenseApplicationAPIController" ("DVLD_API"). (122b2fdf)
2025-06-29T12:39:51.5757717+01:00 0HNDMVFJ1EJCE:00000001 [INF] Executing "ObjectResult", writing value of type '"<>f__AnonymousType2`2[[System.String, System.Private.CoreLib, Version=8.0.0.0, Culture=neutral, PublicKeyToken=7cec85d7bea7798e],[System.String, System.Private.CoreLib, Version=8.0.0.0, Culture=neutral, PublicKeyToken=7cec85d7bea7798e]]"'. (605b4265)
2025-06-29T12:39:51.5759545+01:00 0HNDMVFJ1EJCE:00000001 [INF] Executed action "DVLD_API.Controllers.LocalDrivingLicenseApplicationAPIController.TryAddNewLocalDrivingLicenseApplicationAsync (DVLD_API)" in 71.3946ms (afa2e885)
2025-06-29T12:39:51.5759752+01:00 0HNDMVFJ1EJCE:00000001 [INF] Executed endpoint '"DVLD_API.Controllers.LocalDrivingLicenseApplicationAPIController.TryAddNewLocalDrivingLicenseApplicationAsync (DVLD_API)"' (99874f2b)
2025-06-29T12:39:51.5761118+01:00 0HNDMVFJ1EJCE:00000001 [INF] Request finished "HTTP/1.1" "POST" "http"://"localhost:5045""""/api/LocalDrivingLicenseApplicationAPI/TryAddNewLocalDrivingLicenseApplicationAsync""" - 500 null "application/json; charset=utf-8" 73.4335ms (74253ad3)
2025-06-29T13:30:08.0198022+01:00 0HNDMVFJ1EJCF:00000001 [INF] Request starting "HTTP/1.1" "POST" "http"://"localhost:5045""""/api/LocalDrivingLicenseApplicationAPI/TryAddNewLocalDrivingLicenseApplicationAsync""" - "application/json" 90 (d509f86a)
2025-06-29T13:30:08.0201878+01:00 0HNDMVFJ1EJCF:00000001 [INF] Executing endpoint '"DVLD_API.Controllers.LocalDrivingLicenseApplicationAPIController.TryAddNewLocalDrivingLicenseApplicationAsync (DVLD_API)"' (500cc934)
2025-06-29T13:30:08.0203297+01:00 0HNDMVFJ1EJCF:00000001 [INF] Route matched with "{action = \"TryAddNewLocalDrivingLicenseApplication\", controller = \"LocalDrivingLicenseApplicationAPI\"}". Executing controller action with signature "System.Threading.Tasks.Task`1[Microsoft.AspNetCore.Mvc.ActionResult`1[System.Int32]] TryAddNewLocalDrivingLicenseApplicationAsync(DVLD_SharedModels.clsLocalDrivingLicenseApplicationDTO, System.Threading.CancellationToken)" on controller "DVLD_API.Controllers.LocalDrivingLicenseApplicationAPIController" ("DVLD_API"). (122b2fdf)
2025-06-29T13:30:08.0754142+01:00 0HNDMVFJ1EJCF:00000001 [INF] Executing "ObjectResult", writing value of type '"<>f__AnonymousType2`2[[System.String, System.Private.CoreLib, Version=8.0.0.0, Culture=neutral, PublicKeyToken=7cec85d7bea7798e],[System.String, System.Private.CoreLib, Version=8.0.0.0, Culture=neutral, PublicKeyToken=7cec85d7bea7798e]]"'. (605b4265)
2025-06-29T13:30:08.0755529+01:00 0HNDMVFJ1EJCF:00000001 [INF] Executed action "DVLD_API.Controllers.LocalDrivingLicenseApplicationAPIController.TryAddNewLocalDrivingLicenseApplicationAsync (DVLD_API)" in 55.1864ms (afa2e885)
2025-06-29T13:30:08.0755731+01:00 0HNDMVFJ1EJCF:00000001 [INF] Executed endpoint '"DVLD_API.Controllers.LocalDrivingLicenseApplicationAPIController.TryAddNewLocalDrivingLicenseApplicationAsync (DVLD_API)"' (99874f2b)
2025-06-29T13:30:08.0756838+01:00 0HNDMVFJ1EJCF:00000001 [INF] Request finished "HTTP/1.1" "POST" "http"://"localhost:5045""""/api/LocalDrivingLicenseApplicationAPI/TryAddNewLocalDrivingLicenseApplicationAsync""" - 500 null "application/json; charset=utf-8" 57.3125ms (74253ad3)
2025-06-29T13:30:43.7957479+01:00  [INF] Now listening on: "http://localhost:5045" (d826f4b8)
2025-06-29T13:30:43.8586739+01:00  [INF] Application started. Press Ctrl+C to shut down. (dcaefe54)
2025-06-29T13:30:43.8607944+01:00  [INF] Hosting environment: "Development" (bc5a1a4e)
2025-06-29T13:30:43.8622357+01:00  [INF] Content root path: "S:\14    PFE_DVLD\TheProjectDVLDVersion2.0.0\BackEnd-ServerSide\DVLD_API" (cc26f24e)
2025-06-29T13:30:44.2668743+01:00 0HNDN13275S75:00000001 [INF] Request starting "HTTP/1.1" "GET" "http"://"localhost:5045""""/swagger/index.html""" - null null (d509f86a)
2025-06-29T13:30:44.4156718+01:00 0HNDN13275S75:00000001 [INF] Request finished "HTTP/1.1" "GET" "http"://"localhost:5045""""/swagger/index.html""" - 200 null "text/html;charset=utf-8" 154.9157ms (74253ad3)
2025-06-29T13:30:44.4425674+01:00 0HNDN13275S75:00000002 [INF] Request starting "HTTP/1.1" "GET" "http"://"localhost:5045""""/_framework/aspnetcore-browser-refresh.js""" - null null (d509f86a)
2025-06-29T13:30:44.4445989+01:00 0HNDN13275S75:00000002 [INF] Request finished "HTTP/1.1" "GET" "http"://"localhost:5045""""/_framework/aspnetcore-browser-refresh.js""" - 200 16501 "application/javascript; charset=utf-8" 2.162ms (74253ad3)
2025-06-29T13:30:44.4956937+01:00 0HNDN13275S75:00000003 [INF] Request starting "HTTP/1.1" "GET" "http"://"localhost:5045""""/_vs/browserLink""" - null null (d509f86a)
2025-06-29T13:30:44.5395760+01:00 0HNDN13275S75:00000003 [INF] Request finished "HTTP/1.1" "GET" "http"://"localhost:5045""""/_vs/browserLink""" - 200 null "text/javascript; charset=UTF-8" 43.8874ms (74253ad3)
2025-06-29T13:30:44.7126049+01:00 0HNDN13275S75:00000004 [INF] Request starting "HTTP/1.1" "GET" "http"://"localhost:5045""""/swagger/v1/swagger.json""" - null null (d509f86a)
2025-06-29T13:30:44.8297962+01:00 0HNDN13275S75:00000004 [INF] Request finished "HTTP/1.1" "GET" "http"://"localhost:5045""""/swagger/v1/swagger.json""" - 200 null "application/json;charset=utf-8" 117.2455ms (74253ad3)
2025-06-29T13:31:07.8869622+01:00 0HNDN13275S75:00000005 [INF] Request starting "HTTP/1.1" "POST" "http"://"localhost:5045""""/api/LocalDrivingLicenseApplicationAPI/TryAddNewLocalDrivingLicenseApplicationAsync""" - "application/json" 90 (d509f86a)
2025-06-29T13:31:07.9030729+01:00 0HNDN13275S75:00000005 [WRN] Failed to determine the https port for redirect. (ca76cc21)
2025-06-29T13:31:07.9051527+01:00 0HNDN13275S75:00000005 [INF] Executing endpoint '"DVLD_API.Controllers.LocalDrivingLicenseApplicationAPIController.TryAddNewLocalDrivingLicenseApplicationAsync (DVLD_API)"' (500cc934)
2025-06-29T13:31:07.9190444+01:00 0HNDN13275S75:00000005 [INF] Route matched with "{action = \"TryAddNewLocalDrivingLicenseApplication\", controller = \"LocalDrivingLicenseApplicationAPI\"}". Executing controller action with signature "System.Threading.Tasks.Task`1[Microsoft.AspNetCore.Mvc.ActionResult`1[System.Int32]] TryAddNewLocalDrivingLicenseApplicationAsync(DVLD_SharedModels.clsLocalDrivingLicenseApplicationDTO, System.Threading.CancellationToken)" on controller "DVLD_API.Controllers.LocalDrivingLicenseApplicationAPIController" ("DVLD_API"). (122b2fdf)
2025-06-29T13:31:08.1869595+01:00 0HNDN13275S75:00000005 [INF] Executing "ObjectResult", writing value of type '"<>f__AnonymousType2`2[[System.String, System.Private.CoreLib, Version=8.0.0.0, Culture=neutral, PublicKeyToken=7cec85d7bea7798e],[System.String, System.Private.CoreLib, Version=8.0.0.0, Culture=neutral, PublicKeyToken=7cec85d7bea7798e]]"'. (605b4265)
2025-06-29T13:31:08.1913987+01:00 0HNDN13275S75:00000005 [INF] Executed action "DVLD_API.Controllers.LocalDrivingLicenseApplicationAPIController.TryAddNewLocalDrivingLicenseApplicationAsync (DVLD_API)" in 269.6548ms (afa2e885)
2025-06-29T13:31:08.1917998+01:00 0HNDN13275S75:00000005 [INF] Executed endpoint '"DVLD_API.Controllers.LocalDrivingLicenseApplicationAPIController.TryAddNewLocalDrivingLicenseApplicationAsync (DVLD_API)"' (99874f2b)
2025-06-29T13:31:08.1923177+01:00 0HNDN13275S75:00000005 [INF] Request finished "HTTP/1.1" "POST" "http"://"localhost:5045""""/api/LocalDrivingLicenseApplicationAPI/TryAddNewLocalDrivingLicenseApplicationAsync""" - 500 null "application/json; charset=utf-8" 305.4551ms (74253ad3)
