2025-06-27T01:32:47.0288622+01:00  [INF] Now listening on: "http://localhost:5045" (d826f4b8)
2025-06-27T01:32:47.0853131+01:00  [INF] Application started. Press Ctrl+C to shut down. (dcaefe54)
2025-06-27T01:32:47.0867819+01:00  [INF] Hosting environment: "Development" (bc5a1a4e)
2025-06-27T01:32:47.0883962+01:00  [INF] Content root path: "S:\14    PFE_DVLD\TheProjectDVLDVersion2.0.0\BackEnd-ServerSide\DVLD_API" (cc26f24e)
2025-06-27T01:32:48.6258219+01:00 0HNDL28HULSB2:00000001 [INF] Request starting "HTTP/1.1" "GET" "http"://"localhost:5045""""/swagger/index.html""" - null null (d509f86a)
2025-06-27T01:32:48.9279796+01:00 0HNDL28HULSB2:00000001 [INF] Request finished "HTTP/1.1" "GET" "http"://"localhost:5045""""/swagger/index.html""" - 200 null "text/html;charset=utf-8" 307.1353ms (74253ad3)
2025-06-27T01:32:49.0339042+01:00 0HNDL28HULSB4:00000001 [INF] Request starting "HTTP/1.1" "GET" "http"://"localhost:5045""""/_framework/aspnetcore-browser-refresh.js""" - null null (d509f86a)
2025-06-27T01:32:49.0360990+01:00 0HNDL28HULSB4:00000001 [INF] Request finished "HTTP/1.1" "GET" "http"://"localhost:5045""""/_framework/aspnetcore-browser-refresh.js""" - 200 16501 "application/javascript; charset=utf-8" 2.185ms (74253ad3)
2025-06-27T01:32:49.0434297+01:00 0HNDL28HULSB4:00000002 [INF] Request starting "HTTP/1.1" "GET" "http"://"localhost:5045""""/_vs/browserLink""" - null null (d509f86a)
2025-06-27T01:32:49.0761438+01:00 0HNDL28HULSB4:00000002 [INF] Request finished "HTTP/1.1" "GET" "http"://"localhost:5045""""/_vs/browserLink""" - 200 null "text/javascript; charset=UTF-8" 32.7572ms (74253ad3)
2025-06-27T01:32:49.1879723+01:00 0HNDL28HULSB4:00000003 [INF] Request starting "HTTP/1.1" "GET" "http"://"localhost:5045""""/swagger/v1/swagger.json""" - null null (d509f86a)
2025-06-27T01:32:49.2926585+01:00 0HNDL28HULSB4:00000003 [INF] Request finished "HTTP/1.1" "GET" "http"://"localhost:5045""""/swagger/v1/swagger.json""" - 200 null "application/json;charset=utf-8" 104.731ms (74253ad3)
2025-06-27T01:33:48.6641068+01:00 0HNDL28HULSB5:00000001 [INF] Request starting "HTTP/1.1" "POST" "http"://"localhost:5045""""/api/applicationsAsync/AddNewApplicationAsync""" - "application/json" 242 (d509f86a)
2025-06-27T01:33:48.6875535+01:00 0HNDL28HULSB5:00000001 [WRN] Failed to determine the https port for redirect. (ca76cc21)
2025-06-27T01:33:48.6905542+01:00 0HNDL28HULSB5:00000001 [INF] Executing endpoint '"DVLD_API.Controllers.ApplicationAPIController.CreateApplicationAsync (DVLD_API)"' (500cc934)
2025-06-27T01:33:48.7045614+01:00 0HNDL28HULSB5:00000001 [INF] Route matched with "{action = \"CreateApplication\", controller = \"ApplicationAPI\"}". Executing controller action with signature "System.Threading.Tasks.Task`1[Microsoft.AspNetCore.Mvc.ActionResult`1[DVLD_SharedModels.clsApplicationDTO]] CreateApplicationAsync(DVLD_SharedModels.clsApplicationDTO)" on controller "DVLD_API.Controllers.ApplicationAPIController" ("DVLD_API"). (122b2fdf)
2025-06-27T01:33:48.7466757+01:00 0HNDL28HULSB5:00000001 [INF] Creating new application (69092f41)
2025-06-27T01:33:49.3006565+01:00 0HNDL28HULSB5:00000001 [ERR] Error creating application (1ed3270c)
System.ApplicationException: Failed to add new application due to database error
 ---> Microsoft.Data.SqlClient.SqlException (0x80131904): The INSERT statement conflicted with the FOREIGN KEY constraint "FK_Applications_Users". The conflict occurred in database "DVLD_V2", table "dbo.Users", column 'UserID'.
The statement has been terminated.
   at Microsoft.Data.SqlClient.SqlConnection.OnError(SqlException exception, Boolean breakConnection, Action`1 wrapCloseInAction)
   at Microsoft.Data.SqlClient.SqlInternalConnection.OnError(SqlException exception, Boolean breakConnection, Action`1 wrapCloseInAction)
   at Microsoft.Data.SqlClient.TdsParser.ThrowExceptionAndWarning(TdsParserStateObject stateObj, SqlCommand command, Boolean callerHasConnectionLock, Boolean asyncClose)
   at Microsoft.Data.SqlClient.TdsParser.TryRun(RunBehavior runBehavior, SqlCommand cmdHandler, SqlDataReader dataStream, BulkCopySimpleResultSet bulkCopyHandler, TdsParserStateObject stateObj, Boolean& dataReady)
   at Microsoft.Data.SqlClient.SqlDataReader.TryConsumeMetaData()
   at Microsoft.Data.SqlClient.SqlDataReader.get_MetaData()
   at Microsoft.Data.SqlClient.SqlCommand.FinishExecuteReader(SqlDataReader ds, RunBehavior runBehavior, String resetOptionsString, Boolean isInternal, Boolean forDescribeParameterEncryption, Boolean shouldCacheForAlwaysEncrypted)
   at Microsoft.Data.SqlClient.SqlCommand.CompleteAsyncExecuteReader(Boolean isInternal, Boolean forDescribeParameterEncryption)
   at Microsoft.Data.SqlClient.SqlCommand.InternalEndExecuteReader(IAsyncResult asyncResult, Boolean isInternal, String endMethod)
   at Microsoft.Data.SqlClient.SqlCommand.EndExecuteReaderInternal(IAsyncResult asyncResult)
   at Microsoft.Data.SqlClient.SqlCommand.EndExecuteReaderAsync(IAsyncResult asyncResult)
   at Microsoft.Data.SqlClient.SqlCommand.<>c.<InternalExecuteReaderAsync>b__201_1(IAsyncResult asyncResult)
   at System.Threading.Tasks.TaskFactory`1.FromAsyncCoreLogic(IAsyncResult iar, Func`2 endFunction, Action`1 endAction, Task`1 promise, Boolean requiresSynchronization)
--- End of stack trace from previous location ---
   at DVLD_DataAccessLayer.clsApplication_DAL.AddNewApplicationAsync(clsApplicationDTO applicationDto, CancellationToken cancellationToken) in S:\14    PFE_DVLD\TheProjectDVLDVersion2.0.0\BackEnd-ServerSide\DVLD_DataAccessLayer\clsApplication_DAL.cs:line 120
   at DVLD_DataAccessLayer.clsApplication_DAL.AddNewApplicationAsync(clsApplicationDTO applicationDto, CancellationToken cancellationToken) in S:\14    PFE_DVLD\TheProjectDVLDVersion2.0.0\BackEnd-ServerSide\DVLD_DataAccessLayer\clsApplication_DAL.cs:line 122
   at DVLD_DataAccessLayer.clsApplication_DAL.AddNewApplicationAsync(clsApplicationDTO applicationDto, CancellationToken cancellationToken) in S:\14    PFE_DVLD\TheProjectDVLDVersion2.0.0\BackEnd-ServerSide\DVLD_DataAccessLayer\clsApplication_DAL.cs:line 122
ClientConnectionId:826edae9-9147-412a-bd45-4b4ae46ea84d
Error Number:547,State:0,Class:16
   --- End of inner exception stack trace ---
   at DVLD_DataAccessLayer.clsApplication_DAL.AddNewApplicationAsync(clsApplicationDTO applicationDto, CancellationToken cancellationToken) in S:\14    PFE_DVLD\TheProjectDVLDVersion2.0.0\BackEnd-ServerSide\DVLD_DataAccessLayer\clsApplication_DAL.cs:line 129
   at DVLD_BusinessLayer.clsApplication_BL.AddNewApplicationAsync(clsApplicationDTO applicationDto, CancellationToken cancellationToken) in S:\14    PFE_DVLD\TheProjectDVLDVersion2.0.0\BackEnd-ServerSide\DVLD_BusinessLayer\clsApplication_BL.cs:line 32
   at DVLD_API.Controllers.ApplicationAPIController.CreateApplicationAsync(clsApplicationDTO applicationDTO) in S:\14    PFE_DVLD\TheProjectDVLDVersion2.0.0\BackEnd-ServerSide\DVLD_API\Controllers\ApplicationAPIController.cs:line 85
2025-06-27T01:33:49.3051961+01:00 0HNDL28HULSB5:00000001 [INF] Executing "ObjectResult", writing value of type '"<>f__AnonymousType0`1[[System.String, System.Private.CoreLib, Version=8.0.0.0, Culture=neutral, PublicKeyToken=7cec85d7bea7798e]]"'. (605b4265)
2025-06-27T01:33:49.3091440+01:00 0HNDL28HULSB5:00000001 [INF] Executed action "DVLD_API.Controllers.ApplicationAPIController.CreateApplicationAsync (DVLD_API)" in 602.08ms (afa2e885)
2025-06-27T01:33:49.3095330+01:00 0HNDL28HULSB5:00000001 [INF] Executed endpoint '"DVLD_API.Controllers.ApplicationAPIController.CreateApplicationAsync (DVLD_API)"' (99874f2b)
2025-06-27T01:33:49.3100564+01:00 0HNDL28HULSB5:00000001 [INF] Request finished "HTTP/1.1" "POST" "http"://"localhost:5045""""/api/applicationsAsync/AddNewApplicationAsync""" - 500 null "application/json; charset=utf-8" 645.9864ms (74253ad3)
2025-06-27T01:36:51.5459755+01:00  [INF] Now listening on: "http://localhost:5045" (d826f4b8)
2025-06-27T01:36:51.6124024+01:00  [INF] Application started. Press Ctrl+C to shut down. (dcaefe54)
2025-06-27T01:36:51.6144419+01:00  [INF] Hosting environment: "Development" (bc5a1a4e)
2025-06-27T01:36:51.6162561+01:00  [INF] Content root path: "S:\14    PFE_DVLD\TheProjectDVLDVersion2.0.0\BackEnd-ServerSide\DVLD_API" (cc26f24e)
2025-06-27T01:36:51.9051318+01:00 0HNDL2AQOHVD9:00000001 [INF] Request starting "HTTP/1.1" "GET" "http"://"localhost:5045""""/swagger/index.html""" - null null (d509f86a)
2025-06-27T01:36:52.0724237+01:00 0HNDL2AQOHVD9:00000001 [INF] Request finished "HTTP/1.1" "GET" "http"://"localhost:5045""""/swagger/index.html""" - 200 null "text/html;charset=utf-8" 174.988ms (74253ad3)
2025-06-27T01:36:52.0931624+01:00 0HNDL2AQOHVD9:00000002 [INF] Request starting "HTTP/1.1" "GET" "http"://"localhost:5045""""/_framework/aspnetcore-browser-refresh.js""" - null null (d509f86a)
2025-06-27T01:36:52.0954448+01:00 0HNDL2AQOHVD9:00000002 [INF] Request finished "HTTP/1.1" "GET" "http"://"localhost:5045""""/_framework/aspnetcore-browser-refresh.js""" - 200 16501 "application/javascript; charset=utf-8" 2.4108ms (74253ad3)
2025-06-27T01:36:52.1492795+01:00 0HNDL2AQOHVD9:00000003 [INF] Request starting "HTTP/1.1" "GET" "http"://"localhost:5045""""/_vs/browserLink""" - null null (d509f86a)
2025-06-27T01:36:52.1810406+01:00 0HNDL2AQOHVD9:00000003 [INF] Request finished "HTTP/1.1" "GET" "http"://"localhost:5045""""/_vs/browserLink""" - 200 null "text/javascript; charset=UTF-8" 31.822ms (74253ad3)
2025-06-27T01:36:52.2983862+01:00 0HNDL2AQOHVD9:00000004 [INF] Request starting "HTTP/1.1" "GET" "http"://"localhost:5045""""/swagger/v1/swagger.json""" - null null (d509f86a)
2025-06-27T01:36:52.3988593+01:00 0HNDL2AQOHVD9:00000004 [INF] Request finished "HTTP/1.1" "GET" "http"://"localhost:5045""""/swagger/v1/swagger.json""" - 200 null "application/json;charset=utf-8" 100.5194ms (74253ad3)
2025-06-27T01:37:17.1161326+01:00 0HNDL2AQOHVD9:00000005 [INF] Request starting "HTTP/1.1" "POST" "http"://"localhost:5045""""/api/applicationsAsync/AddNewApplicationAsync""" - "application/json" 242 (d509f86a)
2025-06-27T01:37:17.1342056+01:00 0HNDL2AQOHVD9:00000005 [WRN] Failed to determine the https port for redirect. (ca76cc21)
2025-06-27T01:37:17.1371484+01:00 0HNDL2AQOHVD9:00000005 [INF] Executing endpoint '"DVLD_API.Controllers.ApplicationAPIController.CreateApplicationAsync (DVLD_API)"' (500cc934)
2025-06-27T01:37:17.1631081+01:00 0HNDL2AQOHVD9:00000005 [INF] Route matched with "{action = \"CreateApplication\", controller = \"ApplicationAPI\"}". Executing controller action with signature "System.Threading.Tasks.Task`1[Microsoft.AspNetCore.Mvc.ActionResult`1[DVLD_SharedModels.clsApplicationDTO]] CreateApplicationAsync(DVLD_SharedModels.clsApplicationDTO)" on controller "DVLD_API.Controllers.ApplicationAPIController" ("DVLD_API"). (122b2fdf)
2025-06-27T01:37:17.2019466+01:00 0HNDL2AQOHVD9:00000005 [INF] Creating new application (69092f41)
2025-06-27T01:37:17.4673200+01:00 0HNDL2AQOHVD9:00000005 [INF] Executing "CreatedAtRouteResult", writing value of type '"DVLD_SharedModels.clsApplicationDTO"'. (605b4265)
2025-06-27T01:37:17.4829161+01:00 0HNDL2AQOHVD9:00000005 [INF] Executed action "DVLD_API.Controllers.ApplicationAPIController.CreateApplicationAsync (DVLD_API)" in 317.5263ms (afa2e885)
2025-06-27T01:37:17.4832352+01:00 0HNDL2AQOHVD9:00000005 [INF] Executed endpoint '"DVLD_API.Controllers.ApplicationAPIController.CreateApplicationAsync (DVLD_API)"' (99874f2b)
2025-06-27T01:37:17.4837051+01:00 0HNDL2AQOHVD9:00000005 [INF] Request finished "HTTP/1.1" "POST" "http"://"localhost:5045""""/api/applicationsAsync/AddNewApplicationAsync""" - 201 null "application/json; charset=utf-8" 367.6671ms (74253ad3)
2025-06-27T01:37:38.6426561+01:00  [INF] Now listening on: "http://localhost:5045" (d826f4b8)
2025-06-27T01:37:38.6983560+01:00  [INF] Application started. Press Ctrl+C to shut down. (dcaefe54)
2025-06-27T01:37:38.6994958+01:00  [INF] Hosting environment: "Development" (bc5a1a4e)
2025-06-27T01:37:38.7004943+01:00  [INF] Content root path: "S:\14    PFE_DVLD\TheProjectDVLDVersion2.0.0\BackEnd-ServerSide\DVLD_API" (cc26f24e)
2025-06-27T01:37:39.1482907+01:00 0HNDL2B8QTKQQ:00000001 [INF] Request starting "HTTP/1.1" "GET" "http"://"localhost:5045""""/swagger/index.html""" - null null (d509f86a)
2025-06-27T01:37:39.3015412+01:00 0HNDL2B8QTKQQ:00000001 [INF] Request finished "HTTP/1.1" "GET" "http"://"localhost:5045""""/swagger/index.html""" - 200 null "text/html;charset=utf-8" 164.2365ms (74253ad3)
2025-06-27T01:37:39.3234879+01:00 0HNDL2B8QTKQQ:00000002 [INF] Request starting "HTTP/1.1" "GET" "http"://"localhost:5045""""/_framework/aspnetcore-browser-refresh.js""" - null null (d509f86a)
2025-06-27T01:37:39.3259226+01:00 0HNDL2B8QTKQQ:00000002 [INF] Request finished "HTTP/1.1" "GET" "http"://"localhost:5045""""/_framework/aspnetcore-browser-refresh.js""" - 200 16501 "application/javascript; charset=utf-8" 2.5842ms (74253ad3)
2025-06-27T01:37:39.3906336+01:00 0HNDL2B8QTKQQ:00000003 [INF] Request starting "HTTP/1.1" "GET" "http"://"localhost:5045""""/_vs/browserLink""" - null null (d509f86a)
2025-06-27T01:37:39.4303308+01:00 0HNDL2B8QTKQQ:00000003 [INF] Request finished "HTTP/1.1" "GET" "http"://"localhost:5045""""/_vs/browserLink""" - 200 null "text/javascript; charset=UTF-8" 39.7633ms (74253ad3)
2025-06-27T01:37:39.5579983+01:00 0HNDL2B8QTKQQ:00000004 [INF] Request starting "HTTP/1.1" "GET" "http"://"localhost:5045""""/swagger/v1/swagger.json""" - null null (d509f86a)
2025-06-27T01:37:39.6768267+01:00 0HNDL2B8QTKQQ:00000004 [INF] Request finished "HTTP/1.1" "GET" "http"://"localhost:5045""""/swagger/v1/swagger.json""" - 200 null "application/json;charset=utf-8" 118.9433ms (74253ad3)
2025-06-27T01:38:11.2481466+01:00 0HNDL2B8QTKQQ:00000005 [INF] Request starting "HTTP/1.1" "POST" "http"://"localhost:5045""""/api/applicationsAsync/AddNewApplicationAsync""" - "application/json" 242 (d509f86a)
2025-06-27T01:38:11.2637512+01:00 0HNDL2B8QTKQQ:00000005 [WRN] Failed to determine the https port for redirect. (ca76cc21)
2025-06-27T01:38:11.2657543+01:00 0HNDL2B8QTKQQ:00000005 [INF] Executing endpoint '"DVLD_API.Controllers.ApplicationAPIController.CreateApplicationAsync (DVLD_API)"' (500cc934)
2025-06-27T01:38:11.2790848+01:00 0HNDL2B8QTKQQ:00000005 [INF] Route matched with "{action = \"CreateApplication\", controller = \"ApplicationAPI\"}". Executing controller action with signature "System.Threading.Tasks.Task`1[Microsoft.AspNetCore.Mvc.ActionResult`1[DVLD_SharedModels.clsApplicationDTO]] CreateApplicationAsync(DVLD_SharedModels.clsApplicationDTO)" on controller "DVLD_API.Controllers.ApplicationAPIController" ("DVLD_API"). (122b2fdf)
2025-06-27T01:38:11.3099464+01:00 0HNDL2B8QTKQQ:00000005 [INF] Creating new application (69092f41)
2025-06-27T01:38:11.5692102+01:00 0HNDL2B8QTKQQ:00000005 [INF] Executing "CreatedAtRouteResult", writing value of type '"DVLD_SharedModels.clsApplicationDTO"'. (605b4265)
2025-06-27T01:38:11.5850639+01:00 0HNDL2B8QTKQQ:00000005 [INF] Executed action "DVLD_API.Controllers.ApplicationAPIController.CreateApplicationAsync (DVLD_API)" in 303.7164ms (afa2e885)
2025-06-27T01:38:11.5853725+01:00 0HNDL2B8QTKQQ:00000005 [INF] Executed endpoint '"DVLD_API.Controllers.ApplicationAPIController.CreateApplicationAsync (DVLD_API)"' (99874f2b)
2025-06-27T01:38:11.5858956+01:00 0HNDL2B8QTKQQ:00000005 [INF] Request finished "HTTP/1.1" "POST" "http"://"localhost:5045""""/api/applicationsAsync/AddNewApplicationAsync""" - 201 null "application/json; charset=utf-8" 337.8463ms (74253ad3)
2025-06-27T01:39:28.1105022+01:00 0HNDL2B8QTKQQ:00000006 [INF] Request starting "HTTP/1.1" "PUT" "http"://"localhost:5045""""/api/applicationsAsync/UpdateApplicationAsync/136""" - "application/json" 242 (d509f86a)
2025-06-27T01:39:28.1134855+01:00 0HNDL2B8QTKQQ:00000006 [INF] Executing endpoint '"DVLD_API.Controllers.ApplicationAPIController.UpdateApplicationAsync (DVLD_API)"' (500cc934)
2025-06-27T01:39:28.1168694+01:00 0HNDL2B8QTKQQ:00000006 [INF] Route matched with "{action = \"UpdateApplication\", controller = \"ApplicationAPI\"}". Executing controller action with signature "System.Threading.Tasks.Task`1[Microsoft.AspNetCore.Mvc.ActionResult`1[System.Boolean]] UpdateApplicationAsync(Int32, DVLD_SharedModels.clsApplicationDTO)" on controller "DVLD_API.Controllers.ApplicationAPIController" ("DVLD_API"). (122b2fdf)
2025-06-27T01:39:28.1204020+01:00 0HNDL2B8QTKQQ:00000006 [INF] Updating application 136 (412e7f30)
2025-06-27T01:39:28.1543736+01:00 0HNDL2B8QTKQQ:00000006 [ERR] Failed to update application 136 (bfaf51b8)
2025-06-27T01:39:28.1549943+01:00 0HNDL2B8QTKQQ:00000006 [INF] Executing "ObjectResult", writing value of type '"<>f__AnonymousType0`1[[System.String, System.Private.CoreLib, Version=8.0.0.0, Culture=neutral, PublicKeyToken=7cec85d7bea7798e]]"'. (605b4265)
2025-06-27T01:39:28.1560727+01:00 0HNDL2B8QTKQQ:00000006 [INF] Executed action "DVLD_API.Controllers.ApplicationAPIController.UpdateApplicationAsync (DVLD_API)" in 39.1434ms (afa2e885)
2025-06-27T01:39:28.1560992+01:00 0HNDL2B8QTKQQ:00000006 [INF] Executed endpoint '"DVLD_API.Controllers.ApplicationAPIController.UpdateApplicationAsync (DVLD_API)"' (99874f2b)
2025-06-27T01:39:28.1561711+01:00 0HNDL2B8QTKQQ:00000006 [INF] Request finished "HTTP/1.1" "PUT" "http"://"localhost:5045""""/api/applicationsAsync/UpdateApplicationAsync/136""" - 500 null "application/json; charset=utf-8" 45.7712ms (74253ad3)
2025-06-27T01:39:49.3032218+01:00 0HNDL2B8QTKQQ:00000007 [INF] Request starting "HTTP/1.1" "PUT" "http"://"localhost:5045""""/api/applicationsAsync/UpdateApplicationAsync/136""" - "application/json" 244 (d509f86a)
2025-06-27T01:39:49.3034325+01:00 0HNDL2B8QTKQQ:00000007 [INF] Executing endpoint '"DVLD_API.Controllers.ApplicationAPIController.UpdateApplicationAsync (DVLD_API)"' (500cc934)
2025-06-27T01:39:49.3035644+01:00 0HNDL2B8QTKQQ:00000007 [INF] Route matched with "{action = \"UpdateApplication\", controller = \"ApplicationAPI\"}". Executing controller action with signature "System.Threading.Tasks.Task`1[Microsoft.AspNetCore.Mvc.ActionResult`1[System.Boolean]] UpdateApplicationAsync(Int32, DVLD_SharedModels.clsApplicationDTO)" on controller "DVLD_API.Controllers.ApplicationAPIController" ("DVLD_API"). (122b2fdf)
2025-06-27T01:39:49.3058619+01:00 0HNDL2B8QTKQQ:00000007 [INF] Updating application 136 (412e7f30)
2025-06-27T01:39:49.3120918+01:00 0HNDL2B8QTKQQ:00000007 [INF] Executing "OkObjectResult", writing value of type '"System.Boolean"'. (605b4265)
2025-06-27T01:39:49.3146371+01:00 0HNDL2B8QTKQQ:00000007 [INF] Executed action "DVLD_API.Controllers.ApplicationAPIController.UpdateApplicationAsync (DVLD_API)" in 11.0398ms (afa2e885)
2025-06-27T01:39:49.3146871+01:00 0HNDL2B8QTKQQ:00000007 [INF] Executed endpoint '"DVLD_API.Controllers.ApplicationAPIController.UpdateApplicationAsync (DVLD_API)"' (99874f2b)
2025-06-27T01:39:49.3150318+01:00 0HNDL2B8QTKQQ:00000007 [INF] Request finished "HTTP/1.1" "PUT" "http"://"localhost:5045""""/api/applicationsAsync/UpdateApplicationAsync/136""" - 200 null "application/json; charset=utf-8" 11.883ms (74253ad3)
2025-06-27T01:41:21.7525782+01:00 0HNDL2B8QTKQQ:00000008 [INF] Request starting "HTTP/1.1" "GET" "http"://"localhost:5045""""/api/applicationsAsync/GetApplicationByIDAsync/136""" - null null (d509f86a)
2025-06-27T01:41:21.7574343+01:00 0HNDL2B8QTKQQ:00000008 [INF] Executing endpoint '"DVLD_API.Controllers.ApplicationAPIController.GetApplicationByIDAsync (DVLD_API)"' (500cc934)
2025-06-27T01:41:21.7598292+01:00 0HNDL2B8QTKQQ:00000008 [INF] Route matched with "{action = \"GetApplicationByID\", controller = \"ApplicationAPI\"}". Executing controller action with signature "System.Threading.Tasks.Task`1[Microsoft.AspNetCore.Mvc.ActionResult`1[DVLD_SharedModels.clsApplicationDTO]] GetApplicationByIDAsync(Int32)" on controller "DVLD_API.Controllers.ApplicationAPIController" ("DVLD_API"). (122b2fdf)
2025-06-27T01:41:21.7621493+01:00 0HNDL2B8QTKQQ:00000008 [INF] Retrieving application 136 (862552af)
2025-06-27T01:41:21.7790775+01:00 0HNDL2B8QTKQQ:00000008 [INF] Executing "OkObjectResult", writing value of type '"DVLD_SharedModels.clsApplicationDTO"'. (605b4265)
2025-06-27T01:41:21.7792360+01:00 0HNDL2B8QTKQQ:00000008 [INF] Executed action "DVLD_API.Controllers.ApplicationAPIController.GetApplicationByIDAsync (DVLD_API)" in 19.3724ms (afa2e885)
2025-06-27T01:41:21.7792666+01:00 0HNDL2B8QTKQQ:00000008 [INF] Executed endpoint '"DVLD_API.Controllers.ApplicationAPIController.GetApplicationByIDAsync (DVLD_API)"' (99874f2b)
2025-06-27T01:41:21.7793481+01:00 0HNDL2B8QTKQQ:00000008 [INF] Request finished "HTTP/1.1" "GET" "http"://"localhost:5045""""/api/applicationsAsync/GetApplicationByIDAsync/136""" - 200 null "application/json; charset=utf-8" 27.0451ms (74253ad3)
2025-06-27T01:44:03.5542091+01:00 0HNDL2B8QTKQQ:00000009 [INF] Request starting "HTTP/1.1" "DELETE" "http"://"localhost:5045""""/api/applicationsAsync/DeleteApplicationAsync/136""" - null null (d509f86a)
2025-06-27T01:44:03.5565394+01:00 0HNDL2B8QTKQQ:00000009 [INF] Executing endpoint '"DVLD_API.Controllers.ApplicationAPIController.DeleteApplicationAsync (DVLD_API)"' (500cc934)
2025-06-27T01:44:03.5638238+01:00 0HNDL2B8QTKQQ:00000009 [INF] Route matched with "{action = \"DeleteApplication\", controller = \"ApplicationAPI\"}". Executing controller action with signature "System.Threading.Tasks.Task`1[Microsoft.AspNetCore.Mvc.ActionResult`1[System.Boolean]] DeleteApplicationAsync(Int32)" on controller "DVLD_API.Controllers.ApplicationAPIController" ("DVLD_API"). (122b2fdf)
2025-06-27T01:44:03.5668197+01:00 0HNDL2B8QTKQQ:00000009 [INF] Deleting application 136 (1801f169)
2025-06-27T01:44:03.5994110+01:00 0HNDL2B8QTKQQ:00000009 [ERR] Failed to delete application 136 (0a57176e)
2025-06-27T01:44:03.5995497+01:00 0HNDL2B8QTKQQ:00000009 [INF] Executing "ObjectResult", writing value of type '"<>f__AnonymousType0`1[[System.String, System.Private.CoreLib, Version=8.0.0.0, Culture=neutral, PublicKeyToken=7cec85d7bea7798e]]"'. (605b4265)
2025-06-27T01:44:03.5996823+01:00 0HNDL2B8QTKQQ:00000009 [INF] Executed action "DVLD_API.Controllers.ApplicationAPIController.DeleteApplicationAsync (DVLD_API)" in 35.8259ms (afa2e885)
2025-06-27T01:44:03.5997061+01:00 0HNDL2B8QTKQQ:00000009 [INF] Executed endpoint '"DVLD_API.Controllers.ApplicationAPIController.DeleteApplicationAsync (DVLD_API)"' (99874f2b)
2025-06-27T01:44:03.5997998+01:00 0HNDL2B8QTKQQ:00000009 [INF] Request finished "HTTP/1.1" "DELETE" "http"://"localhost:5045""""/api/applicationsAsync/DeleteApplicationAsync/136""" - 500 null "application/json; charset=utf-8" 45.6763ms (74253ad3)
2025-06-27T01:47:57.5435440+01:00  [INF] Now listening on: "http://localhost:5045" (d826f4b8)
2025-06-27T01:47:57.6021816+01:00  [INF] Application started. Press Ctrl+C to shut down. (dcaefe54)
2025-06-27T01:47:57.6032723+01:00  [INF] Hosting environment: "Development" (bc5a1a4e)
2025-06-27T01:47:57.6044195+01:00  [INF] Content root path: "S:\14    PFE_DVLD\TheProjectDVLDVersion2.0.0\BackEnd-ServerSide\DVLD_API" (cc26f24e)
2025-06-27T01:47:58.0194046+01:00 0HNDL2H18LR4I:00000001 [INF] Request starting "HTTP/1.1" "GET" "http"://"localhost:5045""""/swagger/index.html""" - null null (d509f86a)
2025-06-27T01:47:58.1793293+01:00 0HNDL2H18LR4I:00000001 [INF] Request finished "HTTP/1.1" "GET" "http"://"localhost:5045""""/swagger/index.html""" - 200 null "text/html;charset=utf-8" 166.9729ms (74253ad3)
2025-06-27T01:47:58.2009895+01:00 0HNDL2H18LR4I:00000002 [INF] Request starting "HTTP/1.1" "GET" "http"://"localhost:5045""""/_framework/aspnetcore-browser-refresh.js""" - null null (d509f86a)
2025-06-27T01:47:58.2029108+01:00 0HNDL2H18LR4I:00000002 [INF] Request finished "HTTP/1.1" "GET" "http"://"localhost:5045""""/_framework/aspnetcore-browser-refresh.js""" - 200 16501 "application/javascript; charset=utf-8" 2.0513ms (74253ad3)
2025-06-27T01:47:58.2540941+01:00 0HNDL2H18LR4I:00000003 [INF] Request starting "HTTP/1.1" "GET" "http"://"localhost:5045""""/_vs/browserLink""" - null null (d509f86a)
2025-06-27T01:47:58.2877089+01:00 0HNDL2H18LR4I:00000003 [INF] Request finished "HTTP/1.1" "GET" "http"://"localhost:5045""""/_vs/browserLink""" - 200 null "text/javascript; charset=UTF-8" 33.6247ms (74253ad3)
2025-06-27T01:47:58.4011190+01:00 0HNDL2H18LR4I:00000004 [INF] Request starting "HTTP/1.1" "GET" "http"://"localhost:5045""""/swagger/v1/swagger.json""" - null null (d509f86a)
2025-06-27T01:47:58.5040600+01:00 0HNDL2H18LR4I:00000004 [INF] Request finished "HTTP/1.1" "GET" "http"://"localhost:5045""""/swagger/v1/swagger.json""" - 200 null "application/json;charset=utf-8" 103.004ms (74253ad3)
2025-06-27T01:48:08.0659571+01:00 0HNDL2H18LR4I:00000005 [INF] Request starting "HTTP/1.1" "DELETE" "http"://"localhost:5045""""/api/applicationsAsync/DeleteApplicationAsync/136""" - null null (d509f86a)
2025-06-27T01:48:08.0815578+01:00 0HNDL2H18LR4I:00000005 [WRN] Failed to determine the https port for redirect. (ca76cc21)
2025-06-27T01:48:08.0839918+01:00 0HNDL2H18LR4I:00000005 [INF] Executing endpoint '"DVLD_API.Controllers.ApplicationAPIController.DeleteApplicationAsync (DVLD_API)"' (500cc934)
2025-06-27T01:48:08.0973060+01:00 0HNDL2H18LR4I:00000005 [INF] Route matched with "{action = \"DeleteApplication\", controller = \"ApplicationAPI\"}". Executing controller action with signature "System.Threading.Tasks.Task`1[Microsoft.AspNetCore.Mvc.ActionResult`1[System.Boolean]] DeleteApplicationAsync(Int32)" on controller "DVLD_API.Controllers.ApplicationAPIController" ("DVLD_API"). (122b2fdf)
2025-06-27T01:48:08.1116510+01:00 0HNDL2H18LR4I:00000005 [INF] Deleting application 136 (1801f169)
2025-06-27T01:48:08.3312760+01:00 0HNDL2H18LR4I:00000005 [WRN] Application 136 not found (d6dea39d)
2025-06-27T01:48:08.3362314+01:00 0HNDL2H18LR4I:00000005 [INF] Executing "NotFoundObjectResult", writing value of type '"<>f__AnonymousType0`1[[System.String, System.Private.CoreLib, Version=8.0.0.0, Culture=neutral, PublicKeyToken=7cec85d7bea7798e]]"'. (605b4265)
2025-06-27T01:48:08.3411929+01:00 0HNDL2H18LR4I:00000005 [INF] Executed action "DVLD_API.Controllers.ApplicationAPIController.DeleteApplicationAsync (DVLD_API)" in 241.7786ms (afa2e885)
2025-06-27T01:48:08.3414923+01:00 0HNDL2H18LR4I:00000005 [INF] Executed endpoint '"DVLD_API.Controllers.ApplicationAPIController.DeleteApplicationAsync (DVLD_API)"' (99874f2b)
2025-06-27T01:48:08.3419464+01:00 0HNDL2H18LR4I:00000005 [INF] Request finished "HTTP/1.1" "DELETE" "http"://"localhost:5045""""/api/applicationsAsync/DeleteApplicationAsync/136""" - 404 null "application/json; charset=utf-8" 276.0653ms (74253ad3)
2025-06-27T01:48:29.8665808+01:00 0HNDL2H18LR4I:00000006 [INF] Request starting "HTTP/1.1" "GET" "http"://"localhost:5045""""/api/applicationsAsync/GetAllApplicationsAsync""?pageNumber=1&pageSize=10" - null null (d509f86a)
2025-06-27T01:48:29.8718021+01:00 0HNDL2H18LR4I:00000006 [INF] Executing endpoint '"DVLD_API.Controllers.ApplicationAPIController.GetAllApplicationsAsync (DVLD_API)"' (500cc934)
2025-06-27T01:48:29.8752784+01:00 0HNDL2H18LR4I:00000006 [INF] Route matched with "{action = \"GetAllApplications\", controller = \"ApplicationAPI\"}". Executing controller action with signature "System.Threading.Tasks.Task`1[Microsoft.AspNetCore.Mvc.IActionResult] GetAllApplicationsAsync(Int32, Int32)" on controller "DVLD_API.Controllers.ApplicationAPIController" ("DVLD_API"). (122b2fdf)
2025-06-27T01:48:29.8804564+01:00 0HNDL2H18LR4I:00000006 [INF] Getting all applications - Page 1, Size 10 (25237438)
2025-06-27T01:48:29.8920394+01:00 0HNDL2H18LR4I:00000006 [INF] Executing "OkObjectResult", writing value of type '"DVLD_API.Controllers.PaginatedList`1[[DVLD_SharedModels.clsApplicationDTO, DVLD_SharedModels, Version=1.0.0.0, Culture=neutral, PublicKeyToken=null]]"'. (605b4265)
2025-06-27T01:48:29.9007724+01:00 0HNDL2H18LR4I:00000006 [INF] Executed action "DVLD_API.Controllers.ApplicationAPIController.GetAllApplicationsAsync (DVLD_API)" in 25.4141ms (afa2e885)
2025-06-27T01:48:29.9008167+01:00 0HNDL2H18LR4I:00000006 [INF] Executed endpoint '"DVLD_API.Controllers.ApplicationAPIController.GetAllApplicationsAsync (DVLD_API)"' (99874f2b)
2025-06-27T01:48:29.9009258+01:00 0HNDL2H18LR4I:00000006 [INF] Request finished "HTTP/1.1" "GET" "http"://"localhost:5045""""/api/applicationsAsync/GetAllApplicationsAsync""?pageNumber=1&pageSize=10" - 200 null "application/json; charset=utf-8" 34.4944ms (74253ad3)
2025-06-27T01:49:06.7859797+01:00 0HNDL2H18LR4I:00000007 [INF] Request starting "HTTP/1.1" "DELETE" "http"://"localhost:5045""""/api/applicationsAsync/DeleteApplicationAsync/135""" - null null (d509f86a)
2025-06-27T01:49:06.7863772+01:00 0HNDL2H18LR4I:00000007 [INF] Executing endpoint '"DVLD_API.Controllers.ApplicationAPIController.DeleteApplicationAsync (DVLD_API)"' (500cc934)
2025-06-27T01:49:06.7865093+01:00 0HNDL2H18LR4I:00000007 [INF] Route matched with "{action = \"DeleteApplication\", controller = \"ApplicationAPI\"}". Executing controller action with signature "System.Threading.Tasks.Task`1[Microsoft.AspNetCore.Mvc.ActionResult`1[System.Boolean]] DeleteApplicationAsync(Int32)" on controller "DVLD_API.Controllers.ApplicationAPIController" ("DVLD_API"). (122b2fdf)
2025-06-27T01:49:06.7888971+01:00 0HNDL2H18LR4I:00000007 [INF] Deleting application 135 (1801f169)
2025-06-27T01:49:06.8121790+01:00 0HNDL2H18LR4I:00000007 [INF] Executing StatusCodeResult, setting HTTP status code 204 (3fe03d2f)
2025-06-27T01:49:06.8122403+01:00 0HNDL2H18LR4I:00000007 [INF] Executed action "DVLD_API.Controllers.ApplicationAPIController.DeleteApplicationAsync (DVLD_API)" in 25.7025ms (afa2e885)
2025-06-27T01:49:06.8122571+01:00 0HNDL2H18LR4I:00000007 [INF] Executed endpoint '"DVLD_API.Controllers.ApplicationAPIController.DeleteApplicationAsync (DVLD_API)"' (99874f2b)
2025-06-27T01:49:06.8123796+01:00 0HNDL2H18LR4I:00000007 [INF] Request finished "HTTP/1.1" "DELETE" "http"://"localhost:5045""""/api/applicationsAsync/DeleteApplicationAsync/135""" - 204 null null 26.5735ms (74253ad3)
2025-06-27T01:50:49.1248868+01:00  [INF] Now listening on: "http://localhost:5045" (d826f4b8)
2025-06-27T01:50:49.1800881+01:00  [INF] Application started. Press Ctrl+C to shut down. (dcaefe54)
2025-06-27T01:50:49.1815849+01:00  [INF] Hosting environment: "Development" (bc5a1a4e)
2025-06-27T01:50:49.1827342+01:00  [INF] Content root path: "S:\14    PFE_DVLD\TheProjectDVLDVersion2.0.0\BackEnd-ServerSide\DVLD_API" (cc26f24e)
2025-06-27T01:50:49.7393054+01:00 0HNDL2IKEJH99:00000001 [INF] Request starting "HTTP/1.1" "GET" "http"://"localhost:5045""""/swagger/index.html""" - null null (d509f86a)
2025-06-27T01:50:49.8992573+01:00 0HNDL2IKEJH99:00000001 [INF] Request finished "HTTP/1.1" "GET" "http"://"localhost:5045""""/swagger/index.html""" - 200 null "text/html;charset=utf-8" 166.9632ms (74253ad3)
2025-06-27T01:50:49.9270476+01:00 0HNDL2IKEJH99:00000002 [INF] Request starting "HTTP/1.1" "GET" "http"://"localhost:5045""""/_framework/aspnetcore-browser-refresh.js""" - null null (d509f86a)
2025-06-27T01:50:49.9292063+01:00 0HNDL2IKEJH99:00000002 [INF] Request finished "HTTP/1.1" "GET" "http"://"localhost:5045""""/_framework/aspnetcore-browser-refresh.js""" - 200 16501 "application/javascript; charset=utf-8" 2.1076ms (74253ad3)
2025-06-27T01:50:49.9933010+01:00 0HNDL2IKEJH99:00000003 [INF] Request starting "HTTP/1.1" "GET" "http"://"localhost:5045""""/_vs/browserLink""" - null null (d509f86a)
2025-06-27T01:50:50.0369636+01:00 0HNDL2IKEJH99:00000003 [INF] Request finished "HTTP/1.1" "GET" "http"://"localhost:5045""""/_vs/browserLink""" - 200 null "text/javascript; charset=UTF-8" 43.6966ms (74253ad3)
2025-06-27T01:50:50.1624546+01:00 0HNDL2IKEJH99:00000004 [INF] Request starting "HTTP/1.1" "GET" "http"://"localhost:5045""""/swagger/v1/swagger.json""" - null null (d509f86a)
2025-06-27T01:50:50.2742936+01:00 0HNDL2IKEJH99:00000004 [INF] Request finished "HTTP/1.1" "GET" "http"://"localhost:5045""""/swagger/v1/swagger.json""" - 200 null "application/json;charset=utf-8" 111.9222ms (74253ad3)
2025-06-27T01:51:21.2387243+01:00 0HNDL2IKEJH99:00000005 [INF] Request starting "HTTP/1.1" "GET" "http"://"localhost:5045""""/api/applicationsAsync/ApplicationExistsAsync/134""" - null null (d509f86a)
2025-06-27T01:51:21.2542770+01:00 0HNDL2IKEJH99:00000005 [WRN] Failed to determine the https port for redirect. (ca76cc21)
2025-06-27T01:51:21.2562403+01:00 0HNDL2IKEJH99:00000005 [INF] Executing endpoint '"DVLD_API.Controllers.ApplicationAPIController.ApplicationExistsAsync (DVLD_API)"' (500cc934)
2025-06-27T01:51:21.2693536+01:00 0HNDL2IKEJH99:00000005 [INF] Route matched with "{action = \"ApplicationExists\", controller = \"ApplicationAPI\"}". Executing controller action with signature "System.Threading.Tasks.Task`1[Microsoft.AspNetCore.Mvc.ActionResult`1[System.Boolean]] ApplicationExistsAsync(Int32)" on controller "DVLD_API.Controllers.ApplicationAPIController" ("DVLD_API"). (122b2fdf)
2025-06-27T01:51:21.2839987+01:00 0HNDL2IKEJH99:00000005 [INF] Checking if application 134 exists (fca42d8b)
2025-06-27T01:51:21.5141464+01:00 0HNDL2IKEJH99:00000005 [INF] Executing "OkObjectResult", writing value of type '"System.Boolean"'. (605b4265)
2025-06-27T01:51:21.5204533+01:00 0HNDL2IKEJH99:00000005 [INF] Executed action "DVLD_API.Controllers.ApplicationAPIController.ApplicationExistsAsync (DVLD_API)" in 248.7539ms (afa2e885)
2025-06-27T01:51:21.5207690+01:00 0HNDL2IKEJH99:00000005 [INF] Executed endpoint '"DVLD_API.Controllers.ApplicationAPIController.ApplicationExistsAsync (DVLD_API)"' (99874f2b)
2025-06-27T01:51:21.5212482+01:00 0HNDL2IKEJH99:00000005 [INF] Request finished "HTTP/1.1" "GET" "http"://"localhost:5045""""/api/applicationsAsync/ApplicationExistsAsync/134""" - 200 null "application/json; charset=utf-8" 282.6443ms (74253ad3)
2025-06-27T01:51:31.2482940+01:00 0HNDL2IKEJH99:00000006 [INF] Request starting "HTTP/1.1" "GET" "http"://"localhost:5045""""/api/applicationsAsync/GetAllApplicationsAsync""?pageNumber=1&pageSize=10" - null null (d509f86a)
2025-06-27T01:51:31.2513904+01:00 0HNDL2IKEJH99:00000006 [INF] Executing endpoint '"DVLD_API.Controllers.ApplicationAPIController.GetAllApplicationsAsync (DVLD_API)"' (500cc934)
2025-06-27T01:51:31.2541966+01:00 0HNDL2IKEJH99:00000006 [INF] Route matched with "{action = \"GetAllApplications\", controller = \"ApplicationAPI\"}". Executing controller action with signature "System.Threading.Tasks.Task`1[Microsoft.AspNetCore.Mvc.IActionResult] GetAllApplicationsAsync(Int32, Int32)" on controller "DVLD_API.Controllers.ApplicationAPIController" ("DVLD_API"). (122b2fdf)
2025-06-27T01:51:31.2589640+01:00 0HNDL2IKEJH99:00000006 [INF] Getting all applications - Page 1, Size 10 (25237438)
2025-06-27T01:51:31.2718047+01:00 0HNDL2IKEJH99:00000006 [INF] Executing "OkObjectResult", writing value of type '"DVLD_API.Controllers.PaginatedList`1[[DVLD_SharedModels.clsApplicationDTO, DVLD_SharedModels, Version=1.0.0.0, Culture=neutral, PublicKeyToken=null]]"'. (605b4265)
2025-06-27T01:51:31.2807796+01:00 0HNDL2IKEJH99:00000006 [INF] Executed action "DVLD_API.Controllers.ApplicationAPIController.GetAllApplicationsAsync (DVLD_API)" in 26.5121ms (afa2e885)
2025-06-27T01:51:31.2808339+01:00 0HNDL2IKEJH99:00000006 [INF] Executed endpoint '"DVLD_API.Controllers.ApplicationAPIController.GetAllApplicationsAsync (DVLD_API)"' (99874f2b)
2025-06-27T01:51:31.2809222+01:00 0HNDL2IKEJH99:00000006 [INF] Request finished "HTTP/1.1" "GET" "http"://"localhost:5045""""/api/applicationsAsync/GetAllApplicationsAsync""?pageNumber=1&pageSize=10" - 200 null "application/json; charset=utf-8" 32.7189ms (74253ad3)
2025-06-27T01:51:40.0788845+01:00 0HNDL2IKEJH99:00000007 [INF] Request starting "HTTP/1.1" "GET" "http"://"localhost:5045""""/api/applicationsAsync/ApplicationExistsAsync/133""" - null null (d509f86a)
2025-06-27T01:51:40.0792851+01:00 0HNDL2IKEJH99:00000007 [INF] Executing endpoint '"DVLD_API.Controllers.ApplicationAPIController.ApplicationExistsAsync (DVLD_API)"' (500cc934)
2025-06-27T01:51:40.0794184+01:00 0HNDL2IKEJH99:00000007 [INF] Route matched with "{action = \"ApplicationExists\", controller = \"ApplicationAPI\"}". Executing controller action with signature "System.Threading.Tasks.Task`1[Microsoft.AspNetCore.Mvc.ActionResult`1[System.Boolean]] ApplicationExistsAsync(Int32)" on controller "DVLD_API.Controllers.ApplicationAPIController" ("DVLD_API"). (122b2fdf)
2025-06-27T01:51:40.0809594+01:00 0HNDL2IKEJH99:00000007 [INF] Checking if application 133 exists (fca42d8b)
2025-06-27T01:51:40.0835173+01:00 0HNDL2IKEJH99:00000007 [INF] Executing "OkObjectResult", writing value of type '"System.Boolean"'. (605b4265)
2025-06-27T01:51:40.0855673+01:00 0HNDL2IKEJH99:00000007 [INF] Executed action "DVLD_API.Controllers.ApplicationAPIController.ApplicationExistsAsync (DVLD_API)" in 5.6019ms (afa2e885)
2025-06-27T01:51:40.0856355+01:00 0HNDL2IKEJH99:00000007 [INF] Executed endpoint '"DVLD_API.Controllers.ApplicationAPIController.ApplicationExistsAsync (DVLD_API)"' (99874f2b)
2025-06-27T01:51:40.0857987+01:00 0HNDL2IKEJH99:00000007 [INF] Request finished "HTTP/1.1" "GET" "http"://"localhost:5045""""/api/applicationsAsync/ApplicationExistsAsync/133""" - 200 null "application/json; charset=utf-8" 6.9632ms (74253ad3)
2025-06-27T01:52:23.7116502+01:00 0HNDL2IKEJH99:00000008 [INF] Request starting "HTTP/1.1" "GET" "http"://"localhost:5045""""/api/applicationsAsync/GetAllApplicationsAsync""?pageNumber=1&pageSize=10" - null null (d509f86a)
2025-06-27T01:52:23.7393835+01:00 0HNDL2IKEJH99:00000008 [INF] Executing endpoint '"DVLD_API.Controllers.ApplicationAPIController.GetAllApplicationsAsync (DVLD_API)"' (500cc934)
2025-06-27T01:52:23.7395061+01:00 0HNDL2IKEJH99:00000008 [INF] Route matched with "{action = \"GetAllApplications\", controller = \"ApplicationAPI\"}". Executing controller action with signature "System.Threading.Tasks.Task`1[Microsoft.AspNetCore.Mvc.IActionResult] GetAllApplicationsAsync(Int32, Int32)" on controller "DVLD_API.Controllers.ApplicationAPIController" ("DVLD_API"). (122b2fdf)
2025-06-27T01:52:23.7422377+01:00 0HNDL2IKEJH99:00000008 [INF] Getting all applications - Page 1, Size 10 (25237438)
2025-06-27T01:52:23.7490599+01:00 0HNDL2IKEJH99:00000008 [INF] Executing "OkObjectResult", writing value of type '"DVLD_API.Controllers.PaginatedList`1[[DVLD_SharedModels.clsApplicationDTO, DVLD_SharedModels, Version=1.0.0.0, Culture=neutral, PublicKeyToken=null]]"'. (605b4265)
2025-06-27T01:52:23.7503161+01:00 0HNDL2IKEJH99:00000008 [INF] Executed action "DVLD_API.Controllers.ApplicationAPIController.GetAllApplicationsAsync (DVLD_API)" in 9.7278ms (afa2e885)
2025-06-27T01:52:23.7503508+01:00 0HNDL2IKEJH99:00000008 [INF] Executed endpoint '"DVLD_API.Controllers.ApplicationAPIController.GetAllApplicationsAsync (DVLD_API)"' (99874f2b)
2025-06-27T01:52:23.7517127+01:00 0HNDL2IKEJH99:00000008 [INF] Request finished "HTTP/1.1" "GET" "http"://"localhost:5045""""/api/applicationsAsync/GetAllApplicationsAsync""?pageNumber=1&pageSize=10" - 200 null "application/json; charset=utf-8" 39.7601ms (74253ad3)
2025-06-27T01:54:27.3278530+01:00 0HNDL2IKEJH99:00000009 [INF] Request starting "HTTP/1.1" "GET" "http"://"localhost:5045""""/api/applicationsAsync/GetActiveApplicationIDAsync/132/1""" - null null (d509f86a)
2025-06-27T01:54:27.3306250+01:00 0HNDL2IKEJH99:00000009 [INF] Executing endpoint '"DVLD_API.Controllers.ApplicationAPIController.GetActiveApplicationIDAsync (DVLD_API)"' (500cc934)
2025-06-27T01:54:27.3348769+01:00 0HNDL2IKEJH99:00000009 [INF] Route matched with "{action = \"GetActiveApplicationID\", controller = \"ApplicationAPI\"}". Executing controller action with signature "System.Threading.Tasks.Task`1[Microsoft.AspNetCore.Mvc.IActionResult] GetActiveApplicationIDAsync(Int32, Int32)" on controller "DVLD_API.Controllers.ApplicationAPIController" ("DVLD_API"). (122b2fdf)
2025-06-27T01:54:27.3368270+01:00 0HNDL2IKEJH99:00000009 [INF] Getting active application for person 132, type 1 (3c0b8b2d)
2025-06-27T01:54:27.3460051+01:00 0HNDL2IKEJH99:00000009 [INF] Executing "OkObjectResult", writing value of type '"null"'. (605b4265)
2025-06-27T01:54:27.3460830+01:00 0HNDL2IKEJH99:00000009 [INF] Executed action "DVLD_API.Controllers.ApplicationAPIController.GetActiveApplicationIDAsync (DVLD_API)" in 11.1766ms (afa2e885)
2025-06-27T01:54:27.3461024+01:00 0HNDL2IKEJH99:00000009 [INF] Executed endpoint '"DVLD_API.Controllers.ApplicationAPIController.GetActiveApplicationIDAsync (DVLD_API)"' (99874f2b)
2025-06-27T01:54:27.3462318+01:00 0HNDL2IKEJH99:00000009 [INF] Request finished "HTTP/1.1" "GET" "http"://"localhost:5045""""/api/applicationsAsync/GetActiveApplicationIDAsync/132/1""" - 204 null null 18.4604ms (74253ad3)
2025-06-27T01:59:18.6302801+01:00 0HNDL2IKEJH99:0000000A [INF] Request starting "HTTP/1.1" "PUT" "http"://"localhost:5045""""/api/applicationsAsync/UpdateStatusAsync/132/1""" - null 0 (d509f86a)
2025-06-27T01:59:18.6315442+01:00 0HNDL2IKEJH99:0000000A [INF] Executing endpoint '"DVLD_API.Controllers.ApplicationAPIController.UpdateStatusAsync (DVLD_API)"' (500cc934)
2025-06-27T01:59:18.6339722+01:00 0HNDL2IKEJH99:0000000A [INF] Route matched with "{action = \"UpdateStatus\", controller = \"ApplicationAPI\"}". Executing controller action with signature "System.Threading.Tasks.Task`1[Microsoft.AspNetCore.Mvc.ActionResult`1[System.Boolean]] UpdateStatusAsync(Int32, Int16)" on controller "DVLD_API.Controllers.ApplicationAPIController" ("DVLD_API"). (122b2fdf)
2025-06-27T01:59:18.6364722+01:00 0HNDL2IKEJH99:0000000A [INF] Updating status for application 132 to 1 (8c565b71)
2025-06-27T01:59:18.6580064+01:00 0HNDL2IKEJH99:0000000A [INF] Executing "OkObjectResult", writing value of type '"System.Boolean"'. (605b4265)
2025-06-27T01:59:18.6581608+01:00 0HNDL2IKEJH99:0000000A [INF] Executed action "DVLD_API.Controllers.ApplicationAPIController.UpdateStatusAsync (DVLD_API)" in 24.1594ms (afa2e885)
2025-06-27T01:59:18.6581891+01:00 0HNDL2IKEJH99:0000000A [INF] Executed endpoint '"DVLD_API.Controllers.ApplicationAPIController.UpdateStatusAsync (DVLD_API)"' (99874f2b)
2025-06-27T01:59:18.6582794+01:00 0HNDL2IKEJH99:0000000A [INF] Request finished "HTTP/1.1" "PUT" "http"://"localhost:5045""""/api/applicationsAsync/UpdateStatusAsync/132/1""" - 200 null "application/json; charset=utf-8" 28.09ms (74253ad3)
2025-06-27T11:26:49.9291225+01:00  [INF] Now listening on: "http://localhost:5045" (d826f4b8)
2025-06-27T11:26:49.9915166+01:00  [INF] Application started. Press Ctrl+C to shut down. (dcaefe54)
2025-06-27T11:26:49.9930543+01:00  [INF] Hosting environment: "Development" (bc5a1a4e)
2025-06-27T11:26:49.9942524+01:00  [INF] Content root path: "S:\14    PFE_DVLD\TheProjectDVLDVersion2.0.0\BackEnd-ServerSide\DVLD_API" (cc26f24e)
2025-06-27T11:26:51.9582374+01:00 0HNDLCKG923PP:00000001 [INF] Request starting "HTTP/1.1" "GET" "http"://"localhost:5045""""/swagger/index.html""" - null null (d509f86a)
2025-06-27T11:26:52.2765062+01:00 0HNDLCKG923PP:00000001 [INF] Request finished "HTTP/1.1" "GET" "http"://"localhost:5045""""/swagger/index.html""" - 200 null "text/html;charset=utf-8" 322.6324ms (74253ad3)
2025-06-27T11:26:52.3046753+01:00 0HNDLCKG923PR:00000001 [INF] Request starting "HTTP/1.1" "GET" "http"://"localhost:5045""""/_framework/aspnetcore-browser-refresh.js""" - null null (d509f86a)
2025-06-27T11:26:52.3085239+01:00 0HNDLCKG923PR:00000001 [INF] Request finished "HTTP/1.1" "GET" "http"://"localhost:5045""""/_framework/aspnetcore-browser-refresh.js""" - 200 16501 "application/javascript; charset=utf-8" 3.9379ms (74253ad3)
2025-06-27T11:26:52.3691482+01:00 0HNDLCKG923PR:00000002 [INF] Request starting "HTTP/1.1" "GET" "http"://"localhost:5045""""/_vs/browserLink""" - null null (d509f86a)
2025-06-27T11:26:52.4113237+01:00 0HNDLCKG923PR:00000002 [INF] Request finished "HTTP/1.1" "GET" "http"://"localhost:5045""""/_vs/browserLink""" - 200 null "text/javascript; charset=UTF-8" 42.2177ms (74253ad3)
2025-06-27T11:26:52.4867980+01:00 0HNDLCKG923PR:00000003 [INF] Request starting "HTTP/1.1" "GET" "http"://"localhost:5045""""/swagger/v1/swagger.json""" - null null (d509f86a)
2025-06-27T11:26:52.6202447+01:00 0HNDLCKG923PR:00000003 [INF] Request finished "HTTP/1.1" "GET" "http"://"localhost:5045""""/swagger/v1/swagger.json""" - 200 null "application/json;charset=utf-8" 133.4597ms (74253ad3)
2025-06-27T11:27:22.1851201+01:00 0HNDLCKG923PS:00000001 [INF] Request starting "HTTP/1.1" "POST" "http"://"localhost:5045""""/api/applicationsAsync/AddNewApplicationAsync""" - "application/json" 243 (d509f86a)
2025-06-27T11:27:22.2039875+01:00 0HNDLCKG923PS:00000001 [WRN] Failed to determine the https port for redirect. (ca76cc21)
2025-06-27T11:27:22.2065211+01:00 0HNDLCKG923PS:00000001 [INF] Executing endpoint '"DVLD_API.Controllers.ApplicationAPIController.CreateApplicationAsync (DVLD_API)"' (500cc934)
2025-06-27T11:27:22.2219893+01:00 0HNDLCKG923PS:00000001 [INF] Route matched with "{action = \"CreateApplication\", controller = \"ApplicationAPI\"}". Executing controller action with signature "System.Threading.Tasks.Task`1[Microsoft.AspNetCore.Mvc.ActionResult`1[DVLD_SharedModels.clsApplicationDTO]] CreateApplicationAsync(DVLD_SharedModels.clsApplicationDTO)" on controller "DVLD_API.Controllers.ApplicationAPIController" ("DVLD_API"). (122b2fdf)
2025-06-27T11:27:22.2718803+01:00 0HNDLCKG923PS:00000001 [INF] Creating new application (69092f41)
2025-06-27T11:27:22.7567520+01:00 0HNDLCKG923PS:00000001 [INF] Executing "CreatedAtRouteResult", writing value of type '"DVLD_SharedModels.clsApplicationDTO"'. (605b4265)
2025-06-27T11:27:22.7731726+01:00 0HNDLCKG923PS:00000001 [INF] Executed action "DVLD_API.Controllers.ApplicationAPIController.CreateApplicationAsync (DVLD_API)" in 548.7161ms (afa2e885)
2025-06-27T11:27:22.7734858+01:00 0HNDLCKG923PS:00000001 [INF] Executed endpoint '"DVLD_API.Controllers.ApplicationAPIController.CreateApplicationAsync (DVLD_API)"' (99874f2b)
2025-06-27T11:27:22.7743998+01:00 0HNDLCKG923PS:00000001 [INF] Request finished "HTTP/1.1" "POST" "http"://"localhost:5045""""/api/applicationsAsync/AddNewApplicationAsync""" - 201 null "application/json; charset=utf-8" 589.5503ms (74253ad3)
2025-06-27T11:34:00.1508931+01:00 0HNDLCKG923PT:00000001 [INF] Request starting "HTTP/1.1" "PUT" "http"://"localhost:5045""""/api/applicationsAsync/UpdateApplicationAsync/137""" - "application/json" 244 (d509f86a)
2025-06-27T11:34:00.1544287+01:00 0HNDLCKG923PT:00000001 [INF] Executing endpoint '"DVLD_API.Controllers.ApplicationAPIController.UpdateApplicationAsync (DVLD_API)"' (500cc934)
2025-06-27T11:34:00.1578778+01:00 0HNDLCKG923PT:00000001 [INF] Route matched with "{action = \"UpdateApplication\", controller = \"ApplicationAPI\"}". Executing controller action with signature "System.Threading.Tasks.Task`1[Microsoft.AspNetCore.Mvc.ActionResult`1[System.Boolean]] UpdateApplicationAsync(Int32, DVLD_SharedModels.clsApplicationDTO)" on controller "DVLD_API.Controllers.ApplicationAPIController" ("DVLD_API"). (122b2fdf)
2025-06-27T11:34:00.1632964+01:00 0HNDLCKG923PT:00000001 [INF] Updating application 137 (412e7f30)
2025-06-27T11:34:00.1954718+01:00 0HNDLCKG923PT:00000001 [INF] Executing "OkObjectResult", writing value of type '"System.Boolean"'. (605b4265)
2025-06-27T11:34:00.1970295+01:00 0HNDLCKG923PT:00000001 [INF] Executed action "DVLD_API.Controllers.ApplicationAPIController.UpdateApplicationAsync (DVLD_API)" in 38.8834ms (afa2e885)
2025-06-27T11:34:00.1970633+01:00 0HNDLCKG923PT:00000001 [INF] Executed endpoint '"DVLD_API.Controllers.ApplicationAPIController.UpdateApplicationAsync (DVLD_API)"' (99874f2b)
2025-06-27T11:34:00.1971342+01:00 0HNDLCKG923PT:00000001 [INF] Request finished "HTTP/1.1" "PUT" "http"://"localhost:5045""""/api/applicationsAsync/UpdateApplicationAsync/137""" - 200 null "application/json; charset=utf-8" 46.3173ms (74253ad3)
2025-06-27T11:35:21.3992773+01:00 0HNDLCKG923PT:00000002 [INF] Request starting "HTTP/1.1" "GET" "http"://"localhost:5045""""/api/applicationsAsync/GetApplicationByIDAsync/137""" - null null (d509f86a)
2025-06-27T11:35:21.4052884+01:00 0HNDLCKG923PT:00000002 [INF] Executing endpoint '"DVLD_API.Controllers.ApplicationAPIController.GetApplicationByIDAsync (DVLD_API)"' (500cc934)
2025-06-27T11:35:21.4083450+01:00 0HNDLCKG923PT:00000002 [INF] Route matched with "{action = \"GetApplicationByID\", controller = \"ApplicationAPI\"}". Executing controller action with signature "System.Threading.Tasks.Task`1[Microsoft.AspNetCore.Mvc.ActionResult`1[DVLD_SharedModels.clsApplicationDTO]] GetApplicationByIDAsync(Int32)" on controller "DVLD_API.Controllers.ApplicationAPIController" ("DVLD_API"). (122b2fdf)
2025-06-27T11:35:21.4112648+01:00 0HNDLCKG923PT:00000002 [INF] Retrieving application 137 (862552af)
2025-06-27T11:35:21.4149809+01:00 0HNDLCKG923PT:00000002 [INF] Executing "OkObjectResult", writing value of type '"DVLD_SharedModels.clsApplicationDTO"'. (605b4265)
2025-06-27T11:35:21.4152086+01:00 0HNDLCKG923PT:00000002 [INF] Executed action "DVLD_API.Controllers.ApplicationAPIController.GetApplicationByIDAsync (DVLD_API)" in 6.8247ms (afa2e885)
2025-06-27T11:35:21.4152405+01:00 0HNDLCKG923PT:00000002 [INF] Executed endpoint '"DVLD_API.Controllers.ApplicationAPIController.GetApplicationByIDAsync (DVLD_API)"' (99874f2b)
2025-06-27T11:35:21.4153568+01:00 0HNDLCKG923PT:00000002 [INF] Request finished "HTTP/1.1" "GET" "http"://"localhost:5045""""/api/applicationsAsync/GetApplicationByIDAsync/137""" - 200 null "application/json; charset=utf-8" 18.2297ms (74253ad3)
2025-06-27T11:36:49.4695526+01:00 0HNDLCKG923PT:00000003 [INF] Request starting "HTTP/1.1" "PUT" "http"://"localhost:5045""""/api/applicationsAsync/UpdateStatusAsync/137/2""" - null 0 (d509f86a)
2025-06-27T11:36:49.4702928+01:00 0HNDLCKG923PT:00000003 [INF] Executing endpoint '"DVLD_API.Controllers.ApplicationAPIController.UpdateStatusAsync (DVLD_API)"' (500cc934)
2025-06-27T11:36:49.4752362+01:00 0HNDLCKG923PT:00000003 [INF] Route matched with "{action = \"UpdateStatus\", controller = \"ApplicationAPI\"}". Executing controller action with signature "System.Threading.Tasks.Task`1[Microsoft.AspNetCore.Mvc.ActionResult`1[System.Boolean]] UpdateStatusAsync(Int32, Int16)" on controller "DVLD_API.Controllers.ApplicationAPIController" ("DVLD_API"). (122b2fdf)
2025-06-27T11:36:49.4772635+01:00 0HNDLCKG923PT:00000003 [INF] Updating status for application 137 to 2 (8c565b71)
2025-06-27T11:36:49.4843139+01:00 0HNDLCKG923PT:00000003 [INF] Executing "OkObjectResult", writing value of type '"System.Boolean"'. (605b4265)
2025-06-27T11:36:49.4844377+01:00 0HNDLCKG923PT:00000003 [INF] Executed action "DVLD_API.Controllers.ApplicationAPIController.UpdateStatusAsync (DVLD_API)" in 9.17ms (afa2e885)
2025-06-27T11:36:49.4844571+01:00 0HNDLCKG923PT:00000003 [INF] Executed endpoint '"DVLD_API.Controllers.ApplicationAPIController.UpdateStatusAsync (DVLD_API)"' (99874f2b)
2025-06-27T11:36:49.4845303+01:00 0HNDLCKG923PT:00000003 [INF] Request finished "HTTP/1.1" "PUT" "http"://"localhost:5045""""/api/applicationsAsync/UpdateStatusAsync/137/2""" - 200 null "application/json; charset=utf-8" 15.073ms (74253ad3)
2025-06-27T12:23:01.5971337+01:00 0HNDLCKG923PU:00000001 [INF] Request starting "HTTP/1.1" "DELETE" "http"://"localhost:5045""""/api/applicationsAsync/DeleteApplicationAsync/137""" - null null (d509f86a)
2025-06-27T12:23:01.5976023+01:00 0HNDLCKG923PU:00000001 [INF] Executing endpoint '"DVLD_API.Controllers.ApplicationAPIController.DeleteApplicationAsync (DVLD_API)"' (500cc934)
2025-06-27T12:23:01.6010390+01:00 0HNDLCKG923PU:00000001 [INF] Route matched with "{action = \"DeleteApplication\", controller = \"ApplicationAPI\"}". Executing controller action with signature "System.Threading.Tasks.Task`1[Microsoft.AspNetCore.Mvc.ActionResult`1[System.Boolean]] DeleteApplicationAsync(Int32)" on controller "DVLD_API.Controllers.ApplicationAPIController" ("DVLD_API"). (122b2fdf)
2025-06-27T12:23:01.6032974+01:00 0HNDLCKG923PU:00000001 [INF] Deleting application 137 (1801f169)
2025-06-27T12:23:01.6396641+01:00 0HNDLCKG923PU:00000001 [INF] Executing StatusCodeResult, setting HTTP status code 204 (3fe03d2f)
2025-06-27T12:23:01.6397234+01:00 0HNDLCKG923PU:00000001 [INF] Executed action "DVLD_API.Controllers.ApplicationAPIController.DeleteApplicationAsync (DVLD_API)" in 38.651ms (afa2e885)
2025-06-27T12:23:01.6397480+01:00 0HNDLCKG923PU:00000001 [INF] Executed endpoint '"DVLD_API.Controllers.ApplicationAPIController.DeleteApplicationAsync (DVLD_API)"' (99874f2b)
2025-06-27T12:23:01.6399215+01:00 0HNDLCKG923PU:00000001 [INF] Request finished "HTTP/1.1" "DELETE" "http"://"localhost:5045""""/api/applicationsAsync/DeleteApplicationAsync/137""" - 204 null null 42.9512ms (74253ad3)
2025-06-27T12:26:17.4574311+01:00 0HNDLCKG923PU:00000002 [INF] Request starting "HTTP/1.1" "GET" "http"://"localhost:5045""""/api/applicationsAsync/ApplicationExistsAsync/137""" - null null (d509f86a)
2025-06-27T12:26:17.4589375+01:00 0HNDLCKG923PU:00000002 [INF] Executing endpoint '"DVLD_API.Controllers.ApplicationAPIController.ApplicationExistsAsync (DVLD_API)"' (500cc934)
2025-06-27T12:26:17.4650616+01:00 0HNDLCKG923PU:00000002 [INF] Route matched with "{action = \"ApplicationExists\", controller = \"ApplicationAPI\"}". Executing controller action with signature "System.Threading.Tasks.Task`1[Microsoft.AspNetCore.Mvc.ActionResult`1[System.Boolean]] ApplicationExistsAsync(Int32)" on controller "DVLD_API.Controllers.ApplicationAPIController" ("DVLD_API"). (122b2fdf)
2025-06-27T12:26:17.4673237+01:00 0HNDLCKG923PU:00000002 [INF] Checking if application 137 exists (fca42d8b)
2025-06-27T12:26:17.4765546+01:00 0HNDLCKG923PU:00000002 [INF] Executing "OkObjectResult", writing value of type '"System.Boolean"'. (605b4265)
2025-06-27T12:26:17.4767267+01:00 0HNDLCKG923PU:00000002 [INF] Executed action "DVLD_API.Controllers.ApplicationAPIController.ApplicationExistsAsync (DVLD_API)" in 11.6237ms (afa2e885)
2025-06-27T12:26:17.4767535+01:00 0HNDLCKG923PU:00000002 [INF] Executed endpoint '"DVLD_API.Controllers.ApplicationAPIController.ApplicationExistsAsync (DVLD_API)"' (99874f2b)
2025-06-27T12:26:17.4768719+01:00 0HNDLCKG923PU:00000002 [INF] Request finished "HTTP/1.1" "GET" "http"://"localhost:5045""""/api/applicationsAsync/ApplicationExistsAsync/137""" - 200 null "application/json; charset=utf-8" 19.9594ms (74253ad3)
2025-06-27T16:54:25.3612749+01:00  [INF] Now listening on: "http://localhost:5045" (d826f4b8)
2025-06-27T16:54:25.4281729+01:00  [INF] Application started. Press Ctrl+C to shut down. (dcaefe54)
2025-06-27T16:54:25.4298380+01:00  [INF] Hosting environment: "Development" (bc5a1a4e)
2025-06-27T16:54:25.4312380+01:00  [INF] Content root path: "S:\14    PFE_DVLD\TheProjectDVLDVersion2.0.0\BackEnd-ServerSide\DVLD_API" (cc26f24e)
2025-06-27T16:54:25.7223295+01:00 0HNDLIBI2I731:00000001 [INF] Request starting "HTTP/1.1" "GET" "http"://"localhost:5045""""/swagger/index.html""" - null null (d509f86a)
2025-06-27T16:54:25.9698033+01:00 0HNDLIBI2I731:00000001 [INF] Request finished "HTTP/1.1" "GET" "http"://"localhost:5045""""/swagger/index.html""" - 200 null "text/html;charset=utf-8" 250.866ms (74253ad3)
2025-06-27T16:54:26.0018480+01:00 0HNDLIBI2I731:00000002 [INF] Request starting "HTTP/1.1" "GET" "http"://"localhost:5045""""/_framework/aspnetcore-browser-refresh.js""" - null null (d509f86a)
2025-06-27T16:54:26.0039069+01:00 0HNDLIBI2I731:00000002 [INF] Request finished "HTTP/1.1" "GET" "http"://"localhost:5045""""/_framework/aspnetcore-browser-refresh.js""" - 200 16501 "application/javascript; charset=utf-8" 2.1937ms (74253ad3)
2025-06-27T16:54:26.0561077+01:00 0HNDLIBI2I731:00000003 [INF] Request starting "HTTP/1.1" "GET" "http"://"localhost:5045""""/_vs/browserLink""" - null null (d509f86a)
2025-06-27T16:54:26.1240279+01:00 0HNDLIBI2I731:00000003 [INF] Request finished "HTTP/1.1" "GET" "http"://"localhost:5045""""/_vs/browserLink""" - 200 null "text/javascript; charset=UTF-8" 68.0221ms (74253ad3)
2025-06-27T16:54:26.2403947+01:00 0HNDLIBI2I731:00000004 [INF] Request starting "HTTP/1.1" "GET" "http"://"localhost:5045""""/swagger/v1/swagger.json""" - null null (d509f86a)
2025-06-27T16:54:26.3455943+01:00 0HNDLIBI2I731:00000004 [INF] Request finished "HTTP/1.1" "GET" "http"://"localhost:5045""""/swagger/v1/swagger.json""" - 200 null "application/json;charset=utf-8" 105.2693ms (74253ad3)
2025-06-27T16:54:52.8392636+01:00  [INF] Now listening on: "http://localhost:5045" (d826f4b8)
2025-06-27T16:54:52.9120802+01:00  [INF] Application started. Press Ctrl+C to shut down. (dcaefe54)
2025-06-27T16:54:52.9136419+01:00  [INF] Hosting environment: "Development" (bc5a1a4e)
2025-06-27T16:54:52.9148625+01:00  [INF] Content root path: "S:\14    PFE_DVLD\TheProjectDVLDVersion2.0.0\BackEnd-ServerSide\DVLD_API" (cc26f24e)
2025-06-27T16:54:53.1130403+01:00 0HNDLIBQ85NO0:00000001 [INF] Request starting "HTTP/1.1" "GET" "http"://"localhost:5045""""/swagger/index.html""" - null null (d509f86a)
2025-06-27T16:54:53.2556659+01:00 0HNDLIBQ85NO0:00000001 [INF] Request finished "HTTP/1.1" "GET" "http"://"localhost:5045""""/swagger/index.html""" - 200 null "text/html;charset=utf-8" 147.0392ms (74253ad3)
2025-06-27T16:54:53.2765022+01:00 0HNDLIBQ85NO0:00000002 [INF] Request starting "HTTP/1.1" "GET" "http"://"localhost:5045""""/_framework/aspnetcore-browser-refresh.js""" - null null (d509f86a)
2025-06-27T16:54:53.2786080+01:00 0HNDLIBQ85NO0:00000002 [INF] Request finished "HTTP/1.1" "GET" "http"://"localhost:5045""""/_framework/aspnetcore-browser-refresh.js""" - 200 16501 "application/javascript; charset=utf-8" 2.1694ms (74253ad3)
2025-06-27T16:54:53.3304270+01:00 0HNDLIBQ85NO0:00000003 [INF] Request starting "HTTP/1.1" "GET" "http"://"localhost:5045""""/_vs/browserLink""" - null null (d509f86a)
2025-06-27T16:54:53.3614951+01:00 0HNDLIBQ85NO0:00000003 [INF] Request finished "HTTP/1.1" "GET" "http"://"localhost:5045""""/_vs/browserLink""" - 200 null "text/javascript; charset=UTF-8" 31.1078ms (74253ad3)
2025-06-27T16:54:53.4670921+01:00 0HNDLIBQ85NO0:00000004 [INF] Request starting "HTTP/1.1" "GET" "http"://"localhost:5045""""/swagger/v1/swagger.json""" - null null (d509f86a)
2025-06-27T16:54:53.5750351+01:00 0HNDLIBQ85NO0:00000004 [INF] Request finished "HTTP/1.1" "GET" "http"://"localhost:5045""""/swagger/v1/swagger.json""" - 200 null "application/json;charset=utf-8" 108.0083ms (74253ad3)
2025-06-27T16:55:42.8272105+01:00 0HNDLIBQ85NO0:00000005 [INF] Request starting "HTTP/1.1" "GET" "http"://"localhost:5045""""/api/applicationsAsync/GetAllApplicationsAsync""?pageNumber=1&pageSize=10" - null null (d509f86a)
2025-06-27T16:55:42.8490716+01:00 0HNDLIBQ85NO0:00000005 [WRN] Failed to determine the https port for redirect. (ca76cc21)
2025-06-27T16:55:42.8520092+01:00 0HNDLIBQ85NO0:00000005 [INF] Executing endpoint '"DVLD_API.Controllers.ApplicationAPIController.GetAllApplicationsAsync (DVLD_API)"' (500cc934)
2025-06-27T16:55:42.8657671+01:00 0HNDLIBQ85NO0:00000005 [INF] Route matched with "{action = \"GetAllApplications\", controller = \"ApplicationAPI\"}". Executing controller action with signature "System.Threading.Tasks.Task`1[Microsoft.AspNetCore.Mvc.IActionResult] GetAllApplicationsAsync(Int32, Int32)" on controller "DVLD_API.Controllers.ApplicationAPIController" ("DVLD_API"). (122b2fdf)
2025-06-27T16:55:42.8942542+01:00 0HNDLIBQ85NO0:00000005 [INF] Getting all applications - Page 1, Size 10 (25237438)
2025-06-27T16:55:43.3388861+01:00 0HNDLIBQ85NO0:00000005 [INF] Executing "OkObjectResult", writing value of type '"DVLD_API.Controllers.PaginatedList`1[[DVLD_SharedModels.clsApplicationDTO, DVLD_SharedModels, Version=1.0.0.0, Culture=neutral, PublicKeyToken=null]]"'. (605b4265)
2025-06-27T16:55:43.3523602+01:00 0HNDLIBQ85NO0:00000005 [INF] Executed action "DVLD_API.Controllers.ApplicationAPIController.GetAllApplicationsAsync (DVLD_API)" in 484.4128ms (afa2e885)
2025-06-27T16:55:43.3526524+01:00 0HNDLIBQ85NO0:00000005 [INF] Executed endpoint '"DVLD_API.Controllers.ApplicationAPIController.GetAllApplicationsAsync (DVLD_API)"' (99874f2b)
2025-06-27T16:55:43.3537758+01:00 0HNDLIBQ85NO0:00000005 [INF] Request finished "HTTP/1.1" "GET" "http"://"localhost:5045""""/api/applicationsAsync/GetAllApplicationsAsync""?pageNumber=1&pageSize=10" - 200 null "application/json; charset=utf-8" 532.3216ms (74253ad3)
2025-06-27T16:56:28.7943201+01:00 0HNDLIBQ85NO0:00000006 [INF] Request starting "HTTP/1.1" "GET" "http"://"localhost:5045""""/api/applicationsAsync/DoesPersonHaveActiveApplication/1029/131""" - null null (d509f86a)
2025-06-27T16:56:28.7982218+01:00 0HNDLIBQ85NO0:00000006 [INF] Executing endpoint '"DVLD_API.Controllers.ApplicationAPIController.DoesPersonHaveActiveApplication (DVLD_API)"' (500cc934)
2025-06-27T16:56:28.8062605+01:00 0HNDLIBQ85NO0:00000006 [INF] Route matched with "{action = \"DoesPersonHaveActiveApplication\", controller = \"ApplicationAPI\"}". Executing controller action with signature "System.Threading.Tasks.Task`1[Microsoft.AspNetCore.Mvc.ActionResult`1[System.Boolean]] DoesPersonHaveActiveApplication(Int32, Int32)" on controller "DVLD_API.Controllers.ApplicationAPIController" ("DVLD_API"). (122b2fdf)
2025-06-27T16:56:28.8372069+01:00 0HNDLIBQ85NO0:00000006 [INF] Executing "OkObjectResult", writing value of type '"System.Boolean"'. (605b4265)
2025-06-27T16:56:28.8389607+01:00 0HNDLIBQ85NO0:00000006 [INF] Executed action "DVLD_API.Controllers.ApplicationAPIController.DoesPersonHaveActiveApplication (DVLD_API)" in 32.5876ms (afa2e885)
2025-06-27T16:56:28.8390241+01:00 0HNDLIBQ85NO0:00000006 [INF] Executed endpoint '"DVLD_API.Controllers.ApplicationAPIController.DoesPersonHaveActiveApplication (DVLD_API)"' (99874f2b)
2025-06-27T16:56:28.8391181+01:00 0HNDLIBQ85NO0:00000006 [INF] Request finished "HTTP/1.1" "GET" "http"://"localhost:5045""""/api/applicationsAsync/DoesPersonHaveActiveApplication/1029/131""" - 200 null "application/json; charset=utf-8" 44.934ms (74253ad3)
2025-06-27T17:10:20.8077822+01:00 0HNDLIBQ85NO2:00000001 [INF] Request starting "HTTP/1.1" "GET" "http"://"localhost:5045""""/api/applicationsAsync/GetActiveApplicationIDAsync/1029/131""" - null null (d509f86a)
2025-06-27T17:10:20.8085336+01:00 0HNDLIBQ85NO2:00000001 [INF] Executing endpoint '"DVLD_API.Controllers.ApplicationAPIController.GetActiveApplicationIDAsync (DVLD_API)"' (500cc934)
2025-06-27T17:10:20.8136414+01:00 0HNDLIBQ85NO2:00000001 [INF] Route matched with "{action = \"GetActiveApplicationID\", controller = \"ApplicationAPI\"}". Executing controller action with signature "System.Threading.Tasks.Task`1[Microsoft.AspNetCore.Mvc.IActionResult] GetActiveApplicationIDAsync(Int32, Int32)" on controller "DVLD_API.Controllers.ApplicationAPIController" ("DVLD_API"). (122b2fdf)
2025-06-27T17:10:20.8158253+01:00 0HNDLIBQ85NO2:00000001 [INF] Getting active application for person 1029, type 131 (3c0b8b2d)
2025-06-27T17:10:20.8283763+01:00 0HNDLIBQ85NO2:00000001 [INF] Executing "OkObjectResult", writing value of type '"null"'. (605b4265)
2025-06-27T17:10:20.8284818+01:00 0HNDLIBQ85NO2:00000001 [INF] Executed action "DVLD_API.Controllers.ApplicationAPIController.GetActiveApplicationIDAsync (DVLD_API)" in 14.7787ms (afa2e885)
2025-06-27T17:10:20.8285072+01:00 0HNDLIBQ85NO2:00000001 [INF] Executed endpoint '"DVLD_API.Controllers.ApplicationAPIController.GetActiveApplicationIDAsync (DVLD_API)"' (99874f2b)
2025-06-27T17:10:20.8286356+01:00 0HNDLIBQ85NO2:00000001 [INF] Request finished "HTTP/1.1" "GET" "http"://"localhost:5045""""/api/applicationsAsync/GetActiveApplicationIDAsync/1029/131""" - 204 null null 21.0275ms (74253ad3)
2025-06-27T17:21:38.0069219+01:00 0HNDLIBQ85NO3:00000001 [INF] Request starting "HTTP/1.1" "GET" "http"://"localhost:5045""""/api/applicationsAsync/GetActiveApplicationIDForLicenseClassAsync/1029/131/1""" - null null (d509f86a)
2025-06-27T17:21:38.0339942+01:00 0HNDLIBQ85NO3:00000001 [INF] Executing endpoint '"DVLD_API.Controllers.ApplicationAPIController.GetActiveApplicationIDForLicenseClassAsync (DVLD_API)"' (500cc934)
2025-06-27T17:21:38.0367368+01:00 0HNDLIBQ85NO3:00000001 [INF] Route matched with "{action = \"GetActiveApplicationIDForLicenseClass\", controller = \"ApplicationAPI\"}". Executing controller action with signature "System.Threading.Tasks.Task`1[Microsoft.AspNetCore.Mvc.IActionResult] GetActiveApplicationIDForLicenseClassAsync(Int32, Int32, Int32)" on controller "DVLD_API.Controllers.ApplicationAPIController" ("DVLD_API"). (122b2fdf)
2025-06-27T17:21:38.0391859+01:00 0HNDLIBQ85NO3:00000001 [INF] Getting active application for person 1029, type 131, license class 1 (754d3eac)
2025-06-27T17:21:38.0508939+01:00 0HNDLIBQ85NO3:00000001 [INF] Executing "OkObjectResult", writing value of type '"System.Int32"'. (605b4265)
2025-06-27T17:21:38.0523490+01:00 0HNDLIBQ85NO3:00000001 [INF] Executed action "DVLD_API.Controllers.ApplicationAPIController.GetActiveApplicationIDForLicenseClassAsync (DVLD_API)" in 15.577ms (afa2e885)
2025-06-27T17:21:38.0523849+01:00 0HNDLIBQ85NO3:00000001 [INF] Executed endpoint '"DVLD_API.Controllers.ApplicationAPIController.GetActiveApplicationIDForLicenseClassAsync (DVLD_API)"' (99874f2b)
2025-06-27T17:21:38.0524720+01:00 0HNDLIBQ85NO3:00000001 [INF] Request finished "HTTP/1.1" "GET" "http"://"localhost:5045""""/api/applicationsAsync/GetActiveApplicationIDForLicenseClassAsync/1029/131/1""" - 200 null "application/json; charset=utf-8" 47.2659ms (74253ad3)
