2025-06-30T03:55:20.1799445+01:00  [INF] Now listening on: "http://localhost:5045" (d826f4b8)
2025-06-30T03:55:20.2401758+01:00  [INF] Application started. Press Ctrl+C to shut down. (dcaefe54)
2025-06-30T03:55:20.2419960+01:00  [INF] Hosting environment: "Development" (bc5a1a4e)
2025-06-30T03:55:20.2434231+01:00  [INF] Content root path: "S:\14    PFE_DVLD\TheProjectDVLDVersion2.0.0\BackEnd-ServerSide\DVLD_API" (cc26f24e)
2025-06-30T03:55:21.9386538+01:00 0HNDNG66GSREJ:00000001 [INF] Request starting "HTTP/1.1" "GET" "http"://"localhost:5045""""/swagger/index.html""" - null null (d509f86a)
2025-06-30T03:55:22.2343554+01:00 0HNDNG66GSREJ:00000001 [INF] Request finished "HTTP/1.1" "GET" "http"://"localhost:5045""""/swagger/index.html""" - 200 null "text/html;charset=utf-8" 300.3008ms (74253ad3)
2025-06-30T03:55:22.2972205+01:00 0HNDNG66GSREL:00000001 [INF] Request starting "HTTP/1.1" "GET" "http"://"localhost:5045""""/_framework/aspnetcore-browser-refresh.js""" - null null (d509f86a)
2025-06-30T03:55:22.2992184+01:00 0HNDNG66GSREL:00000001 [INF] Request finished "HTTP/1.1" "GET" "http"://"localhost:5045""""/_framework/aspnetcore-browser-refresh.js""" - 200 16501 "application/javascript; charset=utf-8" 2.1433ms (74253ad3)
2025-06-30T03:55:22.3570312+01:00 0HNDNG66GSREL:00000002 [INF] Request starting "HTTP/1.1" "GET" "http"://"localhost:5045""""/_vs/browserLink""" - null null (d509f86a)
2025-06-30T03:55:22.4215761+01:00 0HNDNG66GSREL:00000002 [INF] Request finished "HTTP/1.1" "GET" "http"://"localhost:5045""""/_vs/browserLink""" - 200 null "text/javascript; charset=UTF-8" 64.5615ms (74253ad3)
2025-06-30T03:55:22.5269893+01:00 0HNDNG66GSREL:00000003 [INF] Request starting "HTTP/1.1" "GET" "http"://"localhost:5045""""/swagger/v1/swagger.json""" - null null (d509f86a)
2025-06-30T03:55:22.6422273+01:00 0HNDNG66GSREL:00000003 [INF] Request finished "HTTP/1.1" "GET" "http"://"localhost:5045""""/swagger/v1/swagger.json""" - 200 null "application/json;charset=utf-8" 115.2508ms (74253ad3)
2025-06-30T03:56:11.4165496+01:00 0HNDNG66GSREM:00000001 [INF] Request starting "HTTP/1.1" "GET" "http"://"localhost:5045""""/api/LocalDrivingLicenseApplicationAPI/TryGetAllLocalDrivingLicenseApplicationsAsync""" - null null (d509f86a)
2025-06-30T03:56:11.4317535+01:00 0HNDNG66GSREM:00000001 [WRN] Failed to determine the https port for redirect. (ca76cc21)
2025-06-30T03:56:11.4339175+01:00 0HNDNG66GSREM:00000001 [INF] Executing endpoint '"DVLD_API.Controllers.LocalDrivingLicenseApplicationAPIController.TryGetAllLocalDrivingLicenseApplicationsAsync (DVLD_API)"' (500cc934)
2025-06-30T03:56:11.4473536+01:00 0HNDNG66GSREM:00000001 [INF] Route matched with "{action = \"TryGetAllLocalDrivingLicenseApplications\", controller = \"LocalDrivingLicenseApplicationAPI\"}". Executing controller action with signature "System.Threading.Tasks.Task`1[Microsoft.AspNetCore.Mvc.ActionResult`1[System.Data.DataTable]] TryGetAllLocalDrivingLicenseApplicationsAsync(System.Threading.CancellationToken)" on controller "DVLD_API.Controllers.LocalDrivingLicenseApplicationAPIController" ("DVLD_API"). (122b2fdf)
2025-06-30T03:56:11.8837626+01:00 0HNDNG66GSREM:00000001 [INF] Executing "OkObjectResult", writing value of type '"System.Data.DataTable"'. (605b4265)
2025-06-30T03:56:11.9165565+01:00 0HNDNG66GSREM:00000001 [INF] Executed action "DVLD_API.Controllers.LocalDrivingLicenseApplicationAPIController.TryGetAllLocalDrivingLicenseApplicationsAsync (DVLD_API)" in 467.0117ms (afa2e885)
2025-06-30T03:56:11.9171442+01:00 0HNDNG66GSREM:00000001 [INF] Executed endpoint '"DVLD_API.Controllers.LocalDrivingLicenseApplicationAPIController.TryGetAllLocalDrivingLicenseApplicationsAsync (DVLD_API)"' (99874f2b)
2025-06-30T03:56:11.9808614+01:00 0HNDNG66GSREM:00000001 [ERR] An unhandled exception has occurred while executing the request. (48a46595)
System.NotSupportedException: Serialization and deserialization of 'System.Type' instances is not supported. Path: $.Columns.DataType.
 ---> System.NotSupportedException: Serialization and deserialization of 'System.Type' instances is not supported.
   at System.Text.Json.Serialization.Converters.UnsupportedTypeConverter`1.Write(Utf8JsonWriter writer, T value, JsonSerializerOptions options)
   at System.Text.Json.Serialization.JsonConverter`1.TryWrite(Utf8JsonWriter writer, T& value, JsonSerializerOptions options, WriteStack& state)
   at System.Text.Json.Serialization.Metadata.JsonPropertyInfo`1.GetMemberAndWriteJson(Object obj, WriteStack& state, Utf8JsonWriter writer)
   at System.Text.Json.Serialization.Converters.ObjectDefaultConverter`1.OnTryWrite(Utf8JsonWriter writer, T value, JsonSerializerOptions options, WriteStack& state)
   at System.Text.Json.Serialization.JsonConverter`1.TryWrite(Utf8JsonWriter writer, T& value, JsonSerializerOptions options, WriteStack& state)
   at System.Text.Json.Serialization.JsonConverter`1.TryWriteAsObject(Utf8JsonWriter writer, Object value, JsonSerializerOptions options, WriteStack& state)
   at System.Text.Json.Serialization.JsonConverter`1.TryWrite(Utf8JsonWriter writer, T& value, JsonSerializerOptions options, WriteStack& state)
   at System.Text.Json.Serialization.Converters.IEnumerableConverter`1.OnWriteResume(Utf8JsonWriter writer, TCollection value, JsonSerializerOptions options, WriteStack& state)
   at System.Text.Json.Serialization.JsonCollectionConverter`2.OnTryWrite(Utf8JsonWriter writer, TCollection value, JsonSerializerOptions options, WriteStack& state)
   at System.Text.Json.Serialization.JsonConverter`1.TryWrite(Utf8JsonWriter writer, T& value, JsonSerializerOptions options, WriteStack& state)
   at System.Text.Json.Serialization.Metadata.JsonPropertyInfo`1.GetMemberAndWriteJson(Object obj, WriteStack& state, Utf8JsonWriter writer)
   at System.Text.Json.Serialization.Converters.ObjectDefaultConverter`1.OnTryWrite(Utf8JsonWriter writer, T value, JsonSerializerOptions options, WriteStack& state)
   at System.Text.Json.Serialization.JsonConverter`1.TryWrite(Utf8JsonWriter writer, T& value, JsonSerializerOptions options, WriteStack& state)
   at System.Text.Json.Serialization.JsonConverter`1.WriteCore(Utf8JsonWriter writer, T& value, JsonSerializerOptions options, WriteStack& state)
   --- End of inner exception stack trace ---
   at System.Text.Json.ThrowHelper.ThrowNotSupportedException(WriteStack& state, NotSupportedException ex)
   at System.Text.Json.Serialization.JsonConverter`1.WriteCore(Utf8JsonWriter writer, T& value, JsonSerializerOptions options, WriteStack& state)
   at System.Text.Json.Serialization.Metadata.JsonTypeInfo`1.SerializeAsync(Stream utf8Json, T rootValue, CancellationToken cancellationToken, Object rootValueBoxed)
   at System.Text.Json.Serialization.Metadata.JsonTypeInfo`1.SerializeAsync(Stream utf8Json, T rootValue, CancellationToken cancellationToken, Object rootValueBoxed)
   at System.Text.Json.Serialization.Metadata.JsonTypeInfo`1.SerializeAsync(Stream utf8Json, T rootValue, CancellationToken cancellationToken, Object rootValueBoxed)
   at Microsoft.AspNetCore.Mvc.Formatters.SystemTextJsonOutputFormatter.WriteResponseBodyAsync(OutputFormatterWriteContext context, Encoding selectedEncoding)
   at Microsoft.AspNetCore.Mvc.Infrastructure.ResourceInvoker.<InvokeNextResultFilterAsync>g__Awaited|30_0[TFilter,TFilterAsync](ResourceInvoker invoker, Task lastTask, State next, Scope scope, Object state, Boolean isCompleted)
   at Microsoft.AspNetCore.Mvc.Infrastructure.ResourceInvoker.Rethrow(ResultExecutedContextSealed context)
   at Microsoft.AspNetCore.Mvc.Infrastructure.ResourceInvoker.ResultNext[TFilter,TFilterAsync](State& next, Scope& scope, Object& state, Boolean& isCompleted)
   at Microsoft.AspNetCore.Mvc.Infrastructure.ResourceInvoker.InvokeResultFilters()
--- End of stack trace from previous location ---
   at Microsoft.AspNetCore.Mvc.Infrastructure.ResourceInvoker.<InvokeFilterPipelineAsync>g__Awaited|20_0(ResourceInvoker invoker, Task lastTask, State next, Scope scope, Object state, Boolean isCompleted)
   at Microsoft.AspNetCore.Mvc.Infrastructure.ResourceInvoker.<InvokeAsync>g__Logged|17_1(ResourceInvoker invoker)
   at Microsoft.AspNetCore.Mvc.Infrastructure.ResourceInvoker.<InvokeAsync>g__Logged|17_1(ResourceInvoker invoker)
   at Microsoft.AspNetCore.Routing.EndpointMiddleware.<Invoke>g__AwaitRequestTask|7_0(Endpoint endpoint, Task requestTask, ILogger logger)
   at Microsoft.AspNetCore.Authorization.AuthorizationMiddleware.Invoke(HttpContext context)
   at Swashbuckle.AspNetCore.SwaggerUI.SwaggerUIMiddleware.Invoke(HttpContext httpContext)
   at Swashbuckle.AspNetCore.Swagger.SwaggerMiddleware.Invoke(HttpContext httpContext, ISwaggerProvider swaggerProvider)
   at Microsoft.AspNetCore.Authentication.AuthenticationMiddleware.Invoke(HttpContext context)
   at Microsoft.AspNetCore.Diagnostics.DeveloperExceptionPageMiddlewareImpl.Invoke(HttpContext context)
2025-06-30T03:56:11.9836691+01:00 0HNDNG66GSREM:00000001 [INF] Request finished "HTTP/1.1" "GET" "http"://"localhost:5045""""/api/LocalDrivingLicenseApplicationAPI/TryGetAllLocalDrivingLicenseApplicationsAsync""" - 500 null "text/plain; charset=utf-8" 567.24ms (74253ad3)
2025-06-30T04:07:08.3675947+01:00  [INF] Now listening on: "http://localhost:5045" (d826f4b8)
2025-06-30T04:07:08.4232990+01:00  [INF] Application started. Press Ctrl+C to shut down. (dcaefe54)
2025-06-30T04:07:08.4245162+01:00  [INF] Hosting environment: "Development" (bc5a1a4e)
2025-06-30T04:07:08.4254305+01:00  [INF] Content root path: "S:\14    PFE_DVLD\TheProjectDVLDVersion2.0.0\BackEnd-ServerSide\DVLD_API" (cc26f24e)
2025-06-30T04:07:08.7673451+01:00 0HNDNGCPK8J55:00000001 [INF] Request starting "HTTP/1.1" "GET" "http"://"localhost:5045""""/swagger/index.html""" - null null (d509f86a)
2025-06-30T04:07:08.9159527+01:00 0HNDNGCPK8J55:00000001 [INF] Request finished "HTTP/1.1" "GET" "http"://"localhost:5045""""/swagger/index.html""" - 200 null "text/html;charset=utf-8" 153.4093ms (74253ad3)
2025-06-30T04:07:08.9404084+01:00 0HNDNGCPK8J55:00000002 [INF] Request starting "HTTP/1.1" "GET" "http"://"localhost:5045""""/_framework/aspnetcore-browser-refresh.js""" - null null (d509f86a)
2025-06-30T04:07:08.9422206+01:00 0HNDNGCPK8J55:00000002 [INF] Request finished "HTTP/1.1" "GET" "http"://"localhost:5045""""/_framework/aspnetcore-browser-refresh.js""" - 200 16501 "application/javascript; charset=utf-8" 1.9481ms (74253ad3)
2025-06-30T04:07:08.9926976+01:00 0HNDNGCPK8J55:00000003 [INF] Request starting "HTTP/1.1" "GET" "http"://"localhost:5045""""/_vs/browserLink""" - null null (d509f86a)
2025-06-30T04:07:09.0239560+01:00 0HNDNGCPK8J55:00000003 [INF] Request finished "HTTP/1.1" "GET" "http"://"localhost:5045""""/_vs/browserLink""" - 200 null "text/javascript; charset=UTF-8" 31.275ms (74253ad3)
2025-06-30T04:07:09.1196762+01:00 0HNDNGCPK8J55:00000004 [INF] Request starting "HTTP/1.1" "GET" "http"://"localhost:5045""""/swagger/v1/swagger.json""" - null null (d509f86a)
2025-06-30T04:07:09.2065747+01:00 0HNDNGCPK8J55:00000004 [INF] Request finished "HTTP/1.1" "GET" "http"://"localhost:5045""""/swagger/v1/swagger.json""" - 200 null "application/json;charset=utf-8" 86.9488ms (74253ad3)
2025-06-30T04:07:30.6186901+01:00 0HNDNGCPK8J55:00000005 [INF] Request starting "HTTP/1.1" "GET" "http"://"localhost:5045""""/api/LocalDrivingLicenseApplicationAPI/TryGetAllLocalDrivingLicenseApplicationsAsync""" - null null (d509f86a)
2025-06-30T04:07:30.6285485+01:00 0HNDNGCPK8J55:00000005 [WRN] Failed to determine the https port for redirect. (ca76cc21)
2025-06-30T04:07:30.6305317+01:00 0HNDNGCPK8J55:00000005 [INF] Executing endpoint '"DVLD_API.Controllers.LocalDrivingLicenseApplicationAPIController.TryGetAllLocalDrivingLicenseApplicationsAsync (DVLD_API)"' (500cc934)
2025-06-30T04:07:30.6441052+01:00 0HNDNGCPK8J55:00000005 [INF] Route matched with "{action = \"TryGetAllLocalDrivingLicenseApplications\", controller = \"LocalDrivingLicenseApplicationAPI\"}". Executing controller action with signature "System.Threading.Tasks.Task`1[Microsoft.AspNetCore.Mvc.ActionResult`1[System.Data.DataTable]] TryGetAllLocalDrivingLicenseApplicationsAsync(System.Threading.CancellationToken)" on controller "DVLD_API.Controllers.LocalDrivingLicenseApplicationAPIController" ("DVLD_API"). (122b2fdf)
2025-06-30T04:07:30.8923192+01:00 0HNDNGCPK8J55:00000005 [INF] Executing "OkObjectResult", writing value of type '"System.Data.DataTable"'. (605b4265)
2025-06-30T04:07:30.9294201+01:00 0HNDNGCPK8J55:00000005 [INF] Executed action "DVLD_API.Controllers.LocalDrivingLicenseApplicationAPIController.TryGetAllLocalDrivingLicenseApplicationsAsync (DVLD_API)" in 283.1993ms (afa2e885)
2025-06-30T04:07:30.9299039+01:00 0HNDNGCPK8J55:00000005 [INF] Executed endpoint '"DVLD_API.Controllers.LocalDrivingLicenseApplicationAPIController.TryGetAllLocalDrivingLicenseApplicationsAsync (DVLD_API)"' (99874f2b)
2025-06-30T04:07:30.9491958+01:00 0HNDNGCPK8J55:00000005 [ERR] An unhandled exception has occurred while executing the request. (48a46595)
System.NotSupportedException: Serialization and deserialization of 'System.Type' instances is not supported. Path: $.Columns.DataType.
 ---> System.NotSupportedException: Serialization and deserialization of 'System.Type' instances is not supported.
   at System.Text.Json.Serialization.Converters.UnsupportedTypeConverter`1.Write(Utf8JsonWriter writer, T value, JsonSerializerOptions options)
   at System.Text.Json.Serialization.JsonConverter`1.TryWrite(Utf8JsonWriter writer, T& value, JsonSerializerOptions options, WriteStack& state)
   at System.Text.Json.Serialization.Metadata.JsonPropertyInfo`1.GetMemberAndWriteJson(Object obj, WriteStack& state, Utf8JsonWriter writer)
   at System.Text.Json.Serialization.Converters.ObjectDefaultConverter`1.OnTryWrite(Utf8JsonWriter writer, T value, JsonSerializerOptions options, WriteStack& state)
   at System.Text.Json.Serialization.JsonConverter`1.TryWrite(Utf8JsonWriter writer, T& value, JsonSerializerOptions options, WriteStack& state)
   at System.Text.Json.Serialization.JsonConverter`1.TryWriteAsObject(Utf8JsonWriter writer, Object value, JsonSerializerOptions options, WriteStack& state)
   at System.Text.Json.Serialization.JsonConverter`1.TryWrite(Utf8JsonWriter writer, T& value, JsonSerializerOptions options, WriteStack& state)
   at System.Text.Json.Serialization.Converters.IEnumerableConverter`1.OnWriteResume(Utf8JsonWriter writer, TCollection value, JsonSerializerOptions options, WriteStack& state)
   at System.Text.Json.Serialization.JsonCollectionConverter`2.OnTryWrite(Utf8JsonWriter writer, TCollection value, JsonSerializerOptions options, WriteStack& state)
   at System.Text.Json.Serialization.JsonConverter`1.TryWrite(Utf8JsonWriter writer, T& value, JsonSerializerOptions options, WriteStack& state)
   at System.Text.Json.Serialization.Metadata.JsonPropertyInfo`1.GetMemberAndWriteJson(Object obj, WriteStack& state, Utf8JsonWriter writer)
   at System.Text.Json.Serialization.Converters.ObjectDefaultConverter`1.OnTryWrite(Utf8JsonWriter writer, T value, JsonSerializerOptions options, WriteStack& state)
   at System.Text.Json.Serialization.JsonConverter`1.TryWrite(Utf8JsonWriter writer, T& value, JsonSerializerOptions options, WriteStack& state)
   at System.Text.Json.Serialization.JsonConverter`1.WriteCore(Utf8JsonWriter writer, T& value, JsonSerializerOptions options, WriteStack& state)
   --- End of inner exception stack trace ---
   at System.Text.Json.ThrowHelper.ThrowNotSupportedException(WriteStack& state, NotSupportedException ex)
   at System.Text.Json.Serialization.JsonConverter`1.WriteCore(Utf8JsonWriter writer, T& value, JsonSerializerOptions options, WriteStack& state)
   at System.Text.Json.Serialization.Metadata.JsonTypeInfo`1.SerializeAsync(Stream utf8Json, T rootValue, CancellationToken cancellationToken, Object rootValueBoxed)
   at System.Text.Json.Serialization.Metadata.JsonTypeInfo`1.SerializeAsync(Stream utf8Json, T rootValue, CancellationToken cancellationToken, Object rootValueBoxed)
   at System.Text.Json.Serialization.Metadata.JsonTypeInfo`1.SerializeAsync(Stream utf8Json, T rootValue, CancellationToken cancellationToken, Object rootValueBoxed)
   at Microsoft.AspNetCore.Mvc.Formatters.SystemTextJsonOutputFormatter.WriteResponseBodyAsync(OutputFormatterWriteContext context, Encoding selectedEncoding)
   at Microsoft.AspNetCore.Mvc.Infrastructure.ResourceInvoker.<InvokeNextResultFilterAsync>g__Awaited|30_0[TFilter,TFilterAsync](ResourceInvoker invoker, Task lastTask, State next, Scope scope, Object state, Boolean isCompleted)
   at Microsoft.AspNetCore.Mvc.Infrastructure.ResourceInvoker.Rethrow(ResultExecutedContextSealed context)
   at Microsoft.AspNetCore.Mvc.Infrastructure.ResourceInvoker.ResultNext[TFilter,TFilterAsync](State& next, Scope& scope, Object& state, Boolean& isCompleted)
   at Microsoft.AspNetCore.Mvc.Infrastructure.ResourceInvoker.InvokeResultFilters()
--- End of stack trace from previous location ---
   at Microsoft.AspNetCore.Mvc.Infrastructure.ResourceInvoker.<InvokeFilterPipelineAsync>g__Awaited|20_0(ResourceInvoker invoker, Task lastTask, State next, Scope scope, Object state, Boolean isCompleted)
   at Microsoft.AspNetCore.Mvc.Infrastructure.ResourceInvoker.<InvokeAsync>g__Logged|17_1(ResourceInvoker invoker)
   at Microsoft.AspNetCore.Mvc.Infrastructure.ResourceInvoker.<InvokeAsync>g__Logged|17_1(ResourceInvoker invoker)
   at Microsoft.AspNetCore.Routing.EndpointMiddleware.<Invoke>g__AwaitRequestTask|7_0(Endpoint endpoint, Task requestTask, ILogger logger)
   at Microsoft.AspNetCore.Authorization.AuthorizationMiddleware.Invoke(HttpContext context)
   at Swashbuckle.AspNetCore.SwaggerUI.SwaggerUIMiddleware.Invoke(HttpContext httpContext)
   at Swashbuckle.AspNetCore.Swagger.SwaggerMiddleware.Invoke(HttpContext httpContext, ISwaggerProvider swaggerProvider)
   at Microsoft.AspNetCore.Authentication.AuthenticationMiddleware.Invoke(HttpContext context)
   at Microsoft.AspNetCore.Diagnostics.DeveloperExceptionPageMiddlewareImpl.Invoke(HttpContext context)
2025-06-30T04:07:30.9514002+01:00 0HNDNGCPK8J55:00000005 [INF] Request finished "HTTP/1.1" "GET" "http"://"localhost:5045""""/api/LocalDrivingLicenseApplicationAPI/TryGetAllLocalDrivingLicenseApplicationsAsync""" - 500 null "text/plain; charset=utf-8" 332.7927ms (74253ad3)
2025-06-30T04:31:52.7949198+01:00  [INF] Now listening on: "http://localhost:5045" (d826f4b8)
2025-06-30T04:31:52.8614032+01:00  [INF] Application started. Press Ctrl+C to shut down. (dcaefe54)
2025-06-30T04:31:52.8631072+01:00  [INF] Hosting environment: "Development" (bc5a1a4e)
2025-06-30T04:31:52.8645596+01:00  [INF] Content root path: "S:\14    PFE_DVLD\TheProjectDVLDVersion2.0.0\BackEnd-ServerSide\DVLD_API" (cc26f24e)
2025-06-30T04:31:53.2247347+01:00 0HNDNGQK1BGBS:00000001 [INF] Request starting "HTTP/1.1" "GET" "http"://"localhost:5045""""/swagger/index.html""" - null null (d509f86a)
2025-06-30T04:31:53.3801645+01:00 0HNDNGQK1BGBS:00000001 [INF] Request finished "HTTP/1.1" "GET" "http"://"localhost:5045""""/swagger/index.html""" - 200 null "text/html;charset=utf-8" 159.2204ms (74253ad3)
2025-06-30T04:31:53.4114593+01:00 0HNDNGQK1BGBS:00000002 [INF] Request starting "HTTP/1.1" "GET" "http"://"localhost:5045""""/_framework/aspnetcore-browser-refresh.js""" - null null (d509f86a)
2025-06-30T04:31:53.4142730+01:00 0HNDNGQK1BGBS:00000002 [INF] Request finished "HTTP/1.1" "GET" "http"://"localhost:5045""""/_framework/aspnetcore-browser-refresh.js""" - 200 16501 "application/javascript; charset=utf-8" 2.9808ms (74253ad3)
2025-06-30T04:31:53.4704521+01:00 0HNDNGQK1BGBS:00000003 [INF] Request starting "HTTP/1.1" "GET" "http"://"localhost:5045""""/_vs/browserLink""" - null null (d509f86a)
2025-06-30T04:31:53.5112766+01:00 0HNDNGQK1BGBS:00000003 [INF] Request finished "HTTP/1.1" "GET" "http"://"localhost:5045""""/_vs/browserLink""" - 200 null "text/javascript; charset=UTF-8" 40.8873ms (74253ad3)
2025-06-30T04:31:53.6301617+01:00 0HNDNGQK1BGBS:00000004 [INF] Request starting "HTTP/1.1" "GET" "http"://"localhost:5045""""/swagger/v1/swagger.json""" - null null (d509f86a)
2025-06-30T04:31:53.7254854+01:00 0HNDNGQK1BGBS:00000004 [INF] Request finished "HTTP/1.1" "GET" "http"://"localhost:5045""""/swagger/v1/swagger.json""" - 200 null "application/json;charset=utf-8" 95.4159ms (74253ad3)
2025-06-30T04:32:09.8416413+01:00 0HNDNGQK1BGBS:00000005 [INF] Request starting "HTTP/1.1" "GET" "http"://"localhost:5045""""/api/LocalDrivingLicenseApplicationAPI/TryGetAllLocalDrivingLicenseApplicationsAsync""" - null null (d509f86a)
2025-06-30T04:32:09.8524117+01:00 0HNDNGQK1BGBS:00000005 [WRN] Failed to determine the https port for redirect. (ca76cc21)
2025-06-30T04:32:09.8544649+01:00 0HNDNGQK1BGBS:00000005 [INF] Executing endpoint '"DVLD_API.Controllers.LocalDrivingLicenseApplicationAPIController.TryGetAllLocalDrivingLicenseApplicationsAsync (DVLD_API)"' (500cc934)
2025-06-30T04:32:09.8716381+01:00 0HNDNGQK1BGBS:00000005 [INF] Route matched with "{action = \"TryGetAllLocalDrivingLicenseApplications\", controller = \"LocalDrivingLicenseApplicationAPI\"}". Executing controller action with signature "System.Threading.Tasks.Task`1[Microsoft.AspNetCore.Mvc.ActionResult`1[System.Data.DataTable]] TryGetAllLocalDrivingLicenseApplicationsAsync(System.Threading.CancellationToken)" on controller "DVLD_API.Controllers.LocalDrivingLicenseApplicationAPIController" ("DVLD_API"). (122b2fdf)
2025-06-30T04:32:10.1390763+01:00 0HNDNGQK1BGBS:00000005 [INF] Executing "OkObjectResult", writing value of type '"System.Data.DataTable"'. (605b4265)
2025-06-30T04:32:10.1768971+01:00 0HNDNGQK1BGBS:00000005 [INF] Executed action "DVLD_API.Controllers.LocalDrivingLicenseApplicationAPIController.TryGetAllLocalDrivingLicenseApplicationsAsync (DVLD_API)" in 302.9899ms (afa2e885)
2025-06-30T04:32:10.1774387+01:00 0HNDNGQK1BGBS:00000005 [INF] Executed endpoint '"DVLD_API.Controllers.LocalDrivingLicenseApplicationAPIController.TryGetAllLocalDrivingLicenseApplicationsAsync (DVLD_API)"' (99874f2b)
2025-06-30T04:32:10.1994790+01:00 0HNDNGQK1BGBS:00000005 [ERR] An unhandled exception has occurred while executing the request. (48a46595)
System.NotSupportedException: Serialization and deserialization of 'System.Type' instances is not supported. Path: $.Columns.DataType.
 ---> System.NotSupportedException: Serialization and deserialization of 'System.Type' instances is not supported.
   at System.Text.Json.Serialization.Converters.UnsupportedTypeConverter`1.Write(Utf8JsonWriter writer, T value, JsonSerializerOptions options)
   at System.Text.Json.Serialization.JsonConverter`1.TryWrite(Utf8JsonWriter writer, T& value, JsonSerializerOptions options, WriteStack& state)
   at System.Text.Json.Serialization.Metadata.JsonPropertyInfo`1.GetMemberAndWriteJson(Object obj, WriteStack& state, Utf8JsonWriter writer)
   at System.Text.Json.Serialization.Converters.ObjectDefaultConverter`1.OnTryWrite(Utf8JsonWriter writer, T value, JsonSerializerOptions options, WriteStack& state)
   at System.Text.Json.Serialization.JsonConverter`1.TryWrite(Utf8JsonWriter writer, T& value, JsonSerializerOptions options, WriteStack& state)
   at System.Text.Json.Serialization.JsonConverter`1.TryWriteAsObject(Utf8JsonWriter writer, Object value, JsonSerializerOptions options, WriteStack& state)
   at System.Text.Json.Serialization.JsonConverter`1.TryWrite(Utf8JsonWriter writer, T& value, JsonSerializerOptions options, WriteStack& state)
   at System.Text.Json.Serialization.Converters.IEnumerableConverter`1.OnWriteResume(Utf8JsonWriter writer, TCollection value, JsonSerializerOptions options, WriteStack& state)
   at System.Text.Json.Serialization.JsonCollectionConverter`2.OnTryWrite(Utf8JsonWriter writer, TCollection value, JsonSerializerOptions options, WriteStack& state)
   at System.Text.Json.Serialization.JsonConverter`1.TryWrite(Utf8JsonWriter writer, T& value, JsonSerializerOptions options, WriteStack& state)
   at System.Text.Json.Serialization.Metadata.JsonPropertyInfo`1.GetMemberAndWriteJson(Object obj, WriteStack& state, Utf8JsonWriter writer)
   at System.Text.Json.Serialization.Converters.ObjectDefaultConverter`1.OnTryWrite(Utf8JsonWriter writer, T value, JsonSerializerOptions options, WriteStack& state)
   at System.Text.Json.Serialization.JsonConverter`1.TryWrite(Utf8JsonWriter writer, T& value, JsonSerializerOptions options, WriteStack& state)
   at System.Text.Json.Serialization.JsonConverter`1.WriteCore(Utf8JsonWriter writer, T& value, JsonSerializerOptions options, WriteStack& state)
   --- End of inner exception stack trace ---
   at System.Text.Json.ThrowHelper.ThrowNotSupportedException(WriteStack& state, NotSupportedException ex)
   at System.Text.Json.Serialization.JsonConverter`1.WriteCore(Utf8JsonWriter writer, T& value, JsonSerializerOptions options, WriteStack& state)
   at System.Text.Json.Serialization.Metadata.JsonTypeInfo`1.SerializeAsync(Stream utf8Json, T rootValue, CancellationToken cancellationToken, Object rootValueBoxed)
   at System.Text.Json.Serialization.Metadata.JsonTypeInfo`1.SerializeAsync(Stream utf8Json, T rootValue, CancellationToken cancellationToken, Object rootValueBoxed)
   at System.Text.Json.Serialization.Metadata.JsonTypeInfo`1.SerializeAsync(Stream utf8Json, T rootValue, CancellationToken cancellationToken, Object rootValueBoxed)
   at Microsoft.AspNetCore.Mvc.Formatters.SystemTextJsonOutputFormatter.WriteResponseBodyAsync(OutputFormatterWriteContext context, Encoding selectedEncoding)
   at Microsoft.AspNetCore.Mvc.Infrastructure.ResourceInvoker.<InvokeNextResultFilterAsync>g__Awaited|30_0[TFilter,TFilterAsync](ResourceInvoker invoker, Task lastTask, State next, Scope scope, Object state, Boolean isCompleted)
   at Microsoft.AspNetCore.Mvc.Infrastructure.ResourceInvoker.Rethrow(ResultExecutedContextSealed context)
   at Microsoft.AspNetCore.Mvc.Infrastructure.ResourceInvoker.ResultNext[TFilter,TFilterAsync](State& next, Scope& scope, Object& state, Boolean& isCompleted)
   at Microsoft.AspNetCore.Mvc.Infrastructure.ResourceInvoker.InvokeResultFilters()
--- End of stack trace from previous location ---
   at Microsoft.AspNetCore.Mvc.Infrastructure.ResourceInvoker.<InvokeFilterPipelineAsync>g__Awaited|20_0(ResourceInvoker invoker, Task lastTask, State next, Scope scope, Object state, Boolean isCompleted)
   at Microsoft.AspNetCore.Mvc.Infrastructure.ResourceInvoker.<InvokeAsync>g__Logged|17_1(ResourceInvoker invoker)
   at Microsoft.AspNetCore.Mvc.Infrastructure.ResourceInvoker.<InvokeAsync>g__Logged|17_1(ResourceInvoker invoker)
   at Microsoft.AspNetCore.Routing.EndpointMiddleware.<Invoke>g__AwaitRequestTask|7_0(Endpoint endpoint, Task requestTask, ILogger logger)
   at Microsoft.AspNetCore.Authorization.AuthorizationMiddleware.Invoke(HttpContext context)
   at Swashbuckle.AspNetCore.SwaggerUI.SwaggerUIMiddleware.Invoke(HttpContext httpContext)
   at Swashbuckle.AspNetCore.Swagger.SwaggerMiddleware.Invoke(HttpContext httpContext, ISwaggerProvider swaggerProvider)
   at Microsoft.AspNetCore.Authentication.AuthenticationMiddleware.Invoke(HttpContext context)
   at Microsoft.AspNetCore.Diagnostics.DeveloperExceptionPageMiddlewareImpl.Invoke(HttpContext context)
2025-06-30T04:32:10.2018182+01:00 0HNDNGQK1BGBS:00000005 [INF] Request finished "HTTP/1.1" "GET" "http"://"localhost:5045""""/api/LocalDrivingLicenseApplicationAPI/TryGetAllLocalDrivingLicenseApplicationsAsync""" - 500 null "text/plain; charset=utf-8" 360.2582ms (74253ad3)
2025-06-30T11:35:48.3113792+01:00  [INF] Now listening on: "http://localhost:5045" (d826f4b8)
2025-06-30T11:35:48.3762876+01:00  [INF] Application started. Press Ctrl+C to shut down. (dcaefe54)
2025-06-30T11:35:48.3777128+01:00  [INF] Hosting environment: "Development" (bc5a1a4e)
2025-06-30T11:35:48.3788538+01:00  [INF] Content root path: "S:\14    PFE_DVLD\TheProjectDVLDVersion2.0.0\BackEnd-ServerSide\DVLD_API" (cc26f24e)
2025-06-30T11:35:48.7209821+01:00 0HNDNO7GB8EOS:00000001 [INF] Request starting "HTTP/1.1" "GET" "http"://"localhost:5045""""/swagger/index.html""" - null null (d509f86a)
2025-06-30T11:35:49.1126855+01:00 0HNDNO7GB8EOS:00000001 [INF] Request finished "HTTP/1.1" "GET" "http"://"localhost:5045""""/swagger/index.html""" - 200 null "text/html;charset=utf-8" 396.0514ms (74253ad3)
2025-06-30T11:35:49.1453800+01:00 0HNDNO7GB8EOS:00000002 [INF] Request starting "HTTP/1.1" "GET" "http"://"localhost:5045""""/_framework/aspnetcore-browser-refresh.js""" - null null (d509f86a)
2025-06-30T11:35:49.1485383+01:00 0HNDNO7GB8EOS:00000002 [INF] Request finished "HTTP/1.1" "GET" "http"://"localhost:5045""""/_framework/aspnetcore-browser-refresh.js""" - 200 16501 "application/javascript; charset=utf-8" 3.1689ms (74253ad3)
2025-06-30T11:35:49.2119415+01:00 0HNDNO7GB8EOS:00000003 [INF] Request starting "HTTP/1.1" "GET" "http"://"localhost:5045""""/_vs/browserLink""" - null null (d509f86a)
2025-06-30T11:35:49.2585170+01:00 0HNDNO7GB8EOS:00000003 [INF] Request finished "HTTP/1.1" "GET" "http"://"localhost:5045""""/_vs/browserLink""" - 200 null "text/javascript; charset=UTF-8" 46.6214ms (74253ad3)
2025-06-30T11:35:49.4233707+01:00 0HNDNO7GB8EOS:00000004 [INF] Request starting "HTTP/1.1" "GET" "http"://"localhost:5045""""/swagger/v1/swagger.json""" - null null (d509f86a)
2025-06-30T11:35:49.5269926+01:00 0HNDNO7GB8EOS:00000004 [INF] Request finished "HTTP/1.1" "GET" "http"://"localhost:5045""""/swagger/v1/swagger.json""" - 200 null "application/json;charset=utf-8" 103.7124ms (74253ad3)
2025-06-30T11:37:28.5552970+01:00 0HNDNO7GB8EOS:00000005 [INF] Request starting "HTTP/1.1" "GET" "http"://"localhost:5045""""/api/LocalDrivingLicenseApplicationAPI/TryGetAllLocalDrivingLicenseApplicationsAsync""" - null null (d509f86a)
2025-06-30T11:37:28.5723951+01:00 0HNDNO7GB8EOS:00000005 [WRN] Failed to determine the https port for redirect. (ca76cc21)
2025-06-30T11:37:28.5745361+01:00 0HNDNO7GB8EOS:00000005 [INF] Executing endpoint '"DVLD_API.Controllers.LocalDrivingLicenseApplicationAPIController.TryGetAllLocalDrivingLicenseApplicationsAsync (DVLD_API)"' (500cc934)
2025-06-30T11:37:28.5888452+01:00 0HNDNO7GB8EOS:00000005 [INF] Route matched with "{action = \"TryGetAllLocalDrivingLicenseApplications\", controller = \"LocalDrivingLicenseApplicationAPI\"}". Executing controller action with signature "System.Threading.Tasks.Task`1[Microsoft.AspNetCore.Mvc.ActionResult`1[System.Data.DataTable]] TryGetAllLocalDrivingLicenseApplicationsAsync(System.Threading.CancellationToken)" on controller "DVLD_API.Controllers.LocalDrivingLicenseApplicationAPIController" ("DVLD_API"). (122b2fdf)
2025-06-30T11:37:29.2687426+01:00 0HNDNO7GB8EOS:00000005 [INF] Executing "OkObjectResult", writing value of type '"System.Data.DataTable"'. (605b4265)
2025-06-30T11:37:29.3023994+01:00 0HNDNO7GB8EOS:00000005 [INF] Executed action "DVLD_API.Controllers.LocalDrivingLicenseApplicationAPIController.TryGetAllLocalDrivingLicenseApplicationsAsync (DVLD_API)" in 711.3265ms (afa2e885)
2025-06-30T11:37:29.3029499+01:00 0HNDNO7GB8EOS:00000005 [INF] Executed endpoint '"DVLD_API.Controllers.LocalDrivingLicenseApplicationAPIController.TryGetAllLocalDrivingLicenseApplicationsAsync (DVLD_API)"' (99874f2b)
2025-06-30T11:37:29.4462744+01:00 0HNDNO7GB8EOS:00000005 [ERR] An unhandled exception has occurred while executing the request. (48a46595)
System.NotSupportedException: Serialization and deserialization of 'System.Type' instances is not supported. Path: $.Columns.DataType.
 ---> System.NotSupportedException: Serialization and deserialization of 'System.Type' instances is not supported.
   at System.Text.Json.Serialization.Converters.UnsupportedTypeConverter`1.Write(Utf8JsonWriter writer, T value, JsonSerializerOptions options)
   at System.Text.Json.Serialization.JsonConverter`1.TryWrite(Utf8JsonWriter writer, T& value, JsonSerializerOptions options, WriteStack& state)
   at System.Text.Json.Serialization.Metadata.JsonPropertyInfo`1.GetMemberAndWriteJson(Object obj, WriteStack& state, Utf8JsonWriter writer)
   at System.Text.Json.Serialization.Converters.ObjectDefaultConverter`1.OnTryWrite(Utf8JsonWriter writer, T value, JsonSerializerOptions options, WriteStack& state)
   at System.Text.Json.Serialization.JsonConverter`1.TryWrite(Utf8JsonWriter writer, T& value, JsonSerializerOptions options, WriteStack& state)
   at System.Text.Json.Serialization.JsonConverter`1.TryWriteAsObject(Utf8JsonWriter writer, Object value, JsonSerializerOptions options, WriteStack& state)
   at System.Text.Json.Serialization.JsonConverter`1.TryWrite(Utf8JsonWriter writer, T& value, JsonSerializerOptions options, WriteStack& state)
   at System.Text.Json.Serialization.Converters.IEnumerableConverter`1.OnWriteResume(Utf8JsonWriter writer, TCollection value, JsonSerializerOptions options, WriteStack& state)
   at System.Text.Json.Serialization.JsonCollectionConverter`2.OnTryWrite(Utf8JsonWriter writer, TCollection value, JsonSerializerOptions options, WriteStack& state)
   at System.Text.Json.Serialization.JsonConverter`1.TryWrite(Utf8JsonWriter writer, T& value, JsonSerializerOptions options, WriteStack& state)
   at System.Text.Json.Serialization.Metadata.JsonPropertyInfo`1.GetMemberAndWriteJson(Object obj, WriteStack& state, Utf8JsonWriter writer)
   at System.Text.Json.Serialization.Converters.ObjectDefaultConverter`1.OnTryWrite(Utf8JsonWriter writer, T value, JsonSerializerOptions options, WriteStack& state)
   at System.Text.Json.Serialization.JsonConverter`1.TryWrite(Utf8JsonWriter writer, T& value, JsonSerializerOptions options, WriteStack& state)
   at System.Text.Json.Serialization.JsonConverter`1.WriteCore(Utf8JsonWriter writer, T& value, JsonSerializerOptions options, WriteStack& state)
   --- End of inner exception stack trace ---
   at System.Text.Json.ThrowHelper.ThrowNotSupportedException(WriteStack& state, NotSupportedException ex)
   at System.Text.Json.Serialization.JsonConverter`1.WriteCore(Utf8JsonWriter writer, T& value, JsonSerializerOptions options, WriteStack& state)
   at System.Text.Json.Serialization.Metadata.JsonTypeInfo`1.SerializeAsync(Stream utf8Json, T rootValue, CancellationToken cancellationToken, Object rootValueBoxed)
   at System.Text.Json.Serialization.Metadata.JsonTypeInfo`1.SerializeAsync(Stream utf8Json, T rootValue, CancellationToken cancellationToken, Object rootValueBoxed)
   at System.Text.Json.Serialization.Metadata.JsonTypeInfo`1.SerializeAsync(Stream utf8Json, T rootValue, CancellationToken cancellationToken, Object rootValueBoxed)
   at Microsoft.AspNetCore.Mvc.Formatters.SystemTextJsonOutputFormatter.WriteResponseBodyAsync(OutputFormatterWriteContext context, Encoding selectedEncoding)
   at Microsoft.AspNetCore.Mvc.Infrastructure.ResourceInvoker.<InvokeNextResultFilterAsync>g__Awaited|30_0[TFilter,TFilterAsync](ResourceInvoker invoker, Task lastTask, State next, Scope scope, Object state, Boolean isCompleted)
   at Microsoft.AspNetCore.Mvc.Infrastructure.ResourceInvoker.Rethrow(ResultExecutedContextSealed context)
   at Microsoft.AspNetCore.Mvc.Infrastructure.ResourceInvoker.ResultNext[TFilter,TFilterAsync](State& next, Scope& scope, Object& state, Boolean& isCompleted)
   at Microsoft.AspNetCore.Mvc.Infrastructure.ResourceInvoker.InvokeResultFilters()
--- End of stack trace from previous location ---
   at Microsoft.AspNetCore.Mvc.Infrastructure.ResourceInvoker.<InvokeFilterPipelineAsync>g__Awaited|20_0(ResourceInvoker invoker, Task lastTask, State next, Scope scope, Object state, Boolean isCompleted)
   at Microsoft.AspNetCore.Mvc.Infrastructure.ResourceInvoker.<InvokeAsync>g__Logged|17_1(ResourceInvoker invoker)
   at Microsoft.AspNetCore.Mvc.Infrastructure.ResourceInvoker.<InvokeAsync>g__Logged|17_1(ResourceInvoker invoker)
   at Microsoft.AspNetCore.Routing.EndpointMiddleware.<Invoke>g__AwaitRequestTask|7_0(Endpoint endpoint, Task requestTask, ILogger logger)
   at Microsoft.AspNetCore.Authorization.AuthorizationMiddleware.Invoke(HttpContext context)
   at Swashbuckle.AspNetCore.SwaggerUI.SwaggerUIMiddleware.Invoke(HttpContext httpContext)
   at Swashbuckle.AspNetCore.Swagger.SwaggerMiddleware.Invoke(HttpContext httpContext, ISwaggerProvider swaggerProvider)
   at Microsoft.AspNetCore.Authentication.AuthenticationMiddleware.Invoke(HttpContext context)
   at Microsoft.AspNetCore.Diagnostics.DeveloperExceptionPageMiddlewareImpl.Invoke(HttpContext context)
2025-06-30T11:37:29.4486536+01:00 0HNDNO7GB8EOS:00000005 [INF] Request finished "HTTP/1.1" "GET" "http"://"localhost:5045""""/api/LocalDrivingLicenseApplicationAPI/TryGetAllLocalDrivingLicenseApplicationsAsync""" - 500 null "text/plain; charset=utf-8" 893.4947ms (74253ad3)
2025-06-30T12:52:59.1498078+01:00  [INF] Now listening on: "http://localhost:5045" (d826f4b8)
2025-06-30T12:52:59.2268879+01:00  [INF] Application started. Press Ctrl+C to shut down. (dcaefe54)
2025-06-30T12:52:59.2288855+01:00  [INF] Hosting environment: "Development" (bc5a1a4e)
2025-06-30T12:52:59.2313950+01:00  [INF] Content root path: "S:\14    PFE_DVLD\TheProjectDVLDVersion2.0.0\BackEnd-ServerSide\DVLD_API" (cc26f24e)
2025-06-30T12:52:59.4264908+01:00 0HNDNPIKEHF4O:00000001 [INF] Request starting "HTTP/1.1" "GET" "http"://"localhost:5045""""/swagger/index.html""" - null null (d509f86a)
2025-06-30T12:52:59.5997100+01:00 0HNDNPIKEHF4O:00000001 [INF] Request finished "HTTP/1.1" "GET" "http"://"localhost:5045""""/swagger/index.html""" - 200 null "text/html;charset=utf-8" 176.9748ms (74253ad3)
2025-06-30T12:52:59.6383336+01:00 0HNDNPIKEHF4O:00000002 [INF] Request starting "HTTP/1.1" "GET" "http"://"localhost:5045""""/_framework/aspnetcore-browser-refresh.js""" - null null (d509f86a)
2025-06-30T12:52:59.6448100+01:00 0HNDNPIKEHF4O:00000002 [INF] Request finished "HTTP/1.1" "GET" "http"://"localhost:5045""""/_framework/aspnetcore-browser-refresh.js""" - 200 16501 "application/javascript; charset=utf-8" 6.5931ms (74253ad3)
2025-06-30T12:52:59.6965418+01:00 0HNDNPIKEHF4O:00000003 [INF] Request starting "HTTP/1.1" "GET" "http"://"localhost:5045""""/_vs/browserLink""" - null null (d509f86a)
2025-06-30T12:52:59.7497855+01:00 0HNDNPIKEHF4O:00000003 [INF] Request finished "HTTP/1.1" "GET" "http"://"localhost:5045""""/_vs/browserLink""" - 200 null "text/javascript; charset=UTF-8" 53.2742ms (74253ad3)
2025-06-30T12:52:59.8659608+01:00 0HNDNPIKEHF4O:00000004 [INF] Request starting "HTTP/1.1" "GET" "http"://"localhost:5045""""/swagger/v1/swagger.json""" - null null (d509f86a)
2025-06-30T12:52:59.9712601+01:00 0HNDNPIKEHF4O:00000004 [INF] Request finished "HTTP/1.1" "GET" "http"://"localhost:5045""""/swagger/v1/swagger.json""" - 200 null "application/json;charset=utf-8" 105.4164ms (74253ad3)
2025-06-30T12:53:14.0569846+01:00 0HNDNPIKEHF4O:00000005 [INF] Request starting "HTTP/1.1" "GET" "http"://"localhost:5045""""/api/LocalDrivingLicenseApplicationAPI/TryGetAllLocalDrivingLicenseApplicationsAsync""" - null null (d509f86a)
2025-06-30T12:53:14.0675608+01:00 0HNDNPIKEHF4O:00000005 [WRN] Failed to determine the https port for redirect. (ca76cc21)
2025-06-30T12:53:14.0696525+01:00 0HNDNPIKEHF4O:00000005 [INF] Executing endpoint '"DVLD_API.Controllers.LocalDrivingLicenseApplicationAPIController.TryGetAllLocalDrivingLicenseApplicationsAsync (DVLD_API)"' (500cc934)
2025-06-30T12:53:14.0840441+01:00 0HNDNPIKEHF4O:00000005 [INF] Route matched with "{action = \"TryGetAllLocalDrivingLicenseApplications\", controller = \"LocalDrivingLicenseApplicationAPI\"}". Executing controller action with signature "System.Threading.Tasks.Task`1[Microsoft.AspNetCore.Mvc.ActionResult`1[System.Data.DataTable]] TryGetAllLocalDrivingLicenseApplicationsAsync(System.Threading.CancellationToken)" on controller "DVLD_API.Controllers.LocalDrivingLicenseApplicationAPIController" ("DVLD_API"). (122b2fdf)
2025-06-30T12:53:14.3966674+01:00 0HNDNPIKEHF4O:00000005 [INF] Executing "OkObjectResult", writing value of type '"System.Data.DataTable"'. (605b4265)
2025-06-30T12:53:14.4381103+01:00 0HNDNPIKEHF4O:00000005 [INF] Executed action "DVLD_API.Controllers.LocalDrivingLicenseApplicationAPIController.TryGetAllLocalDrivingLicenseApplicationsAsync (DVLD_API)" in 351.5688ms (afa2e885)
2025-06-30T12:53:14.4389689+01:00 0HNDNPIKEHF4O:00000005 [INF] Executed endpoint '"DVLD_API.Controllers.LocalDrivingLicenseApplicationAPIController.TryGetAllLocalDrivingLicenseApplicationsAsync (DVLD_API)"' (99874f2b)
2025-06-30T12:53:14.4687627+01:00 0HNDNPIKEHF4O:00000005 [ERR] An unhandled exception has occurred while executing the request. (48a46595)
System.NotSupportedException: Serialization and deserialization of 'System.Type' instances is not supported. Path: $.Columns.DataType.
 ---> System.NotSupportedException: Serialization and deserialization of 'System.Type' instances is not supported.
   at System.Text.Json.Serialization.Converters.UnsupportedTypeConverter`1.Write(Utf8JsonWriter writer, T value, JsonSerializerOptions options)
   at System.Text.Json.Serialization.JsonConverter`1.TryWrite(Utf8JsonWriter writer, T& value, JsonSerializerOptions options, WriteStack& state)
   at System.Text.Json.Serialization.Metadata.JsonPropertyInfo`1.GetMemberAndWriteJson(Object obj, WriteStack& state, Utf8JsonWriter writer)
   at System.Text.Json.Serialization.Converters.ObjectDefaultConverter`1.OnTryWrite(Utf8JsonWriter writer, T value, JsonSerializerOptions options, WriteStack& state)
   at System.Text.Json.Serialization.JsonConverter`1.TryWrite(Utf8JsonWriter writer, T& value, JsonSerializerOptions options, WriteStack& state)
   at System.Text.Json.Serialization.JsonConverter`1.TryWriteAsObject(Utf8JsonWriter writer, Object value, JsonSerializerOptions options, WriteStack& state)
   at System.Text.Json.Serialization.JsonConverter`1.TryWrite(Utf8JsonWriter writer, T& value, JsonSerializerOptions options, WriteStack& state)
   at System.Text.Json.Serialization.Converters.IEnumerableConverter`1.OnWriteResume(Utf8JsonWriter writer, TCollection value, JsonSerializerOptions options, WriteStack& state)
   at System.Text.Json.Serialization.JsonCollectionConverter`2.OnTryWrite(Utf8JsonWriter writer, TCollection value, JsonSerializerOptions options, WriteStack& state)
   at System.Text.Json.Serialization.JsonConverter`1.TryWrite(Utf8JsonWriter writer, T& value, JsonSerializerOptions options, WriteStack& state)
   at System.Text.Json.Serialization.Metadata.JsonPropertyInfo`1.GetMemberAndWriteJson(Object obj, WriteStack& state, Utf8JsonWriter writer)
   at System.Text.Json.Serialization.Converters.ObjectDefaultConverter`1.OnTryWrite(Utf8JsonWriter writer, T value, JsonSerializerOptions options, WriteStack& state)
   at System.Text.Json.Serialization.JsonConverter`1.TryWrite(Utf8JsonWriter writer, T& value, JsonSerializerOptions options, WriteStack& state)
   at System.Text.Json.Serialization.JsonConverter`1.WriteCore(Utf8JsonWriter writer, T& value, JsonSerializerOptions options, WriteStack& state)
   --- End of inner exception stack trace ---
   at System.Text.Json.ThrowHelper.ThrowNotSupportedException(WriteStack& state, NotSupportedException ex)
   at System.Text.Json.Serialization.JsonConverter`1.WriteCore(Utf8JsonWriter writer, T& value, JsonSerializerOptions options, WriteStack& state)
   at System.Text.Json.Serialization.Metadata.JsonTypeInfo`1.SerializeAsync(Stream utf8Json, T rootValue, CancellationToken cancellationToken, Object rootValueBoxed)
   at System.Text.Json.Serialization.Metadata.JsonTypeInfo`1.SerializeAsync(Stream utf8Json, T rootValue, CancellationToken cancellationToken, Object rootValueBoxed)
   at System.Text.Json.Serialization.Metadata.JsonTypeInfo`1.SerializeAsync(Stream utf8Json, T rootValue, CancellationToken cancellationToken, Object rootValueBoxed)
   at Microsoft.AspNetCore.Mvc.Formatters.SystemTextJsonOutputFormatter.WriteResponseBodyAsync(OutputFormatterWriteContext context, Encoding selectedEncoding)
   at Microsoft.AspNetCore.Mvc.Infrastructure.ResourceInvoker.<InvokeNextResultFilterAsync>g__Awaited|30_0[TFilter,TFilterAsync](ResourceInvoker invoker, Task lastTask, State next, Scope scope, Object state, Boolean isCompleted)
   at Microsoft.AspNetCore.Mvc.Infrastructure.ResourceInvoker.Rethrow(ResultExecutedContextSealed context)
   at Microsoft.AspNetCore.Mvc.Infrastructure.ResourceInvoker.ResultNext[TFilter,TFilterAsync](State& next, Scope& scope, Object& state, Boolean& isCompleted)
   at Microsoft.AspNetCore.Mvc.Infrastructure.ResourceInvoker.InvokeResultFilters()
--- End of stack trace from previous location ---
   at Microsoft.AspNetCore.Mvc.Infrastructure.ResourceInvoker.<InvokeFilterPipelineAsync>g__Awaited|20_0(ResourceInvoker invoker, Task lastTask, State next, Scope scope, Object state, Boolean isCompleted)
   at Microsoft.AspNetCore.Mvc.Infrastructure.ResourceInvoker.<InvokeAsync>g__Logged|17_1(ResourceInvoker invoker)
   at Microsoft.AspNetCore.Mvc.Infrastructure.ResourceInvoker.<InvokeAsync>g__Logged|17_1(ResourceInvoker invoker)
   at Microsoft.AspNetCore.Routing.EndpointMiddleware.<Invoke>g__AwaitRequestTask|7_0(Endpoint endpoint, Task requestTask, ILogger logger)
   at Microsoft.AspNetCore.Authorization.AuthorizationMiddleware.Invoke(HttpContext context)
   at Swashbuckle.AspNetCore.SwaggerUI.SwaggerUIMiddleware.Invoke(HttpContext httpContext)
   at Swashbuckle.AspNetCore.Swagger.SwaggerMiddleware.Invoke(HttpContext httpContext, ISwaggerProvider swaggerProvider)
   at Microsoft.AspNetCore.Authentication.AuthenticationMiddleware.Invoke(HttpContext context)
   at Microsoft.AspNetCore.Diagnostics.DeveloperExceptionPageMiddlewareImpl.Invoke(HttpContext context)
2025-06-30T12:53:14.4721780+01:00 0HNDNPIKEHF4O:00000005 [INF] Request finished "HTTP/1.1" "GET" "http"://"localhost:5045""""/api/LocalDrivingLicenseApplicationAPI/TryGetAllLocalDrivingLicenseApplicationsAsync""" - 500 null "text/plain; charset=utf-8" 415.2562ms (74253ad3)
2025-06-30T12:53:36.3845124+01:00  [INF] Now listening on: "http://localhost:5045" (d826f4b8)
2025-06-30T12:53:36.4572862+01:00  [INF] Application started. Press Ctrl+C to shut down. (dcaefe54)
2025-06-30T12:53:36.4585827+01:00  [INF] Hosting environment: "Development" (bc5a1a4e)
2025-06-30T12:53:36.4597445+01:00  [INF] Content root path: "S:\14    PFE_DVLD\TheProjectDVLDVersion2.0.0\BackEnd-ServerSide\DVLD_API" (cc26f24e)
2025-06-30T12:53:36.7686124+01:00 0HNDNPIVHL91P:00000001 [INF] Request starting "HTTP/1.1" "GET" "http"://"localhost:5045""""/swagger/index.html""" - null null (d509f86a)
2025-06-30T12:53:36.9353670+01:00 0HNDNPIVHL91P:00000001 [INF] Request finished "HTTP/1.1" "GET" "http"://"localhost:5045""""/swagger/index.html""" - 200 null "text/html;charset=utf-8" 172.4745ms (74253ad3)
2025-06-30T12:53:36.9669377+01:00 0HNDNPIVHL91P:00000002 [INF] Request starting "HTTP/1.1" "GET" "http"://"localhost:5045""""/_framework/aspnetcore-browser-refresh.js""" - null null (d509f86a)
2025-06-30T12:53:36.9691710+01:00 0HNDNPIVHL91P:00000002 [INF] Request finished "HTTP/1.1" "GET" "http"://"localhost:5045""""/_framework/aspnetcore-browser-refresh.js""" - 200 16501 "application/javascript; charset=utf-8" 2.7491ms (74253ad3)
2025-06-30T12:53:37.0262543+01:00 0HNDNPIVHL91P:00000003 [INF] Request starting "HTTP/1.1" "GET" "http"://"localhost:5045""""/_vs/browserLink""" - null null (d509f86a)
2025-06-30T12:53:37.0617531+01:00 0HNDNPIVHL91P:00000003 [INF] Request finished "HTTP/1.1" "GET" "http"://"localhost:5045""""/_vs/browserLink""" - 200 null "text/javascript; charset=UTF-8" 35.5003ms (74253ad3)
2025-06-30T12:53:37.1555988+01:00 0HNDNPIVHL91P:00000004 [INF] Request starting "HTTP/1.1" "GET" "http"://"localhost:5045""""/swagger/v1/swagger.json""" - null null (d509f86a)
2025-06-30T12:53:37.2522933+01:00 0HNDNPIVHL91P:00000004 [INF] Request finished "HTTP/1.1" "GET" "http"://"localhost:5045""""/swagger/v1/swagger.json""" - 200 null "application/json;charset=utf-8" 96.7465ms (74253ad3)
2025-06-30T12:55:14.8873670+01:00  [INF] Now listening on: "http://localhost:5045" (d826f4b8)
2025-06-30T12:55:14.9478099+01:00  [INF] Application started. Press Ctrl+C to shut down. (dcaefe54)
2025-06-30T12:55:14.9494858+01:00  [INF] Hosting environment: "Development" (bc5a1a4e)
2025-06-30T12:55:14.9505578+01:00  [INF] Content root path: "S:\14    PFE_DVLD\TheProjectDVLDVersion2.0.0\BackEnd-ServerSide\DVLD_API" (cc26f24e)
2025-06-30T12:55:15.2869595+01:00 0HNDNPJSUIHI4:00000001 [INF] Request starting "HTTP/1.1" "GET" "http"://"localhost:5045""""/swagger/index.html""" - null null (d509f86a)
2025-06-30T12:55:15.4370129+01:00 0HNDNPJSUIHI4:00000001 [INF] Request finished "HTTP/1.1" "GET" "http"://"localhost:5045""""/swagger/index.html""" - 200 null "text/html;charset=utf-8" 155.2294ms (74253ad3)
2025-06-30T12:55:15.4638108+01:00 0HNDNPJSUIHI4:00000002 [INF] Request starting "HTTP/1.1" "GET" "http"://"localhost:5045""""/_framework/aspnetcore-browser-refresh.js""" - null null (d509f86a)
2025-06-30T12:55:15.4665909+01:00 0HNDNPJSUIHI4:00000002 [INF] Request finished "HTTP/1.1" "GET" "http"://"localhost:5045""""/_framework/aspnetcore-browser-refresh.js""" - 200 16501 "application/javascript; charset=utf-8" 2.8489ms (74253ad3)
2025-06-30T12:55:15.5165343+01:00 0HNDNPJSUIHI4:00000003 [INF] Request starting "HTTP/1.1" "GET" "http"://"localhost:5045""""/_vs/browserLink""" - null null (d509f86a)
2025-06-30T12:55:15.5471649+01:00 0HNDNPJSUIHI4:00000003 [INF] Request finished "HTTP/1.1" "GET" "http"://"localhost:5045""""/_vs/browserLink""" - 200 null "text/javascript; charset=UTF-8" 30.6893ms (74253ad3)
2025-06-30T12:55:15.6444055+01:00 0HNDNPJSUIHI4:00000004 [INF] Request starting "HTTP/1.1" "GET" "http"://"localhost:5045""""/swagger/v1/swagger.json""" - null null (d509f86a)
2025-06-30T12:55:15.7342136+01:00 0HNDNPJSUIHI4:00000004 [INF] Request finished "HTTP/1.1" "GET" "http"://"localhost:5045""""/swagger/v1/swagger.json""" - 200 null "application/json;charset=utf-8" 89.8453ms (74253ad3)
2025-06-30T13:00:04.0093025+01:00  [INF] Now listening on: "http://localhost:5045" (d826f4b8)
2025-06-30T13:00:04.0710697+01:00  [INF] Application started. Press Ctrl+C to shut down. (dcaefe54)
2025-06-30T13:00:04.0734203+01:00  [INF] Hosting environment: "Development" (bc5a1a4e)
2025-06-30T13:00:04.0745528+01:00  [INF] Content root path: "S:\14    PFE_DVLD\TheProjectDVLDVersion2.0.0\BackEnd-ServerSide\DVLD_API" (cc26f24e)
2025-06-30T13:00:04.2980394+01:00 0HNDNPMJ2PM32:00000001 [INF] Request starting "HTTP/1.1" "GET" "http"://"localhost:5045""""/swagger/index.html""" - null null (d509f86a)
2025-06-30T13:00:04.4466269+01:00 0HNDNPMJ2PM32:00000001 [INF] Request finished "HTTP/1.1" "GET" "http"://"localhost:5045""""/swagger/index.html""" - 200 null "text/html;charset=utf-8" 156.976ms (74253ad3)
2025-06-30T13:00:04.4701247+01:00 0HNDNPMJ2PM32:00000002 [INF] Request starting "HTTP/1.1" "GET" "http"://"localhost:5045""""/_framework/aspnetcore-browser-refresh.js""" - null null (d509f86a)
2025-06-30T13:00:04.4722811+01:00 0HNDNPMJ2PM32:00000002 [INF] Request finished "HTTP/1.1" "GET" "http"://"localhost:5045""""/_framework/aspnetcore-browser-refresh.js""" - 200 16501 "application/javascript; charset=utf-8" 2.288ms (74253ad3)
2025-06-30T13:00:04.5269730+01:00 0HNDNPMJ2PM32:00000003 [INF] Request starting "HTTP/1.1" "GET" "http"://"localhost:5045""""/_vs/browserLink""" - null null (d509f86a)
2025-06-30T13:00:04.5649904+01:00 0HNDNPMJ2PM32:00000003 [INF] Request finished "HTTP/1.1" "GET" "http"://"localhost:5045""""/_vs/browserLink""" - 200 null "text/javascript; charset=UTF-8" 38.0427ms (74253ad3)
2025-06-30T13:00:04.6642255+01:00 0HNDNPMJ2PM32:00000004 [INF] Request starting "HTTP/1.1" "GET" "http"://"localhost:5045""""/swagger/v1/swagger.json""" - null null (d509f86a)
2025-06-30T13:00:04.7315083+01:00 0HNDNPMJ2PM32:00000004 [INF] Request finished "HTTP/1.1" "GET" "http"://"localhost:5045""""/swagger/v1/swagger.json""" - 200 null "application/json;charset=utf-8" 67.3123ms (74253ad3)
2025-06-30T13:00:21.1668818+01:00 0HNDNPMJ2PM32:00000005 [INF] Request starting "HTTP/1.1" "GET" "http"://"localhost:5045""""/api/LocalDrivingLicenseApplicationAPI/GetAllLocalDrivingLicenseApplicationsAsync""" - null null (d509f86a)
2025-06-30T13:00:21.1820095+01:00 0HNDNPMJ2PM32:00000005 [WRN] Failed to determine the https port for redirect. (ca76cc21)
2025-06-30T13:00:21.1840661+01:00 0HNDNPMJ2PM32:00000005 [INF] Executing endpoint '"DVLD_API.Controllers.LocalDrivingLicenseApplicationAPIController.GetAllLocalDrivingLicenseApplicationsAsync (DVLD_API)"' (500cc934)
2025-06-30T13:00:21.2007195+01:00 0HNDNPMJ2PM32:00000005 [INF] Route matched with "{action = \"GetAllLocalDrivingLicenseApplications\", controller = \"LocalDrivingLicenseApplicationAPI\"}". Executing controller action with signature "System.Threading.Tasks.Task`1[Microsoft.AspNetCore.Mvc.ActionResult`1[System.Collections.Generic.IEnumerable`1[DVLD_SharedModels.clsLocalDrivingLicenseApplications_ViewDTO]]] GetAllLocalDrivingLicenseApplicationsAsync(System.Threading.CancellationToken)" on controller "DVLD_API.Controllers.LocalDrivingLicenseApplicationAPIController" ("DVLD_API"). (122b2fdf)
2025-06-30T13:00:21.5661405+01:00 0HNDNPMJ2PM32:00000005 [INF] Executing "ObjectResult", writing value of type '"Microsoft.AspNetCore.Mvc.ProblemDetails"'. (605b4265)
2025-06-30T13:00:21.5766345+01:00 0HNDNPMJ2PM32:00000005 [INF] Executed action "DVLD_API.Controllers.LocalDrivingLicenseApplicationAPIController.GetAllLocalDrivingLicenseApplicationsAsync (DVLD_API)" in 372.9025ms (afa2e885)
2025-06-30T13:00:21.5770920+01:00 0HNDNPMJ2PM32:00000005 [INF] Executed endpoint '"DVLD_API.Controllers.LocalDrivingLicenseApplicationAPIController.GetAllLocalDrivingLicenseApplicationsAsync (DVLD_API)"' (99874f2b)
2025-06-30T13:00:21.5777232+01:00 0HNDNPMJ2PM32:00000005 [INF] Request finished "HTTP/1.1" "GET" "http"://"localhost:5045""""/api/LocalDrivingLicenseApplicationAPI/GetAllLocalDrivingLicenseApplicationsAsync""" - 500 null "application/problem+json; charset=utf-8" 410.9243ms (74253ad3)
2025-06-30T17:12:33.6885365+01:00  [INF] Now listening on: "http://localhost:5045" (d826f4b8)
2025-06-30T17:12:33.7458197+01:00  [INF] Application started. Press Ctrl+C to shut down. (dcaefe54)
2025-06-30T17:12:33.7476754+01:00  [INF] Hosting environment: "Development" (bc5a1a4e)
2025-06-30T17:12:33.7490805+01:00  [INF] Content root path: "S:\14    PFE_DVLD\TheProjectDVLDVersion2.0.0\BackEnd-ServerSide\DVLD_API" (cc26f24e)
2025-06-30T17:12:35.5686453+01:00 0HNDNU3M1H2DE:00000001 [INF] Request starting "HTTP/1.1" "GET" "http"://"localhost:5045""""/swagger/index.html""" - null null (d509f86a)
2025-06-30T17:12:35.8319993+01:00 0HNDNU3M1H2DE:00000001 [INF] Request finished "HTTP/1.1" "GET" "http"://"localhost:5045""""/swagger/index.html""" - 200 null "text/html;charset=utf-8" 270.6269ms (74253ad3)
2025-06-30T17:12:36.0827376+01:00 0HNDNU3M1H2DE:00000002 [INF] Request starting "HTTP/1.1" "GET" "http"://"localhost:5045""""/_framework/aspnetcore-browser-refresh.js""" - null null (d509f86a)
2025-06-30T17:12:36.1259699+01:00 0HNDNU3M1H2DE:00000002 [INF] Request finished "HTTP/1.1" "GET" "http"://"localhost:5045""""/_framework/aspnetcore-browser-refresh.js""" - 200 16501 "application/javascript; charset=utf-8" 43.3527ms (74253ad3)
2025-06-30T17:12:36.1709715+01:00 0HNDNU3M1H2DG:00000001 [INF] Request starting "HTTP/1.1" "GET" "http"://"localhost:5045""""/_vs/browserLink""" - null null (d509f86a)
2025-06-30T17:12:36.5747320+01:00 0HNDNU3M1H2DG:00000001 [INF] Request finished "HTTP/1.1" "GET" "http"://"localhost:5045""""/_vs/browserLink""" - 200 null "text/javascript; charset=UTF-8" 404.0029ms (74253ad3)
2025-06-30T17:12:36.6068461+01:00 0HNDNU3M1H2DG:00000002 [INF] Request starting "HTTP/1.1" "GET" "http"://"localhost:5045""""/swagger/v1/swagger.json""" - null null (d509f86a)
2025-06-30T17:12:36.6857598+01:00 0HNDNU3M1H2DG:00000002 [INF] Request finished "HTTP/1.1" "GET" "http"://"localhost:5045""""/swagger/v1/swagger.json""" - 200 null "application/json;charset=utf-8" 78.9408ms (74253ad3)
2025-06-30T17:12:46.8746485+01:00 0HNDNU3M1H2DH:00000001 [INF] Request starting "HTTP/1.1" "GET" "http"://"localhost:5045""""/api/LocalDrivingLicenseApplicationAPI/GetAllLocalDrivingLicenseApplicationsAsync""" - null null (d509f86a)
2025-06-30T17:12:46.8881975+01:00 0HNDNU3M1H2DH:00000001 [WRN] Failed to determine the https port for redirect. (ca76cc21)
2025-06-30T17:12:46.8909590+01:00 0HNDNU3M1H2DH:00000001 [INF] Executing endpoint '"DVLD_API.Controllers.LocalDrivingLicenseApplicationAPIController.GetAllLocalDrivingLicenseApplicationsAsync (DVLD_API)"' (500cc934)
2025-06-30T17:12:46.9073899+01:00 0HNDNU3M1H2DH:00000001 [INF] Route matched with "{action = \"GetAllLocalDrivingLicenseApplications\", controller = \"LocalDrivingLicenseApplicationAPI\"}". Executing controller action with signature "System.Threading.Tasks.Task`1[Microsoft.AspNetCore.Mvc.ActionResult`1[System.Collections.Generic.IEnumerable`1[DVLD_SharedModels.clsLocalDrivingLicenseApplications_ViewDTO]]] GetAllLocalDrivingLicenseApplicationsAsync(System.Threading.CancellationToken)" on controller "DVLD_API.Controllers.LocalDrivingLicenseApplicationAPIController" ("DVLD_API"). (122b2fdf)
2025-06-30T17:12:47.2772425+01:00 0HNDNU3M1H2DH:00000001 [INF] Executing "OkObjectResult", writing value of type '"System.Collections.Generic.List`1[[DVLD_SharedModels.clsLocalDrivingLicenseApplications_ViewDTO, DVLD_SharedModels, Version=1.0.0.0, Culture=neutral, PublicKeyToken=null]]"'. (605b4265)
2025-06-30T17:12:47.2853790+01:00 0HNDNU3M1H2DH:00000001 [INF] Executed action "DVLD_API.Controllers.LocalDrivingLicenseApplicationAPIController.GetAllLocalDrivingLicenseApplicationsAsync (DVLD_API)" in 375.3236ms (afa2e885)
2025-06-30T17:12:47.2856872+01:00 0HNDNU3M1H2DH:00000001 [INF] Executed endpoint '"DVLD_API.Controllers.LocalDrivingLicenseApplicationAPIController.GetAllLocalDrivingLicenseApplicationsAsync (DVLD_API)"' (99874f2b)
2025-06-30T17:12:47.2862462+01:00 0HNDNU3M1H2DH:00000001 [INF] Request finished "HTTP/1.1" "GET" "http"://"localhost:5045""""/api/LocalDrivingLicenseApplicationAPI/GetAllLocalDrivingLicenseApplicationsAsync""" - 200 null "application/json; charset=utf-8" 411.7945ms (74253ad3)
2025-06-30T17:13:01.8847499+01:00  [INF] Now listening on: "http://localhost:5045" (d826f4b8)
2025-06-30T17:13:01.9401827+01:00  [INF] Application started. Press Ctrl+C to shut down. (dcaefe54)
2025-06-30T17:13:01.9414397+01:00  [INF] Hosting environment: "Development" (bc5a1a4e)
2025-06-30T17:13:01.9423885+01:00  [INF] Content root path: "S:\14    PFE_DVLD\TheProjectDVLDVersion2.0.0\BackEnd-ServerSide\DVLD_API" (cc26f24e)
2025-06-30T17:13:02.5358835+01:00 0HNDNU3UGNEV1:00000001 [INF] Request starting "HTTP/1.1" "GET" "http"://"localhost:5045""""/swagger/index.html""" - null null (d509f86a)
2025-06-30T17:13:02.6968673+01:00 0HNDNU3UGNEV1:00000001 [INF] Request finished "HTTP/1.1" "GET" "http"://"localhost:5045""""/swagger/index.html""" - 200 null "text/html;charset=utf-8" 167.1153ms (74253ad3)
2025-06-30T17:13:02.7178961+01:00 0HNDNU3UGNEV1:00000002 [INF] Request starting "HTTP/1.1" "GET" "http"://"localhost:5045""""/_framework/aspnetcore-browser-refresh.js""" - null null (d509f86a)
2025-06-30T17:13:02.7203106+01:00 0HNDNU3UGNEV1:00000002 [INF] Request finished "HTTP/1.1" "GET" "http"://"localhost:5045""""/_framework/aspnetcore-browser-refresh.js""" - 200 16501 "application/javascript; charset=utf-8" 2.5686ms (74253ad3)
2025-06-30T17:13:02.7741893+01:00 0HNDNU3UGNEV1:00000003 [INF] Request starting "HTTP/1.1" "GET" "http"://"localhost:5045""""/_vs/browserLink""" - null null (d509f86a)
2025-06-30T17:13:02.8038387+01:00 0HNDNU3UGNEV1:00000003 [INF] Request finished "HTTP/1.1" "GET" "http"://"localhost:5045""""/_vs/browserLink""" - 200 null "text/javascript; charset=UTF-8" 29.7007ms (74253ad3)
2025-06-30T17:13:02.9154628+01:00 0HNDNU3UGNEV1:00000004 [INF] Request starting "HTTP/1.1" "GET" "http"://"localhost:5045""""/swagger/v1/swagger.json""" - null null (d509f86a)
2025-06-30T17:13:03.0047743+01:00 0HNDNU3UGNEV1:00000004 [INF] Request finished "HTTP/1.1" "GET" "http"://"localhost:5045""""/swagger/v1/swagger.json""" - 200 null "application/json;charset=utf-8" 89.3695ms (74253ad3)
2025-06-30T17:13:17.1693531+01:00 0HNDNU3UGNEV1:00000005 [INF] Request starting "HTTP/1.1" "GET" "http"://"localhost:5045""""/api/LocalDrivingLicenseApplicationAPI/GetAllLocalDrivingLicenseApplicationsAsync""" - null null (d509f86a)
2025-06-30T17:13:17.1858948+01:00 0HNDNU3UGNEV1:00000005 [WRN] Failed to determine the https port for redirect. (ca76cc21)
2025-06-30T17:13:17.1880106+01:00 0HNDNU3UGNEV1:00000005 [INF] Executing endpoint '"DVLD_API.Controllers.LocalDrivingLicenseApplicationAPIController.GetAllLocalDrivingLicenseApplicationsAsync (DVLD_API)"' (500cc934)
2025-06-30T17:13:17.2013220+01:00 0HNDNU3UGNEV1:00000005 [INF] Route matched with "{action = \"GetAllLocalDrivingLicenseApplications\", controller = \"LocalDrivingLicenseApplicationAPI\"}". Executing controller action with signature "System.Threading.Tasks.Task`1[Microsoft.AspNetCore.Mvc.ActionResult`1[System.Collections.Generic.IEnumerable`1[DVLD_SharedModels.clsLocalDrivingLicenseApplications_ViewDTO]]] GetAllLocalDrivingLicenseApplicationsAsync(System.Threading.CancellationToken)" on controller "DVLD_API.Controllers.LocalDrivingLicenseApplicationAPIController" ("DVLD_API"). (122b2fdf)
2025-06-30T17:13:17.4644258+01:00 0HNDNU3UGNEV1:00000005 [INF] Executing "OkObjectResult", writing value of type '"System.Collections.Generic.List`1[[DVLD_SharedModels.clsLocalDrivingLicenseApplications_ViewDTO, DVLD_SharedModels, Version=1.0.0.0, Culture=neutral, PublicKeyToken=null]]"'. (605b4265)
2025-06-30T17:13:17.4752127+01:00 0HNDNU3UGNEV1:00000005 [INF] Executed action "DVLD_API.Controllers.LocalDrivingLicenseApplicationAPIController.GetAllLocalDrivingLicenseApplicationsAsync (DVLD_API)" in 271.548ms (afa2e885)
2025-06-30T17:13:17.4756866+01:00 0HNDNU3UGNEV1:00000005 [INF] Executed endpoint '"DVLD_API.Controllers.LocalDrivingLicenseApplicationAPIController.GetAllLocalDrivingLicenseApplicationsAsync (DVLD_API)"' (99874f2b)
2025-06-30T17:13:17.4762380+01:00 0HNDNU3UGNEV1:00000005 [INF] Request finished "HTTP/1.1" "GET" "http"://"localhost:5045""""/api/LocalDrivingLicenseApplicationAPI/GetAllLocalDrivingLicenseApplicationsAsync""" - 200 null "application/json; charset=utf-8" 307.0112ms (74253ad3)
2025-06-30T17:19:05.3996709+01:00 0HNDNU3UGNEV3:00000001 [INF] Request starting "HTTP/1.1" "PUT" "http"://"localhost:5045""""/api/LocalDrivingLicenseApplicationAPI/TryUpdateLocalDrivingLicenseApplicationAsync""" - "application/json" 91 (d509f86a)
2025-06-30T17:19:05.4035861+01:00 0HNDNU3UGNEV3:00000001 [INF] Executing endpoint '"DVLD_API.Controllers.LocalDrivingLicenseApplicationAPIController.TryUpdateLocalDrivingLicenseApplicationAsync (DVLD_API)"' (500cc934)
2025-06-30T17:19:05.4068460+01:00 0HNDNU3UGNEV3:00000001 [INF] Route matched with "{action = \"TryUpdateLocalDrivingLicenseApplication\", controller = \"LocalDrivingLicenseApplicationAPI\"}". Executing controller action with signature "System.Threading.Tasks.Task`1[Microsoft.AspNetCore.Mvc.IActionResult] TryUpdateLocalDrivingLicenseApplicationAsync(DVLD_SharedModels.clsLocalDrivingLicenseApplicationDTO, System.Threading.CancellationToken)" on controller "DVLD_API.Controllers.LocalDrivingLicenseApplicationAPIController" ("DVLD_API"). (122b2fdf)
2025-06-30T17:19:05.4688044+01:00 0HNDNU3UGNEV3:00000001 [INF] Executing "NotFoundObjectResult", writing value of type '"<>f__AnonymousType4`1[[System.String, System.Private.CoreLib, Version=8.0.0.0, Culture=neutral, PublicKeyToken=7cec85d7bea7798e]]"'. (605b4265)
2025-06-30T17:19:05.4697843+01:00 0HNDNU3UGNEV3:00000001 [INF] Executed action "DVLD_API.Controllers.LocalDrivingLicenseApplicationAPIController.TryUpdateLocalDrivingLicenseApplicationAsync (DVLD_API)" in 62.8905ms (afa2e885)
2025-06-30T17:19:05.4698174+01:00 0HNDNU3UGNEV3:00000001 [INF] Executed endpoint '"DVLD_API.Controllers.LocalDrivingLicenseApplicationAPIController.TryUpdateLocalDrivingLicenseApplicationAsync (DVLD_API)"' (99874f2b)
2025-06-30T17:19:05.4699182+01:00 0HNDNU3UGNEV3:00000001 [INF] Request finished "HTTP/1.1" "PUT" "http"://"localhost:5045""""/api/LocalDrivingLicenseApplicationAPI/TryUpdateLocalDrivingLicenseApplicationAsync""" - 404 null "application/json; charset=utf-8" 70.3651ms (74253ad3)
2025-06-30T17:25:22.9548311+01:00  [INF] Now listening on: "http://localhost:5045" (d826f4b8)
2025-06-30T17:25:23.0118294+01:00  [INF] Application started. Press Ctrl+C to shut down. (dcaefe54)
2025-06-30T17:25:23.0133153+01:00  [INF] Hosting environment: "Development" (bc5a1a4e)
2025-06-30T17:25:23.0144929+01:00  [INF] Content root path: "S:\14    PFE_DVLD\TheProjectDVLDVersion2.0.0\BackEnd-ServerSide\DVLD_API" (cc26f24e)
2025-06-30T17:25:23.6722511+01:00 0HNDNUARD0PPJ:00000001 [INF] Request starting "HTTP/1.1" "GET" "http"://"localhost:5045""""/swagger/index.html""" - null null (d509f86a)
2025-06-30T17:25:23.8440765+01:00 0HNDNUARD0PPJ:00000001 [INF] Request finished "HTTP/1.1" "GET" "http"://"localhost:5045""""/swagger/index.html""" - 200 null "text/html;charset=utf-8" 179.5187ms (74253ad3)
2025-06-30T17:25:23.8653737+01:00 0HNDNUARD0PPJ:00000002 [INF] Request starting "HTTP/1.1" "GET" "http"://"localhost:5045""""/_framework/aspnetcore-browser-refresh.js""" - null null (d509f86a)
2025-06-30T17:25:23.8678068+01:00 0HNDNUARD0PPJ:00000002 [INF] Request finished "HTTP/1.1" "GET" "http"://"localhost:5045""""/_framework/aspnetcore-browser-refresh.js""" - 200 16501 "application/javascript; charset=utf-8" 2.4021ms (74253ad3)
2025-06-30T17:25:23.9237033+01:00 0HNDNUARD0PPJ:00000003 [INF] Request starting "HTTP/1.1" "GET" "http"://"localhost:5045""""/_vs/browserLink""" - null null (d509f86a)
2025-06-30T17:25:23.9520512+01:00 0HNDNUARD0PPJ:00000003 [INF] Request finished "HTTP/1.1" "GET" "http"://"localhost:5045""""/_vs/browserLink""" - 200 null "text/javascript; charset=UTF-8" 28.3823ms (74253ad3)
2025-06-30T17:25:24.0803561+01:00 0HNDNUARD0PPJ:00000004 [INF] Request starting "HTTP/1.1" "GET" "http"://"localhost:5045""""/swagger/v1/swagger.json""" - null null (d509f86a)
2025-06-30T17:25:24.1745771+01:00 0HNDNUARD0PPJ:00000004 [INF] Request finished "HTTP/1.1" "GET" "http"://"localhost:5045""""/swagger/v1/swagger.json""" - 200 null "application/json;charset=utf-8" 94.2697ms (74253ad3)
2025-06-30T17:26:16.8134345+01:00 0HNDNUARD0PPJ:00000005 [INF] Request starting "HTTP/1.1" "PUT" "http"://"localhost:5045""""/api/LocalDrivingLicenseApplicationAPI/TryUpdateLocalDrivingLicenseApplicationAsync""" - "application/json" 91 (d509f86a)
2025-06-30T17:26:16.8285877+01:00 0HNDNUARD0PPJ:00000005 [WRN] Failed to determine the https port for redirect. (ca76cc21)
2025-06-30T17:26:16.8307961+01:00 0HNDNUARD0PPJ:00000005 [INF] Executing endpoint '"DVLD_API.Controllers.LocalDrivingLicenseApplicationAPIController.TryUpdateLocalDrivingLicenseApplicationAsync (DVLD_API)"' (500cc934)
2025-06-30T17:26:16.8439640+01:00 0HNDNUARD0PPJ:00000005 [INF] Route matched with "{action = \"TryUpdateLocalDrivingLicenseApplication\", controller = \"LocalDrivingLicenseApplicationAPI\"}". Executing controller action with signature "System.Threading.Tasks.Task`1[Microsoft.AspNetCore.Mvc.IActionResult] TryUpdateLocalDrivingLicenseApplicationAsync(DVLD_SharedModels.clsLocalDrivingLicenseApplicationDTO, System.Threading.CancellationToken)" on controller "DVLD_API.Controllers.LocalDrivingLicenseApplicationAPIController" ("DVLD_API"). (122b2fdf)
2025-06-30T17:26:17.1122214+01:00 0HNDNUARD0PPJ:00000005 [INF] Executing "OkObjectResult", writing value of type '"<>f__AnonymousType0`1[[System.String, System.Private.CoreLib, Version=8.0.0.0, Culture=neutral, PublicKeyToken=7cec85d7bea7798e]]"'. (605b4265)
2025-06-30T17:26:17.1161374+01:00 0HNDNUARD0PPJ:00000005 [INF] Executed action "DVLD_API.Controllers.LocalDrivingLicenseApplicationAPIController.TryUpdateLocalDrivingLicenseApplicationAsync (DVLD_API)" in 269.9447ms (afa2e885)
2025-06-30T17:26:17.1164556+01:00 0HNDNUARD0PPJ:00000005 [INF] Executed endpoint '"DVLD_API.Controllers.LocalDrivingLicenseApplicationAPIController.TryUpdateLocalDrivingLicenseApplicationAsync (DVLD_API)"' (99874f2b)
2025-06-30T17:26:17.1170916+01:00 0HNDNUARD0PPJ:00000005 [INF] Request finished "HTTP/1.1" "PUT" "http"://"localhost:5045""""/api/LocalDrivingLicenseApplicationAPI/TryUpdateLocalDrivingLicenseApplicationAsync""" - 200 null "application/json; charset=utf-8" 303.8101ms (74253ad3)
2025-06-30T17:26:58.1014866+01:00 0HNDNUARD0PPJ:00000006 [INF] Request starting "HTTP/1.1" "GET" "http"://"localhost:5045""""/api/LocalDrivingLicenseApplicationAPI/DoesPassTestTypeAsync/37/113""" - null null (d509f86a)
2025-06-30T17:26:58.1090324+01:00 0HNDNUARD0PPJ:00000006 [INF] Executing endpoint '"DVLD_API.Controllers.LocalDrivingLicenseApplicationAPIController.DoesPassTestTypeAsync (DVLD_API)"' (500cc934)
2025-06-30T17:26:58.1126447+01:00 0HNDNUARD0PPJ:00000006 [INF] Route matched with "{action = \"DoesPassTestType\", controller = \"LocalDrivingLicenseApplicationAPI\"}". Executing controller action with signature "System.Threading.Tasks.Task`1[Microsoft.AspNetCore.Mvc.ActionResult`1[System.Boolean]] DoesPassTestTypeAsync(Int32, Int32, System.Threading.CancellationToken)" on controller "DVLD_API.Controllers.LocalDrivingLicenseApplicationAPIController" ("DVLD_API"). (122b2fdf)
2025-06-30T17:26:58.1361105+01:00 0HNDNUARD0PPJ:00000006 [INF] Executing "OkObjectResult", writing value of type '"System.Boolean"'. (605b4265)
2025-06-30T17:26:58.1378470+01:00 0HNDNUARD0PPJ:00000006 [INF] Executed action "DVLD_API.Controllers.LocalDrivingLicenseApplicationAPIController.DoesPassTestTypeAsync (DVLD_API)" in 25.135ms (afa2e885)
2025-06-30T17:26:58.1378852+01:00 0HNDNUARD0PPJ:00000006 [INF] Executed endpoint '"DVLD_API.Controllers.LocalDrivingLicenseApplicationAPIController.DoesPassTestTypeAsync (DVLD_API)"' (99874f2b)
2025-06-30T17:26:58.1379828+01:00 0HNDNUARD0PPJ:00000006 [INF] Request finished "HTTP/1.1" "GET" "http"://"localhost:5045""""/api/LocalDrivingLicenseApplicationAPI/DoesPassTestTypeAsync/37/113""" - 200 null "application/json; charset=utf-8" 36.6272ms (74253ad3)
2025-06-30T22:41:12.3104785+01:00  [INF] Now listening on: "http://localhost:5045" (d826f4b8)
2025-06-30T22:41:12.3760721+01:00  [INF] Application started. Press Ctrl+C to shut down. (dcaefe54)
2025-06-30T22:41:12.3781781+01:00  [INF] Hosting environment: "Development" (bc5a1a4e)
2025-06-30T22:41:12.3844399+01:00  [INF] Content root path: "S:\14    PFE_DVLD\TheProjectDVLDVersion2.0.0\BackEnd-ServerSide\DVLD_API" (cc26f24e)
2025-06-30T22:41:13.4265310+01:00 0HNDO3RAL4HL4:00000001 [INF] Request starting "HTTP/1.1" "GET" "http"://"localhost:5045""""/swagger/index.html""" - null null (d509f86a)
2025-06-30T22:41:13.7011913+01:00 0HNDO3RAL4HL4:00000001 [INF] Request finished "HTTP/1.1" "GET" "http"://"localhost:5045""""/swagger/index.html""" - 200 null "text/html;charset=utf-8" 280.1306ms (74253ad3)
2025-06-30T22:41:13.7369825+01:00 0HNDO3RAL4HL4:00000002 [INF] Request starting "HTTP/1.1" "GET" "http"://"localhost:5045""""/_framework/aspnetcore-browser-refresh.js""" - null null (d509f86a)
2025-06-30T22:41:13.7398599+01:00 0HNDO3RAL4HL4:00000002 [INF] Request finished "HTTP/1.1" "GET" "http"://"localhost:5045""""/_framework/aspnetcore-browser-refresh.js""" - 200 16501 "application/javascript; charset=utf-8" 4.087ms (74253ad3)
2025-06-30T22:41:13.7996890+01:00 0HNDO3RAL4HL4:00000003 [INF] Request starting "HTTP/1.1" "GET" "http"://"localhost:5045""""/_vs/browserLink""" - null null (d509f86a)
2025-06-30T22:41:13.8505417+01:00 0HNDO3RAL4HL4:00000003 [INF] Request finished "HTTP/1.1" "GET" "http"://"localhost:5045""""/_vs/browserLink""" - 200 null "text/javascript; charset=UTF-8" 50.9064ms (74253ad3)
2025-06-30T22:41:13.9557520+01:00 0HNDO3RAL4HL4:00000004 [INF] Request starting "HTTP/1.1" "GET" "http"://"localhost:5045""""/swagger/v1/swagger.json""" - null null (d509f86a)
2025-06-30T22:41:14.0286289+01:00 0HNDO3RAL4HL4:00000004 [INF] Request finished "HTTP/1.1" "GET" "http"://"localhost:5045""""/swagger/v1/swagger.json""" - 200 null "application/json;charset=utf-8" 72.9202ms (74253ad3)
2025-06-30T22:41:40.0093544+01:00 0HNDO3RAL4HL4:00000005 [INF] Request starting "HTTP/1.1" "GET" "http"://"localhost:5045""""/api/LocalDrivingLicenseApplicationAPI/TryGetLocalDrivingLicenseApplicationByIDAsync/10""" - null null (d509f86a)
2025-06-30T22:41:40.0281012+01:00 0HNDO3RAL4HL4:00000005 [WRN] Failed to determine the https port for redirect. (ca76cc21)
2025-06-30T22:41:40.0300680+01:00 0HNDO3RAL4HL4:00000005 [INF] Executing endpoint '"DVLD_API.Controllers.LocalDrivingLicenseApplicationAPIController.TryGetLocalDrivingLicenseApplicationByIDAsync (DVLD_API)"' (500cc934)
2025-06-30T22:41:40.0435714+01:00 0HNDO3RAL4HL4:00000005 [INF] Route matched with "{action = \"TryGetLocalDrivingLicenseApplicationByID\", controller = \"LocalDrivingLicenseApplicationAPI\"}". Executing controller action with signature "System.Threading.Tasks.Task`1[Microsoft.AspNetCore.Mvc.ActionResult`1[DVLD_SharedModels.clsLocalDrivingLicenseApplicationDTO]] TryGetLocalDrivingLicenseApplicationByIDAsync(Int32)" on controller "DVLD_API.Controllers.LocalDrivingLicenseApplicationAPIController" ("DVLD_API"). (122b2fdf)
2025-06-30T22:41:40.8103000+01:00 0HNDO3RAL4HL4:00000005 [INF] Executing "OkObjectResult", writing value of type '"null"'. (605b4265)
2025-06-30T22:41:40.8125005+01:00 0HNDO3RAL4HL4:00000005 [INF] Executed action "DVLD_API.Controllers.LocalDrivingLicenseApplicationAPIController.TryGetLocalDrivingLicenseApplicationByIDAsync (DVLD_API)" in 766.9236ms (afa2e885)
2025-06-30T22:41:40.8127610+01:00 0HNDO3RAL4HL4:00000005 [INF] Executed endpoint '"DVLD_API.Controllers.LocalDrivingLicenseApplicationAPIController.TryGetLocalDrivingLicenseApplicationByIDAsync (DVLD_API)"' (99874f2b)
2025-06-30T22:41:40.8136532+01:00 0HNDO3RAL4HL4:00000005 [INF] Request finished "HTTP/1.1" "GET" "http"://"localhost:5045""""/api/LocalDrivingLicenseApplicationAPI/TryGetLocalDrivingLicenseApplicationByIDAsync/10""" - 204 null null 806.7049ms (74253ad3)
2025-06-30T23:43:10.7825691+01:00 0HNDO3RAL4HL6:00000001 [INF] Request starting "HTTP/1.1" "GET" "http"://"localhost:5045""""/api/LocalDrivingLicenseApplicationAPI/TryGetLocalDrivingLicenseApplicationByApplicationIdAsync/10""" - null null (d509f86a)
2025-06-30T23:43:10.7871013+01:00 0HNDO3RAL4HL6:00000001 [INF] Executing endpoint '"DVLD_API.Controllers.LocalDrivingLicenseApplicationAPIController.TryGetLocalDrivingLicenseApplicationByApplicationIdAsync (DVLD_API)"' (500cc934)
2025-06-30T23:43:10.7903817+01:00 0HNDO3RAL4HL6:00000001 [INF] Route matched with "{action = \"TryGetLocalDrivingLicenseApplicationByApplicationId\", controller = \"LocalDrivingLicenseApplicationAPI\"}". Executing controller action with signature "System.Threading.Tasks.Task`1[Microsoft.AspNetCore.Mvc.ActionResult`1[DVLD_SharedModels.clsLocalDrivingLicenseApplicationDTO]] TryGetLocalDrivingLicenseApplicationByApplicationIdAsync(Int32)" on controller "DVLD_API.Controllers.LocalDrivingLicenseApplicationAPIController" ("DVLD_API"). (122b2fdf)
2025-06-30T23:43:10.8188861+01:00 0HNDO3RAL4HL6:00000001 [INF] Executing "NotFoundObjectResult", writing value of type '"<>f__AnonymousType2`2[[System.String, System.Private.CoreLib, Version=8.0.0.0, Culture=neutral, PublicKeyToken=7cec85d7bea7798e],[System.String, System.Private.CoreLib, Version=8.0.0.0, Culture=neutral, PublicKeyToken=7cec85d7bea7798e]]"'. (605b4265)
2025-06-30T23:43:10.8225069+01:00 0HNDO3RAL4HL6:00000001 [INF] Executed action "DVLD_API.Controllers.LocalDrivingLicenseApplicationAPIController.TryGetLocalDrivingLicenseApplicationByApplicationIdAsync (DVLD_API)" in 32.0603ms (afa2e885)
2025-06-30T23:43:10.8225509+01:00 0HNDO3RAL4HL6:00000001 [INF] Executed endpoint '"DVLD_API.Controllers.LocalDrivingLicenseApplicationAPIController.TryGetLocalDrivingLicenseApplicationByApplicationIdAsync (DVLD_API)"' (99874f2b)
2025-06-30T23:43:10.8226327+01:00 0HNDO3RAL4HL6:00000001 [INF] Request finished "HTTP/1.1" "GET" "http"://"localhost:5045""""/api/LocalDrivingLicenseApplicationAPI/TryGetLocalDrivingLicenseApplicationByApplicationIdAsync/10""" - 404 null "application/json; charset=utf-8" 41.6552ms (74253ad3)
2025-06-30T23:54:39.9095422+01:00 0HNDO3RAL4HL7:00000001 [INF] Request starting "HTTP/1.1" "GET" "http"://"localhost:5045""""/api/LocalDrivingLicenseApplicationAPI/GetAllLocalDrivingLicenseApplicationsAsync""" - null null (d509f86a)
2025-06-30T23:54:39.9110189+01:00 0HNDO3RAL4HL7:00000001 [INF] Executing endpoint '"DVLD_API.Controllers.LocalDrivingLicenseApplicationAPIController.GetAllLocalDrivingLicenseApplicationsAsync (DVLD_API)"' (500cc934)
2025-06-30T23:54:39.9157094+01:00 0HNDO3RAL4HL7:00000001 [INF] Route matched with "{action = \"GetAllLocalDrivingLicenseApplications\", controller = \"LocalDrivingLicenseApplicationAPI\"}". Executing controller action with signature "System.Threading.Tasks.Task`1[Microsoft.AspNetCore.Mvc.ActionResult`1[System.Collections.Generic.IEnumerable`1[DVLD_SharedModels.clsLocalDrivingLicenseApplications_ViewDTO]]] GetAllLocalDrivingLicenseApplicationsAsync(System.Threading.CancellationToken)" on controller "DVLD_API.Controllers.LocalDrivingLicenseApplicationAPIController" ("DVLD_API"). (122b2fdf)
2025-06-30T23:54:39.9479597+01:00 0HNDO3RAL4HL7:00000001 [INF] Executing "OkObjectResult", writing value of type '"System.Collections.Generic.List`1[[DVLD_SharedModels.clsLocalDrivingLicenseApplications_ViewDTO, DVLD_SharedModels, Version=1.0.0.0, Culture=neutral, PublicKeyToken=null]]"'. (605b4265)
2025-06-30T23:54:39.9523018+01:00 0HNDO3RAL4HL7:00000001 [INF] Executed action "DVLD_API.Controllers.LocalDrivingLicenseApplicationAPIController.GetAllLocalDrivingLicenseApplicationsAsync (DVLD_API)" in 36.4703ms (afa2e885)
2025-06-30T23:54:39.9523392+01:00 0HNDO3RAL4HL7:00000001 [INF] Executed endpoint '"DVLD_API.Controllers.LocalDrivingLicenseApplicationAPIController.GetAllLocalDrivingLicenseApplicationsAsync (DVLD_API)"' (99874f2b)
2025-06-30T23:54:39.9524235+01:00 0HNDO3RAL4HL7:00000001 [INF] Request finished "HTTP/1.1" "GET" "http"://"localhost:5045""""/api/LocalDrivingLicenseApplicationAPI/GetAllLocalDrivingLicenseApplicationsAsync""" - 200 null "application/json; charset=utf-8" 47.0662ms (74253ad3)
