2025-07-03T16:38:03.2011266+01:00  [INF] Now listening on: "http://localhost:5045" (d826f4b8)
2025-07-03T16:38:03.2589336+01:00  [INF] Application started. Press Ctrl+C to shut down. (dcaefe54)
2025-07-03T16:38:03.2602466+01:00  [INF] Hosting environment: "Development" (bc5a1a4e)
2025-07-03T16:38:03.2614537+01:00  [INF] Content root path: "S:\14    PFE_DVLD\TheProjectDVLDVersion2.0.0\BackEnd-ServerSide\DVLD_API" (cc26f24e)
2025-07-03T16:38:04.0529045+01:00 0HNDQ8UCIT4NS:00000001 [INF] Request starting "HTTP/1.1" "GET" "http"://"localhost:5045""""/swagger/index.html""" - null null (d509f86a)
2025-07-03T16:38:04.2992008+01:00 0HNDQ8UCIT4NS:00000001 [INF] Request finished "HTTP/1.1" "GET" "http"://"localhost:5045""""/swagger/index.html""" - 200 null "text/html;charset=utf-8" 249.7857ms (74253ad3)
2025-07-03T16:38:04.3419377+01:00 0HNDQ8UCIT4NS:00000002 [INF] Request starting "HTTP/1.1" "GET" "http"://"localhost:5045""""/_framework/aspnetcore-browser-refresh.js""" - null null (d509f86a)
2025-07-03T16:38:04.3445844+01:00 0HNDQ8UCIT4NS:00000002 [INF] Request finished "HTTP/1.1" "GET" "http"://"localhost:5045""""/_framework/aspnetcore-browser-refresh.js""" - 200 16501 "application/javascript; charset=utf-8" 2.7225ms (74253ad3)
2025-07-03T16:38:04.3960718+01:00 0HNDQ8UCIT4NS:00000003 [INF] Request starting "HTTP/1.1" "GET" "http"://"localhost:5045""""/_vs/browserLink""" - null null (d509f86a)
2025-07-03T16:38:04.4492740+01:00 0HNDQ8UCIT4NS:00000003 [INF] Request finished "HTTP/1.1" "GET" "http"://"localhost:5045""""/_vs/browserLink""" - 200 null "text/javascript; charset=UTF-8" 53.3071ms (74253ad3)
2025-07-03T16:38:04.5926945+01:00 0HNDQ8UCIT4NS:00000004 [INF] Request starting "HTTP/1.1" "GET" "http"://"localhost:5045""""/swagger/v1/swagger.json""" - null null (d509f86a)
2025-07-03T16:38:04.6864632+01:00 0HNDQ8UCIT4NS:00000004 [INF] Request finished "HTTP/1.1" "GET" "http"://"localhost:5045""""/swagger/v1/swagger.json""" - 200 null "application/json;charset=utf-8" 93.797ms (74253ad3)
2025-07-03T16:38:36.2749217+01:00 0HNDQ8UCIT4NS:00000005 [INF] Request starting "HTTP/1.1" "GET" "http"://"localhost:5045""""/api/TestTypeAPI/GetAllTestTypes""" - null null (d509f86a)
2025-07-03T16:38:36.3005653+01:00 0HNDQ8UCIT4NS:00000005 [WRN] Failed to determine the https port for redirect. (ca76cc21)
2025-07-03T16:38:36.3025876+01:00 0HNDQ8UCIT4NS:00000005 [INF] Executing endpoint '"DVLD_API.Controllers.TestTpyeAPIController.GetAllTestTypes (DVLD_API)"' (500cc934)
2025-07-03T16:38:36.3110224+01:00 0HNDQ8UCIT4NS:00000005 [INF] Route matched with "{action = \"GetAllTestTypes\", controller = \"TestTpyeAPI\"}". Executing controller action with signature "Microsoft.AspNetCore.Mvc.ActionResult`1[System.Collections.Generic.List`1[DVLD_SharedModels.clsTestTypeDTO]] GetAllTestTypes()" on controller "DVLD_API.Controllers.TestTpyeAPIController" ("DVLD_API"). (122b2fdf)
2025-07-03T16:38:36.9906366+01:00 0HNDQ8UCIT4NS:00000005 [INF] Executing "OkObjectResult", writing value of type '"System.Collections.Generic.List`1[[DVLD_SharedModels.clsTestTypeDTO, DVLD_SharedModels, Version=1.0.0.0, Culture=neutral, PublicKeyToken=null]]"'. (605b4265)
2025-07-03T16:38:36.9989037+01:00 0HNDQ8UCIT4NS:00000005 [INF] Executed action "DVLD_API.Controllers.TestTpyeAPIController.GetAllTestTypes (DVLD_API)" in 685.684ms (afa2e885)
2025-07-03T16:38:36.9990049+01:00 0HNDQ8UCIT4NS:00000005 [INF] Executed endpoint '"DVLD_API.Controllers.TestTpyeAPIController.GetAllTestTypes (DVLD_API)"' (99874f2b)
2025-07-03T16:38:36.9991261+01:00 0HNDQ8UCIT4NS:00000005 [INF] Request finished "HTTP/1.1" "GET" "http"://"localhost:5045""""/api/TestTypeAPI/GetAllTestTypes""" - 200 null "application/json; charset=utf-8" 724.8647ms (74253ad3)
2025-07-03T21:16:09.5042739+01:00  [INF] Now listening on: "http://localhost:5045" (d826f4b8)
2025-07-03T21:16:09.5630217+01:00  [INF] Application started. Press Ctrl+C to shut down. (dcaefe54)
2025-07-03T21:16:09.5642258+01:00  [INF] Hosting environment: "Development" (bc5a1a4e)
2025-07-03T21:16:09.5653213+01:00  [INF] Content root path: "S:\14    PFE_DVLD\TheProjectDVLDVersion2.0.0\BackEnd-ServerSide\DVLD_API" (cc26f24e)
2025-07-03T21:16:10.2641469+01:00 0HNDQDPPJB4SB:00000001 [INF] Request starting "HTTP/1.1" "GET" "http"://"localhost:5045""""/swagger/index.html""" - null null (d509f86a)
2025-07-03T21:16:10.5816593+01:00 0HNDQDPPJB4SB:00000001 [INF] Request finished "HTTP/1.1" "GET" "http"://"localhost:5045""""/swagger/index.html""" - 200 null "text/html;charset=utf-8" 321.9483ms (74253ad3)
2025-07-03T21:16:10.6051027+01:00 0HNDQDPPJB4SB:00000002 [INF] Request starting "HTTP/1.1" "GET" "http"://"localhost:5045""""/_framework/aspnetcore-browser-refresh.js""" - null null (d509f86a)
2025-07-03T21:16:10.6074858+01:00 0HNDQDPPJB4SB:00000002 [INF] Request finished "HTTP/1.1" "GET" "http"://"localhost:5045""""/_framework/aspnetcore-browser-refresh.js""" - 200 16501 "application/javascript; charset=utf-8" 2.3045ms (74253ad3)
2025-07-03T21:16:10.6634157+01:00 0HNDQDPPJB4SB:00000003 [INF] Request starting "HTTP/1.1" "GET" "http"://"localhost:5045""""/_vs/browserLink""" - null null (d509f86a)
2025-07-03T21:16:10.7046983+01:00 0HNDQDPPJB4SB:00000003 [INF] Request finished "HTTP/1.1" "GET" "http"://"localhost:5045""""/_vs/browserLink""" - 200 null "text/javascript; charset=UTF-8" 41.3385ms (74253ad3)
2025-07-03T21:16:10.8960415+01:00 0HNDQDPPJB4SB:00000004 [INF] Request starting "HTTP/1.1" "GET" "http"://"localhost:5045""""/swagger/v1/swagger.json""" - null null (d509f86a)
2025-07-03T21:16:10.8961853+01:00 0HNDQDPPJB4SC:00000001 [INF] Request starting "HTTP/1.1" "GET" "http"://"localhost:5045""""/swagger/favicon-32x32.png""" - null null (d509f86a)
2025-07-03T21:16:10.9067576+01:00 0HNDQDPPJB4SC:00000001 [INF] Sending file. Request path: '"/favicon-32x32.png"'. Physical path: '"N/A"' (27b0a520)
2025-07-03T21:16:10.9069401+01:00 0HNDQDPPJB4SC:00000001 [INF] Request finished "HTTP/1.1" "GET" "http"://"localhost:5045""""/swagger/favicon-32x32.png""" - 200 628 "image/png" 10.7443ms (74253ad3)
2025-07-03T21:16:10.9795619+01:00 0HNDQDPPJB4SB:00000004 [INF] Request finished "HTTP/1.1" "GET" "http"://"localhost:5045""""/swagger/v1/swagger.json""" - 200 null "application/json;charset=utf-8" 83.7265ms (74253ad3)
2025-07-03T21:44:43.3951523+01:00 0HNDQDPPJB4SD:00000001 [INF] Request starting "HTTP/1.1" "GET" "http"://"localhost:5045""""/api/LocalDrivingLicenseApplicationAPI/DoesPassTestTypeAsync/11/11""" - null null (d509f86a)
2025-07-03T21:44:43.4083300+01:00 0HNDQDPPJB4SD:00000001 [WRN] Failed to determine the https port for redirect. (ca76cc21)
2025-07-03T21:44:43.4104520+01:00 0HNDQDPPJB4SD:00000001 [INF] Executing endpoint '"DVLD_API.Controllers.LocalDrivingLicenseApplicationAPIController.DoesPassTestTypeAsync (DVLD_API)"' (500cc934)
2025-07-03T21:44:43.4238205+01:00 0HNDQDPPJB4SD:00000001 [INF] Route matched with "{action = \"DoesPassTestType\", controller = \"LocalDrivingLicenseApplicationAPI\"}". Executing controller action with signature "System.Threading.Tasks.Task`1[Microsoft.AspNetCore.Mvc.ActionResult`1[System.Boolean]] DoesPassTestTypeAsync(Int32, Int32, System.Threading.CancellationToken)" on controller "DVLD_API.Controllers.LocalDrivingLicenseApplicationAPIController" ("DVLD_API"). (122b2fdf)
2025-07-03T21:44:44.1117137+01:00 0HNDQDPPJB4SD:00000001 [INF] Executing "OkObjectResult", writing value of type '"System.Boolean"'. (605b4265)
2025-07-03T21:44:44.1171919+01:00 0HNDQDPPJB4SD:00000001 [INF] Executed action "DVLD_API.Controllers.LocalDrivingLicenseApplicationAPIController.DoesPassTestTypeAsync (DVLD_API)" in 691.1871ms (afa2e885)
2025-07-03T21:44:44.1174683+01:00 0HNDQDPPJB4SD:00000001 [INF] Executed endpoint '"DVLD_API.Controllers.LocalDrivingLicenseApplicationAPIController.DoesPassTestTypeAsync (DVLD_API)"' (99874f2b)
2025-07-03T21:44:44.1183460+01:00 0HNDQDPPJB4SD:00000001 [INF] Request finished "HTTP/1.1" "GET" "http"://"localhost:5045""""/api/LocalDrivingLicenseApplicationAPI/DoesPassTestTypeAsync/11/11""" - 200 null "application/json; charset=utf-8" 723.3692ms (74253ad3)
2025-07-03T22:01:34.2386118+01:00  [INF] Now listening on: "http://localhost:5045" (d826f4b8)
2025-07-03T22:01:34.3052930+01:00  [INF] Application started. Press Ctrl+C to shut down. (dcaefe54)
2025-07-03T22:01:34.3068974+01:00  [INF] Hosting environment: "Development" (bc5a1a4e)
2025-07-03T22:01:34.3084385+01:00  [INF] Content root path: "S:\14    PFE_DVLD\TheProjectDVLDVersion2.0.0\BackEnd-ServerSide\DVLD_API" (cc26f24e)
2025-07-03T22:01:34.7619726+01:00 0HNDQEJ5IVESL:00000001 [INF] Request starting "HTTP/1.1" "GET" "http"://"localhost:5045""""/swagger/index.html""" - null null (d509f86a)
2025-07-03T22:01:34.9356588+01:00 0HNDQEJ5IVESL:00000001 [INF] Request finished "HTTP/1.1" "GET" "http"://"localhost:5045""""/swagger/index.html""" - 200 null "text/html;charset=utf-8" 179.5229ms (74253ad3)
2025-07-03T22:01:34.9682568+01:00 0HNDQEJ5IVESL:00000002 [INF] Request starting "HTTP/1.1" "GET" "http"://"localhost:5045""""/_framework/aspnetcore-browser-refresh.js""" - null null (d509f86a)
2025-07-03T22:01:34.9703805+01:00 0HNDQEJ5IVESL:00000002 [INF] Request finished "HTTP/1.1" "GET" "http"://"localhost:5045""""/_framework/aspnetcore-browser-refresh.js""" - 200 16501 "application/javascript; charset=utf-8" 2.4057ms (74253ad3)
2025-07-03T22:01:35.0238999+01:00 0HNDQEJ5IVESL:00000003 [INF] Request starting "HTTP/1.1" "GET" "http"://"localhost:5045""""/_vs/browserLink""" - null null (d509f86a)
2025-07-03T22:01:35.0594348+01:00 0HNDQEJ5IVESL:00000003 [INF] Request finished "HTTP/1.1" "GET" "http"://"localhost:5045""""/_vs/browserLink""" - 200 null "text/javascript; charset=UTF-8" 35.5718ms (74253ad3)
2025-07-03T22:01:35.1857996+01:00 0HNDQEJ5IVESL:00000004 [INF] Request starting "HTTP/1.1" "GET" "http"://"localhost:5045""""/swagger/v1/swagger.json""" - null null (d509f86a)
2025-07-03T22:01:35.2613931+01:00 0HNDQEJ5IVESL:00000004 [INF] Request finished "HTTP/1.1" "GET" "http"://"localhost:5045""""/swagger/v1/swagger.json""" - 200 null "application/json;charset=utf-8" 75.6677ms (74253ad3)
