2025-07-08T00:41:40.4129654+01:00  [INF] Now listening on: "http://localhost:5045" (d826f4b8)
2025-07-08T00:41:40.4672270+01:00  [INF] Application started. Press Ctrl+C to shut down. (dcaefe54)
2025-07-08T00:41:40.4686081+01:00  [INF] Hosting environment: "Development" (bc5a1a4e)
2025-07-08T00:41:40.4698751+01:00  [INF] Content root path: "S:\14    PFE_DVLD\TheProjectDVLDVersion2.0.0\BackEnd-ServerSide\DVLD_API" (cc26f24e)
2025-07-08T00:41:41.8051606+01:00 0HNDTLV9AQAKB:00000001 [INF] Request starting "HTTP/1.1" "GET" "http"://"localhost:5045""""/swagger""" - null null (d509f86a)
2025-07-08T00:41:41.9726019+01:00 0HNDTLV9AQAKB:00000001 [INF] Request finished "HTTP/1.1" "GET" "http"://"localhost:5045""""/swagger""" - 301 0 null 173.6213ms (74253ad3)
2025-07-08T00:41:42.0200545+01:00 0HNDTLV9AQAKB:00000002 [INF] Request starting "HTTP/1.1" "GET" "http"://"localhost:5045""""/swagger/index.html""" - null null (d509f86a)
2025-07-08T00:41:42.0680366+01:00 0HNDTLV9AQAKB:00000002 [INF] Request finished "HTTP/1.1" "GET" "http"://"localhost:5045""""/swagger/index.html""" - 200 null "text/html;charset=utf-8" 48.0829ms (74253ad3)
2025-07-08T00:41:42.0935907+01:00 0HNDTLV9AQAKB:00000003 [INF] Request starting "HTTP/1.1" "GET" "http"://"localhost:5045""""/_framework/aspnetcore-browser-refresh.js""" - null null (d509f86a)
2025-07-08T00:41:42.0950371+01:00 0HNDTLV9AQAKB:00000003 [INF] Request finished "HTTP/1.1" "GET" "http"://"localhost:5045""""/_framework/aspnetcore-browser-refresh.js""" - 200 16501 "application/javascript; charset=utf-8" 1.5329ms (74253ad3)
2025-07-08T00:41:42.1026339+01:00 0HNDTLV9AQAKB:00000004 [INF] Request starting "HTTP/1.1" "GET" "http"://"localhost:5045""""/_vs/browserLink""" - null null (d509f86a)
2025-07-08T00:41:42.1468558+01:00 0HNDTLV9AQAKB:00000004 [INF] Request finished "HTTP/1.1" "GET" "http"://"localhost:5045""""/_vs/browserLink""" - 200 null "text/javascript; charset=UTF-8" 44.2565ms (74253ad3)
2025-07-08T00:41:42.2166664+01:00 0HNDTLV9AQAKB:00000005 [INF] Request starting "HTTP/1.1" "GET" "http"://"localhost:5045""""/swagger/favicon-16x16.png""" - null null (d509f86a)
2025-07-08T00:41:42.2234893+01:00 0HNDTLV9AQAKC:00000001 [INF] Request starting "HTTP/1.1" "GET" "http"://"localhost:5045""""/swagger/v1/swagger.json""" - null null (d509f86a)
2025-07-08T00:41:42.2343530+01:00 0HNDTLV9AQAKB:00000005 [INF] Sending file. Request path: '"/favicon-16x16.png"'. Physical path: '"N/A"' (27b0a520)
2025-07-08T00:41:42.2344602+01:00 0HNDTLV9AQAKB:00000005 [INF] Request finished "HTTP/1.1" "GET" "http"://"localhost:5045""""/swagger/favicon-16x16.png""" - 499 665 "image/png" 17.8432ms (74253ad3)
2025-07-08T00:41:42.3077121+01:00 0HNDTLV9AQAKC:00000001 [INF] Request finished "HTTP/1.1" "GET" "http"://"localhost:5045""""/swagger/v1/swagger.json""" - 200 null "application/json;charset=utf-8" 84.246ms (74253ad3)
2025-07-08T01:16:32.5108459+01:00  [INF] Now listening on: "http://localhost:5045" (d826f4b8)
2025-07-08T01:16:32.5619605+01:00  [INF] Application started. Press Ctrl+C to shut down. (dcaefe54)
2025-07-08T01:16:32.5633421+01:00  [INF] Hosting environment: "Development" (bc5a1a4e)
2025-07-08T01:16:32.5644907+01:00  [INF] Content root path: "S:\14    PFE_DVLD\TheProjectDVLDVersion2.0.0\BackEnd-ServerSide\DVLD_API" (cc26f24e)
2025-07-08T01:16:33.7395076+01:00 0HNDTMIOQDC98:00000001 [INF] Request starting "HTTP/1.1" "GET" "http"://"localhost:5045""""/swagger""" - null null (d509f86a)
2025-07-08T01:16:33.8580863+01:00 0HNDTMIOQDC98:00000001 [INF] Request finished "HTTP/1.1" "GET" "http"://"localhost:5045""""/swagger""" - 301 0 null 121.7264ms (74253ad3)
2025-07-08T01:16:33.8925472+01:00 0HNDTMIOQDC98:00000002 [INF] Request starting "HTTP/1.1" "GET" "http"://"localhost:5045""""/swagger/index.html""" - null null (d509f86a)
2025-07-08T01:16:33.9356863+01:00 0HNDTMIOQDC98:00000002 [INF] Request finished "HTTP/1.1" "GET" "http"://"localhost:5045""""/swagger/index.html""" - 200 null "text/html;charset=utf-8" 43.2227ms (74253ad3)
2025-07-08T01:16:33.9865213+01:00 0HNDTMIOQDC98:00000003 [INF] Request starting "HTTP/1.1" "GET" "http"://"localhost:5045""""/_framework/aspnetcore-browser-refresh.js""" - null null (d509f86a)
2025-07-08T01:16:33.9879515+01:00 0HNDTMIOQDC98:00000003 [INF] Request finished "HTTP/1.1" "GET" "http"://"localhost:5045""""/_framework/aspnetcore-browser-refresh.js""" - 200 16501 "application/javascript; charset=utf-8" 1.5077ms (74253ad3)
2025-07-08T01:16:33.9944623+01:00 0HNDTMIOQDC98:00000004 [INF] Request starting "HTTP/1.1" "GET" "http"://"localhost:5045""""/swagger/swagger-ui.css""" - null null (d509f86a)
2025-07-08T01:16:33.9974654+01:00 0HNDTMIOQDC99:00000001 [INF] Request starting "HTTP/1.1" "GET" "http"://"localhost:5045""""/_vs/browserLink""" - null null (d509f86a)
2025-07-08T01:16:34.0143292+01:00 0HNDTMIOQDC98:00000004 [INF] Sending file. Request path: '"/swagger-ui.css"'. Physical path: '"N/A"' (27b0a520)
2025-07-08T01:16:34.0144809+01:00 0HNDTMIOQDC98:00000004 [INF] Request finished "HTTP/1.1" "GET" "http"://"localhost:5045""""/swagger/swagger-ui.css""" - 499 152034 "text/css" 20.0292ms (74253ad3)
2025-07-08T01:16:34.0348643+01:00 0HNDTMIOQDC99:00000001 [INF] Request finished "HTTP/1.1" "GET" "http"://"localhost:5045""""/_vs/browserLink""" - 200 null "text/javascript; charset=UTF-8" 37.3966ms (74253ad3)
2025-07-08T01:16:34.1184491+01:00 0HNDTMIOQDC99:00000002 [INF] Request starting "HTTP/1.1" "GET" "http"://"localhost:5045""""/swagger/favicon-16x16.png""" - null null (d509f86a)
2025-07-08T01:16:34.1194598+01:00 0HNDTMIOQDC99:00000002 [INF] Sending file. Request path: '"/favicon-16x16.png"'. Physical path: '"N/A"' (27b0a520)
2025-07-08T01:16:34.1195497+01:00 0HNDTMIOQDC99:00000002 [INF] Request finished "HTTP/1.1" "GET" "http"://"localhost:5045""""/swagger/favicon-16x16.png""" - 499 665 "image/png" 1.1868ms (74253ad3)
2025-07-08T01:16:34.1364492+01:00 0HNDTMIOQDC9A:00000001 [INF] Request starting "HTTP/1.1" "GET" "http"://"localhost:5045""""/swagger/v1/swagger.json""" - null null (d509f86a)
2025-07-08T01:16:34.2186433+01:00 0HNDTMIOQDC9A:00000001 [INF] Request finished "HTTP/1.1" "GET" "http"://"localhost:5045""""/swagger/v1/swagger.json""" - 200 null "application/json;charset=utf-8" 82.2226ms (74253ad3)
