2025-07-01T00:46:40.6403032+01:00  [INF] Now listening on: "http://localhost:5045" (d826f4b8)
2025-07-01T00:46:40.6997035+01:00  [INF] Application started. Press Ctrl+C to shut down. (dcaefe54)
2025-07-01T00:46:40.7016554+01:00  [INF] Hosting environment: "Development" (bc5a1a4e)
2025-07-01T00:46:40.7031749+01:00  [INF] Content root path: "S:\14    PFE_DVLD\TheProjectDVLDVersion2.0.0\BackEnd-ServerSide\DVLD_API" (cc26f24e)
2025-07-01T00:46:40.8585836+01:00 0HNDO61E7V0RU:00000001 [INF] Request starting "HTTP/1.1" "GET" "http"://"localhost:5045""""/swagger/index.html""" - null null (d509f86a)
2025-07-01T00:46:41.0883050+01:00 0HNDO61E7V0RU:00000001 [INF] Request finished "HTTP/1.1" "GET" "http"://"localhost:5045""""/swagger/index.html""" - 200 null "text/html;charset=utf-8" 233.3897ms (74253ad3)
2025-07-01T00:46:41.1157759+01:00 0HNDO61E7V0RU:00000002 [INF] Request starting "HTTP/1.1" "GET" "http"://"localhost:5045""""/_framework/aspnetcore-browser-refresh.js""" - null null (d509f86a)
2025-07-01T00:46:41.1178466+01:00 0HNDO61E7V0RU:00000002 [INF] Request finished "HTTP/1.1" "GET" "http"://"localhost:5045""""/_framework/aspnetcore-browser-refresh.js""" - 200 16501 "application/javascript; charset=utf-8" 2.5347ms (74253ad3)
2025-07-01T00:46:41.1685576+01:00 0HNDO61E7V0RU:00000003 [INF] Request starting "HTTP/1.1" "GET" "http"://"localhost:5045""""/_vs/browserLink""" - null null (d509f86a)
2025-07-01T00:46:41.2000481+01:00 0HNDO61E7V0RU:00000003 [INF] Request finished "HTTP/1.1" "GET" "http"://"localhost:5045""""/_vs/browserLink""" - 200 null "text/javascript; charset=UTF-8" 31.5212ms (74253ad3)
2025-07-01T00:46:41.3151135+01:00 0HNDO61E7V0RU:00000004 [INF] Request starting "HTTP/1.1" "GET" "http"://"localhost:5045""""/swagger/v1/swagger.json""" - null null (d509f86a)
2025-07-01T00:46:41.3833756+01:00 0HNDO61E7V0RU:00000004 [INF] Request finished "HTTP/1.1" "GET" "http"://"localhost:5045""""/swagger/v1/swagger.json""" - 200 null "application/json;charset=utf-8" 68.3481ms (74253ad3)
2025-07-01T00:47:13.3951856+01:00 0HNDO61E7V0RU:00000005 [INF] Request starting "HTTP/1.1" "GET" "http"://"localhost:5045""""/api/applicationsAsync/GetAllApplicationsAsync""?pageNumber=1&pageSize=10" - null null (d509f86a)
2025-07-01T00:47:13.4146637+01:00 0HNDO61E7V0RU:00000005 [WRN] Failed to determine the https port for redirect. (ca76cc21)
2025-07-01T00:47:13.4170018+01:00 0HNDO61E7V0RU:00000005 [INF] Executing endpoint '"DVLD_API.Controllers.ApplicationAPIController.GetAllApplicationsAsync (DVLD_API)"' (500cc934)
2025-07-01T00:47:13.4313803+01:00 0HNDO61E7V0RU:00000005 [INF] Route matched with "{action = \"GetAllApplications\", controller = \"ApplicationAPI\"}". Executing controller action with signature "System.Threading.Tasks.Task`1[Microsoft.AspNetCore.Mvc.IActionResult] GetAllApplicationsAsync(Int32, Int32)" on controller "DVLD_API.Controllers.ApplicationAPIController" ("DVLD_API"). (122b2fdf)
2025-07-01T00:47:13.4567040+01:00 0HNDO61E7V0RU:00000005 [INF] Getting all applications - Page 1, Size 10 (25237438)
2025-07-01T00:47:14.0896023+01:00 0HNDO61E7V0RU:00000005 [INF] Executing "OkObjectResult", writing value of type '"DVLD_API.Controllers.PaginatedList`1[[DVLD_SharedModels.clsApplicationDTO, DVLD_SharedModels, Version=1.0.0.0, Culture=neutral, PublicKeyToken=null]]"'. (605b4265)
2025-07-01T00:47:14.1026048+01:00 0HNDO61E7V0RU:00000005 [INF] Executed action "DVLD_API.Controllers.ApplicationAPIController.GetAllApplicationsAsync (DVLD_API)" in 668.6996ms (afa2e885)
2025-07-01T00:47:14.1029380+01:00 0HNDO61E7V0RU:00000005 [INF] Executed endpoint '"DVLD_API.Controllers.ApplicationAPIController.GetAllApplicationsAsync (DVLD_API)"' (99874f2b)
2025-07-01T00:47:14.1038886+01:00 0HNDO61E7V0RU:00000005 [INF] Request finished "HTTP/1.1" "GET" "http"://"localhost:5045""""/api/applicationsAsync/GetAllApplicationsAsync""?pageNumber=1&pageSize=10" - 200 null "application/json; charset=utf-8" 710.6212ms (74253ad3)
2025-07-01T01:08:54.8948616+01:00 0HNDO61E7V0S0:00000001 [INF] Request starting "HTTP/1.1" "DELETE" "http"://"localhost:5045""""/api/applicationsAsync/DeleteApplicationAsync/46""" - null null (d509f86a)
2025-07-01T01:08:54.8981600+01:00 0HNDO61E7V0S0:00000001 [INF] Executing endpoint '"DVLD_API.Controllers.ApplicationAPIController.DeleteApplicationAsync (DVLD_API)"' (500cc934)
2025-07-01T01:08:54.9009837+01:00 0HNDO61E7V0S0:00000001 [INF] Route matched with "{action = \"DeleteApplication\", controller = \"ApplicationAPI\"}". Executing controller action with signature "System.Threading.Tasks.Task`1[Microsoft.AspNetCore.Mvc.ActionResult`1[System.Boolean]] DeleteApplicationAsync(Int32)" on controller "DVLD_API.Controllers.ApplicationAPIController" ("DVLD_API"). (122b2fdf)
2025-07-01T01:08:54.9038619+01:00 0HNDO61E7V0S0:00000001 [INF] Deleting application 46 (1801f169)
2025-07-01T01:08:54.9432022+01:00 0HNDO61E7V0S0:00000001 [WRN] Application 46 not found (d6dea39d)
2025-07-01T01:08:54.9442111+01:00 0HNDO61E7V0S0:00000001 [INF] Executing "NotFoundObjectResult", writing value of type '"<>f__AnonymousType0`1[[System.String, System.Private.CoreLib, Version=8.0.0.0, Culture=neutral, PublicKeyToken=7cec85d7bea7798e]]"'. (605b4265)
2025-07-01T01:08:54.9453000+01:00 0HNDO61E7V0S0:00000001 [INF] Executed action "DVLD_API.Controllers.ApplicationAPIController.DeleteApplicationAsync (DVLD_API)" in 44.2614ms (afa2e885)
2025-07-01T01:08:54.9453388+01:00 0HNDO61E7V0S0:00000001 [INF] Executed endpoint '"DVLD_API.Controllers.ApplicationAPIController.DeleteApplicationAsync (DVLD_API)"' (99874f2b)
2025-07-01T01:08:54.9454383+01:00 0HNDO61E7V0S0:00000001 [INF] Request finished "HTTP/1.1" "DELETE" "http"://"localhost:5045""""/api/applicationsAsync/DeleteApplicationAsync/46""" - 404 null "application/json; charset=utf-8" 50.6561ms (74253ad3)
2025-07-01T01:22:42.7007991+01:00  [INF] Now listening on: "http://localhost:5045" (d826f4b8)
2025-07-01T01:22:42.7609760+01:00  [INF] Application started. Press Ctrl+C to shut down. (dcaefe54)
2025-07-01T01:22:42.7629211+01:00  [INF] Hosting environment: "Development" (bc5a1a4e)
2025-07-01T01:22:42.7648050+01:00  [INF] Content root path: "S:\14    PFE_DVLD\TheProjectDVLDVersion2.0.0\BackEnd-ServerSide\DVLD_API" (cc26f24e)
2025-07-01T01:22:43.4170111+01:00 0HNDO6LINGPV6:00000001 [INF] Request starting "HTTP/1.1" "GET" "http"://"localhost:5045""""/swagger/index.html""" - null null (d509f86a)
2025-07-01T01:22:43.6053944+01:00 0HNDO6LINGPV6:00000001 [INF] Request finished "HTTP/1.1" "GET" "http"://"localhost:5045""""/swagger/index.html""" - 200 null "text/html;charset=utf-8" 193.1438ms (74253ad3)
2025-07-01T01:22:43.6397261+01:00 0HNDO6LINGPV6:00000002 [INF] Request starting "HTTP/1.1" "GET" "http"://"localhost:5045""""/_framework/aspnetcore-browser-refresh.js""" - null null (d509f86a)
2025-07-01T01:22:43.6427951+01:00 0HNDO6LINGPV6:00000002 [INF] Request finished "HTTP/1.1" "GET" "http"://"localhost:5045""""/_framework/aspnetcore-browser-refresh.js""" - 200 16501 "application/javascript; charset=utf-8" 3.1502ms (74253ad3)
2025-07-01T01:22:43.6920875+01:00 0HNDO6LINGPV6:00000003 [INF] Request starting "HTTP/1.1" "GET" "http"://"localhost:5045""""/_vs/browserLink""" - null null (d509f86a)
2025-07-01T01:22:43.7376465+01:00 0HNDO6LINGPV6:00000003 [INF] Request finished "HTTP/1.1" "GET" "http"://"localhost:5045""""/_vs/browserLink""" - 200 null "text/javascript; charset=UTF-8" 45.5796ms (74253ad3)
2025-07-01T01:22:43.8386477+01:00 0HNDO6LINGPV6:00000004 [INF] Request starting "HTTP/1.1" "GET" "http"://"localhost:5045""""/swagger/v1/swagger.json""" - null null (d509f86a)
2025-07-01T01:22:43.9163732+01:00 0HNDO6LINGPV6:00000004 [INF] Request finished "HTTP/1.1" "GET" "http"://"localhost:5045""""/swagger/v1/swagger.json""" - 200 null "application/json;charset=utf-8" 77.7758ms (74253ad3)
2025-07-01T01:23:36.6803711+01:00 0HNDO6LINGPV6:00000005 [INF] Request starting "HTTP/1.1" "DELETE" "http"://"localhost:5045""""/api/applicationsAsync/DeleteApplicationAsync/110""" - null null (d509f86a)
2025-07-01T01:23:36.7250860+01:00 0HNDO6LINGPV6:00000005 [WRN] Failed to determine the https port for redirect. (ca76cc21)
2025-07-01T01:23:36.7271033+01:00 0HNDO6LINGPV6:00000005 [INF] Executing endpoint '"DVLD_API.Controllers.ApplicationAPIController.DeleteApplicationAsync (DVLD_API)"' (500cc934)
2025-07-01T01:23:36.7405875+01:00 0HNDO6LINGPV6:00000005 [INF] Route matched with "{action = \"DeleteApplication\", controller = \"ApplicationAPI\"}". Executing controller action with signature "System.Threading.Tasks.Task`1[Microsoft.AspNetCore.Mvc.ActionResult`1[System.Boolean]] DeleteApplicationAsync(Int32)" on controller "DVLD_API.Controllers.ApplicationAPIController" ("DVLD_API"). (122b2fdf)
2025-07-01T01:23:36.7601278+01:00 0HNDO6LINGPV6:00000005 [INF] Deleting application 110 (1801f169)
2025-07-01T01:23:37.0664980+01:00 0HNDO6LINGPV6:00000005 [ERR] Failed to delete application 110 (0a57176e)
2025-07-01T01:23:37.0713690+01:00 0HNDO6LINGPV6:00000005 [INF] Executing "ObjectResult", writing value of type '"<>f__AnonymousType0`1[[System.String, System.Private.CoreLib, Version=8.0.0.0, Culture=neutral, PublicKeyToken=7cec85d7bea7798e]]"'. (605b4265)
2025-07-01T01:23:37.0762025+01:00 0HNDO6LINGPV6:00000005 [INF] Executed action "DVLD_API.Controllers.ApplicationAPIController.DeleteApplicationAsync (DVLD_API)" in 333.486ms (afa2e885)
2025-07-01T01:23:37.0764724+01:00 0HNDO6LINGPV6:00000005 [INF] Executed endpoint '"DVLD_API.Controllers.ApplicationAPIController.DeleteApplicationAsync (DVLD_API)"' (99874f2b)
2025-07-01T01:23:37.0774288+01:00 0HNDO6LINGPV6:00000005 [INF] Request finished "HTTP/1.1" "DELETE" "http"://"localhost:5045""""/api/applicationsAsync/DeleteApplicationAsync/110""" - 500 null "application/json; charset=utf-8" 399.3996ms (74253ad3)
2025-07-01T01:28:04.1126311+01:00 0HNDO6LINGPV6:00000006 [INF] Request starting "HTTP/1.1" "DELETE" "http"://"localhost:5045""""/api/applicationsAsync/DeleteApplicationAsync/45""" - null null (d509f86a)
2025-07-01T01:28:04.1158377+01:00 0HNDO6LINGPV6:00000006 [INF] Executing endpoint '"DVLD_API.Controllers.ApplicationAPIController.DeleteApplicationAsync (DVLD_API)"' (500cc934)
2025-07-01T01:28:04.1160235+01:00 0HNDO6LINGPV6:00000006 [INF] Route matched with "{action = \"DeleteApplication\", controller = \"ApplicationAPI\"}". Executing controller action with signature "System.Threading.Tasks.Task`1[Microsoft.AspNetCore.Mvc.ActionResult`1[System.Boolean]] DeleteApplicationAsync(Int32)" on controller "DVLD_API.Controllers.ApplicationAPIController" ("DVLD_API"). (122b2fdf)
2025-07-01T01:28:04.1176079+01:00 0HNDO6LINGPV6:00000006 [INF] Deleting application 45 (1801f169)
2025-07-01T01:28:04.1259383+01:00 0HNDO6LINGPV6:00000006 [WRN] Application 45 not found (d6dea39d)
2025-07-01T01:28:04.1263919+01:00 0HNDO6LINGPV6:00000006 [INF] Executing "NotFoundObjectResult", writing value of type '"<>f__AnonymousType0`1[[System.String, System.Private.CoreLib, Version=8.0.0.0, Culture=neutral, PublicKeyToken=7cec85d7bea7798e]]"'. (605b4265)
2025-07-01T01:28:04.1266906+01:00 0HNDO6LINGPV6:00000006 [INF] Executed action "DVLD_API.Controllers.ApplicationAPIController.DeleteApplicationAsync (DVLD_API)" in 10.6152ms (afa2e885)
2025-07-01T01:28:04.1267266+01:00 0HNDO6LINGPV6:00000006 [INF] Executed endpoint '"DVLD_API.Controllers.ApplicationAPIController.DeleteApplicationAsync (DVLD_API)"' (99874f2b)
2025-07-01T01:28:04.1268180+01:00 0HNDO6LINGPV6:00000006 [INF] Request finished "HTTP/1.1" "DELETE" "http"://"localhost:5045""""/api/applicationsAsync/DeleteApplicationAsync/45""" - 404 null "application/json; charset=utf-8" 14.2759ms (74253ad3)
2025-07-01T01:28:32.9265255+01:00 0HNDO6LINGPV6:00000007 [INF] Request starting "HTTP/1.1" "DELETE" "http"://"localhost:5045""""/api/applicationsAsync/DeleteApplicationAsync/45""" - null null (d509f86a)
2025-07-01T01:28:32.9300268+01:00 0HNDO6LINGPV6:00000007 [INF] Executing endpoint '"DVLD_API.Controllers.ApplicationAPIController.DeleteApplicationAsync (DVLD_API)"' (500cc934)
2025-07-01T01:28:32.9302191+01:00 0HNDO6LINGPV6:00000007 [INF] Route matched with "{action = \"DeleteApplication\", controller = \"ApplicationAPI\"}". Executing controller action with signature "System.Threading.Tasks.Task`1[Microsoft.AspNetCore.Mvc.ActionResult`1[System.Boolean]] DeleteApplicationAsync(Int32)" on controller "DVLD_API.Controllers.ApplicationAPIController" ("DVLD_API"). (122b2fdf)
2025-07-01T01:28:32.9349996+01:00 0HNDO6LINGPV6:00000007 [INF] Deleting application 45 (1801f169)
2025-07-01T01:28:32.9436854+01:00 0HNDO6LINGPV6:00000007 [WRN] Application 45 not found (d6dea39d)
2025-07-01T01:28:32.9438951+01:00 0HNDO6LINGPV6:00000007 [INF] Executing "NotFoundObjectResult", writing value of type '"<>f__AnonymousType0`1[[System.String, System.Private.CoreLib, Version=8.0.0.0, Culture=neutral, PublicKeyToken=7cec85d7bea7798e]]"'. (605b4265)
2025-07-01T01:28:32.9440461+01:00 0HNDO6LINGPV6:00000007 [INF] Executed action "DVLD_API.Controllers.ApplicationAPIController.DeleteApplicationAsync (DVLD_API)" in 13.7761ms (afa2e885)
2025-07-01T01:28:32.9440783+01:00 0HNDO6LINGPV6:00000007 [INF] Executed endpoint '"DVLD_API.Controllers.ApplicationAPIController.DeleteApplicationAsync (DVLD_API)"' (99874f2b)
2025-07-01T01:28:32.9441926+01:00 0HNDO6LINGPV6:00000007 [INF] Request finished "HTTP/1.1" "DELETE" "http"://"localhost:5045""""/api/applicationsAsync/DeleteApplicationAsync/45""" - 404 null "application/json; charset=utf-8" 17.7359ms (74253ad3)
2025-07-01T01:34:25.0608472+01:00  [INF] Now listening on: "http://localhost:5045" (d826f4b8)
2025-07-01T01:34:25.1337802+01:00  [INF] Application started. Press Ctrl+C to shut down. (dcaefe54)
2025-07-01T01:34:25.1358840+01:00  [INF] Hosting environment: "Development" (bc5a1a4e)
2025-07-01T01:34:25.1390109+01:00  [INF] Content root path: "S:\14    PFE_DVLD\TheProjectDVLDVersion2.0.0\BackEnd-ServerSide\DVLD_API" (cc26f24e)
2025-07-01T01:34:25.3796633+01:00 0HNDO6S3TU672:00000001 [INF] Request starting "HTTP/1.1" "GET" "http"://"localhost:5045""""/swagger/index.html""" - null null (d509f86a)
2025-07-01T01:34:25.5535188+01:00 0HNDO6S3TU672:00000001 [INF] Request finished "HTTP/1.1" "GET" "http"://"localhost:5045""""/swagger/index.html""" - 200 null "text/html;charset=utf-8" 177.8116ms (74253ad3)
2025-07-01T01:34:25.5816879+01:00 0HNDO6S3TU672:00000002 [INF] Request starting "HTTP/1.1" "GET" "http"://"localhost:5045""""/_framework/aspnetcore-browser-refresh.js""" - null null (d509f86a)
2025-07-01T01:34:25.5850301+01:00 0HNDO6S3TU672:00000002 [INF] Request finished "HTTP/1.1" "GET" "http"://"localhost:5045""""/_framework/aspnetcore-browser-refresh.js""" - 200 16501 "application/javascript; charset=utf-8" 3.441ms (74253ad3)
2025-07-01T01:34:25.6323073+01:00 0HNDO6S3TU672:00000003 [INF] Request starting "HTTP/1.1" "GET" "http"://"localhost:5045""""/_vs/browserLink""" - null null (d509f86a)
2025-07-01T01:34:25.6579661+01:00 0HNDO6S3TU672:00000003 [INF] Request finished "HTTP/1.1" "GET" "http"://"localhost:5045""""/_vs/browserLink""" - 200 null "text/javascript; charset=UTF-8" 25.6877ms (74253ad3)
2025-07-01T01:34:25.7623890+01:00 0HNDO6S3TU672:00000004 [INF] Request starting "HTTP/1.1" "GET" "http"://"localhost:5045""""/swagger/v1/swagger.json""" - null null (d509f86a)
2025-07-01T01:34:25.8376879+01:00 0HNDO6S3TU672:00000004 [INF] Request finished "HTTP/1.1" "GET" "http"://"localhost:5045""""/swagger/v1/swagger.json""" - 200 null "application/json;charset=utf-8" 75.3721ms (74253ad3)
2025-07-01T01:34:37.7798218+01:00 0HNDO6S3TU672:00000005 [INF] Request starting "HTTP/1.1" "DELETE" "http"://"localhost:5045""""/api/LocalDrivingLicenseApplicationAPI/TryDeleteLocalDrivingLicenseApplicationAsync/45""" - null null (d509f86a)
2025-07-01T01:34:37.7908350+01:00 0HNDO6S3TU672:00000005 [WRN] Failed to determine the https port for redirect. (ca76cc21)
2025-07-01T01:34:37.7929276+01:00 0HNDO6S3TU672:00000005 [INF] Executing endpoint '"DVLD_API.Controllers.LocalDrivingLicenseApplicationAPIController.TryDeleteLocalDrivingLicenseApplicationAsync (DVLD_API)"' (500cc934)
2025-07-01T01:34:37.8080347+01:00 0HNDO6S3TU672:00000005 [INF] Route matched with "{action = \"TryDeleteLocalDrivingLicenseApplication\", controller = \"LocalDrivingLicenseApplicationAPI\"}". Executing controller action with signature "System.Threading.Tasks.Task`1[Microsoft.AspNetCore.Mvc.ActionResult] TryDeleteLocalDrivingLicenseApplicationAsync(Int32, System.Threading.CancellationToken)" on controller "DVLD_API.Controllers.LocalDrivingLicenseApplicationAPIController" ("DVLD_API"). (122b2fdf)
2025-07-01T01:34:38.1153954+01:00 0HNDO6S3TU672:00000005 [INF] Executing "OkObjectResult", writing value of type '"<>f__AnonymousType0`1[[System.String, System.Private.CoreLib, Version=8.0.0.0, Culture=neutral, PublicKeyToken=7cec85d7bea7798e]]"'. (605b4265)
2025-07-01T01:34:38.1203637+01:00 0HNDO6S3TU672:00000005 [INF] Executed action "DVLD_API.Controllers.LocalDrivingLicenseApplicationAPIController.TryDeleteLocalDrivingLicenseApplicationAsync (DVLD_API)" in 310.1542ms (afa2e885)
2025-07-01T01:34:38.1206490+01:00 0HNDO6S3TU672:00000005 [INF] Executed endpoint '"DVLD_API.Controllers.LocalDrivingLicenseApplicationAPIController.TryDeleteLocalDrivingLicenseApplicationAsync (DVLD_API)"' (99874f2b)
2025-07-01T01:34:38.1215667+01:00 0HNDO6S3TU672:00000005 [INF] Request finished "HTTP/1.1" "DELETE" "http"://"localhost:5045""""/api/LocalDrivingLicenseApplicationAPI/TryDeleteLocalDrivingLicenseApplicationAsync/45""" - 200 null "application/json; charset=utf-8" 341.8419ms (74253ad3)
2025-07-01T11:40:46.0952202+01:00  [INF] Now listening on: "http://localhost:5045" (d826f4b8)
2025-07-01T11:40:46.1565275+01:00  [INF] Application started. Press Ctrl+C to shut down. (dcaefe54)
2025-07-01T11:40:46.1585452+01:00  [INF] Hosting environment: "Development" (bc5a1a4e)
2025-07-01T11:40:46.1601608+01:00  [INF] Content root path: "S:\14    PFE_DVLD\TheProjectDVLDVersion2.0.0\BackEnd-ServerSide\DVLD_API" (cc26f24e)
2025-07-01T11:40:49.0611493+01:00 0HNDOHEU9NE0E:00000001 [INF] Request starting "HTTP/1.1" "GET" "http"://"localhost:5045""""/swagger/index.html""" - null null (d509f86a)
2025-07-01T11:40:49.3006921+01:00 0HNDOHEU9NE0E:00000001 [INF] Request finished "HTTP/1.1" "GET" "http"://"localhost:5045""""/swagger/index.html""" - 200 null "text/html;charset=utf-8" 244.9693ms (74253ad3)
2025-07-01T11:40:49.5981580+01:00 0HNDOHEU9NE0E:00000002 [INF] Request starting "HTTP/1.1" "GET" "http"://"localhost:5045""""/_framework/aspnetcore-browser-refresh.js""" - null null (d509f86a)
2025-07-01T11:40:49.6002170+01:00 0HNDOHEU9NE0E:00000002 [INF] Request finished "HTTP/1.1" "GET" "http"://"localhost:5045""""/_framework/aspnetcore-browser-refresh.js""" - 200 16501 "application/javascript; charset=utf-8" 2.1724ms (74253ad3)
2025-07-01T11:40:49.6466351+01:00 0HNDOHEU9NE0E:00000003 [INF] Request starting "HTTP/1.1" "GET" "http"://"localhost:5045""""/_vs/browserLink""" - null null (d509f86a)
2025-07-01T11:40:49.6883509+01:00 0HNDOHEU9NE0E:00000003 [INF] Request finished "HTTP/1.1" "GET" "http"://"localhost:5045""""/_vs/browserLink""" - 200 null "text/javascript; charset=UTF-8" 41.7706ms (74253ad3)
2025-07-01T11:40:49.7817672+01:00 0HNDOHEU9NE0E:00000004 [INF] Request starting "HTTP/1.1" "GET" "http"://"localhost:5045""""/swagger/v1/swagger.json""" - null null (d509f86a)
2025-07-01T11:40:49.8609981+01:00 0HNDOHEU9NE0E:00000004 [INF] Request finished "HTTP/1.1" "GET" "http"://"localhost:5045""""/swagger/v1/swagger.json""" - 200 null "application/json;charset=utf-8" 79.2577ms (74253ad3)
2025-07-01T11:41:10.1160201+01:00 0HNDOHEU9NE0G:00000001 [INF] Request starting "HTTP/1.1" "GET" "http"://"localhost:5045""""/api/UsersAPi/GetUserInfoByUsernameAndPassword/amine/123""" - null null (d509f86a)
2025-07-01T11:41:10.1257092+01:00 0HNDOHEU9NE0G:00000001 [WRN] Failed to determine the https port for redirect. (ca76cc21)
2025-07-01T11:41:10.1277265+01:00 0HNDOHEU9NE0G:00000001 [INF] Executing endpoint '"DVLD_API.Controllers.UsersAPIController.GetUserInfoByUsernameAndPassword (DVLD_API)"' (500cc934)
2025-07-01T11:41:10.1386967+01:00 0HNDOHEU9NE0G:00000001 [INF] Route matched with "{action = \"GetUserInfoByUsernameAndPassword\", controller = \"UsersAPI\"}". Executing controller action with signature "Microsoft.AspNetCore.Mvc.ActionResult`1[DVLD_SharedModels.clsUserDTO] GetUserInfoByUsernameAndPassword(System.String, System.String)" on controller "DVLD_API.Controllers.UsersAPIController" ("DVLD_API"). (122b2fdf)
2025-07-01T11:41:10.4908637+01:00 0HNDOHEU9NE0G:00000001 [INF] Executing "OkObjectResult", writing value of type '"DVLD_SharedModels.clsUserDTO"'. (605b4265)
2025-07-01T11:41:10.4956727+01:00 0HNDOHEU9NE0G:00000001 [INF] Executed action "DVLD_API.Controllers.UsersAPIController.GetUserInfoByUsernameAndPassword (DVLD_API)" in 354.9504ms (afa2e885)
2025-07-01T11:41:10.4957301+01:00 0HNDOHEU9NE0G:00000001 [INF] Executed endpoint '"DVLD_API.Controllers.UsersAPIController.GetUserInfoByUsernameAndPassword (DVLD_API)"' (99874f2b)
2025-07-01T11:41:10.4958115+01:00 0HNDOHEU9NE0G:00000001 [INF] Request finished "HTTP/1.1" "GET" "http"://"localhost:5045""""/api/UsersAPi/GetUserInfoByUsernameAndPassword/amine/123""" - 200 null "application/json; charset=utf-8" 379.8699ms (74253ad3)
2025-07-01T11:41:33.0552716+01:00 0HNDOHEU9NE0H:00000001 [INF] Request starting "HTTP/1.1" "GET" "http"://"localhost:5045""""/api/TestTypeAPI/GetAllTestTypes""" - null null (d509f86a)
2025-07-01T11:41:33.0597589+01:00 0HNDOHEU9NE0H:00000001 [INF] Executing endpoint '"DVLD_API.Controllers.TestTpyeAPIController.GetAllTestTypes (DVLD_API)"' (500cc934)
2025-07-01T11:41:33.0608595+01:00 0HNDOHEU9NE0H:00000001 [INF] Route matched with "{action = \"GetAllTestTypes\", controller = \"TestTpyeAPI\"}". Executing controller action with signature "Microsoft.AspNetCore.Mvc.ActionResult`1[System.Collections.Generic.List`1[DVLD_SharedModels.clsTestTypeDTO]] GetAllTestTypes()" on controller "DVLD_API.Controllers.TestTpyeAPIController" ("DVLD_API"). (122b2fdf)
2025-07-01T11:41:33.0667655+01:00 0HNDOHEU9NE0H:00000001 [INF] Executing "OkObjectResult", writing value of type '"System.Collections.Generic.List`1[[DVLD_SharedModels.clsTestTypeDTO, DVLD_SharedModels, Version=1.0.0.0, Culture=neutral, PublicKeyToken=null]]"'. (605b4265)
2025-07-01T11:41:33.0711516+01:00 0HNDOHEU9NE0H:00000001 [INF] Executed action "DVLD_API.Controllers.TestTpyeAPIController.GetAllTestTypes (DVLD_API)" in 10.2484ms (afa2e885)
2025-07-01T11:41:33.0711824+01:00 0HNDOHEU9NE0H:00000001 [INF] Executed endpoint '"DVLD_API.Controllers.TestTpyeAPIController.GetAllTestTypes (DVLD_API)"' (99874f2b)
2025-07-01T11:41:33.0712347+01:00 0HNDOHEU9NE0H:00000001 [INF] Request finished "HTTP/1.1" "GET" "http"://"localhost:5045""""/api/TestTypeAPI/GetAllTestTypes""" - 200 null "application/json; charset=utf-8" 16.0154ms (74253ad3)
2025-07-01T11:41:34.1435961+01:00 0HNDOHEU9NE0I:00000001 [INF] Request starting "HTTP/1.1" "GET" "http"://"localhost:5045""""/api/PersonAPI/AllPeople""" - null null (d509f86a)
2025-07-01T11:41:34.1439617+01:00 0HNDOHEU9NE0I:00000001 [INF] Executing endpoint '"DVLD_API.Controllers.PersonAPIController.GetAllPeople (DVLD_API)"' (500cc934)
2025-07-01T11:41:34.1447315+01:00 0HNDOHEU9NE0I:00000001 [INF] Route matched with "{action = \"GetAllPeople\", controller = \"PersonAPI\"}". Executing controller action with signature "Microsoft.AspNetCore.Mvc.ActionResult`1[DVLD_SharedModels.clsPersonDTO] GetAllPeople()" on controller "DVLD_API.Controllers.PersonAPIController" ("DVLD_API"). (122b2fdf)
2025-07-01T11:41:34.1570222+01:00 0HNDOHEU9NE0I:00000001 [INF] Executing "OkObjectResult", writing value of type '"System.Collections.Generic.List`1[[DVLD_SharedModels.clsPersonDTO, DVLD_SharedModels, Version=1.0.0.0, Culture=neutral, PublicKeyToken=null]]"'. (605b4265)
2025-07-01T11:41:34.1623755+01:00 0HNDOHEU9NE0I:00000001 [INF] Executed action "DVLD_API.Controllers.PersonAPIController.GetAllPeople (DVLD_API)" in 17.6078ms (afa2e885)
2025-07-01T11:41:34.1624151+01:00 0HNDOHEU9NE0I:00000001 [INF] Executed endpoint '"DVLD_API.Controllers.PersonAPIController.GetAllPeople (DVLD_API)"' (99874f2b)
2025-07-01T11:41:34.1624946+01:00 0HNDOHEU9NE0I:00000001 [INF] Request finished "HTTP/1.1" "GET" "http"://"localhost:5045""""/api/PersonAPI/AllPeople""" - 200 null "application/json; charset=utf-8" 18.9485ms (74253ad3)
2025-07-01T11:41:34.2169006+01:00 0HNDOHEU9NE0J:00000001 [INF] Request starting "HTTP/1.1" "GET" "http"://"localhost:5045""""/api/CountriesAPI/GetCountryByID/119""" - null null (d509f86a)
2025-07-01T11:41:34.2172291+01:00 0HNDOHEU9NE0J:00000001 [INF] Executing endpoint '"DVLD_API.Controllers.CountriesAPIController.getCountryByID (DVLD_API)"' (500cc934)
2025-07-01T11:41:34.2181983+01:00 0HNDOHEU9NE0J:00000001 [INF] Route matched with "{action = \"getCountryByID\", controller = \"CountriesAPI\"}". Executing controller action with signature "Microsoft.AspNetCore.Mvc.ActionResult`1[DVLD_SharedModels.clsCountryDTO] getCountryByID(Int32)" on controller "DVLD_API.Controllers.CountriesAPIController" ("DVLD_API"). (122b2fdf)
2025-07-01T11:41:34.2212116+01:00 0HNDOHEU9NE0J:00000001 [INF] Executing "OkObjectResult", writing value of type '"DVLD_SharedModels.clsCountryDTO"'. (605b4265)
2025-07-01T11:41:34.2225511+01:00 0HNDOHEU9NE0J:00000001 [INF] Executed action "DVLD_API.Controllers.CountriesAPIController.getCountryByID (DVLD_API)" in 4.3235ms (afa2e885)
2025-07-01T11:41:34.2225754+01:00 0HNDOHEU9NE0J:00000001 [INF] Executed endpoint '"DVLD_API.Controllers.CountriesAPIController.getCountryByID (DVLD_API)"' (99874f2b)
2025-07-01T11:41:34.2226261+01:00 0HNDOHEU9NE0J:00000001 [INF] Request finished "HTTP/1.1" "GET" "http"://"localhost:5045""""/api/CountriesAPI/GetCountryByID/119""" - 200 null "application/json; charset=utf-8" 5.7701ms (74253ad3)
2025-07-01T11:41:34.2303607+01:00 0HNDOHEU9NE0J:00000002 [INF] Request starting "HTTP/1.1" "GET" "http"://"localhost:5045""""/api/CountriesAPI/GetCountryByID/119""" - null null (d509f86a)
2025-07-01T11:41:34.2311380+01:00 0HNDOHEU9NE0J:00000002 [INF] Executing endpoint '"DVLD_API.Controllers.CountriesAPIController.getCountryByID (DVLD_API)"' (500cc934)
2025-07-01T11:41:34.2312398+01:00 0HNDOHEU9NE0J:00000002 [INF] Route matched with "{action = \"getCountryByID\", controller = \"CountriesAPI\"}". Executing controller action with signature "Microsoft.AspNetCore.Mvc.ActionResult`1[DVLD_SharedModels.clsCountryDTO] getCountryByID(Int32)" on controller "DVLD_API.Controllers.CountriesAPIController" ("DVLD_API"). (122b2fdf)
2025-07-01T11:41:34.2317384+01:00 0HNDOHEU9NE0J:00000002 [INF] Executing "OkObjectResult", writing value of type '"DVLD_SharedModels.clsCountryDTO"'. (605b4265)
2025-07-01T11:41:34.2318264+01:00 0HNDOHEU9NE0J:00000002 [INF] Executed action "DVLD_API.Controllers.CountriesAPIController.getCountryByID (DVLD_API)" in 0.5666ms (afa2e885)
2025-07-01T11:41:34.2318408+01:00 0HNDOHEU9NE0J:00000002 [INF] Executed endpoint '"DVLD_API.Controllers.CountriesAPIController.getCountryByID (DVLD_API)"' (99874f2b)
2025-07-01T11:41:34.2318748+01:00 0HNDOHEU9NE0J:00000002 [INF] Request finished "HTTP/1.1" "GET" "http"://"localhost:5045""""/api/CountriesAPI/GetCountryByID/119""" - 200 null "application/json; charset=utf-8" 1.5433ms (74253ad3)
2025-07-01T11:41:34.2322171+01:00 0HNDOHEU9NE0J:00000003 [INF] Request starting "HTTP/1.1" "GET" "http"://"localhost:5045""""/api/CountriesAPI/GetCountryByID/119""" - null null (d509f86a)
2025-07-01T11:41:34.2323022+01:00 0HNDOHEU9NE0J:00000003 [INF] Executing endpoint '"DVLD_API.Controllers.CountriesAPIController.getCountryByID (DVLD_API)"' (500cc934)
2025-07-01T11:41:34.2323366+01:00 0HNDOHEU9NE0J:00000003 [INF] Route matched with "{action = \"getCountryByID\", controller = \"CountriesAPI\"}". Executing controller action with signature "Microsoft.AspNetCore.Mvc.ActionResult`1[DVLD_SharedModels.clsCountryDTO] getCountryByID(Int32)" on controller "DVLD_API.Controllers.CountriesAPIController" ("DVLD_API"). (122b2fdf)
2025-07-01T11:41:34.2325797+01:00 0HNDOHEU9NE0J:00000003 [INF] Executing "OkObjectResult", writing value of type '"DVLD_SharedModels.clsCountryDTO"'. (605b4265)
2025-07-01T11:41:34.2326376+01:00 0HNDOHEU9NE0J:00000003 [INF] Executed action "DVLD_API.Controllers.CountriesAPIController.getCountryByID (DVLD_API)" in 0.2843ms (afa2e885)
2025-07-01T11:41:34.2326503+01:00 0HNDOHEU9NE0J:00000003 [INF] Executed endpoint '"DVLD_API.Controllers.CountriesAPIController.getCountryByID (DVLD_API)"' (99874f2b)
2025-07-01T11:41:34.2326801+01:00 0HNDOHEU9NE0J:00000003 [INF] Request finished "HTTP/1.1" "GET" "http"://"localhost:5045""""/api/CountriesAPI/GetCountryByID/119""" - 200 null "application/json; charset=utf-8" 0.474ms (74253ad3)
2025-07-01T11:41:34.2329052+01:00 0HNDOHEU9NE0J:00000004 [INF] Request starting "HTTP/1.1" "GET" "http"://"localhost:5045""""/api/CountriesAPI/GetCountryByID/119""" - null null (d509f86a)
2025-07-01T11:41:34.2329768+01:00 0HNDOHEU9NE0J:00000004 [INF] Executing endpoint '"DVLD_API.Controllers.CountriesAPIController.getCountryByID (DVLD_API)"' (500cc934)
2025-07-01T11:41:34.2330174+01:00 0HNDOHEU9NE0J:00000004 [INF] Route matched with "{action = \"getCountryByID\", controller = \"CountriesAPI\"}". Executing controller action with signature "Microsoft.AspNetCore.Mvc.ActionResult`1[DVLD_SharedModels.clsCountryDTO] getCountryByID(Int32)" on controller "DVLD_API.Controllers.CountriesAPIController" ("DVLD_API"). (122b2fdf)
2025-07-01T11:41:34.2332527+01:00 0HNDOHEU9NE0J:00000004 [INF] Executing "OkObjectResult", writing value of type '"DVLD_SharedModels.clsCountryDTO"'. (605b4265)
2025-07-01T11:41:34.2333179+01:00 0HNDOHEU9NE0J:00000004 [INF] Executed action "DVLD_API.Controllers.CountriesAPIController.getCountryByID (DVLD_API)" in 0.2834ms (afa2e885)
2025-07-01T11:41:34.2333304+01:00 0HNDOHEU9NE0J:00000004 [INF] Executed endpoint '"DVLD_API.Controllers.CountriesAPIController.getCountryByID (DVLD_API)"' (99874f2b)
2025-07-01T11:41:34.2333599+01:00 0HNDOHEU9NE0J:00000004 [INF] Request finished "HTTP/1.1" "GET" "http"://"localhost:5045""""/api/CountriesAPI/GetCountryByID/119""" - 200 null "application/json; charset=utf-8" 0.4676ms (74253ad3)
2025-07-01T11:41:34.2336041+01:00 0HNDOHEU9NE0J:00000005 [INF] Request starting "HTTP/1.1" "GET" "http"://"localhost:5045""""/api/CountriesAPI/GetCountryByID/119""" - null null (d509f86a)
2025-07-01T11:41:34.2336725+01:00 0HNDOHEU9NE0J:00000005 [INF] Executing endpoint '"DVLD_API.Controllers.CountriesAPIController.getCountryByID (DVLD_API)"' (500cc934)
2025-07-01T11:41:34.2337098+01:00 0HNDOHEU9NE0J:00000005 [INF] Route matched with "{action = \"getCountryByID\", controller = \"CountriesAPI\"}". Executing controller action with signature "Microsoft.AspNetCore.Mvc.ActionResult`1[DVLD_SharedModels.clsCountryDTO] getCountryByID(Int32)" on controller "DVLD_API.Controllers.CountriesAPIController" ("DVLD_API"). (122b2fdf)
2025-07-01T11:41:34.2339576+01:00 0HNDOHEU9NE0J:00000005 [INF] Executing "OkObjectResult", writing value of type '"DVLD_SharedModels.clsCountryDTO"'. (605b4265)
2025-07-01T11:41:34.2340145+01:00 0HNDOHEU9NE0J:00000005 [INF] Executed action "DVLD_API.Controllers.CountriesAPIController.getCountryByID (DVLD_API)" in 0.2889ms (afa2e885)
2025-07-01T11:41:34.2340310+01:00 0HNDOHEU9NE0J:00000005 [INF] Executed endpoint '"DVLD_API.Controllers.CountriesAPIController.getCountryByID (DVLD_API)"' (99874f2b)
2025-07-01T11:41:34.2340626+01:00 0HNDOHEU9NE0J:00000005 [INF] Request finished "HTTP/1.1" "GET" "http"://"localhost:5045""""/api/CountriesAPI/GetCountryByID/119""" - 200 null "application/json; charset=utf-8" 0.4672ms (74253ad3)
2025-07-01T11:41:34.2342808+01:00 0HNDOHEU9NE0J:00000006 [INF] Request starting "HTTP/1.1" "GET" "http"://"localhost:5045""""/api/CountriesAPI/GetCountryByID/119""" - null null (d509f86a)
2025-07-01T11:41:34.2343538+01:00 0HNDOHEU9NE0J:00000006 [INF] Executing endpoint '"DVLD_API.Controllers.CountriesAPIController.getCountryByID (DVLD_API)"' (500cc934)
2025-07-01T11:41:34.2343921+01:00 0HNDOHEU9NE0J:00000006 [INF] Route matched with "{action = \"getCountryByID\", controller = \"CountriesAPI\"}". Executing controller action with signature "Microsoft.AspNetCore.Mvc.ActionResult`1[DVLD_SharedModels.clsCountryDTO] getCountryByID(Int32)" on controller "DVLD_API.Controllers.CountriesAPIController" ("DVLD_API"). (122b2fdf)
2025-07-01T11:41:34.2346438+01:00 0HNDOHEU9NE0J:00000006 [INF] Executing "OkObjectResult", writing value of type '"DVLD_SharedModels.clsCountryDTO"'. (605b4265)
2025-07-01T11:41:34.2347025+01:00 0HNDOHEU9NE0J:00000006 [INF] Executed action "DVLD_API.Controllers.CountriesAPIController.getCountryByID (DVLD_API)" in 0.2917ms (afa2e885)
2025-07-01T11:41:34.2347160+01:00 0HNDOHEU9NE0J:00000006 [INF] Executed endpoint '"DVLD_API.Controllers.CountriesAPIController.getCountryByID (DVLD_API)"' (99874f2b)
2025-07-01T11:41:34.2347442+01:00 0HNDOHEU9NE0J:00000006 [INF] Request finished "HTTP/1.1" "GET" "http"://"localhost:5045""""/api/CountriesAPI/GetCountryByID/119""" - 200 null "application/json; charset=utf-8" 0.4754ms (74253ad3)
2025-07-01T11:41:34.2349794+01:00 0HNDOHEU9NE0J:00000007 [INF] Request starting "HTTP/1.1" "GET" "http"://"localhost:5045""""/api/CountriesAPI/GetCountryByID/119""" - null null (d509f86a)
2025-07-01T11:41:34.2350472+01:00 0HNDOHEU9NE0J:00000007 [INF] Executing endpoint '"DVLD_API.Controllers.CountriesAPIController.getCountryByID (DVLD_API)"' (500cc934)
2025-07-01T11:41:34.2350895+01:00 0HNDOHEU9NE0J:00000007 [INF] Route matched with "{action = \"getCountryByID\", controller = \"CountriesAPI\"}". Executing controller action with signature "Microsoft.AspNetCore.Mvc.ActionResult`1[DVLD_SharedModels.clsCountryDTO] getCountryByID(Int32)" on controller "DVLD_API.Controllers.CountriesAPIController" ("DVLD_API"). (122b2fdf)
2025-07-01T11:41:34.2354097+01:00 0HNDOHEU9NE0J:00000007 [INF] Executing "OkObjectResult", writing value of type '"DVLD_SharedModels.clsCountryDTO"'. (605b4265)
2025-07-01T11:41:34.2354699+01:00 0HNDOHEU9NE0J:00000007 [INF] Executed action "DVLD_API.Controllers.CountriesAPIController.getCountryByID (DVLD_API)" in 0.3477ms (afa2e885)
2025-07-01T11:41:34.2354850+01:00 0HNDOHEU9NE0J:00000007 [INF] Executed endpoint '"DVLD_API.Controllers.CountriesAPIController.getCountryByID (DVLD_API)"' (99874f2b)
2025-07-01T11:41:34.2355151+01:00 0HNDOHEU9NE0J:00000007 [INF] Request finished "HTTP/1.1" "GET" "http"://"localhost:5045""""/api/CountriesAPI/GetCountryByID/119""" - 200 null "application/json; charset=utf-8" 0.5447ms (74253ad3)
2025-07-01T11:41:34.2357705+01:00 0HNDOHEU9NE0J:00000008 [INF] Request starting "HTTP/1.1" "GET" "http"://"localhost:5045""""/api/CountriesAPI/GetCountryByID/119""" - null null (d509f86a)
2025-07-01T11:41:34.2358311+01:00 0HNDOHEU9NE0J:00000008 [INF] Executing endpoint '"DVLD_API.Controllers.CountriesAPIController.getCountryByID (DVLD_API)"' (500cc934)
2025-07-01T11:41:34.2358619+01:00 0HNDOHEU9NE0J:00000008 [INF] Route matched with "{action = \"getCountryByID\", controller = \"CountriesAPI\"}". Executing controller action with signature "Microsoft.AspNetCore.Mvc.ActionResult`1[DVLD_SharedModels.clsCountryDTO] getCountryByID(Int32)" on controller "DVLD_API.Controllers.CountriesAPIController" ("DVLD_API"). (122b2fdf)
2025-07-01T11:41:34.2361231+01:00 0HNDOHEU9NE0J:00000008 [INF] Executing "OkObjectResult", writing value of type '"DVLD_SharedModels.clsCountryDTO"'. (605b4265)
2025-07-01T11:41:34.2361792+01:00 0HNDOHEU9NE0J:00000008 [INF] Executed action "DVLD_API.Controllers.CountriesAPIController.getCountryByID (DVLD_API)" in 0.3004ms (afa2e885)
2025-07-01T11:41:34.2361955+01:00 0HNDOHEU9NE0J:00000008 [INF] Executed endpoint '"DVLD_API.Controllers.CountriesAPIController.getCountryByID (DVLD_API)"' (99874f2b)
2025-07-01T11:41:34.2362259+01:00 0HNDOHEU9NE0J:00000008 [INF] Request finished "HTTP/1.1" "GET" "http"://"localhost:5045""""/api/CountriesAPI/GetCountryByID/119""" - 200 null "application/json; charset=utf-8" 0.464ms (74253ad3)
2025-07-01T11:41:34.2364616+01:00 0HNDOHEU9NE0J:00000009 [INF] Request starting "HTTP/1.1" "GET" "http"://"localhost:5045""""/api/CountriesAPI/GetCountryByID/119""" - null null (d509f86a)
2025-07-01T11:41:34.2365355+01:00 0HNDOHEU9NE0J:00000009 [INF] Executing endpoint '"DVLD_API.Controllers.CountriesAPIController.getCountryByID (DVLD_API)"' (500cc934)
2025-07-01T11:41:34.2365666+01:00 0HNDOHEU9NE0J:00000009 [INF] Route matched with "{action = \"getCountryByID\", controller = \"CountriesAPI\"}". Executing controller action with signature "Microsoft.AspNetCore.Mvc.ActionResult`1[DVLD_SharedModels.clsCountryDTO] getCountryByID(Int32)" on controller "DVLD_API.Controllers.CountriesAPIController" ("DVLD_API"). (122b2fdf)
2025-07-01T11:41:34.2367937+01:00 0HNDOHEU9NE0J:00000009 [INF] Executing "OkObjectResult", writing value of type '"DVLD_SharedModels.clsCountryDTO"'. (605b4265)
2025-07-01T11:41:34.2368528+01:00 0HNDOHEU9NE0J:00000009 [INF] Executed action "DVLD_API.Controllers.CountriesAPIController.getCountryByID (DVLD_API)" in 0.2707ms (afa2e885)
2025-07-01T11:41:34.2368667+01:00 0HNDOHEU9NE0J:00000009 [INF] Executed endpoint '"DVLD_API.Controllers.CountriesAPIController.getCountryByID (DVLD_API)"' (99874f2b)
2025-07-01T11:41:34.2368997+01:00 0HNDOHEU9NE0J:00000009 [INF] Request finished "HTTP/1.1" "GET" "http"://"localhost:5045""""/api/CountriesAPI/GetCountryByID/119""" - 200 null "application/json; charset=utf-8" 0.4473ms (74253ad3)
2025-07-01T11:41:34.2371199+01:00 0HNDOHEU9NE0J:0000000A [INF] Request starting "HTTP/1.1" "GET" "http"://"localhost:5045""""/api/CountriesAPI/GetCountryByID/119""" - null null (d509f86a)
2025-07-01T11:41:34.2371896+01:00 0HNDOHEU9NE0J:0000000A [INF] Executing endpoint '"DVLD_API.Controllers.CountriesAPIController.getCountryByID (DVLD_API)"' (500cc934)
2025-07-01T11:41:34.2372276+01:00 0HNDOHEU9NE0J:0000000A [INF] Route matched with "{action = \"getCountryByID\", controller = \"CountriesAPI\"}". Executing controller action with signature "Microsoft.AspNetCore.Mvc.ActionResult`1[DVLD_SharedModels.clsCountryDTO] getCountryByID(Int32)" on controller "DVLD_API.Controllers.CountriesAPIController" ("DVLD_API"). (122b2fdf)
2025-07-01T11:41:34.2375248+01:00 0HNDOHEU9NE0J:0000000A [INF] Executing "OkObjectResult", writing value of type '"DVLD_SharedModels.clsCountryDTO"'. (605b4265)
2025-07-01T11:41:34.2375933+01:00 0HNDOHEU9NE0J:0000000A [INF] Executed action "DVLD_API.Controllers.CountriesAPIController.getCountryByID (DVLD_API)" in 0.3478ms (afa2e885)
2025-07-01T11:41:34.2376114+01:00 0HNDOHEU9NE0J:0000000A [INF] Executed endpoint '"DVLD_API.Controllers.CountriesAPIController.getCountryByID (DVLD_API)"' (99874f2b)
2025-07-01T11:41:34.2376492+01:00 0HNDOHEU9NE0J:0000000A [INF] Request finished "HTTP/1.1" "GET" "http"://"localhost:5045""""/api/CountriesAPI/GetCountryByID/119""" - 200 null "application/json; charset=utf-8" 0.5379ms (74253ad3)
2025-07-01T11:41:34.2378490+01:00 0HNDOHEU9NE0J:0000000B [INF] Request starting "HTTP/1.1" "GET" "http"://"localhost:5045""""/api/CountriesAPI/GetCountryByID/119""" - null null (d509f86a)
2025-07-01T11:41:34.2379203+01:00 0HNDOHEU9NE0J:0000000B [INF] Executing endpoint '"DVLD_API.Controllers.CountriesAPIController.getCountryByID (DVLD_API)"' (500cc934)
2025-07-01T11:41:34.2379586+01:00 0HNDOHEU9NE0J:0000000B [INF] Route matched with "{action = \"getCountryByID\", controller = \"CountriesAPI\"}". Executing controller action with signature "Microsoft.AspNetCore.Mvc.ActionResult`1[DVLD_SharedModels.clsCountryDTO] getCountryByID(Int32)" on controller "DVLD_API.Controllers.CountriesAPIController" ("DVLD_API"). (122b2fdf)
2025-07-01T11:41:34.2382067+01:00 0HNDOHEU9NE0J:0000000B [INF] Executing "OkObjectResult", writing value of type '"DVLD_SharedModels.clsCountryDTO"'. (605b4265)
2025-07-01T11:41:34.2382656+01:00 0HNDOHEU9NE0J:0000000B [INF] Executed action "DVLD_API.Controllers.CountriesAPIController.getCountryByID (DVLD_API)" in 0.289ms (afa2e885)
2025-07-01T11:41:34.2382794+01:00 0HNDOHEU9NE0J:0000000B [INF] Executed endpoint '"DVLD_API.Controllers.CountriesAPIController.getCountryByID (DVLD_API)"' (99874f2b)
2025-07-01T11:41:34.2383081+01:00 0HNDOHEU9NE0J:0000000B [INF] Request finished "HTTP/1.1" "GET" "http"://"localhost:5045""""/api/CountriesAPI/GetCountryByID/119""" - 200 null "application/json; charset=utf-8" 0.4686ms (74253ad3)
2025-07-01T11:41:34.2385383+01:00 0HNDOHEU9NE0J:0000000C [INF] Request starting "HTTP/1.1" "GET" "http"://"localhost:5045""""/api/CountriesAPI/GetCountryByID/119""" - null null (d509f86a)
2025-07-01T11:41:34.2386437+01:00 0HNDOHEU9NE0J:0000000C [INF] Executing endpoint '"DVLD_API.Controllers.CountriesAPIController.getCountryByID (DVLD_API)"' (500cc934)
2025-07-01T11:41:34.2386777+01:00 0HNDOHEU9NE0J:0000000C [INF] Route matched with "{action = \"getCountryByID\", controller = \"CountriesAPI\"}". Executing controller action with signature "Microsoft.AspNetCore.Mvc.ActionResult`1[DVLD_SharedModels.clsCountryDTO] getCountryByID(Int32)" on controller "DVLD_API.Controllers.CountriesAPIController" ("DVLD_API"). (122b2fdf)
2025-07-01T11:41:34.2388996+01:00 0HNDOHEU9NE0J:0000000C [INF] Executing "OkObjectResult", writing value of type '"DVLD_SharedModels.clsCountryDTO"'. (605b4265)
2025-07-01T11:41:34.2389562+01:00 0HNDOHEU9NE0J:0000000C [INF] Executed action "DVLD_API.Controllers.CountriesAPIController.getCountryByID (DVLD_API)" in 0.2624ms (afa2e885)
2025-07-01T11:41:34.2389710+01:00 0HNDOHEU9NE0J:0000000C [INF] Executed endpoint '"DVLD_API.Controllers.CountriesAPIController.getCountryByID (DVLD_API)"' (99874f2b)
2025-07-01T11:41:34.2390018+01:00 0HNDOHEU9NE0J:0000000C [INF] Request finished "HTTP/1.1" "GET" "http"://"localhost:5045""""/api/CountriesAPI/GetCountryByID/119""" - 200 null "application/json; charset=utf-8" 0.4729ms (74253ad3)
2025-07-01T11:41:34.2392169+01:00 0HNDOHEU9NE0J:0000000D [INF] Request starting "HTTP/1.1" "GET" "http"://"localhost:5045""""/api/CountriesAPI/GetCountryByID/119""" - null null (d509f86a)
2025-07-01T11:41:34.2392850+01:00 0HNDOHEU9NE0J:0000000D [INF] Executing endpoint '"DVLD_API.Controllers.CountriesAPIController.getCountryByID (DVLD_API)"' (500cc934)
2025-07-01T11:41:34.2393243+01:00 0HNDOHEU9NE0J:0000000D [INF] Route matched with "{action = \"getCountryByID\", controller = \"CountriesAPI\"}". Executing controller action with signature "Microsoft.AspNetCore.Mvc.ActionResult`1[DVLD_SharedModels.clsCountryDTO] getCountryByID(Int32)" on controller "DVLD_API.Controllers.CountriesAPIController" ("DVLD_API"). (122b2fdf)
2025-07-01T11:41:34.2395977+01:00 0HNDOHEU9NE0J:0000000D [INF] Executing "OkObjectResult", writing value of type '"DVLD_SharedModels.clsCountryDTO"'. (605b4265)
2025-07-01T11:41:34.2396539+01:00 0HNDOHEU9NE0J:0000000D [INF] Executed action "DVLD_API.Controllers.CountriesAPIController.getCountryByID (DVLD_API)" in 0.312ms (afa2e885)
2025-07-01T11:41:34.2396678+01:00 0HNDOHEU9NE0J:0000000D [INF] Executed endpoint '"DVLD_API.Controllers.CountriesAPIController.getCountryByID (DVLD_API)"' (99874f2b)
2025-07-01T11:41:34.2396992+01:00 0HNDOHEU9NE0J:0000000D [INF] Request finished "HTTP/1.1" "GET" "http"://"localhost:5045""""/api/CountriesAPI/GetCountryByID/119""" - 200 null "application/json; charset=utf-8" 0.4931ms (74253ad3)
2025-07-01T11:41:34.2399076+01:00 0HNDOHEU9NE0J:0000000E [INF] Request starting "HTTP/1.1" "GET" "http"://"localhost:5045""""/api/CountriesAPI/GetCountryByID/119""" - null null (d509f86a)
2025-07-01T11:41:34.2399779+01:00 0HNDOHEU9NE0J:0000000E [INF] Executing endpoint '"DVLD_API.Controllers.CountriesAPIController.getCountryByID (DVLD_API)"' (500cc934)
2025-07-01T11:41:34.2400148+01:00 0HNDOHEU9NE0J:0000000E [INF] Route matched with "{action = \"getCountryByID\", controller = \"CountriesAPI\"}". Executing controller action with signature "Microsoft.AspNetCore.Mvc.ActionResult`1[DVLD_SharedModels.clsCountryDTO] getCountryByID(Int32)" on controller "DVLD_API.Controllers.CountriesAPIController" ("DVLD_API"). (122b2fdf)
2025-07-01T11:41:34.2402502+01:00 0HNDOHEU9NE0J:0000000E [INF] Executing "OkObjectResult", writing value of type '"DVLD_SharedModels.clsCountryDTO"'. (605b4265)
2025-07-01T11:41:34.2403072+01:00 0HNDOHEU9NE0J:0000000E [INF] Executed action "DVLD_API.Controllers.CountriesAPIController.getCountryByID (DVLD_API)" in 0.2742ms (afa2e885)
2025-07-01T11:41:34.2403213+01:00 0HNDOHEU9NE0J:0000000E [INF] Executed endpoint '"DVLD_API.Controllers.CountriesAPIController.getCountryByID (DVLD_API)"' (99874f2b)
2025-07-01T11:41:34.2403491+01:00 0HNDOHEU9NE0J:0000000E [INF] Request finished "HTTP/1.1" "GET" "http"://"localhost:5045""""/api/CountriesAPI/GetCountryByID/119""" - 200 null "application/json; charset=utf-8" 0.4512ms (74253ad3)
2025-07-01T11:41:34.2405764+01:00 0HNDOHEU9NE0J:0000000F [INF] Request starting "HTTP/1.1" "GET" "http"://"localhost:5045""""/api/CountriesAPI/GetCountryByID/90""" - null null (d509f86a)
2025-07-01T11:41:34.2406443+01:00 0HNDOHEU9NE0J:0000000F [INF] Executing endpoint '"DVLD_API.Controllers.CountriesAPIController.getCountryByID (DVLD_API)"' (500cc934)
2025-07-01T11:41:34.2406816+01:00 0HNDOHEU9NE0J:0000000F [INF] Route matched with "{action = \"getCountryByID\", controller = \"CountriesAPI\"}". Executing controller action with signature "Microsoft.AspNetCore.Mvc.ActionResult`1[DVLD_SharedModels.clsCountryDTO] getCountryByID(Int32)" on controller "DVLD_API.Controllers.CountriesAPIController" ("DVLD_API"). (122b2fdf)
2025-07-01T11:41:34.2409312+01:00 0HNDOHEU9NE0J:0000000F [INF] Executing "OkObjectResult", writing value of type '"DVLD_SharedModels.clsCountryDTO"'. (605b4265)
2025-07-01T11:41:34.2409903+01:00 0HNDOHEU9NE0J:0000000F [INF] Executed action "DVLD_API.Controllers.CountriesAPIController.getCountryByID (DVLD_API)" in 0.291ms (afa2e885)
2025-07-01T11:41:34.2410030+01:00 0HNDOHEU9NE0J:0000000F [INF] Executed endpoint '"DVLD_API.Controllers.CountriesAPIController.getCountryByID (DVLD_API)"' (99874f2b)
2025-07-01T11:41:34.2410315+01:00 0HNDOHEU9NE0J:0000000F [INF] Request finished "HTTP/1.1" "GET" "http"://"localhost:5045""""/api/CountriesAPI/GetCountryByID/90""" - 200 null "application/json; charset=utf-8" 0.4652ms (74253ad3)
2025-07-01T11:41:34.2412600+01:00 0HNDOHEU9NE0J:00000010 [INF] Request starting "HTTP/1.1" "GET" "http"://"localhost:5045""""/api/CountriesAPI/GetCountryByID/119""" - null null (d509f86a)
2025-07-01T11:41:34.2413111+01:00 0HNDOHEU9NE0J:00000010 [INF] Executing endpoint '"DVLD_API.Controllers.CountriesAPIController.getCountryByID (DVLD_API)"' (500cc934)
2025-07-01T11:41:34.2413349+01:00 0HNDOHEU9NE0J:00000010 [INF] Route matched with "{action = \"getCountryByID\", controller = \"CountriesAPI\"}". Executing controller action with signature "Microsoft.AspNetCore.Mvc.ActionResult`1[DVLD_SharedModels.clsCountryDTO] getCountryByID(Int32)" on controller "DVLD_API.Controllers.CountriesAPIController" ("DVLD_API"). (122b2fdf)
2025-07-01T11:41:34.2415789+01:00 0HNDOHEU9NE0J:00000010 [INF] Executing "OkObjectResult", writing value of type '"DVLD_SharedModels.clsCountryDTO"'. (605b4265)
2025-07-01T11:41:34.2416350+01:00 0HNDOHEU9NE0J:00000010 [INF] Executed action "DVLD_API.Controllers.CountriesAPIController.getCountryByID (DVLD_API)" in 0.2789ms (afa2e885)
2025-07-01T11:41:34.2416479+01:00 0HNDOHEU9NE0J:00000010 [INF] Executed endpoint '"DVLD_API.Controllers.CountriesAPIController.getCountryByID (DVLD_API)"' (99874f2b)
2025-07-01T11:41:34.2416775+01:00 0HNDOHEU9NE0J:00000010 [INF] Request finished "HTTP/1.1" "GET" "http"://"localhost:5045""""/api/CountriesAPI/GetCountryByID/119""" - 200 null "application/json; charset=utf-8" 0.4264ms (74253ad3)
2025-07-01T11:41:34.2419079+01:00 0HNDOHEU9NE0J:00000011 [INF] Request starting "HTTP/1.1" "GET" "http"://"localhost:5045""""/api/CountriesAPI/GetCountryByID/100""" - null null (d509f86a)
2025-07-01T11:41:34.2419728+01:00 0HNDOHEU9NE0J:00000011 [INF] Executing endpoint '"DVLD_API.Controllers.CountriesAPIController.getCountryByID (DVLD_API)"' (500cc934)
2025-07-01T11:41:34.2420106+01:00 0HNDOHEU9NE0J:00000011 [INF] Route matched with "{action = \"getCountryByID\", controller = \"CountriesAPI\"}". Executing controller action with signature "Microsoft.AspNetCore.Mvc.ActionResult`1[DVLD_SharedModels.clsCountryDTO] getCountryByID(Int32)" on controller "DVLD_API.Controllers.CountriesAPIController" ("DVLD_API"). (122b2fdf)
2025-07-01T11:41:34.2422476+01:00 0HNDOHEU9NE0J:00000011 [INF] Executing "OkObjectResult", writing value of type '"DVLD_SharedModels.clsCountryDTO"'. (605b4265)
2025-07-01T11:41:34.2423043+01:00 0HNDOHEU9NE0J:00000011 [INF] Executed action "DVLD_API.Controllers.CountriesAPIController.getCountryByID (DVLD_API)" in 0.2774ms (afa2e885)
2025-07-01T11:41:34.2423170+01:00 0HNDOHEU9NE0J:00000011 [INF] Executed endpoint '"DVLD_API.Controllers.CountriesAPIController.getCountryByID (DVLD_API)"' (99874f2b)
2025-07-01T11:41:34.2423471+01:00 0HNDOHEU9NE0J:00000011 [INF] Request finished "HTTP/1.1" "GET" "http"://"localhost:5045""""/api/CountriesAPI/GetCountryByID/100""" - 200 null "application/json; charset=utf-8" 0.4491ms (74253ad3)
2025-07-01T11:41:34.2425995+01:00 0HNDOHEU9NE0J:00000012 [INF] Request starting "HTTP/1.1" "GET" "http"://"localhost:5045""""/api/CountriesAPI/GetCountryByID/100""" - null null (d509f86a)
2025-07-01T11:41:34.2426527+01:00 0HNDOHEU9NE0J:00000012 [INF] Executing endpoint '"DVLD_API.Controllers.CountriesAPIController.getCountryByID (DVLD_API)"' (500cc934)
2025-07-01T11:41:34.2426883+01:00 0HNDOHEU9NE0J:00000012 [INF] Route matched with "{action = \"getCountryByID\", controller = \"CountriesAPI\"}". Executing controller action with signature "Microsoft.AspNetCore.Mvc.ActionResult`1[DVLD_SharedModels.clsCountryDTO] getCountryByID(Int32)" on controller "DVLD_API.Controllers.CountriesAPIController" ("DVLD_API"). (122b2fdf)
2025-07-01T11:41:34.2429335+01:00 0HNDOHEU9NE0J:00000012 [INF] Executing "OkObjectResult", writing value of type '"DVLD_SharedModels.clsCountryDTO"'. (605b4265)
2025-07-01T11:41:34.2429901+01:00 0HNDOHEU9NE0J:00000012 [INF] Executed action "DVLD_API.Controllers.CountriesAPIController.getCountryByID (DVLD_API)" in 0.2834ms (afa2e885)
2025-07-01T11:41:34.2430048+01:00 0HNDOHEU9NE0J:00000012 [INF] Executed endpoint '"DVLD_API.Controllers.CountriesAPIController.getCountryByID (DVLD_API)"' (99874f2b)
2025-07-01T11:41:34.2430333+01:00 0HNDOHEU9NE0J:00000012 [INF] Request finished "HTTP/1.1" "GET" "http"://"localhost:5045""""/api/CountriesAPI/GetCountryByID/100""" - 200 null "application/json; charset=utf-8" 0.4449ms (74253ad3)
2025-07-01T11:41:34.2432540+01:00 0HNDOHEU9NE0J:00000013 [INF] Request starting "HTTP/1.1" "GET" "http"://"localhost:5045""""/api/CountriesAPI/GetCountryByID/100""" - null null (d509f86a)
2025-07-01T11:41:34.2433225+01:00 0HNDOHEU9NE0J:00000013 [INF] Executing endpoint '"DVLD_API.Controllers.CountriesAPIController.getCountryByID (DVLD_API)"' (500cc934)
2025-07-01T11:41:34.2433593+01:00 0HNDOHEU9NE0J:00000013 [INF] Route matched with "{action = \"getCountryByID\", controller = \"CountriesAPI\"}". Executing controller action with signature "Microsoft.AspNetCore.Mvc.ActionResult`1[DVLD_SharedModels.clsCountryDTO] getCountryByID(Int32)" on controller "DVLD_API.Controllers.CountriesAPIController" ("DVLD_API"). (122b2fdf)
2025-07-01T11:41:34.2436053+01:00 0HNDOHEU9NE0J:00000013 [INF] Executing "OkObjectResult", writing value of type '"DVLD_SharedModels.clsCountryDTO"'. (605b4265)
2025-07-01T11:41:34.2436714+01:00 0HNDOHEU9NE0J:00000013 [INF] Executed action "DVLD_API.Controllers.CountriesAPIController.getCountryByID (DVLD_API)" in 0.2893ms (afa2e885)
2025-07-01T11:41:34.2436842+01:00 0HNDOHEU9NE0J:00000013 [INF] Executed endpoint '"DVLD_API.Controllers.CountriesAPIController.getCountryByID (DVLD_API)"' (99874f2b)
2025-07-01T11:41:34.2437125+01:00 0HNDOHEU9NE0J:00000013 [INF] Request finished "HTTP/1.1" "GET" "http"://"localhost:5045""""/api/CountriesAPI/GetCountryByID/100""" - 200 null "application/json; charset=utf-8" 0.4686ms (74253ad3)
2025-07-01T11:41:34.2439338+01:00 0HNDOHEU9NE0J:00000014 [INF] Request starting "HTTP/1.1" "GET" "http"://"localhost:5045""""/api/CountriesAPI/GetCountryByID/100""" - null null (d509f86a)
2025-07-01T11:41:34.2440002+01:00 0HNDOHEU9NE0J:00000014 [INF] Executing endpoint '"DVLD_API.Controllers.CountriesAPIController.getCountryByID (DVLD_API)"' (500cc934)
2025-07-01T11:41:34.2440405+01:00 0HNDOHEU9NE0J:00000014 [INF] Route matched with "{action = \"getCountryByID\", controller = \"CountriesAPI\"}". Executing controller action with signature "Microsoft.AspNetCore.Mvc.ActionResult`1[DVLD_SharedModels.clsCountryDTO] getCountryByID(Int32)" on controller "DVLD_API.Controllers.CountriesAPIController" ("DVLD_API"). (122b2fdf)
2025-07-01T11:41:34.2442779+01:00 0HNDOHEU9NE0J:00000014 [INF] Executing "OkObjectResult", writing value of type '"DVLD_SharedModels.clsCountryDTO"'. (605b4265)
2025-07-01T11:41:34.2443346+01:00 0HNDOHEU9NE0J:00000014 [INF] Executed action "DVLD_API.Controllers.CountriesAPIController.getCountryByID (DVLD_API)" in 0.2777ms (afa2e885)
2025-07-01T11:41:34.2443473+01:00 0HNDOHEU9NE0J:00000014 [INF] Executed endpoint '"DVLD_API.Controllers.CountriesAPIController.getCountryByID (DVLD_API)"' (99874f2b)
2025-07-01T11:41:34.2443766+01:00 0HNDOHEU9NE0J:00000014 [INF] Request finished "HTTP/1.1" "GET" "http"://"localhost:5045""""/api/CountriesAPI/GetCountryByID/100""" - 200 null "application/json; charset=utf-8" 0.454ms (74253ad3)
2025-07-01T11:41:34.2446066+01:00 0HNDOHEU9NE0J:00000015 [INF] Request starting "HTTP/1.1" "GET" "http"://"localhost:5045""""/api/CountriesAPI/GetCountryByID/100""" - null null (d509f86a)
2025-07-01T11:41:34.2446788+01:00 0HNDOHEU9NE0J:00000015 [INF] Executing endpoint '"DVLD_API.Controllers.CountriesAPIController.getCountryByID (DVLD_API)"' (500cc934)
2025-07-01T11:41:34.2447173+01:00 0HNDOHEU9NE0J:00000015 [INF] Route matched with "{action = \"getCountryByID\", controller = \"CountriesAPI\"}". Executing controller action with signature "Microsoft.AspNetCore.Mvc.ActionResult`1[DVLD_SharedModels.clsCountryDTO] getCountryByID(Int32)" on controller "DVLD_API.Controllers.CountriesAPIController" ("DVLD_API"). (122b2fdf)
2025-07-01T11:41:34.2449564+01:00 0HNDOHEU9NE0J:00000015 [INF] Executing "OkObjectResult", writing value of type '"DVLD_SharedModels.clsCountryDTO"'. (605b4265)
2025-07-01T11:41:34.2450112+01:00 0HNDOHEU9NE0J:00000015 [INF] Executed action "DVLD_API.Controllers.CountriesAPIController.getCountryByID (DVLD_API)" in 0.2748ms (afa2e885)
2025-07-01T11:41:34.2450241+01:00 0HNDOHEU9NE0J:00000015 [INF] Executed endpoint '"DVLD_API.Controllers.CountriesAPIController.getCountryByID (DVLD_API)"' (99874f2b)
2025-07-01T11:41:34.2450538+01:00 0HNDOHEU9NE0J:00000015 [INF] Request finished "HTTP/1.1" "GET" "http"://"localhost:5045""""/api/CountriesAPI/GetCountryByID/100""" - 200 null "application/json; charset=utf-8" 0.4588ms (74253ad3)
2025-07-01T11:41:34.2452757+01:00 0HNDOHEU9NE0J:00000016 [INF] Request starting "HTTP/1.1" "GET" "http"://"localhost:5045""""/api/CountriesAPI/GetCountryByID/100""" - null null (d509f86a)
2025-07-01T11:41:34.2453416+01:00 0HNDOHEU9NE0J:00000016 [INF] Executing endpoint '"DVLD_API.Controllers.CountriesAPIController.getCountryByID (DVLD_API)"' (500cc934)
2025-07-01T11:41:34.2453797+01:00 0HNDOHEU9NE0J:00000016 [INF] Route matched with "{action = \"getCountryByID\", controller = \"CountriesAPI\"}". Executing controller action with signature "Microsoft.AspNetCore.Mvc.ActionResult`1[DVLD_SharedModels.clsCountryDTO] getCountryByID(Int32)" on controller "DVLD_API.Controllers.CountriesAPIController" ("DVLD_API"). (122b2fdf)
2025-07-01T11:41:34.2456317+01:00 0HNDOHEU9NE0J:00000016 [INF] Executing "OkObjectResult", writing value of type '"DVLD_SharedModels.clsCountryDTO"'. (605b4265)
2025-07-01T11:41:34.2456905+01:00 0HNDOHEU9NE0J:00000016 [INF] Executed action "DVLD_API.Controllers.CountriesAPIController.getCountryByID (DVLD_API)" in 0.2945ms (afa2e885)
2025-07-01T11:41:34.2457040+01:00 0HNDOHEU9NE0J:00000016 [INF] Executed endpoint '"DVLD_API.Controllers.CountriesAPIController.getCountryByID (DVLD_API)"' (99874f2b)
2025-07-01T11:41:34.2457301+01:00 0HNDOHEU9NE0J:00000016 [INF] Request finished "HTTP/1.1" "GET" "http"://"localhost:5045""""/api/CountriesAPI/GetCountryByID/100""" - 200 null "application/json; charset=utf-8" 0.4656ms (74253ad3)
2025-07-01T11:41:34.2459584+01:00 0HNDOHEU9NE0J:00000017 [INF] Request starting "HTTP/1.1" "GET" "http"://"localhost:5045""""/api/CountriesAPI/GetCountryByID/100""" - null null (d509f86a)
2025-07-01T11:41:34.2460320+01:00 0HNDOHEU9NE0J:00000017 [INF] Executing endpoint '"DVLD_API.Controllers.CountriesAPIController.getCountryByID (DVLD_API)"' (500cc934)
2025-07-01T11:41:34.2460626+01:00 0HNDOHEU9NE0J:00000017 [INF] Route matched with "{action = \"getCountryByID\", controller = \"CountriesAPI\"}". Executing controller action with signature "Microsoft.AspNetCore.Mvc.ActionResult`1[DVLD_SharedModels.clsCountryDTO] getCountryByID(Int32)" on controller "DVLD_API.Controllers.CountriesAPIController" ("DVLD_API"). (122b2fdf)
2025-07-01T11:41:34.2463376+01:00 0HNDOHEU9NE0J:00000017 [INF] Executing "OkObjectResult", writing value of type '"DVLD_SharedModels.clsCountryDTO"'. (605b4265)
2025-07-01T11:41:34.2463947+01:00 0HNDOHEU9NE0J:00000017 [INF] Executed action "DVLD_API.Controllers.CountriesAPIController.getCountryByID (DVLD_API)" in 0.3147ms (afa2e885)
2025-07-01T11:41:34.2464076+01:00 0HNDOHEU9NE0J:00000017 [INF] Executed endpoint '"DVLD_API.Controllers.CountriesAPIController.getCountryByID (DVLD_API)"' (99874f2b)
2025-07-01T11:41:34.2464364+01:00 0HNDOHEU9NE0J:00000017 [INF] Request finished "HTTP/1.1" "GET" "http"://"localhost:5045""""/api/CountriesAPI/GetCountryByID/100""" - 200 null "application/json; charset=utf-8" 0.4874ms (74253ad3)
2025-07-01T11:41:34.2468025+01:00 0HNDOHEU9NE0J:00000018 [INF] Request starting "HTTP/1.1" "GET" "http"://"localhost:5045""""/api/CountriesAPI/GetCountryByID/90""" - null null (d509f86a)
2025-07-01T11:41:34.2468787+01:00 0HNDOHEU9NE0J:00000018 [INF] Executing endpoint '"DVLD_API.Controllers.CountriesAPIController.getCountryByID (DVLD_API)"' (500cc934)
2025-07-01T11:41:34.2469175+01:00 0HNDOHEU9NE0J:00000018 [INF] Route matched with "{action = \"getCountryByID\", controller = \"CountriesAPI\"}". Executing controller action with signature "Microsoft.AspNetCore.Mvc.ActionResult`1[DVLD_SharedModels.clsCountryDTO] getCountryByID(Int32)" on controller "DVLD_API.Controllers.CountriesAPIController" ("DVLD_API"). (122b2fdf)
2025-07-01T11:41:34.2471529+01:00 0HNDOHEU9NE0J:00000018 [INF] Executing "OkObjectResult", writing value of type '"DVLD_SharedModels.clsCountryDTO"'. (605b4265)
2025-07-01T11:41:34.2472150+01:00 0HNDOHEU9NE0J:00000018 [INF] Executed action "DVLD_API.Controllers.CountriesAPIController.getCountryByID (DVLD_API)" in 0.2818ms (afa2e885)
2025-07-01T11:41:34.2472274+01:00 0HNDOHEU9NE0J:00000018 [INF] Executed endpoint '"DVLD_API.Controllers.CountriesAPIController.getCountryByID (DVLD_API)"' (99874f2b)
2025-07-01T11:41:34.2472622+01:00 0HNDOHEU9NE0J:00000018 [INF] Request finished "HTTP/1.1" "GET" "http"://"localhost:5045""""/api/CountriesAPI/GetCountryByID/90""" - 200 null "application/json; charset=utf-8" 0.4753ms (74253ad3)
2025-07-01T11:41:34.2474983+01:00 0HNDOHEU9NE0J:00000019 [INF] Request starting "HTTP/1.1" "GET" "http"://"localhost:5045""""/api/CountriesAPI/GetCountryByID/90""" - null null (d509f86a)
2025-07-01T11:41:34.2475733+01:00 0HNDOHEU9NE0J:00000019 [INF] Executing endpoint '"DVLD_API.Controllers.CountriesAPIController.getCountryByID (DVLD_API)"' (500cc934)
2025-07-01T11:41:34.2476062+01:00 0HNDOHEU9NE0J:00000019 [INF] Route matched with "{action = \"getCountryByID\", controller = \"CountriesAPI\"}". Executing controller action with signature "Microsoft.AspNetCore.Mvc.ActionResult`1[DVLD_SharedModels.clsCountryDTO] getCountryByID(Int32)" on controller "DVLD_API.Controllers.CountriesAPIController" ("DVLD_API"). (122b2fdf)
2025-07-01T11:41:34.2478384+01:00 0HNDOHEU9NE0J:00000019 [INF] Executing "OkObjectResult", writing value of type '"DVLD_SharedModels.clsCountryDTO"'. (605b4265)
2025-07-01T11:41:34.2478950+01:00 0HNDOHEU9NE0J:00000019 [INF] Executed action "DVLD_API.Controllers.CountriesAPIController.getCountryByID (DVLD_API)" in 0.2737ms (afa2e885)
2025-07-01T11:41:34.2479074+01:00 0HNDOHEU9NE0J:00000019 [INF] Executed endpoint '"DVLD_API.Controllers.CountriesAPIController.getCountryByID (DVLD_API)"' (99874f2b)
2025-07-01T11:41:34.2479384+01:00 0HNDOHEU9NE0J:00000019 [INF] Request finished "HTTP/1.1" "GET" "http"://"localhost:5045""""/api/CountriesAPI/GetCountryByID/90""" - 200 null "application/json; charset=utf-8" 0.4496ms (74253ad3)
2025-07-01T11:41:34.2481652+01:00 0HNDOHEU9NE0J:0000001A [INF] Request starting "HTTP/1.1" "GET" "http"://"localhost:5045""""/api/CountriesAPI/GetCountryByID/119""" - null null (d509f86a)
2025-07-01T11:41:34.2482419+01:00 0HNDOHEU9NE0J:0000001A [INF] Executing endpoint '"DVLD_API.Controllers.CountriesAPIController.getCountryByID (DVLD_API)"' (500cc934)
2025-07-01T11:41:34.2482696+01:00 0HNDOHEU9NE0J:0000001A [INF] Route matched with "{action = \"getCountryByID\", controller = \"CountriesAPI\"}". Executing controller action with signature "Microsoft.AspNetCore.Mvc.ActionResult`1[DVLD_SharedModels.clsCountryDTO] getCountryByID(Int32)" on controller "DVLD_API.Controllers.CountriesAPIController" ("DVLD_API"). (122b2fdf)
2025-07-01T11:41:34.2485107+01:00 0HNDOHEU9NE0J:0000001A [INF] Executing "OkObjectResult", writing value of type '"DVLD_SharedModels.clsCountryDTO"'. (605b4265)
2025-07-01T11:41:34.2485709+01:00 0HNDOHEU9NE0J:0000001A [INF] Executed action "DVLD_API.Controllers.CountriesAPIController.getCountryByID (DVLD_API)" in 0.2857ms (afa2e885)
2025-07-01T11:41:34.2485834+01:00 0HNDOHEU9NE0J:0000001A [INF] Executed endpoint '"DVLD_API.Controllers.CountriesAPIController.getCountryByID (DVLD_API)"' (99874f2b)
2025-07-01T11:41:34.2486143+01:00 0HNDOHEU9NE0J:0000001A [INF] Request finished "HTTP/1.1" "GET" "http"://"localhost:5045""""/api/CountriesAPI/GetCountryByID/119""" - 200 null "application/json; charset=utf-8" 0.4581ms (74253ad3)
2025-07-01T11:41:34.2488312+01:00 0HNDOHEU9NE0J:0000001B [INF] Request starting "HTTP/1.1" "GET" "http"://"localhost:5045""""/api/CountriesAPI/GetCountryByID/90""" - null null (d509f86a)
2025-07-01T11:41:34.2488990+01:00 0HNDOHEU9NE0J:0000001B [INF] Executing endpoint '"DVLD_API.Controllers.CountriesAPIController.getCountryByID (DVLD_API)"' (500cc934)
2025-07-01T11:41:34.2489371+01:00 0HNDOHEU9NE0J:0000001B [INF] Route matched with "{action = \"getCountryByID\", controller = \"CountriesAPI\"}". Executing controller action with signature "Microsoft.AspNetCore.Mvc.ActionResult`1[DVLD_SharedModels.clsCountryDTO] getCountryByID(Int32)" on controller "DVLD_API.Controllers.CountriesAPIController" ("DVLD_API"). (122b2fdf)
2025-07-01T11:41:34.2491691+01:00 0HNDOHEU9NE0J:0000001B [INF] Executing "OkObjectResult", writing value of type '"DVLD_SharedModels.clsCountryDTO"'. (605b4265)
2025-07-01T11:41:34.2492312+01:00 0HNDOHEU9NE0J:0000001B [INF] Executed action "DVLD_API.Controllers.CountriesAPIController.getCountryByID (DVLD_API)" in 0.2765ms (afa2e885)
2025-07-01T11:41:34.2492438+01:00 0HNDOHEU9NE0J:0000001B [INF] Executed endpoint '"DVLD_API.Controllers.CountriesAPIController.getCountryByID (DVLD_API)"' (99874f2b)
2025-07-01T11:41:34.2492721+01:00 0HNDOHEU9NE0J:0000001B [INF] Request finished "HTTP/1.1" "GET" "http"://"localhost:5045""""/api/CountriesAPI/GetCountryByID/90""" - 200 null "application/json; charset=utf-8" 0.4504ms (74253ad3)
2025-07-01T11:41:34.2495094+01:00 0HNDOHEU9NE0J:0000001C [INF] Request starting "HTTP/1.1" "GET" "http"://"localhost:5045""""/api/CountriesAPI/GetCountryByID/1""" - null null (d509f86a)
2025-07-01T11:41:34.2495938+01:00 0HNDOHEU9NE0J:0000001C [INF] Executing endpoint '"DVLD_API.Controllers.CountriesAPIController.getCountryByID (DVLD_API)"' (500cc934)
2025-07-01T11:41:34.2496393+01:00 0HNDOHEU9NE0J:0000001C [INF] Route matched with "{action = \"getCountryByID\", controller = \"CountriesAPI\"}". Executing controller action with signature "Microsoft.AspNetCore.Mvc.ActionResult`1[DVLD_SharedModels.clsCountryDTO] getCountryByID(Int32)" on controller "DVLD_API.Controllers.CountriesAPIController" ("DVLD_API"). (122b2fdf)
2025-07-01T11:41:34.2499295+01:00 0HNDOHEU9NE0J:0000001C [INF] Executing "OkObjectResult", writing value of type '"DVLD_SharedModels.clsCountryDTO"'. (605b4265)
2025-07-01T11:41:34.2499969+01:00 0HNDOHEU9NE0J:0000001C [INF] Executed action "DVLD_API.Controllers.CountriesAPIController.getCountryByID (DVLD_API)" in 0.3379ms (afa2e885)
2025-07-01T11:41:34.2500099+01:00 0HNDOHEU9NE0J:0000001C [INF] Executed endpoint '"DVLD_API.Controllers.CountriesAPIController.getCountryByID (DVLD_API)"' (99874f2b)
2025-07-01T11:41:34.2500410+01:00 0HNDOHEU9NE0J:0000001C [INF] Request finished "HTTP/1.1" "GET" "http"://"localhost:5045""""/api/CountriesAPI/GetCountryByID/1""" - 200 null "application/json; charset=utf-8" 0.5413ms (74253ad3)
2025-07-01T11:41:34.2503733+01:00 0HNDOHEU9NE0J:0000001D [INF] Request starting "HTTP/1.1" "GET" "http"://"localhost:5045""""/api/CountriesAPI/GetCountryByID/1""" - null null (d509f86a)
2025-07-01T11:41:34.2505229+01:00 0HNDOHEU9NE0J:0000001D [INF] Executing endpoint '"DVLD_API.Controllers.CountriesAPIController.getCountryByID (DVLD_API)"' (500cc934)
2025-07-01T11:41:34.2505837+01:00 0HNDOHEU9NE0J:0000001D [INF] Route matched with "{action = \"getCountryByID\", controller = \"CountriesAPI\"}". Executing controller action with signature "Microsoft.AspNetCore.Mvc.ActionResult`1[DVLD_SharedModels.clsCountryDTO] getCountryByID(Int32)" on controller "DVLD_API.Controllers.CountriesAPIController" ("DVLD_API"). (122b2fdf)
2025-07-01T11:41:34.2509068+01:00 0HNDOHEU9NE0J:0000001D [INF] Executing "OkObjectResult", writing value of type '"DVLD_SharedModels.clsCountryDTO"'. (605b4265)
2025-07-01T11:41:34.2509638+01:00 0HNDOHEU9NE0J:0000001D [INF] Executed action "DVLD_API.Controllers.CountriesAPIController.getCountryByID (DVLD_API)" in 0.3634ms (afa2e885)
2025-07-01T11:41:34.2509777+01:00 0HNDOHEU9NE0J:0000001D [INF] Executed endpoint '"DVLD_API.Controllers.CountriesAPIController.getCountryByID (DVLD_API)"' (99874f2b)
2025-07-01T11:41:34.2510101+01:00 0HNDOHEU9NE0J:0000001D [INF] Request finished "HTTP/1.1" "GET" "http"://"localhost:5045""""/api/CountriesAPI/GetCountryByID/1""" - 200 null "application/json; charset=utf-8" 0.6897ms (74253ad3)
2025-07-01T11:41:34.2553070+01:00 0HNDOHEU9NE0J:0000001E [INF] Request starting "HTTP/1.1" "GET" "http"://"localhost:5045""""/api/CountriesAPI/GetCountryByID/1""" - null null (d509f86a)
2025-07-01T11:41:34.2554183+01:00 0HNDOHEU9NE0J:0000001E [INF] Executing endpoint '"DVLD_API.Controllers.CountriesAPIController.getCountryByID (DVLD_API)"' (500cc934)
2025-07-01T11:41:34.2554902+01:00 0HNDOHEU9NE0J:0000001E [INF] Route matched with "{action = \"getCountryByID\", controller = \"CountriesAPI\"}". Executing controller action with signature "Microsoft.AspNetCore.Mvc.ActionResult`1[DVLD_SharedModels.clsCountryDTO] getCountryByID(Int32)" on controller "DVLD_API.Controllers.CountriesAPIController" ("DVLD_API"). (122b2fdf)
2025-07-01T11:41:34.2558349+01:00 0HNDOHEU9NE0J:0000001E [INF] Executing "OkObjectResult", writing value of type '"DVLD_SharedModels.clsCountryDTO"'. (605b4265)
2025-07-01T11:41:34.2559024+01:00 0HNDOHEU9NE0J:0000001E [INF] Executed action "DVLD_API.Controllers.CountriesAPIController.getCountryByID (DVLD_API)" in 0.3929ms (afa2e885)
2025-07-01T11:41:34.2559148+01:00 0HNDOHEU9NE0J:0000001E [INF] Executed endpoint '"DVLD_API.Controllers.CountriesAPIController.getCountryByID (DVLD_API)"' (99874f2b)
2025-07-01T11:41:34.2559431+01:00 0HNDOHEU9NE0J:0000001E [INF] Request finished "HTTP/1.1" "GET" "http"://"localhost:5045""""/api/CountriesAPI/GetCountryByID/1""" - 200 null "application/json; charset=utf-8" 0.6552ms (74253ad3)
2025-07-01T11:41:34.2561772+01:00 0HNDOHEU9NE0J:0000001F [INF] Request starting "HTTP/1.1" "GET" "http"://"localhost:5045""""/api/CountriesAPI/GetCountryByID/119""" - null null (d509f86a)
2025-07-01T11:41:34.2562324+01:00 0HNDOHEU9NE0J:0000001F [INF] Executing endpoint '"DVLD_API.Controllers.CountriesAPIController.getCountryByID (DVLD_API)"' (500cc934)
2025-07-01T11:41:34.2562547+01:00 0HNDOHEU9NE0J:0000001F [INF] Route matched with "{action = \"getCountryByID\", controller = \"CountriesAPI\"}". Executing controller action with signature "Microsoft.AspNetCore.Mvc.ActionResult`1[DVLD_SharedModels.clsCountryDTO] getCountryByID(Int32)" on controller "DVLD_API.Controllers.CountriesAPIController" ("DVLD_API"). (122b2fdf)
2025-07-01T11:41:34.2565717+01:00 0HNDOHEU9NE0J:0000001F [INF] Executing "OkObjectResult", writing value of type '"DVLD_SharedModels.clsCountryDTO"'. (605b4265)
2025-07-01T11:41:34.2566275+01:00 0HNDOHEU9NE0J:0000001F [INF] Executed action "DVLD_API.Controllers.CountriesAPIController.getCountryByID (DVLD_API)" in 0.3591ms (afa2e885)
2025-07-01T11:41:34.2566399+01:00 0HNDOHEU9NE0J:0000001F [INF] Executed endpoint '"DVLD_API.Controllers.CountriesAPIController.getCountryByID (DVLD_API)"' (99874f2b)
2025-07-01T11:41:34.2566687+01:00 0HNDOHEU9NE0J:0000001F [INF] Request finished "HTTP/1.1" "GET" "http"://"localhost:5045""""/api/CountriesAPI/GetCountryByID/119""" - 200 null "application/json; charset=utf-8" 0.5013ms (74253ad3)
2025-07-01T11:41:34.2569262+01:00 0HNDOHEU9NE0J:00000020 [INF] Request starting "HTTP/1.1" "GET" "http"://"localhost:5045""""/api/CountriesAPI/GetCountryByID/119""" - null null (d509f86a)
2025-07-01T11:41:34.2569777+01:00 0HNDOHEU9NE0J:00000020 [INF] Executing endpoint '"DVLD_API.Controllers.CountriesAPIController.getCountryByID (DVLD_API)"' (500cc934)
2025-07-01T11:41:34.2570106+01:00 0HNDOHEU9NE0J:00000020 [INF] Route matched with "{action = \"getCountryByID\", controller = \"CountriesAPI\"}". Executing controller action with signature "Microsoft.AspNetCore.Mvc.ActionResult`1[DVLD_SharedModels.clsCountryDTO] getCountryByID(Int32)" on controller "DVLD_API.Controllers.CountriesAPIController" ("DVLD_API"). (122b2fdf)
2025-07-01T11:41:34.2572558+01:00 0HNDOHEU9NE0J:00000020 [INF] Executing "OkObjectResult", writing value of type '"DVLD_SharedModels.clsCountryDTO"'. (605b4265)
2025-07-01T11:41:34.2573097+01:00 0HNDOHEU9NE0J:00000020 [INF] Executed action "DVLD_API.Controllers.CountriesAPIController.getCountryByID (DVLD_API)" in 0.2851ms (afa2e885)
2025-07-01T11:41:34.2573222+01:00 0HNDOHEU9NE0J:00000020 [INF] Executed endpoint '"DVLD_API.Controllers.CountriesAPIController.getCountryByID (DVLD_API)"' (99874f2b)
2025-07-01T11:41:34.2573511+01:00 0HNDOHEU9NE0J:00000020 [INF] Request finished "HTTP/1.1" "GET" "http"://"localhost:5045""""/api/CountriesAPI/GetCountryByID/119""" - 200 null "application/json; charset=utf-8" 0.4347ms (74253ad3)
2025-07-01T11:41:34.2575794+01:00 0HNDOHEU9NE0J:00000021 [INF] Request starting "HTTP/1.1" "GET" "http"://"localhost:5045""""/api/CountriesAPI/GetCountryByID/119""" - null null (d509f86a)
2025-07-01T11:41:34.2576440+01:00 0HNDOHEU9NE0J:00000021 [INF] Executing endpoint '"DVLD_API.Controllers.CountriesAPIController.getCountryByID (DVLD_API)"' (500cc934)
2025-07-01T11:41:34.2576812+01:00 0HNDOHEU9NE0J:00000021 [INF] Route matched with "{action = \"getCountryByID\", controller = \"CountriesAPI\"}". Executing controller action with signature "Microsoft.AspNetCore.Mvc.ActionResult`1[DVLD_SharedModels.clsCountryDTO] getCountryByID(Int32)" on controller "DVLD_API.Controllers.CountriesAPIController" ("DVLD_API"). (122b2fdf)
2025-07-01T11:41:34.2579328+01:00 0HNDOHEU9NE0J:00000021 [INF] Executing "OkObjectResult", writing value of type '"DVLD_SharedModels.clsCountryDTO"'. (605b4265)
2025-07-01T11:41:34.2579880+01:00 0HNDOHEU9NE0J:00000021 [INF] Executed action "DVLD_API.Controllers.CountriesAPIController.getCountryByID (DVLD_API)" in 0.2909ms (afa2e885)
2025-07-01T11:41:34.2580004+01:00 0HNDOHEU9NE0J:00000021 [INF] Executed endpoint '"DVLD_API.Controllers.CountriesAPIController.getCountryByID (DVLD_API)"' (99874f2b)
2025-07-01T11:41:34.2580306+01:00 0HNDOHEU9NE0J:00000021 [INF] Request finished "HTTP/1.1" "GET" "http"://"localhost:5045""""/api/CountriesAPI/GetCountryByID/119""" - 200 null "application/json; charset=utf-8" 0.4604ms (74253ad3)
2025-07-01T11:41:34.2582617+01:00 0HNDOHEU9NE0J:00000022 [INF] Request starting "HTTP/1.1" "GET" "http"://"localhost:5045""""/api/CountriesAPI/GetCountryByID/119""" - null null (d509f86a)
2025-07-01T11:41:34.2583547+01:00 0HNDOHEU9NE0J:00000022 [INF] Executing endpoint '"DVLD_API.Controllers.CountriesAPIController.getCountryByID (DVLD_API)"' (500cc934)
2025-07-01T11:41:34.2583892+01:00 0HNDOHEU9NE0J:00000022 [INF] Route matched with "{action = \"getCountryByID\", controller = \"CountriesAPI\"}". Executing controller action with signature "Microsoft.AspNetCore.Mvc.ActionResult`1[DVLD_SharedModels.clsCountryDTO] getCountryByID(Int32)" on controller "DVLD_API.Controllers.CountriesAPIController" ("DVLD_API"). (122b2fdf)
2025-07-01T11:41:34.2586626+01:00 0HNDOHEU9NE0J:00000022 [INF] Executing "OkObjectResult", writing value of type '"DVLD_SharedModels.clsCountryDTO"'. (605b4265)
2025-07-01T11:41:34.2587194+01:00 0HNDOHEU9NE0J:00000022 [INF] Executed action "DVLD_API.Controllers.CountriesAPIController.getCountryByID (DVLD_API)" in 0.3162ms (afa2e885)
2025-07-01T11:41:34.2587339+01:00 0HNDOHEU9NE0J:00000022 [INF] Executed endpoint '"DVLD_API.Controllers.CountriesAPIController.getCountryByID (DVLD_API)"' (99874f2b)
2025-07-01T11:41:34.2587653+01:00 0HNDOHEU9NE0J:00000022 [INF] Request finished "HTTP/1.1" "GET" "http"://"localhost:5045""""/api/CountriesAPI/GetCountryByID/119""" - 200 null "application/json; charset=utf-8" 0.5188ms (74253ad3)
2025-07-01T11:41:34.2589874+01:00 0HNDOHEU9NE0J:00000023 [INF] Request starting "HTTP/1.1" "GET" "http"://"localhost:5045""""/api/CountriesAPI/GetCountryByID/1""" - null null (d509f86a)
2025-07-01T11:41:34.2590611+01:00 0HNDOHEU9NE0J:00000023 [INF] Executing endpoint '"DVLD_API.Controllers.CountriesAPIController.getCountryByID (DVLD_API)"' (500cc934)
2025-07-01T11:41:34.2591022+01:00 0HNDOHEU9NE0J:00000023 [INF] Route matched with "{action = \"getCountryByID\", controller = \"CountriesAPI\"}". Executing controller action with signature "Microsoft.AspNetCore.Mvc.ActionResult`1[DVLD_SharedModels.clsCountryDTO] getCountryByID(Int32)" on controller "DVLD_API.Controllers.CountriesAPIController" ("DVLD_API"). (122b2fdf)
2025-07-01T11:41:34.2593546+01:00 0HNDOHEU9NE0J:00000023 [INF] Executing "OkObjectResult", writing value of type '"DVLD_SharedModels.clsCountryDTO"'. (605b4265)
2025-07-01T11:41:34.2594130+01:00 0HNDOHEU9NE0J:00000023 [INF] Executed action "DVLD_API.Controllers.CountriesAPIController.getCountryByID (DVLD_API)" in 0.2933ms (afa2e885)
2025-07-01T11:41:34.2594262+01:00 0HNDOHEU9NE0J:00000023 [INF] Executed endpoint '"DVLD_API.Controllers.CountriesAPIController.getCountryByID (DVLD_API)"' (99874f2b)
2025-07-01T11:41:34.2594564+01:00 0HNDOHEU9NE0J:00000023 [INF] Request finished "HTTP/1.1" "GET" "http"://"localhost:5045""""/api/CountriesAPI/GetCountryByID/1""" - 200 null "application/json; charset=utf-8" 0.48ms (74253ad3)
2025-07-01T11:41:34.2597071+01:00 0HNDOHEU9NE0J:00000024 [INF] Request starting "HTTP/1.1" "GET" "http"://"localhost:5045""""/api/CountriesAPI/GetCountryByID/5""" - null null (d509f86a)
2025-07-01T11:41:34.2597652+01:00 0HNDOHEU9NE0J:00000024 [INF] Executing endpoint '"DVLD_API.Controllers.CountriesAPIController.getCountryByID (DVLD_API)"' (500cc934)
2025-07-01T11:41:34.2598008+01:00 0HNDOHEU9NE0J:00000024 [INF] Route matched with "{action = \"getCountryByID\", controller = \"CountriesAPI\"}". Executing controller action with signature "Microsoft.AspNetCore.Mvc.ActionResult`1[DVLD_SharedModels.clsCountryDTO] getCountryByID(Int32)" on controller "DVLD_API.Controllers.CountriesAPIController" ("DVLD_API"). (122b2fdf)
2025-07-01T11:41:34.2600411+01:00 0HNDOHEU9NE0J:00000024 [INF] Executing "OkObjectResult", writing value of type '"DVLD_SharedModels.clsCountryDTO"'. (605b4265)
2025-07-01T11:41:34.2600954+01:00 0HNDOHEU9NE0J:00000024 [INF] Executed action "DVLD_API.Controllers.CountriesAPIController.getCountryByID (DVLD_API)" in 0.2791ms (afa2e885)
2025-07-01T11:41:34.2601076+01:00 0HNDOHEU9NE0J:00000024 [INF] Executed endpoint '"DVLD_API.Controllers.CountriesAPIController.getCountryByID (DVLD_API)"' (99874f2b)
2025-07-01T11:41:34.2601369+01:00 0HNDOHEU9NE0J:00000024 [INF] Request finished "HTTP/1.1" "GET" "http"://"localhost:5045""""/api/CountriesAPI/GetCountryByID/5""" - 200 null "application/json; charset=utf-8" 0.4436ms (74253ad3)
2025-07-01T11:41:34.2603670+01:00 0HNDOHEU9NE0J:00000025 [INF] Request starting "HTTP/1.1" "GET" "http"://"localhost:5045""""/api/CountriesAPI/GetCountryByID/1""" - null null (d509f86a)
2025-07-01T11:41:34.2604332+01:00 0HNDOHEU9NE0J:00000025 [INF] Executing endpoint '"DVLD_API.Controllers.CountriesAPIController.getCountryByID (DVLD_API)"' (500cc934)
2025-07-01T11:41:34.2604711+01:00 0HNDOHEU9NE0J:00000025 [INF] Route matched with "{action = \"getCountryByID\", controller = \"CountriesAPI\"}". Executing controller action with signature "Microsoft.AspNetCore.Mvc.ActionResult`1[DVLD_SharedModels.clsCountryDTO] getCountryByID(Int32)" on controller "DVLD_API.Controllers.CountriesAPIController" ("DVLD_API"). (122b2fdf)
2025-07-01T11:41:34.2607053+01:00 0HNDOHEU9NE0J:00000025 [INF] Executing "OkObjectResult", writing value of type '"DVLD_SharedModels.clsCountryDTO"'. (605b4265)
2025-07-01T11:41:34.2607597+01:00 0HNDOHEU9NE0J:00000025 [INF] Executed action "DVLD_API.Controllers.CountriesAPIController.getCountryByID (DVLD_API)" in 0.2725ms (afa2e885)
2025-07-01T11:41:34.2607725+01:00 0HNDOHEU9NE0J:00000025 [INF] Executed endpoint '"DVLD_API.Controllers.CountriesAPIController.getCountryByID (DVLD_API)"' (99874f2b)
2025-07-01T11:41:34.2608013+01:00 0HNDOHEU9NE0J:00000025 [INF] Request finished "HTTP/1.1" "GET" "http"://"localhost:5045""""/api/CountriesAPI/GetCountryByID/1""" - 200 null "application/json; charset=utf-8" 0.4439ms (74253ad3)
2025-07-01T11:41:34.2610268+01:00 0HNDOHEU9NE0J:00000026 [INF] Request starting "HTTP/1.1" "GET" "http"://"localhost:5045""""/api/CountriesAPI/GetCountryByID/1""" - null null (d509f86a)
2025-07-01T11:41:34.2610930+01:00 0HNDOHEU9NE0J:00000026 [INF] Executing endpoint '"DVLD_API.Controllers.CountriesAPIController.getCountryByID (DVLD_API)"' (500cc934)
2025-07-01T11:41:34.2611293+01:00 0HNDOHEU9NE0J:00000026 [INF] Route matched with "{action = \"getCountryByID\", controller = \"CountriesAPI\"}". Executing controller action with signature "Microsoft.AspNetCore.Mvc.ActionResult`1[DVLD_SharedModels.clsCountryDTO] getCountryByID(Int32)" on controller "DVLD_API.Controllers.CountriesAPIController" ("DVLD_API"). (122b2fdf)
2025-07-01T11:41:34.2613625+01:00 0HNDOHEU9NE0J:00000026 [INF] Executing "OkObjectResult", writing value of type '"DVLD_SharedModels.clsCountryDTO"'. (605b4265)
2025-07-01T11:41:34.2614191+01:00 0HNDOHEU9NE0J:00000026 [INF] Executed action "DVLD_API.Controllers.CountriesAPIController.getCountryByID (DVLD_API)" in 0.2722ms (afa2e885)
2025-07-01T11:41:34.2614317+01:00 0HNDOHEU9NE0J:00000026 [INF] Executed endpoint '"DVLD_API.Controllers.CountriesAPIController.getCountryByID (DVLD_API)"' (99874f2b)
2025-07-01T11:41:34.2614605+01:00 0HNDOHEU9NE0J:00000026 [INF] Request finished "HTTP/1.1" "GET" "http"://"localhost:5045""""/api/CountriesAPI/GetCountryByID/1""" - 200 null "application/json; charset=utf-8" 0.443ms (74253ad3)
2025-07-01T11:41:34.2616824+01:00 0HNDOHEU9NE0J:00000027 [INF] Request starting "HTTP/1.1" "GET" "http"://"localhost:5045""""/api/CountriesAPI/GetCountryByID/1""" - null null (d509f86a)
2025-07-01T11:41:34.2617489+01:00 0HNDOHEU9NE0J:00000027 [INF] Executing endpoint '"DVLD_API.Controllers.CountriesAPIController.getCountryByID (DVLD_API)"' (500cc934)
2025-07-01T11:41:34.2617856+01:00 0HNDOHEU9NE0J:00000027 [INF] Route matched with "{action = \"getCountryByID\", controller = \"CountriesAPI\"}". Executing controller action with signature "Microsoft.AspNetCore.Mvc.ActionResult`1[DVLD_SharedModels.clsCountryDTO] getCountryByID(Int32)" on controller "DVLD_API.Controllers.CountriesAPIController" ("DVLD_API"). (122b2fdf)
2025-07-01T11:41:34.2620228+01:00 0HNDOHEU9NE0J:00000027 [INF] Executing "OkObjectResult", writing value of type '"DVLD_SharedModels.clsCountryDTO"'. (605b4265)
2025-07-01T11:41:34.2620787+01:00 0HNDOHEU9NE0J:00000027 [INF] Executed action "DVLD_API.Controllers.CountriesAPIController.getCountryByID (DVLD_API)" in 0.2752ms (afa2e885)
2025-07-01T11:41:34.2620910+01:00 0HNDOHEU9NE0J:00000027 [INF] Executed endpoint '"DVLD_API.Controllers.CountriesAPIController.getCountryByID (DVLD_API)"' (99874f2b)
2025-07-01T11:41:34.2621203+01:00 0HNDOHEU9NE0J:00000027 [INF] Request finished "HTTP/1.1" "GET" "http"://"localhost:5045""""/api/CountriesAPI/GetCountryByID/1""" - 200 null "application/json; charset=utf-8" 0.4467ms (74253ad3)
2025-07-01T11:41:34.2623402+01:00 0HNDOHEU9NE0J:00000028 [INF] Request starting "HTTP/1.1" "GET" "http"://"localhost:5045""""/api/CountriesAPI/GetCountryByID/1""" - null null (d509f86a)
2025-07-01T11:41:34.2623974+01:00 0HNDOHEU9NE0J:00000028 [INF] Executing endpoint '"DVLD_API.Controllers.CountriesAPIController.getCountryByID (DVLD_API)"' (500cc934)
2025-07-01T11:41:34.2624254+01:00 0HNDOHEU9NE0J:00000028 [INF] Route matched with "{action = \"getCountryByID\", controller = \"CountriesAPI\"}". Executing controller action with signature "Microsoft.AspNetCore.Mvc.ActionResult`1[DVLD_SharedModels.clsCountryDTO] getCountryByID(Int32)" on controller "DVLD_API.Controllers.CountriesAPIController" ("DVLD_API"). (122b2fdf)
2025-07-01T11:41:34.2627267+01:00 0HNDOHEU9NE0J:00000028 [INF] Executing "OkObjectResult", writing value of type '"DVLD_SharedModels.clsCountryDTO"'. (605b4265)
2025-07-01T11:41:34.2628232+01:00 0HNDOHEU9NE0J:00000028 [INF] Executed action "DVLD_API.Controllers.CountriesAPIController.getCountryByID (DVLD_API)" in 0.3794ms (afa2e885)
2025-07-01T11:41:34.2628384+01:00 0HNDOHEU9NE0J:00000028 [INF] Executed endpoint '"DVLD_API.Controllers.CountriesAPIController.getCountryByID (DVLD_API)"' (99874f2b)
2025-07-01T11:41:34.2628769+01:00 0HNDOHEU9NE0J:00000028 [INF] Request finished "HTTP/1.1" "GET" "http"://"localhost:5045""""/api/CountriesAPI/GetCountryByID/1""" - 200 null "application/json; charset=utf-8" 0.5457ms (74253ad3)
2025-07-01T11:41:34.2631129+01:00 0HNDOHEU9NE0J:00000029 [INF] Request starting "HTTP/1.1" "GET" "http"://"localhost:5045""""/api/CountriesAPI/GetCountryByID/1""" - null null (d509f86a)
2025-07-01T11:41:34.2631988+01:00 0HNDOHEU9NE0J:00000029 [INF] Executing endpoint '"DVLD_API.Controllers.CountriesAPIController.getCountryByID (DVLD_API)"' (500cc934)
2025-07-01T11:41:34.2632414+01:00 0HNDOHEU9NE0J:00000029 [INF] Route matched with "{action = \"getCountryByID\", controller = \"CountriesAPI\"}". Executing controller action with signature "Microsoft.AspNetCore.Mvc.ActionResult`1[DVLD_SharedModels.clsCountryDTO] getCountryByID(Int32)" on controller "DVLD_API.Controllers.CountriesAPIController" ("DVLD_API"). (122b2fdf)
2025-07-01T11:41:34.2635412+01:00 0HNDOHEU9NE0J:00000029 [INF] Executing "OkObjectResult", writing value of type '"DVLD_SharedModels.clsCountryDTO"'. (605b4265)
2025-07-01T11:41:34.2636113+01:00 0HNDOHEU9NE0J:00000029 [INF] Executed action "DVLD_API.Controllers.CountriesAPIController.getCountryByID (DVLD_API)" in 0.3465ms (afa2e885)
2025-07-01T11:41:34.2636260+01:00 0HNDOHEU9NE0J:00000029 [INF] Executed endpoint '"DVLD_API.Controllers.CountriesAPIController.getCountryByID (DVLD_API)"' (99874f2b)
2025-07-01T11:41:34.2636600+01:00 0HNDOHEU9NE0J:00000029 [INF] Request finished "HTTP/1.1" "GET" "http"://"localhost:5045""""/api/CountriesAPI/GetCountryByID/1""" - 200 null "application/json; charset=utf-8" 0.5615ms (74253ad3)
2025-07-01T11:41:34.2638972+01:00 0HNDOHEU9NE0J:0000002A [INF] Request starting "HTTP/1.1" "GET" "http"://"localhost:5045""""/api/CountriesAPI/GetCountryByID/1""" - null null (d509f86a)
2025-07-01T11:41:34.2639739+01:00 0HNDOHEU9NE0J:0000002A [INF] Executing endpoint '"DVLD_API.Controllers.CountriesAPIController.getCountryByID (DVLD_API)"' (500cc934)
2025-07-01T11:41:34.2640173+01:00 0HNDOHEU9NE0J:0000002A [INF] Route matched with "{action = \"getCountryByID\", controller = \"CountriesAPI\"}". Executing controller action with signature "Microsoft.AspNetCore.Mvc.ActionResult`1[DVLD_SharedModels.clsCountryDTO] getCountryByID(Int32)" on controller "DVLD_API.Controllers.CountriesAPIController" ("DVLD_API"). (122b2fdf)
2025-07-01T11:41:34.2642516+01:00 0HNDOHEU9NE0J:0000002A [INF] Executing "OkObjectResult", writing value of type '"DVLD_SharedModels.clsCountryDTO"'. (605b4265)
2025-07-01T11:41:34.2643068+01:00 0HNDOHEU9NE0J:0000002A [INF] Executed action "DVLD_API.Controllers.CountriesAPIController.getCountryByID (DVLD_API)" in 0.2726ms (afa2e885)
2025-07-01T11:41:34.2643196+01:00 0HNDOHEU9NE0J:0000002A [INF] Executed endpoint '"DVLD_API.Controllers.CountriesAPIController.getCountryByID (DVLD_API)"' (99874f2b)
2025-07-01T11:41:34.2643495+01:00 0HNDOHEU9NE0J:0000002A [INF] Request finished "HTTP/1.1" "GET" "http"://"localhost:5045""""/api/CountriesAPI/GetCountryByID/1""" - 200 null "application/json; charset=utf-8" 0.4665ms (74253ad3)
2025-07-01T11:41:34.2645735+01:00 0HNDOHEU9NE0J:0000002B [INF] Request starting "HTTP/1.1" "GET" "http"://"localhost:5045""""/api/CountriesAPI/GetCountryByID/1""" - null null (d509f86a)
2025-07-01T11:41:34.2646386+01:00 0HNDOHEU9NE0J:0000002B [INF] Executing endpoint '"DVLD_API.Controllers.CountriesAPIController.getCountryByID (DVLD_API)"' (500cc934)
2025-07-01T11:41:34.2646763+01:00 0HNDOHEU9NE0J:0000002B [INF] Route matched with "{action = \"getCountryByID\", controller = \"CountriesAPI\"}". Executing controller action with signature "Microsoft.AspNetCore.Mvc.ActionResult`1[DVLD_SharedModels.clsCountryDTO] getCountryByID(Int32)" on controller "DVLD_API.Controllers.CountriesAPIController" ("DVLD_API"). (122b2fdf)
2025-07-01T11:41:34.2649104+01:00 0HNDOHEU9NE0J:0000002B [INF] Executing "OkObjectResult", writing value of type '"DVLD_SharedModels.clsCountryDTO"'. (605b4265)
2025-07-01T11:41:34.2649651+01:00 0HNDOHEU9NE0J:0000002B [INF] Executed action "DVLD_API.Controllers.CountriesAPIController.getCountryByID (DVLD_API)" in 0.2725ms (afa2e885)
2025-07-01T11:41:34.2649777+01:00 0HNDOHEU9NE0J:0000002B [INF] Executed endpoint '"DVLD_API.Controllers.CountriesAPIController.getCountryByID (DVLD_API)"' (99874f2b)
2025-07-01T11:41:34.2650074+01:00 0HNDOHEU9NE0J:0000002B [INF] Request finished "HTTP/1.1" "GET" "http"://"localhost:5045""""/api/CountriesAPI/GetCountryByID/1""" - 200 null "application/json; charset=utf-8" 0.4431ms (74253ad3)
2025-07-01T11:41:34.2652332+01:00 0HNDOHEU9NE0J:0000002C [INF] Request starting "HTTP/1.1" "GET" "http"://"localhost:5045""""/api/CountriesAPI/GetCountryByID/10""" - null null (d509f86a)
2025-07-01T11:41:34.2652912+01:00 0HNDOHEU9NE0J:0000002C [INF] Executing endpoint '"DVLD_API.Controllers.CountriesAPIController.getCountryByID (DVLD_API)"' (500cc934)
2025-07-01T11:41:34.2653200+01:00 0HNDOHEU9NE0J:0000002C [INF] Route matched with "{action = \"getCountryByID\", controller = \"CountriesAPI\"}". Executing controller action with signature "Microsoft.AspNetCore.Mvc.ActionResult`1[DVLD_SharedModels.clsCountryDTO] getCountryByID(Int32)" on controller "DVLD_API.Controllers.CountriesAPIController" ("DVLD_API"). (122b2fdf)
2025-07-01T11:41:34.2656319+01:00 0HNDOHEU9NE0J:0000002C [INF] Executing "OkObjectResult", writing value of type '"DVLD_SharedModels.clsCountryDTO"'. (605b4265)
2025-07-01T11:41:34.2657147+01:00 0HNDOHEU9NE0J:0000002C [INF] Executed action "DVLD_API.Controllers.CountriesAPIController.getCountryByID (DVLD_API)" in 0.3368ms (afa2e885)
2025-07-01T11:41:34.2657303+01:00 0HNDOHEU9NE0J:0000002C [INF] Executed endpoint '"DVLD_API.Controllers.CountriesAPIController.getCountryByID (DVLD_API)"' (99874f2b)
2025-07-01T11:41:34.2657664+01:00 0HNDOHEU9NE0J:0000002C [INF] Request finished "HTTP/1.1" "GET" "http"://"localhost:5045""""/api/CountriesAPI/GetCountryByID/10""" - 200 null "application/json; charset=utf-8" 0.539ms (74253ad3)
2025-07-01T11:41:34.2659924+01:00 0HNDOHEU9NE0J:0000002D [INF] Request starting "HTTP/1.1" "GET" "http"://"localhost:5045""""/api/CountriesAPI/GetCountryByID/1""" - null null (d509f86a)
2025-07-01T11:41:34.2660530+01:00 0HNDOHEU9NE0J:0000002D [INF] Executing endpoint '"DVLD_API.Controllers.CountriesAPIController.getCountryByID (DVLD_API)"' (500cc934)
2025-07-01T11:41:34.2660832+01:00 0HNDOHEU9NE0J:0000002D [INF] Route matched with "{action = \"getCountryByID\", controller = \"CountriesAPI\"}". Executing controller action with signature "Microsoft.AspNetCore.Mvc.ActionResult`1[DVLD_SharedModels.clsCountryDTO] getCountryByID(Int32)" on controller "DVLD_API.Controllers.CountriesAPIController" ("DVLD_API"). (122b2fdf)
2025-07-01T11:41:34.2663081+01:00 0HNDOHEU9NE0J:0000002D [INF] Executing "OkObjectResult", writing value of type '"DVLD_SharedModels.clsCountryDTO"'. (605b4265)
2025-07-01T11:41:34.2663644+01:00 0HNDOHEU9NE0J:0000002D [INF] Executed action "DVLD_API.Controllers.CountriesAPIController.getCountryByID (DVLD_API)" in 0.2651ms (afa2e885)
2025-07-01T11:41:34.2663764+01:00 0HNDOHEU9NE0J:0000002D [INF] Executed endpoint '"DVLD_API.Controllers.CountriesAPIController.getCountryByID (DVLD_API)"' (99874f2b)
2025-07-01T11:41:34.2664048+01:00 0HNDOHEU9NE0J:0000002D [INF] Request finished "HTTP/1.1" "GET" "http"://"localhost:5045""""/api/CountriesAPI/GetCountryByID/1""" - 200 null "application/json; charset=utf-8" 0.4235ms (74253ad3)
