2025-07-30T00:10:33.7349974+01:00  [INF] Now listening on: "http://localhost:5045" (d826f4b8)
2025-07-30T00:10:33.9013293+01:00  [INF] Application started. Press Ctrl+C to shut down. (dcaefe54)
2025-07-30T00:10:33.9033761+01:00  [INF] Hosting environment: "Development" (bc5a1a4e)
2025-07-30T00:10:33.9049897+01:00  [INF] Content root path: "S:\14    PFE_DVLD\TheProjectDVLDVersion2.0.0\BackEnd-ServerSide\DVLD_API" (cc26f24e)
2025-07-30T00:10:45.9615087+01:00 0HNEEUKFF368G:00000001 [INF] Request starting "HTTP/1.1" "GET" "http"://"localhost:5045""""/swagger""" - null null (d509f86a)
2025-07-30T00:10:46.1435270+01:00 0HNEEUKFF368G:00000001 [INF] Request finished "HTTP/1.1" "GET" "http"://"localhost:5045""""/swagger""" - 301 0 null 188.4255ms (74253ad3)
2025-07-30T00:10:46.1604649+01:00 0HNEEUKFF368G:00000002 [INF] Request starting "HTTP/1.1" "GET" "http"://"localhost:5045""""/swagger/index.html""" - null null (d509f86a)
2025-07-30T00:10:46.2191994+01:00 0HNEEUKFF368G:00000002 [INF] Request finished "HTTP/1.1" "GET" "http"://"localhost:5045""""/swagger/index.html""" - 200 null "text/html;charset=utf-8" 58.8245ms (74253ad3)
2025-07-30T00:10:46.2880127+01:00 0HNEEUKFF368G:00000003 [INF] Request starting "HTTP/1.1" "GET" "http"://"localhost:5045""""/_framework/aspnetcore-browser-refresh.js""" - null null (d509f86a)
2025-07-30T00:10:46.2899371+01:00 0HNEEUKFF368G:00000003 [INF] Request finished "HTTP/1.1" "GET" "http"://"localhost:5045""""/_framework/aspnetcore-browser-refresh.js""" - 200 16501 "application/javascript; charset=utf-8" 1.995ms (74253ad3)
2025-07-30T00:10:46.2948664+01:00 0HNEEUKFF368G:00000004 [INF] Request starting "HTTP/1.1" "GET" "http"://"localhost:5045""""/_vs/browserLink""" - null null (d509f86a)
2025-07-30T00:10:46.3467038+01:00 0HNEEUKFF368G:00000004 [INF] Request finished "HTTP/1.1" "GET" "http"://"localhost:5045""""/_vs/browserLink""" - 200 null "text/javascript; charset=UTF-8" 51.9095ms (74253ad3)
2025-07-30T00:10:46.4723851+01:00 0HNEEUKFF368G:00000005 [INF] Request starting "HTTP/1.1" "GET" "http"://"localhost:5045""""/swagger/v1/swagger.json""" - null null (d509f86a)
2025-07-30T00:10:46.6033187+01:00 0HNEEUKFF368G:00000005 [INF] Request finished "HTTP/1.1" "GET" "http"://"localhost:5045""""/swagger/v1/swagger.json""" - 200 null "application/json;charset=utf-8" 131.0167ms (74253ad3)
2025-07-30T00:10:57.0706910+01:00 0HNEEUKFF368H:00000001 [INF] Request starting "HTTP/1.1" "GET" "http"://"localhost:5045""""/api/UsersAPi/GetUserInfoByUsernameAndPassword/amine aharkte/123""" - null null (d509f86a)
2025-07-30T00:10:57.0832596+01:00 0HNEEUKFF368H:00000001 [WRN] Failed to determine the https port for redirect. (ca76cc21)
2025-07-30T00:10:57.0861718+01:00 0HNEEUKFF368H:00000001 [INF] Executing endpoint '"DVLD_API.Controllers.UsersAPIController.GetUserInfoByUsernameAndPassword (DVLD_API)"' (500cc934)
2025-07-30T00:10:57.1009278+01:00 0HNEEUKFF368H:00000001 [INF] Route matched with "{action = \"GetUserInfoByUsernameAndPassword\", controller = \"UsersAPI\"}". Executing controller action with signature "Microsoft.AspNetCore.Mvc.ActionResult`1[DVLD_SharedModels.clsUserDTO] GetUserInfoByUsernameAndPassword(System.String, System.String)" on controller "DVLD_API.Controllers.UsersAPIController" ("DVLD_API"). (122b2fdf)
2025-07-30T00:10:58.0085564+01:00 0HNEEUKFF368H:00000001 [INF] Executing "OkObjectResult", writing value of type '"DVLD_SharedModels.clsUserDTO"'. (605b4265)
2025-07-30T00:10:58.0150664+01:00 0HNEEUKFF368H:00000001 [INF] Executed action "DVLD_API.Controllers.UsersAPIController.GetUserInfoByUsernameAndPassword (DVLD_API)" in 911.5875ms (afa2e885)
2025-07-30T00:10:58.0151388+01:00 0HNEEUKFF368H:00000001 [INF] Executed endpoint '"DVLD_API.Controllers.UsersAPIController.GetUserInfoByUsernameAndPassword (DVLD_API)"' (99874f2b)
2025-07-30T00:10:58.0152246+01:00 0HNEEUKFF368H:00000001 [INF] Request finished "HTTP/1.1" "GET" "http"://"localhost:5045""""/api/UsersAPi/GetUserInfoByUsernameAndPassword/amine aharkte/123""" - 200 null "application/json; charset=utf-8" 944.9347ms (74253ad3)
2025-07-30T00:12:17.6798682+01:00 0HNEEUKFF368I:00000001 [INF] Request starting "HTTP/1.1" "GET" "http"://"localhost:5045""""/api/UsersAPi/GetUserInfoByUsernameAndPassword/amine aharkte/123""" - null null (d509f86a)
2025-07-30T00:12:17.6829813+01:00 0HNEEUKFF368I:00000001 [INF] Executing endpoint '"DVLD_API.Controllers.UsersAPIController.GetUserInfoByUsernameAndPassword (DVLD_API)"' (500cc934)
2025-07-30T00:12:17.6831670+01:00 0HNEEUKFF368I:00000001 [INF] Route matched with "{action = \"GetUserInfoByUsernameAndPassword\", controller = \"UsersAPI\"}". Executing controller action with signature "Microsoft.AspNetCore.Mvc.ActionResult`1[DVLD_SharedModels.clsUserDTO] GetUserInfoByUsernameAndPassword(System.String, System.String)" on controller "DVLD_API.Controllers.UsersAPIController" ("DVLD_API"). (122b2fdf)
2025-07-30T00:12:17.6871915+01:00 0HNEEUKFF368I:00000001 [INF] Executing "OkObjectResult", writing value of type '"DVLD_SharedModels.clsUserDTO"'. (605b4265)
2025-07-30T00:12:17.6873829+01:00 0HNEEUKFF368I:00000001 [INF] Executed action "DVLD_API.Controllers.UsersAPIController.GetUserInfoByUsernameAndPassword (DVLD_API)" in 4.1644ms (afa2e885)
2025-07-30T00:12:17.6874098+01:00 0HNEEUKFF368I:00000001 [INF] Executed endpoint '"DVLD_API.Controllers.UsersAPIController.GetUserInfoByUsernameAndPassword (DVLD_API)"' (99874f2b)
2025-07-30T00:12:17.6874621+01:00 0HNEEUKFF368I:00000001 [INF] Request finished "HTTP/1.1" "GET" "http"://"localhost:5045""""/api/UsersAPi/GetUserInfoByUsernameAndPassword/amine aharkte/123""" - 200 null "application/json; charset=utf-8" 7.6585ms (74253ad3)
2025-07-30T00:12:23.2509055+01:00 0HNEEUKFF368J:00000001 [INF] Request starting "HTTP/1.1" "GET" "http"://"localhost:5045""""/api/PersonAPI/AllPeople""" - null null (d509f86a)
2025-07-30T00:12:23.2513776+01:00 0HNEEUKFF368J:00000001 [INF] Executing endpoint '"DVLD_API.Controllers.PersonAPIController.GetAllPeople (DVLD_API)"' (500cc934)
2025-07-30T00:12:23.2536433+01:00 0HNEEUKFF368J:00000001 [INF] Route matched with "{action = \"GetAllPeople\", controller = \"PersonAPI\"}". Executing controller action with signature "Microsoft.AspNetCore.Mvc.ActionResult`1[DVLD_SharedModels.clsPersonDTO] GetAllPeople()" on controller "DVLD_API.Controllers.PersonAPIController" ("DVLD_API"). (122b2fdf)
2025-07-30T00:12:23.2656887+01:00 0HNEEUKFF368J:00000001 [INF] Executing "OkObjectResult", writing value of type '"System.Collections.Generic.List`1[[DVLD_SharedModels.clsPersonDTO, DVLD_SharedModels, Version=1.0.0.0, Culture=neutral, PublicKeyToken=null]]"'. (605b4265)
2025-07-30T00:12:23.2751384+01:00 0HNEEUKFF368J:00000001 [INF] Executed action "DVLD_API.Controllers.PersonAPIController.GetAllPeople (DVLD_API)" in 21.4555ms (afa2e885)
2025-07-30T00:12:23.2751891+01:00 0HNEEUKFF368J:00000001 [INF] Executed endpoint '"DVLD_API.Controllers.PersonAPIController.GetAllPeople (DVLD_API)"' (99874f2b)
2025-07-30T00:12:23.2752564+01:00 0HNEEUKFF368J:00000001 [INF] Request finished "HTTP/1.1" "GET" "http"://"localhost:5045""""/api/PersonAPI/AllPeople""" - 200 null "application/json; charset=utf-8" 24.3967ms (74253ad3)
2025-07-30T00:12:23.3237356+01:00 0HNEEUKFF368J:00000002 [INF] Request starting "HTTP/1.1" "GET" "http"://"localhost:5045""""/api/CountriesAPI/GetCountryByID/119""" - null null (d509f86a)
2025-07-30T00:12:23.3241415+01:00 0HNEEUKFF368J:00000002 [INF] Executing endpoint '"DVLD_API.Controllers.CountriesAPIController.getCountryByID (DVLD_API)"' (500cc934)
2025-07-30T00:12:23.3251274+01:00 0HNEEUKFF368J:00000002 [INF] Route matched with "{action = \"getCountryByID\", controller = \"CountriesAPI\"}". Executing controller action with signature "Microsoft.AspNetCore.Mvc.ActionResult`1[DVLD_SharedModels.clsCountryDTO] getCountryByID(Int32)" on controller "DVLD_API.Controllers.CountriesAPIController" ("DVLD_API"). (122b2fdf)
2025-07-30T00:12:23.3277778+01:00 0HNEEUKFF368J:00000002 [INF] Executing "OkObjectResult", writing value of type '"DVLD_SharedModels.clsCountryDTO"'. (605b4265)
2025-07-30T00:12:23.3292208+01:00 0HNEEUKFF368J:00000002 [INF] Executed action "DVLD_API.Controllers.CountriesAPIController.getCountryByID (DVLD_API)" in 4.0534ms (afa2e885)
2025-07-30T00:12:23.3292458+01:00 0HNEEUKFF368J:00000002 [INF] Executed endpoint '"DVLD_API.Controllers.CountriesAPIController.getCountryByID (DVLD_API)"' (99874f2b)
2025-07-30T00:12:23.3292947+01:00 0HNEEUKFF368J:00000002 [INF] Request finished "HTTP/1.1" "GET" "http"://"localhost:5045""""/api/CountriesAPI/GetCountryByID/119""" - 200 null "application/json; charset=utf-8" 5.6189ms (74253ad3)
2025-07-30T00:12:23.3377185+01:00 0HNEEUKFF368J:00000003 [INF] Request starting "HTTP/1.1" "GET" "http"://"localhost:5045""""/api/CountriesAPI/GetCountryByID/119""" - null null (d509f86a)
2025-07-30T00:12:23.3386253+01:00 0HNEEUKFF368J:00000003 [INF] Executing endpoint '"DVLD_API.Controllers.CountriesAPIController.getCountryByID (DVLD_API)"' (500cc934)
2025-07-30T00:12:23.3387101+01:00 0HNEEUKFF368J:00000003 [INF] Route matched with "{action = \"getCountryByID\", controller = \"CountriesAPI\"}". Executing controller action with signature "Microsoft.AspNetCore.Mvc.ActionResult`1[DVLD_SharedModels.clsCountryDTO] getCountryByID(Int32)" on controller "DVLD_API.Controllers.CountriesAPIController" ("DVLD_API"). (122b2fdf)
2025-07-30T00:12:23.3392674+01:00 0HNEEUKFF368J:00000003 [INF] Executing "OkObjectResult", writing value of type '"DVLD_SharedModels.clsCountryDTO"'. (605b4265)
2025-07-30T00:12:23.3393792+01:00 0HNEEUKFF368J:00000003 [INF] Executed action "DVLD_API.Controllers.CountriesAPIController.getCountryByID (DVLD_API)" in 0.6434ms (afa2e885)
2025-07-30T00:12:23.3393954+01:00 0HNEEUKFF368J:00000003 [INF] Executed endpoint '"DVLD_API.Controllers.CountriesAPIController.getCountryByID (DVLD_API)"' (99874f2b)
2025-07-30T00:12:23.3394314+01:00 0HNEEUKFF368J:00000003 [INF] Request finished "HTTP/1.1" "GET" "http"://"localhost:5045""""/api/CountriesAPI/GetCountryByID/119""" - 200 null "application/json; charset=utf-8" 1.7738ms (74253ad3)
2025-07-30T00:12:23.3404289+01:00 0HNEEUKFF368J:00000004 [INF] Request starting "HTTP/1.1" "GET" "http"://"localhost:5045""""/api/CountriesAPI/GetCountryByID/119""" - null null (d509f86a)
2025-07-30T00:12:23.3405070+01:00 0HNEEUKFF368J:00000004 [INF] Executing endpoint '"DVLD_API.Controllers.CountriesAPIController.getCountryByID (DVLD_API)"' (500cc934)
2025-07-30T00:12:23.3405490+01:00 0HNEEUKFF368J:00000004 [INF] Route matched with "{action = \"getCountryByID\", controller = \"CountriesAPI\"}". Executing controller action with signature "Microsoft.AspNetCore.Mvc.ActionResult`1[DVLD_SharedModels.clsCountryDTO] getCountryByID(Int32)" on controller "DVLD_API.Controllers.CountriesAPIController" ("DVLD_API"). (122b2fdf)
2025-07-30T00:12:23.3409896+01:00 0HNEEUKFF368J:00000004 [INF] Executing "OkObjectResult", writing value of type '"DVLD_SharedModels.clsCountryDTO"'. (605b4265)
2025-07-30T00:12:23.3411722+01:00 0HNEEUKFF368J:00000004 [INF] Executed action "DVLD_API.Controllers.CountriesAPIController.getCountryByID (DVLD_API)" in 0.6003ms (afa2e885)
2025-07-30T00:12:23.3411982+01:00 0HNEEUKFF368J:00000004 [INF] Executed endpoint '"DVLD_API.Controllers.CountriesAPIController.getCountryByID (DVLD_API)"' (99874f2b)
2025-07-30T00:12:23.3412755+01:00 0HNEEUKFF368J:00000004 [INF] Request finished "HTTP/1.1" "GET" "http"://"localhost:5045""""/api/CountriesAPI/GetCountryByID/119""" - 200 null "application/json; charset=utf-8" 0.8469ms (74253ad3)
2025-07-30T00:12:23.3578144+01:00 0HNEEUKFF368J:00000005 [INF] Request starting "HTTP/1.1" "GET" "http"://"localhost:5045""""/api/CountriesAPI/GetCountryByID/119""" - null null (d509f86a)
2025-07-30T00:12:23.3580104+01:00 0HNEEUKFF368J:00000005 [INF] Executing endpoint '"DVLD_API.Controllers.CountriesAPIController.getCountryByID (DVLD_API)"' (500cc934)
2025-07-30T00:12:23.3580832+01:00 0HNEEUKFF368J:00000005 [INF] Route matched with "{action = \"getCountryByID\", controller = \"CountriesAPI\"}". Executing controller action with signature "Microsoft.AspNetCore.Mvc.ActionResult`1[DVLD_SharedModels.clsCountryDTO] getCountryByID(Int32)" on controller "DVLD_API.Controllers.CountriesAPIController" ("DVLD_API"). (122b2fdf)
2025-07-30T00:12:23.3586268+01:00 0HNEEUKFF368J:00000005 [INF] Executing "OkObjectResult", writing value of type '"DVLD_SharedModels.clsCountryDTO"'. (605b4265)
2025-07-30T00:12:23.3587285+01:00 0HNEEUKFF368J:00000005 [INF] Executed action "DVLD_API.Controllers.CountriesAPIController.getCountryByID (DVLD_API)" in 0.6219ms (afa2e885)
2025-07-30T00:12:23.3587426+01:00 0HNEEUKFF368J:00000005 [INF] Executed endpoint '"DVLD_API.Controllers.CountriesAPIController.getCountryByID (DVLD_API)"' (99874f2b)
2025-07-30T00:12:23.3587742+01:00 0HNEEUKFF368J:00000005 [INF] Request finished "HTTP/1.1" "GET" "http"://"localhost:5045""""/api/CountriesAPI/GetCountryByID/119""" - 200 null "application/json; charset=utf-8" 1.0366ms (74253ad3)
2025-07-30T00:12:23.3592126+01:00 0HNEEUKFF368J:00000006 [INF] Request starting "HTTP/1.1" "GET" "http"://"localhost:5045""""/api/CountriesAPI/GetCountryByID/119""" - null null (d509f86a)
2025-07-30T00:12:23.3592785+01:00 0HNEEUKFF368J:00000006 [INF] Executing endpoint '"DVLD_API.Controllers.CountriesAPIController.getCountryByID (DVLD_API)"' (500cc934)
2025-07-30T00:12:23.3593022+01:00 0HNEEUKFF368J:00000006 [INF] Route matched with "{action = \"getCountryByID\", controller = \"CountriesAPI\"}". Executing controller action with signature "Microsoft.AspNetCore.Mvc.ActionResult`1[DVLD_SharedModels.clsCountryDTO] getCountryByID(Int32)" on controller "DVLD_API.Controllers.CountriesAPIController" ("DVLD_API"). (122b2fdf)
2025-07-30T00:12:23.3595455+01:00 0HNEEUKFF368J:00000006 [INF] Executing "OkObjectResult", writing value of type '"DVLD_SharedModels.clsCountryDTO"'. (605b4265)
2025-07-30T00:12:23.3596053+01:00 0HNEEUKFF368J:00000006 [INF] Executed action "DVLD_API.Controllers.CountriesAPIController.getCountryByID (DVLD_API)" in 0.2906ms (afa2e885)
2025-07-30T00:12:23.3596184+01:00 0HNEEUKFF368J:00000006 [INF] Executed endpoint '"DVLD_API.Controllers.CountriesAPIController.getCountryByID (DVLD_API)"' (99874f2b)
2025-07-30T00:12:23.3596485+01:00 0HNEEUKFF368J:00000006 [INF] Request finished "HTTP/1.1" "GET" "http"://"localhost:5045""""/api/CountriesAPI/GetCountryByID/119""" - 200 null "application/json; charset=utf-8" 0.446ms (74253ad3)
2025-07-30T00:12:23.3601696+01:00 0HNEEUKFF368J:00000007 [INF] Request starting "HTTP/1.1" "GET" "http"://"localhost:5045""""/api/CountriesAPI/GetCountryByID/119""" - null null (d509f86a)
2025-07-30T00:12:23.3602281+01:00 0HNEEUKFF368J:00000007 [INF] Executing endpoint '"DVLD_API.Controllers.CountriesAPIController.getCountryByID (DVLD_API)"' (500cc934)
2025-07-30T00:12:23.3602579+01:00 0HNEEUKFF368J:00000007 [INF] Route matched with "{action = \"getCountryByID\", controller = \"CountriesAPI\"}". Executing controller action with signature "Microsoft.AspNetCore.Mvc.ActionResult`1[DVLD_SharedModels.clsCountryDTO] getCountryByID(Int32)" on controller "DVLD_API.Controllers.CountriesAPIController" ("DVLD_API"). (122b2fdf)
2025-07-30T00:12:23.3606046+01:00 0HNEEUKFF368J:00000007 [INF] Executing "OkObjectResult", writing value of type '"DVLD_SharedModels.clsCountryDTO"'. (605b4265)
2025-07-30T00:12:23.3606618+01:00 0HNEEUKFF368J:00000007 [INF] Executed action "DVLD_API.Controllers.CountriesAPIController.getCountryByID (DVLD_API)" in 0.3866ms (afa2e885)
2025-07-30T00:12:23.3606735+01:00 0HNEEUKFF368J:00000007 [INF] Executed endpoint '"DVLD_API.Controllers.CountriesAPIController.getCountryByID (DVLD_API)"' (99874f2b)
2025-07-30T00:12:23.3607023+01:00 0HNEEUKFF368J:00000007 [INF] Request finished "HTTP/1.1" "GET" "http"://"localhost:5045""""/api/CountriesAPI/GetCountryByID/119""" - 200 null "application/json; charset=utf-8" 0.5438ms (74253ad3)
2025-07-30T00:12:23.3610149+01:00 0HNEEUKFF368J:00000008 [INF] Request starting "HTTP/1.1" "GET" "http"://"localhost:5045""""/api/CountriesAPI/GetCountryByID/119""" - null null (d509f86a)
2025-07-30T00:12:23.3610875+01:00 0HNEEUKFF368J:00000008 [INF] Executing endpoint '"DVLD_API.Controllers.CountriesAPIController.getCountryByID (DVLD_API)"' (500cc934)
2025-07-30T00:12:23.3611266+01:00 0HNEEUKFF368J:00000008 [INF] Route matched with "{action = \"getCountryByID\", controller = \"CountriesAPI\"}". Executing controller action with signature "Microsoft.AspNetCore.Mvc.ActionResult`1[DVLD_SharedModels.clsCountryDTO] getCountryByID(Int32)" on controller "DVLD_API.Controllers.CountriesAPIController" ("DVLD_API"). (122b2fdf)
2025-07-30T00:12:23.3613953+01:00 0HNEEUKFF368J:00000008 [INF] Executing "OkObjectResult", writing value of type '"DVLD_SharedModels.clsCountryDTO"'. (605b4265)
2025-07-30T00:12:23.3614583+01:00 0HNEEUKFF368J:00000008 [INF] Executed action "DVLD_API.Controllers.CountriesAPIController.getCountryByID (DVLD_API)" in 0.3176ms (afa2e885)
2025-07-30T00:12:23.3614701+01:00 0HNEEUKFF368J:00000008 [INF] Executed endpoint '"DVLD_API.Controllers.CountriesAPIController.getCountryByID (DVLD_API)"' (99874f2b)
2025-07-30T00:12:23.3615151+01:00 0HNEEUKFF368J:00000008 [INF] Request finished "HTTP/1.1" "GET" "http"://"localhost:5045""""/api/CountriesAPI/GetCountryByID/119""" - 200 null "application/json; charset=utf-8" 0.4995ms (74253ad3)
2025-07-30T00:12:23.3617635+01:00 0HNEEUKFF368J:00000009 [INF] Request starting "HTTP/1.1" "GET" "http"://"localhost:5045""""/api/CountriesAPI/GetCountryByID/119""" - null null (d509f86a)
2025-07-30T00:12:23.3618343+01:00 0HNEEUKFF368J:00000009 [INF] Executing endpoint '"DVLD_API.Controllers.CountriesAPIController.getCountryByID (DVLD_API)"' (500cc934)
2025-07-30T00:12:23.3618815+01:00 0HNEEUKFF368J:00000009 [INF] Route matched with "{action = \"getCountryByID\", controller = \"CountriesAPI\"}". Executing controller action with signature "Microsoft.AspNetCore.Mvc.ActionResult`1[DVLD_SharedModels.clsCountryDTO] getCountryByID(Int32)" on controller "DVLD_API.Controllers.CountriesAPIController" ("DVLD_API"). (122b2fdf)
2025-07-30T00:12:23.3621323+01:00 0HNEEUKFF368J:00000009 [INF] Executing "OkObjectResult", writing value of type '"DVLD_SharedModels.clsCountryDTO"'. (605b4265)
2025-07-30T00:12:23.3621898+01:00 0HNEEUKFF368J:00000009 [INF] Executed action "DVLD_API.Controllers.CountriesAPIController.getCountryByID (DVLD_API)" in 0.2923ms (afa2e885)
2025-07-30T00:12:23.3622037+01:00 0HNEEUKFF368J:00000009 [INF] Executed endpoint '"DVLD_API.Controllers.CountriesAPIController.getCountryByID (DVLD_API)"' (99874f2b)
2025-07-30T00:12:23.3622314+01:00 0HNEEUKFF368J:00000009 [INF] Request finished "HTTP/1.1" "GET" "http"://"localhost:5045""""/api/CountriesAPI/GetCountryByID/119""" - 200 null "application/json; charset=utf-8" 0.4958ms (74253ad3)
2025-07-30T00:12:23.3624804+01:00 0HNEEUKFF368J:0000000A [INF] Request starting "HTTP/1.1" "GET" "http"://"localhost:5045""""/api/CountriesAPI/GetCountryByID/119""" - null null (d509f86a)
2025-07-30T00:12:23.3625577+01:00 0HNEEUKFF368J:0000000A [INF] Executing endpoint '"DVLD_API.Controllers.CountriesAPIController.getCountryByID (DVLD_API)"' (500cc934)
2025-07-30T00:12:23.3625907+01:00 0HNEEUKFF368J:0000000A [INF] Route matched with "{action = \"getCountryByID\", controller = \"CountriesAPI\"}". Executing controller action with signature "Microsoft.AspNetCore.Mvc.ActionResult`1[DVLD_SharedModels.clsCountryDTO] getCountryByID(Int32)" on controller "DVLD_API.Controllers.CountriesAPIController" ("DVLD_API"). (122b2fdf)
2025-07-30T00:12:23.3628196+01:00 0HNEEUKFF368J:0000000A [INF] Executing "OkObjectResult", writing value of type '"DVLD_SharedModels.clsCountryDTO"'. (605b4265)
2025-07-30T00:12:23.3628813+01:00 0HNEEUKFF368J:0000000A [INF] Executed action "DVLD_API.Controllers.CountriesAPIController.getCountryByID (DVLD_API)" in 0.2744ms (afa2e885)
2025-07-30T00:12:23.3628936+01:00 0HNEEUKFF368J:0000000A [INF] Executed endpoint '"DVLD_API.Controllers.CountriesAPIController.getCountryByID (DVLD_API)"' (99874f2b)
2025-07-30T00:12:23.3629224+01:00 0HNEEUKFF368J:0000000A [INF] Request finished "HTTP/1.1" "GET" "http"://"localhost:5045""""/api/CountriesAPI/GetCountryByID/119""" - 200 null "application/json; charset=utf-8" 0.4529ms (74253ad3)
2025-07-30T00:12:23.3631604+01:00 0HNEEUKFF368J:0000000B [INF] Request starting "HTTP/1.1" "GET" "http"://"localhost:5045""""/api/CountriesAPI/GetCountryByID/119""" - null null (d509f86a)
2025-07-30T00:12:23.3632180+01:00 0HNEEUKFF368J:0000000B [INF] Executing endpoint '"DVLD_API.Controllers.CountriesAPIController.getCountryByID (DVLD_API)"' (500cc934)
2025-07-30T00:12:23.3632525+01:00 0HNEEUKFF368J:0000000B [INF] Route matched with "{action = \"getCountryByID\", controller = \"CountriesAPI\"}". Executing controller action with signature "Microsoft.AspNetCore.Mvc.ActionResult`1[DVLD_SharedModels.clsCountryDTO] getCountryByID(Int32)" on controller "DVLD_API.Controllers.CountriesAPIController" ("DVLD_API"). (122b2fdf)
2025-07-30T00:12:23.3635092+01:00 0HNEEUKFF368J:0000000B [INF] Executing "OkObjectResult", writing value of type '"DVLD_SharedModels.clsCountryDTO"'. (605b4265)
2025-07-30T00:12:23.3635716+01:00 0HNEEUKFF368J:0000000B [INF] Executed action "DVLD_API.Controllers.CountriesAPIController.getCountryByID (DVLD_API)" in 0.2991ms (afa2e885)
2025-07-30T00:12:23.3635855+01:00 0HNEEUKFF368J:0000000B [INF] Executed endpoint '"DVLD_API.Controllers.CountriesAPIController.getCountryByID (DVLD_API)"' (99874f2b)
2025-07-30T00:12:23.3636139+01:00 0HNEEUKFF368J:0000000B [INF] Request finished "HTTP/1.1" "GET" "http"://"localhost:5045""""/api/CountriesAPI/GetCountryByID/119""" - 200 null "application/json; charset=utf-8" 0.4628ms (74253ad3)
2025-07-30T00:12:23.3638617+01:00 0HNEEUKFF368J:0000000C [INF] Request starting "HTTP/1.1" "GET" "http"://"localhost:5045""""/api/CountriesAPI/GetCountryByID/119""" - null null (d509f86a)
2025-07-30T00:12:23.3639241+01:00 0HNEEUKFF368J:0000000C [INF] Executing endpoint '"DVLD_API.Controllers.CountriesAPIController.getCountryByID (DVLD_API)"' (500cc934)
2025-07-30T00:12:23.3639534+01:00 0HNEEUKFF368J:0000000C [INF] Route matched with "{action = \"getCountryByID\", controller = \"CountriesAPI\"}". Executing controller action with signature "Microsoft.AspNetCore.Mvc.ActionResult`1[DVLD_SharedModels.clsCountryDTO] getCountryByID(Int32)" on controller "DVLD_API.Controllers.CountriesAPIController" ("DVLD_API"). (122b2fdf)
2025-07-30T00:12:23.3641888+01:00 0HNEEUKFF368J:0000000C [INF] Executing "OkObjectResult", writing value of type '"DVLD_SharedModels.clsCountryDTO"'. (605b4265)
2025-07-30T00:12:23.3642433+01:00 0HNEEUKFF368J:0000000C [INF] Executed action "DVLD_API.Controllers.CountriesAPIController.getCountryByID (DVLD_API)" in 0.275ms (afa2e885)
2025-07-30T00:12:23.3642553+01:00 0HNEEUKFF368J:0000000C [INF] Executed endpoint '"DVLD_API.Controllers.CountriesAPIController.getCountryByID (DVLD_API)"' (99874f2b)
2025-07-30T00:12:23.3642861+01:00 0HNEEUKFF368J:0000000C [INF] Request finished "HTTP/1.1" "GET" "http"://"localhost:5045""""/api/CountriesAPI/GetCountryByID/119""" - 200 null "application/json; charset=utf-8" 0.4346ms (74253ad3)
2025-07-30T00:12:23.3646518+01:00 0HNEEUKFF368J:0000000D [INF] Request starting "HTTP/1.1" "GET" "http"://"localhost:5045""""/api/CountriesAPI/GetCountryByID/119""" - null null (d509f86a)
2025-07-30T00:12:23.3647425+01:00 0HNEEUKFF368J:0000000D [INF] Executing endpoint '"DVLD_API.Controllers.CountriesAPIController.getCountryByID (DVLD_API)"' (500cc934)
2025-07-30T00:12:23.3647706+01:00 0HNEEUKFF368J:0000000D [INF] Route matched with "{action = \"getCountryByID\", controller = \"CountriesAPI\"}". Executing controller action with signature "Microsoft.AspNetCore.Mvc.ActionResult`1[DVLD_SharedModels.clsCountryDTO] getCountryByID(Int32)" on controller "DVLD_API.Controllers.CountriesAPIController" ("DVLD_API"). (122b2fdf)
2025-07-30T00:12:23.3651673+01:00 0HNEEUKFF368J:0000000D [INF] Executing "OkObjectResult", writing value of type '"DVLD_SharedModels.clsCountryDTO"'. (605b4265)
2025-07-30T00:12:23.3653144+01:00 0HNEEUKFF368J:0000000D [INF] Executed action "DVLD_API.Controllers.CountriesAPIController.getCountryByID (DVLD_API)" in 0.5233ms (afa2e885)
2025-07-30T00:12:23.3653489+01:00 0HNEEUKFF368J:0000000D [INF] Executed endpoint '"DVLD_API.Controllers.CountriesAPIController.getCountryByID (DVLD_API)"' (99874f2b)
2025-07-30T00:12:23.3654149+01:00 0HNEEUKFF368J:0000000D [INF] Request finished "HTTP/1.1" "GET" "http"://"localhost:5045""""/api/CountriesAPI/GetCountryByID/119""" - 200 null "application/json; charset=utf-8" 0.7635ms (74253ad3)
2025-07-30T00:12:23.3660507+01:00 0HNEEUKFF368J:0000000E [INF] Request starting "HTTP/1.1" "GET" "http"://"localhost:5045""""/api/CountriesAPI/GetCountryByID/119""" - null null (d509f86a)
2025-07-30T00:12:23.3662354+01:00 0HNEEUKFF368J:0000000E [INF] Executing endpoint '"DVLD_API.Controllers.CountriesAPIController.getCountryByID (DVLD_API)"' (500cc934)
2025-07-30T00:12:23.3662967+01:00 0HNEEUKFF368J:0000000E [INF] Route matched with "{action = \"getCountryByID\", controller = \"CountriesAPI\"}". Executing controller action with signature "Microsoft.AspNetCore.Mvc.ActionResult`1[DVLD_SharedModels.clsCountryDTO] getCountryByID(Int32)" on controller "DVLD_API.Controllers.CountriesAPIController" ("DVLD_API"). (122b2fdf)
2025-07-30T00:12:23.3668146+01:00 0HNEEUKFF368J:0000000E [INF] Executing "OkObjectResult", writing value of type '"DVLD_SharedModels.clsCountryDTO"'. (605b4265)
2025-07-30T00:12:23.3669107+01:00 0HNEEUKFF368J:0000000E [INF] Executed action "DVLD_API.Controllers.CountriesAPIController.getCountryByID (DVLD_API)" in 0.5951ms (afa2e885)
2025-07-30T00:12:23.3669286+01:00 0HNEEUKFF368J:0000000E [INF] Executed endpoint '"DVLD_API.Controllers.CountriesAPIController.getCountryByID (DVLD_API)"' (99874f2b)
2025-07-30T00:12:23.3669623+01:00 0HNEEUKFF368J:0000000E [INF] Request finished "HTTP/1.1" "GET" "http"://"localhost:5045""""/api/CountriesAPI/GetCountryByID/119""" - 200 null "application/json; charset=utf-8" 0.9459ms (74253ad3)
2025-07-30T00:12:23.3673483+01:00 0HNEEUKFF368J:0000000F [INF] Request starting "HTTP/1.1" "GET" "http"://"localhost:5045""""/api/CountriesAPI/GetCountryByID/119""" - null null (d509f86a)
2025-07-30T00:12:23.3674157+01:00 0HNEEUKFF368J:0000000F [INF] Executing endpoint '"DVLD_API.Controllers.CountriesAPIController.getCountryByID (DVLD_API)"' (500cc934)
2025-07-30T00:12:23.3674486+01:00 0HNEEUKFF368J:0000000F [INF] Route matched with "{action = \"getCountryByID\", controller = \"CountriesAPI\"}". Executing controller action with signature "Microsoft.AspNetCore.Mvc.ActionResult`1[DVLD_SharedModels.clsCountryDTO] getCountryByID(Int32)" on controller "DVLD_API.Controllers.CountriesAPIController" ("DVLD_API"). (122b2fdf)
2025-07-30T00:12:23.3677083+01:00 0HNEEUKFF368J:0000000F [INF] Executing "OkObjectResult", writing value of type '"DVLD_SharedModels.clsCountryDTO"'. (605b4265)
2025-07-30T00:12:23.3677698+01:00 0HNEEUKFF368J:0000000F [INF] Executed action "DVLD_API.Controllers.CountriesAPIController.getCountryByID (DVLD_API)" in 0.3056ms (afa2e885)
2025-07-30T00:12:23.3677819+01:00 0HNEEUKFF368J:0000000F [INF] Executed endpoint '"DVLD_API.Controllers.CountriesAPIController.getCountryByID (DVLD_API)"' (99874f2b)
2025-07-30T00:12:23.3678129+01:00 0HNEEUKFF368J:0000000F [INF] Request finished "HTTP/1.1" "GET" "http"://"localhost:5045""""/api/CountriesAPI/GetCountryByID/119""" - 200 null "application/json; charset=utf-8" 0.4752ms (74253ad3)
2025-07-30T00:12:23.3680989+01:00 0HNEEUKFF368J:00000010 [INF] Request starting "HTTP/1.1" "GET" "http"://"localhost:5045""""/api/CountriesAPI/GetCountryByID/90""" - null null (d509f86a)
2025-07-30T00:12:23.3681597+01:00 0HNEEUKFF368J:00000010 [INF] Executing endpoint '"DVLD_API.Controllers.CountriesAPIController.getCountryByID (DVLD_API)"' (500cc934)
2025-07-30T00:12:23.3681922+01:00 0HNEEUKFF368J:00000010 [INF] Route matched with "{action = \"getCountryByID\", controller = \"CountriesAPI\"}". Executing controller action with signature "Microsoft.AspNetCore.Mvc.ActionResult`1[DVLD_SharedModels.clsCountryDTO] getCountryByID(Int32)" on controller "DVLD_API.Controllers.CountriesAPIController" ("DVLD_API"). (122b2fdf)
2025-07-30T00:12:23.3685070+01:00 0HNEEUKFF368J:00000010 [INF] Executing "OkObjectResult", writing value of type '"DVLD_SharedModels.clsCountryDTO"'. (605b4265)
2025-07-30T00:12:23.3685813+01:00 0HNEEUKFF368J:00000010 [INF] Executed action "DVLD_API.Controllers.CountriesAPIController.getCountryByID (DVLD_API)" in 0.3754ms (afa2e885)
2025-07-30T00:12:23.3685937+01:00 0HNEEUKFF368J:00000010 [INF] Executed endpoint '"DVLD_API.Controllers.CountriesAPIController.getCountryByID (DVLD_API)"' (99874f2b)
2025-07-30T00:12:23.3686262+01:00 0HNEEUKFF368J:00000010 [INF] Request finished "HTTP/1.1" "GET" "http"://"localhost:5045""""/api/CountriesAPI/GetCountryByID/90""" - 200 null "application/json; charset=utf-8" 0.5376ms (74253ad3)
2025-07-30T00:12:23.3688436+01:00 0HNEEUKFF368J:00000011 [INF] Request starting "HTTP/1.1" "GET" "http"://"localhost:5045""""/api/CountriesAPI/GetCountryByID/119""" - null null (d509f86a)
2025-07-30T00:12:23.3689041+01:00 0HNEEUKFF368J:00000011 [INF] Executing endpoint '"DVLD_API.Controllers.CountriesAPIController.getCountryByID (DVLD_API)"' (500cc934)
2025-07-30T00:12:23.3689324+01:00 0HNEEUKFF368J:00000011 [INF] Route matched with "{action = \"getCountryByID\", controller = \"CountriesAPI\"}". Executing controller action with signature "Microsoft.AspNetCore.Mvc.ActionResult`1[DVLD_SharedModels.clsCountryDTO] getCountryByID(Int32)" on controller "DVLD_API.Controllers.CountriesAPIController" ("DVLD_API"). (122b2fdf)
2025-07-30T00:12:23.3691664+01:00 0HNEEUKFF368J:00000011 [INF] Executing "OkObjectResult", writing value of type '"DVLD_SharedModels.clsCountryDTO"'. (605b4265)
2025-07-30T00:12:23.3692226+01:00 0HNEEUKFF368J:00000011 [INF] Executed action "DVLD_API.Controllers.CountriesAPIController.getCountryByID (DVLD_API)" in 0.2752ms (afa2e885)
2025-07-30T00:12:23.3692357+01:00 0HNEEUKFF368J:00000011 [INF] Executed endpoint '"DVLD_API.Controllers.CountriesAPIController.getCountryByID (DVLD_API)"' (99874f2b)
2025-07-30T00:12:23.3692654+01:00 0HNEEUKFF368J:00000011 [INF] Request finished "HTTP/1.1" "GET" "http"://"localhost:5045""""/api/CountriesAPI/GetCountryByID/119""" - 200 null "application/json; charset=utf-8" 0.4314ms (74253ad3)
2025-07-30T00:12:23.3694840+01:00 0HNEEUKFF368J:00000012 [INF] Request starting "HTTP/1.1" "GET" "http"://"localhost:5045""""/api/CountriesAPI/GetCountryByID/100""" - null null (d509f86a)
2025-07-30T00:12:23.3695429+01:00 0HNEEUKFF368J:00000012 [INF] Executing endpoint '"DVLD_API.Controllers.CountriesAPIController.getCountryByID (DVLD_API)"' (500cc934)
2025-07-30T00:12:23.3695713+01:00 0HNEEUKFF368J:00000012 [INF] Route matched with "{action = \"getCountryByID\", controller = \"CountriesAPI\"}". Executing controller action with signature "Microsoft.AspNetCore.Mvc.ActionResult`1[DVLD_SharedModels.clsCountryDTO] getCountryByID(Int32)" on controller "DVLD_API.Controllers.CountriesAPIController" ("DVLD_API"). (122b2fdf)
2025-07-30T00:12:23.3698095+01:00 0HNEEUKFF368J:00000012 [INF] Executing "OkObjectResult", writing value of type '"DVLD_SharedModels.clsCountryDTO"'. (605b4265)
2025-07-30T00:12:23.3698663+01:00 0HNEEUKFF368J:00000012 [INF] Executed action "DVLD_API.Controllers.CountriesAPIController.getCountryByID (DVLD_API)" in 0.2801ms (afa2e885)
2025-07-30T00:12:23.3698797+01:00 0HNEEUKFF368J:00000012 [INF] Executed endpoint '"DVLD_API.Controllers.CountriesAPIController.getCountryByID (DVLD_API)"' (99874f2b)
2025-07-30T00:12:23.3699080+01:00 0HNEEUKFF368J:00000012 [INF] Request finished "HTTP/1.1" "GET" "http"://"localhost:5045""""/api/CountriesAPI/GetCountryByID/100""" - 200 null "application/json; charset=utf-8" 0.4338ms (74253ad3)
2025-07-30T00:12:23.3702097+01:00 0HNEEUKFF368J:00000013 [INF] Request starting "HTTP/1.1" "GET" "http"://"localhost:5045""""/api/CountriesAPI/GetCountryByID/100""" - null null (d509f86a)
2025-07-30T00:12:23.3702656+01:00 0HNEEUKFF368J:00000013 [INF] Executing endpoint '"DVLD_API.Controllers.CountriesAPIController.getCountryByID (DVLD_API)"' (500cc934)
2025-07-30T00:12:23.3702945+01:00 0HNEEUKFF368J:00000013 [INF] Route matched with "{action = \"getCountryByID\", controller = \"CountriesAPI\"}". Executing controller action with signature "Microsoft.AspNetCore.Mvc.ActionResult`1[DVLD_SharedModels.clsCountryDTO] getCountryByID(Int32)" on controller "DVLD_API.Controllers.CountriesAPIController" ("DVLD_API"). (122b2fdf)
2025-07-30T00:12:23.3705284+01:00 0HNEEUKFF368J:00000013 [INF] Executing "OkObjectResult", writing value of type '"DVLD_SharedModels.clsCountryDTO"'. (605b4265)
2025-07-30T00:12:23.3705854+01:00 0HNEEUKFF368J:00000013 [INF] Executed action "DVLD_API.Controllers.CountriesAPIController.getCountryByID (DVLD_API)" in 0.2757ms (afa2e885)
2025-07-30T00:12:23.3705976+01:00 0HNEEUKFF368J:00000013 [INF] Executed endpoint '"DVLD_API.Controllers.CountriesAPIController.getCountryByID (DVLD_API)"' (99874f2b)
2025-07-30T00:12:23.3706274+01:00 0HNEEUKFF368J:00000013 [INF] Request finished "HTTP/1.1" "GET" "http"://"localhost:5045""""/api/CountriesAPI/GetCountryByID/100""" - 200 null "application/json; charset=utf-8" 0.4265ms (74253ad3)
2025-07-30T00:12:23.3708708+01:00 0HNEEUKFF368J:00000014 [INF] Request starting "HTTP/1.1" "GET" "http"://"localhost:5045""""/api/CountriesAPI/GetCountryByID/100""" - null null (d509f86a)
2025-07-30T00:12:23.3709284+01:00 0HNEEUKFF368J:00000014 [INF] Executing endpoint '"DVLD_API.Controllers.CountriesAPIController.getCountryByID (DVLD_API)"' (500cc934)
2025-07-30T00:12:23.3709581+01:00 0HNEEUKFF368J:00000014 [INF] Route matched with "{action = \"getCountryByID\", controller = \"CountriesAPI\"}". Executing controller action with signature "Microsoft.AspNetCore.Mvc.ActionResult`1[DVLD_SharedModels.clsCountryDTO] getCountryByID(Int32)" on controller "DVLD_API.Controllers.CountriesAPIController" ("DVLD_API"). (122b2fdf)
2025-07-30T00:12:23.3712012+01:00 0HNEEUKFF368J:00000014 [INF] Executing "OkObjectResult", writing value of type '"DVLD_SharedModels.clsCountryDTO"'. (605b4265)
2025-07-30T00:12:23.3712563+01:00 0HNEEUKFF368J:00000014 [INF] Executed action "DVLD_API.Controllers.CountriesAPIController.getCountryByID (DVLD_API)" in 0.2829ms (afa2e885)
2025-07-30T00:12:23.3712681+01:00 0HNEEUKFF368J:00000014 [INF] Executed endpoint '"DVLD_API.Controllers.CountriesAPIController.getCountryByID (DVLD_API)"' (99874f2b)
2025-07-30T00:12:23.3712974+01:00 0HNEEUKFF368J:00000014 [INF] Request finished "HTTP/1.1" "GET" "http"://"localhost:5045""""/api/CountriesAPI/GetCountryByID/100""" - 200 null "application/json; charset=utf-8" 0.4373ms (74253ad3)
2025-07-30T00:12:23.3715036+01:00 0HNEEUKFF368J:00000015 [INF] Request starting "HTTP/1.1" "GET" "http"://"localhost:5045""""/api/CountriesAPI/GetCountryByID/100""" - null null (d509f86a)
2025-07-30T00:12:23.3715589+01:00 0HNEEUKFF368J:00000015 [INF] Executing endpoint '"DVLD_API.Controllers.CountriesAPIController.getCountryByID (DVLD_API)"' (500cc934)
2025-07-30T00:12:23.3715890+01:00 0HNEEUKFF368J:00000015 [INF] Route matched with "{action = \"getCountryByID\", controller = \"CountriesAPI\"}". Executing controller action with signature "Microsoft.AspNetCore.Mvc.ActionResult`1[DVLD_SharedModels.clsCountryDTO] getCountryByID(Int32)" on controller "DVLD_API.Controllers.CountriesAPIController" ("DVLD_API"). (122b2fdf)
2025-07-30T00:12:23.3718336+01:00 0HNEEUKFF368J:00000015 [INF] Executing "OkObjectResult", writing value of type '"DVLD_SharedModels.clsCountryDTO"'. (605b4265)
2025-07-30T00:12:23.3718909+01:00 0HNEEUKFF368J:00000015 [INF] Executed action "DVLD_API.Controllers.CountriesAPIController.getCountryByID (DVLD_API)" in 0.2868ms (afa2e885)
2025-07-30T00:12:23.3719045+01:00 0HNEEUKFF368J:00000015 [INF] Executed endpoint '"DVLD_API.Controllers.CountriesAPIController.getCountryByID (DVLD_API)"' (99874f2b)
2025-07-30T00:12:23.3719340+01:00 0HNEEUKFF368J:00000015 [INF] Request finished "HTTP/1.1" "GET" "http"://"localhost:5045""""/api/CountriesAPI/GetCountryByID/100""" - 200 null "application/json; charset=utf-8" 0.4401ms (74253ad3)
2025-07-30T00:12:23.3721436+01:00 0HNEEUKFF368J:00000016 [INF] Request starting "HTTP/1.1" "GET" "http"://"localhost:5045""""/api/CountriesAPI/GetCountryByID/100""" - null null (d509f86a)
2025-07-30T00:12:23.3721946+01:00 0HNEEUKFF368J:00000016 [INF] Executing endpoint '"DVLD_API.Controllers.CountriesAPIController.getCountryByID (DVLD_API)"' (500cc934)
2025-07-30T00:12:23.3722172+01:00 0HNEEUKFF368J:00000016 [INF] Route matched with "{action = \"getCountryByID\", controller = \"CountriesAPI\"}". Executing controller action with signature "Microsoft.AspNetCore.Mvc.ActionResult`1[DVLD_SharedModels.clsCountryDTO] getCountryByID(Int32)" on controller "DVLD_API.Controllers.CountriesAPIController" ("DVLD_API"). (122b2fdf)
2025-07-30T00:12:23.3724621+01:00 0HNEEUKFF368J:00000016 [INF] Executing "OkObjectResult", writing value of type '"DVLD_SharedModels.clsCountryDTO"'. (605b4265)
2025-07-30T00:12:23.3725169+01:00 0HNEEUKFF368J:00000016 [INF] Executed action "DVLD_API.Controllers.CountriesAPIController.getCountryByID (DVLD_API)" in 0.2862ms (afa2e885)
2025-07-30T00:12:23.3725304+01:00 0HNEEUKFF368J:00000016 [INF] Executed endpoint '"DVLD_API.Controllers.CountriesAPIController.getCountryByID (DVLD_API)"' (99874f2b)
2025-07-30T00:12:23.3725600+01:00 0HNEEUKFF368J:00000016 [INF] Request finished "HTTP/1.1" "GET" "http"://"localhost:5045""""/api/CountriesAPI/GetCountryByID/100""" - 200 null "application/json; charset=utf-8" 0.4259ms (74253ad3)
2025-07-30T00:12:23.3727807+01:00 0HNEEUKFF368J:00000017 [INF] Request starting "HTTP/1.1" "GET" "http"://"localhost:5045""""/api/CountriesAPI/GetCountryByID/100""" - null null (d509f86a)
2025-07-30T00:12:23.3728541+01:00 0HNEEUKFF368J:00000017 [INF] Executing endpoint '"DVLD_API.Controllers.CountriesAPIController.getCountryByID (DVLD_API)"' (500cc934)
2025-07-30T00:12:23.3728935+01:00 0HNEEUKFF368J:00000017 [INF] Route matched with "{action = \"getCountryByID\", controller = \"CountriesAPI\"}". Executing controller action with signature "Microsoft.AspNetCore.Mvc.ActionResult`1[DVLD_SharedModels.clsCountryDTO] getCountryByID(Int32)" on controller "DVLD_API.Controllers.CountriesAPIController" ("DVLD_API"). (122b2fdf)
2025-07-30T00:12:23.3731527+01:00 0HNEEUKFF368J:00000017 [INF] Executing "OkObjectResult", writing value of type '"DVLD_SharedModels.clsCountryDTO"'. (605b4265)
2025-07-30T00:12:23.3732097+01:00 0HNEEUKFF368J:00000017 [INF] Executed action "DVLD_API.Controllers.CountriesAPIController.getCountryByID (DVLD_API)" in 0.2997ms (afa2e885)
2025-07-30T00:12:23.3732217+01:00 0HNEEUKFF368J:00000017 [INF] Executed endpoint '"DVLD_API.Controllers.CountriesAPIController.getCountryByID (DVLD_API)"' (99874f2b)
2025-07-30T00:12:23.3732519+01:00 0HNEEUKFF368J:00000017 [INF] Request finished "HTTP/1.1" "GET" "http"://"localhost:5045""""/api/CountriesAPI/GetCountryByID/100""" - 200 null "application/json; charset=utf-8" 0.4808ms (74253ad3)
2025-07-30T00:12:23.3734816+01:00 0HNEEUKFF368J:00000018 [INF] Request starting "HTTP/1.1" "GET" "http"://"localhost:5045""""/api/CountriesAPI/GetCountryByID/100""" - null null (d509f86a)
2025-07-30T00:12:23.3735441+01:00 0HNEEUKFF368J:00000018 [INF] Executing endpoint '"DVLD_API.Controllers.CountriesAPIController.getCountryByID (DVLD_API)"' (500cc934)
2025-07-30T00:12:23.3735775+01:00 0HNEEUKFF368J:00000018 [INF] Route matched with "{action = \"getCountryByID\", controller = \"CountriesAPI\"}". Executing controller action with signature "Microsoft.AspNetCore.Mvc.ActionResult`1[DVLD_SharedModels.clsCountryDTO] getCountryByID(Int32)" on controller "DVLD_API.Controllers.CountriesAPIController" ("DVLD_API"). (122b2fdf)
2025-07-30T00:12:23.3738366+01:00 0HNEEUKFF368J:00000018 [INF] Executing "OkObjectResult", writing value of type '"DVLD_SharedModels.clsCountryDTO"'. (605b4265)
2025-07-30T00:12:23.3738915+01:00 0HNEEUKFF368J:00000018 [INF] Executed action "DVLD_API.Controllers.CountriesAPIController.getCountryByID (DVLD_API)" in 0.3005ms (afa2e885)
2025-07-30T00:12:23.3739034+01:00 0HNEEUKFF368J:00000018 [INF] Executed endpoint '"DVLD_API.Controllers.CountriesAPIController.getCountryByID (DVLD_API)"' (99874f2b)
2025-07-30T00:12:23.3739359+01:00 0HNEEUKFF368J:00000018 [INF] Request finished "HTTP/1.1" "GET" "http"://"localhost:5045""""/api/CountriesAPI/GetCountryByID/100""" - 200 null "application/json; charset=utf-8" 0.462ms (74253ad3)
2025-07-30T00:12:23.3741624+01:00 0HNEEUKFF368J:00000019 [INF] Request starting "HTTP/1.1" "GET" "http"://"localhost:5045""""/api/CountriesAPI/GetCountryByID/90""" - null null (d509f86a)
2025-07-30T00:12:23.3742244+01:00 0HNEEUKFF368J:00000019 [INF] Executing endpoint '"DVLD_API.Controllers.CountriesAPIController.getCountryByID (DVLD_API)"' (500cc934)
2025-07-30T00:12:23.3742543+01:00 0HNEEUKFF368J:00000019 [INF] Route matched with "{action = \"getCountryByID\", controller = \"CountriesAPI\"}". Executing controller action with signature "Microsoft.AspNetCore.Mvc.ActionResult`1[DVLD_SharedModels.clsCountryDTO] getCountryByID(Int32)" on controller "DVLD_API.Controllers.CountriesAPIController" ("DVLD_API"). (122b2fdf)
2025-07-30T00:12:23.3744827+01:00 0HNEEUKFF368J:00000019 [INF] Executing "OkObjectResult", writing value of type '"DVLD_SharedModels.clsCountryDTO"'. (605b4265)
2025-07-30T00:12:23.3745439+01:00 0HNEEUKFF368J:00000019 [INF] Executed action "DVLD_API.Controllers.CountriesAPIController.getCountryByID (DVLD_API)" in 0.2752ms (afa2e885)
2025-07-30T00:12:23.3745629+01:00 0HNEEUKFF368J:00000019 [INF] Executed endpoint '"DVLD_API.Controllers.CountriesAPIController.getCountryByID (DVLD_API)"' (99874f2b)
2025-07-30T00:12:23.3745929+01:00 0HNEEUKFF368J:00000019 [INF] Request finished "HTTP/1.1" "GET" "http"://"localhost:5045""""/api/CountriesAPI/GetCountryByID/90""" - 200 null "application/json; charset=utf-8" 0.4393ms (74253ad3)
2025-07-30T00:12:23.3748205+01:00 0HNEEUKFF368J:0000001A [INF] Request starting "HTTP/1.1" "GET" "http"://"localhost:5045""""/api/CountriesAPI/GetCountryByID/90""" - null null (d509f86a)
2025-07-30T00:12:23.3748777+01:00 0HNEEUKFF368J:0000001A [INF] Executing endpoint '"DVLD_API.Controllers.CountriesAPIController.getCountryByID (DVLD_API)"' (500cc934)
2025-07-30T00:12:23.3749050+01:00 0HNEEUKFF368J:0000001A [INF] Route matched with "{action = \"getCountryByID\", controller = \"CountriesAPI\"}". Executing controller action with signature "Microsoft.AspNetCore.Mvc.ActionResult`1[DVLD_SharedModels.clsCountryDTO] getCountryByID(Int32)" on controller "DVLD_API.Controllers.CountriesAPIController" ("DVLD_API"). (122b2fdf)
2025-07-30T00:12:23.3751622+01:00 0HNEEUKFF368J:0000001A [INF] Executing "OkObjectResult", writing value of type '"DVLD_SharedModels.clsCountryDTO"'. (605b4265)
2025-07-30T00:12:23.3752179+01:00 0HNEEUKFF368J:0000001A [INF] Executed action "DVLD_API.Controllers.CountriesAPIController.getCountryByID (DVLD_API)" in 0.298ms (afa2e885)
2025-07-30T00:12:23.3752308+01:00 0HNEEUKFF368J:0000001A [INF] Executed endpoint '"DVLD_API.Controllers.CountriesAPIController.getCountryByID (DVLD_API)"' (99874f2b)
2025-07-30T00:12:23.3752591+01:00 0HNEEUKFF368J:0000001A [INF] Request finished "HTTP/1.1" "GET" "http"://"localhost:5045""""/api/CountriesAPI/GetCountryByID/90""" - 200 null "application/json; charset=utf-8" 0.448ms (74253ad3)
2025-07-30T00:12:23.3754841+01:00 0HNEEUKFF368J:0000001B [INF] Request starting "HTTP/1.1" "GET" "http"://"localhost:5045""""/api/CountriesAPI/GetCountryByID/119""" - null null (d509f86a)
2025-07-30T00:12:23.3755364+01:00 0HNEEUKFF368J:0000001B [INF] Executing endpoint '"DVLD_API.Controllers.CountriesAPIController.getCountryByID (DVLD_API)"' (500cc934)
2025-07-30T00:12:23.3755604+01:00 0HNEEUKFF368J:0000001B [INF] Route matched with "{action = \"getCountryByID\", controller = \"CountriesAPI\"}". Executing controller action with signature "Microsoft.AspNetCore.Mvc.ActionResult`1[DVLD_SharedModels.clsCountryDTO] getCountryByID(Int32)" on controller "DVLD_API.Controllers.CountriesAPIController" ("DVLD_API"). (122b2fdf)
2025-07-30T00:12:23.3758094+01:00 0HNEEUKFF368J:0000001B [INF] Executing "OkObjectResult", writing value of type '"DVLD_SharedModels.clsCountryDTO"'. (605b4265)
2025-07-30T00:12:23.3758644+01:00 0HNEEUKFF368J:0000001B [INF] Executed action "DVLD_API.Controllers.CountriesAPIController.getCountryByID (DVLD_API)" in 0.292ms (afa2e885)
2025-07-30T00:12:23.3758763+01:00 0HNEEUKFF368J:0000001B [INF] Executed endpoint '"DVLD_API.Controllers.CountriesAPIController.getCountryByID (DVLD_API)"' (99874f2b)
2025-07-30T00:12:23.3759057+01:00 0HNEEUKFF368J:0000001B [INF] Request finished "HTTP/1.1" "GET" "http"://"localhost:5045""""/api/CountriesAPI/GetCountryByID/119""" - 200 null "application/json; charset=utf-8" 0.4301ms (74253ad3)
2025-07-30T00:12:23.3761692+01:00 0HNEEUKFF368J:0000001C [INF] Request starting "HTTP/1.1" "GET" "http"://"localhost:5045""""/api/CountriesAPI/GetCountryByID/90""" - null null (d509f86a)
2025-07-30T00:12:23.3762552+01:00 0HNEEUKFF368J:0000001C [INF] Executing endpoint '"DVLD_API.Controllers.CountriesAPIController.getCountryByID (DVLD_API)"' (500cc934)
2025-07-30T00:12:23.3762847+01:00 0HNEEUKFF368J:0000001C [INF] Route matched with "{action = \"getCountryByID\", controller = \"CountriesAPI\"}". Executing controller action with signature "Microsoft.AspNetCore.Mvc.ActionResult`1[DVLD_SharedModels.clsCountryDTO] getCountryByID(Int32)" on controller "DVLD_API.Controllers.CountriesAPIController" ("DVLD_API"). (122b2fdf)
2025-07-30T00:12:23.3765477+01:00 0HNEEUKFF368J:0000001C [INF] Executing "OkObjectResult", writing value of type '"DVLD_SharedModels.clsCountryDTO"'. (605b4265)
2025-07-30T00:12:23.3766155+01:00 0HNEEUKFF368J:0000001C [INF] Executed action "DVLD_API.Controllers.CountriesAPIController.getCountryByID (DVLD_API)" in 0.3179ms (afa2e885)
2025-07-30T00:12:23.3766275+01:00 0HNEEUKFF368J:0000001C [INF] Executed endpoint '"DVLD_API.Controllers.CountriesAPIController.getCountryByID (DVLD_API)"' (99874f2b)
2025-07-30T00:12:23.3766626+01:00 0HNEEUKFF368J:0000001C [INF] Request finished "HTTP/1.1" "GET" "http"://"localhost:5045""""/api/CountriesAPI/GetCountryByID/90""" - 200 null "application/json; charset=utf-8" 0.5181ms (74253ad3)
2025-07-30T00:12:23.3768959+01:00 0HNEEUKFF368J:0000001D [INF] Request starting "HTTP/1.1" "GET" "http"://"localhost:5045""""/api/CountriesAPI/GetCountryByID/1""" - null null (d509f86a)
2025-07-30T00:12:23.3769757+01:00 0HNEEUKFF368J:0000001D [INF] Executing endpoint '"DVLD_API.Controllers.CountriesAPIController.getCountryByID (DVLD_API)"' (500cc934)
2025-07-30T00:12:23.3770261+01:00 0HNEEUKFF368J:0000001D [INF] Route matched with "{action = \"getCountryByID\", controller = \"CountriesAPI\"}". Executing controller action with signature "Microsoft.AspNetCore.Mvc.ActionResult`1[DVLD_SharedModels.clsCountryDTO] getCountryByID(Int32)" on controller "DVLD_API.Controllers.CountriesAPIController" ("DVLD_API"). (122b2fdf)
2025-07-30T00:12:23.3773658+01:00 0HNEEUKFF368J:0000001D [INF] Executing "OkObjectResult", writing value of type '"DVLD_SharedModels.clsCountryDTO"'. (605b4265)
2025-07-30T00:12:23.3774350+01:00 0HNEEUKFF368J:0000001D [INF] Executed action "DVLD_API.Controllers.CountriesAPIController.getCountryByID (DVLD_API)" in 0.3859ms (afa2e885)
2025-07-30T00:12:23.3774471+01:00 0HNEEUKFF368J:0000001D [INF] Executed endpoint '"DVLD_API.Controllers.CountriesAPIController.getCountryByID (DVLD_API)"' (99874f2b)
2025-07-30T00:12:23.3774761+01:00 0HNEEUKFF368J:0000001D [INF] Request finished "HTTP/1.1" "GET" "http"://"localhost:5045""""/api/CountriesAPI/GetCountryByID/1""" - 200 null "application/json; charset=utf-8" 0.5884ms (74253ad3)
2025-07-30T00:12:23.3777315+01:00 0HNEEUKFF368J:0000001E [INF] Request starting "HTTP/1.1" "GET" "http"://"localhost:5045""""/api/CountriesAPI/GetCountryByID/1""" - null null (d509f86a)
2025-07-30T00:12:23.3777896+01:00 0HNEEUKFF368J:0000001E [INF] Executing endpoint '"DVLD_API.Controllers.CountriesAPIController.getCountryByID (DVLD_API)"' (500cc934)
2025-07-30T00:12:23.3778172+01:00 0HNEEUKFF368J:0000001E [INF] Route matched with "{action = \"getCountryByID\", controller = \"CountriesAPI\"}". Executing controller action with signature "Microsoft.AspNetCore.Mvc.ActionResult`1[DVLD_SharedModels.clsCountryDTO] getCountryByID(Int32)" on controller "DVLD_API.Controllers.CountriesAPIController" ("DVLD_API"). (122b2fdf)
2025-07-30T00:12:23.3780680+01:00 0HNEEUKFF368J:0000001E [INF] Executing "OkObjectResult", writing value of type '"DVLD_SharedModels.clsCountryDTO"'. (605b4265)
2025-07-30T00:12:23.3781237+01:00 0HNEEUKFF368J:0000001E [INF] Executed action "DVLD_API.Controllers.CountriesAPIController.getCountryByID (DVLD_API)" in 0.2919ms (afa2e885)
2025-07-30T00:12:23.3781371+01:00 0HNEEUKFF368J:0000001E [INF] Executed endpoint '"DVLD_API.Controllers.CountriesAPIController.getCountryByID (DVLD_API)"' (99874f2b)
2025-07-30T00:12:23.3781663+01:00 0HNEEUKFF368J:0000001E [INF] Request finished "HTTP/1.1" "GET" "http"://"localhost:5045""""/api/CountriesAPI/GetCountryByID/1""" - 200 null "application/json; charset=utf-8" 0.4442ms (74253ad3)
2025-07-30T00:12:23.3784310+01:00 0HNEEUKFF368J:0000001F [INF] Request starting "HTTP/1.1" "GET" "http"://"localhost:5045""""/api/CountriesAPI/GetCountryByID/1""" - null null (d509f86a)
2025-07-30T00:12:23.3784867+01:00 0HNEEUKFF368J:0000001F [INF] Executing endpoint '"DVLD_API.Controllers.CountriesAPIController.getCountryByID (DVLD_API)"' (500cc934)
2025-07-30T00:12:23.3785156+01:00 0HNEEUKFF368J:0000001F [INF] Route matched with "{action = \"getCountryByID\", controller = \"CountriesAPI\"}". Executing controller action with signature "Microsoft.AspNetCore.Mvc.ActionResult`1[DVLD_SharedModels.clsCountryDTO] getCountryByID(Int32)" on controller "DVLD_API.Controllers.CountriesAPIController" ("DVLD_API"). (122b2fdf)
2025-07-30T00:12:23.3787640+01:00 0HNEEUKFF368J:0000001F [INF] Executing "OkObjectResult", writing value of type '"DVLD_SharedModels.clsCountryDTO"'. (605b4265)
2025-07-30T00:12:23.3788194+01:00 0HNEEUKFF368J:0000001F [INF] Executed action "DVLD_API.Controllers.CountriesAPIController.getCountryByID (DVLD_API)" in 0.2891ms (afa2e885)
2025-07-30T00:12:23.3788421+01:00 0HNEEUKFF368J:0000001F [INF] Executed endpoint '"DVLD_API.Controllers.CountriesAPIController.getCountryByID (DVLD_API)"' (99874f2b)
2025-07-30T00:12:23.3788761+01:00 0HNEEUKFF368J:0000001F [INF] Request finished "HTTP/1.1" "GET" "http"://"localhost:5045""""/api/CountriesAPI/GetCountryByID/1""" - 200 null "application/json; charset=utf-8" 0.4544ms (74253ad3)
2025-07-30T00:12:23.3790767+01:00 0HNEEUKFF368J:00000020 [INF] Request starting "HTTP/1.1" "GET" "http"://"localhost:5045""""/api/CountriesAPI/GetCountryByID/119""" - null null (d509f86a)
2025-07-30T00:12:23.3791328+01:00 0HNEEUKFF368J:00000020 [INF] Executing endpoint '"DVLD_API.Controllers.CountriesAPIController.getCountryByID (DVLD_API)"' (500cc934)
2025-07-30T00:12:23.3791632+01:00 0HNEEUKFF368J:00000020 [INF] Route matched with "{action = \"getCountryByID\", controller = \"CountriesAPI\"}". Executing controller action with signature "Microsoft.AspNetCore.Mvc.ActionResult`1[DVLD_SharedModels.clsCountryDTO] getCountryByID(Int32)" on controller "DVLD_API.Controllers.CountriesAPIController" ("DVLD_API"). (122b2fdf)
2025-07-30T00:12:23.3794046+01:00 0HNEEUKFF368J:00000020 [INF] Executing "OkObjectResult", writing value of type '"DVLD_SharedModels.clsCountryDTO"'. (605b4265)
2025-07-30T00:12:23.3794598+01:00 0HNEEUKFF368J:00000020 [INF] Executed action "DVLD_API.Controllers.CountriesAPIController.getCountryByID (DVLD_API)" in 0.2817ms (afa2e885)
2025-07-30T00:12:23.3794715+01:00 0HNEEUKFF368J:00000020 [INF] Executed endpoint '"DVLD_API.Controllers.CountriesAPIController.getCountryByID (DVLD_API)"' (99874f2b)
2025-07-30T00:12:23.3795009+01:00 0HNEEUKFF368J:00000020 [INF] Request finished "HTTP/1.1" "GET" "http"://"localhost:5045""""/api/CountriesAPI/GetCountryByID/119""" - 200 null "application/json; charset=utf-8" 0.4348ms (74253ad3)
2025-07-30T00:12:23.3799302+01:00 0HNEEUKFF368J:00000021 [INF] Request starting "HTTP/1.1" "GET" "http"://"localhost:5045""""/api/CountriesAPI/GetCountryByID/119""" - null null (d509f86a)
2025-07-30T00:12:23.3799872+01:00 0HNEEUKFF368J:00000021 [INF] Executing endpoint '"DVLD_API.Controllers.CountriesAPIController.getCountryByID (DVLD_API)"' (500cc934)
2025-07-30T00:12:23.3800146+01:00 0HNEEUKFF368J:00000021 [INF] Route matched with "{action = \"getCountryByID\", controller = \"CountriesAPI\"}". Executing controller action with signature "Microsoft.AspNetCore.Mvc.ActionResult`1[DVLD_SharedModels.clsCountryDTO] getCountryByID(Int32)" on controller "DVLD_API.Controllers.CountriesAPIController" ("DVLD_API"). (122b2fdf)
2025-07-30T00:12:23.3802536+01:00 0HNEEUKFF368J:00000021 [INF] Executing "OkObjectResult", writing value of type '"DVLD_SharedModels.clsCountryDTO"'. (605b4265)
2025-07-30T00:12:23.3803093+01:00 0HNEEUKFF368J:00000021 [INF] Executed action "DVLD_API.Controllers.CountriesAPIController.getCountryByID (DVLD_API)" in 0.2786ms (afa2e885)
2025-07-30T00:12:23.3803212+01:00 0HNEEUKFF368J:00000021 [INF] Executed endpoint '"DVLD_API.Controllers.CountriesAPIController.getCountryByID (DVLD_API)"' (99874f2b)
2025-07-30T00:12:23.3803508+01:00 0HNEEUKFF368J:00000021 [INF] Request finished "HTTP/1.1" "GET" "http"://"localhost:5045""""/api/CountriesAPI/GetCountryByID/119""" - 200 null "application/json; charset=utf-8" 0.4291ms (74253ad3)
2025-07-30T00:12:23.3805716+01:00 0HNEEUKFF368J:00000022 [INF] Request starting "HTTP/1.1" "GET" "http"://"localhost:5045""""/api/CountriesAPI/GetCountryByID/119""" - null null (d509f86a)
2025-07-30T00:12:23.3806271+01:00 0HNEEUKFF368J:00000022 [INF] Executing endpoint '"DVLD_API.Controllers.CountriesAPIController.getCountryByID (DVLD_API)"' (500cc934)
2025-07-30T00:12:23.3806561+01:00 0HNEEUKFF368J:00000022 [INF] Route matched with "{action = \"getCountryByID\", controller = \"CountriesAPI\"}". Executing controller action with signature "Microsoft.AspNetCore.Mvc.ActionResult`1[DVLD_SharedModels.clsCountryDTO] getCountryByID(Int32)" on controller "DVLD_API.Controllers.CountriesAPIController" ("DVLD_API"). (122b2fdf)
2025-07-30T00:12:23.3810708+01:00 0HNEEUKFF368J:00000022 [INF] Executing "OkObjectResult", writing value of type '"DVLD_SharedModels.clsCountryDTO"'. (605b4265)
2025-07-30T00:12:23.3811306+01:00 0HNEEUKFF368J:00000022 [INF] Executed action "DVLD_API.Controllers.CountriesAPIController.getCountryByID (DVLD_API)" in 0.4598ms (afa2e885)
2025-07-30T00:12:23.3811469+01:00 0HNEEUKFF368J:00000022 [INF] Executed endpoint '"DVLD_API.Controllers.CountriesAPIController.getCountryByID (DVLD_API)"' (99874f2b)
2025-07-30T00:12:23.3811837+01:00 0HNEEUKFF368J:00000022 [INF] Request finished "HTTP/1.1" "GET" "http"://"localhost:5045""""/api/CountriesAPI/GetCountryByID/119""" - 200 null "application/json; charset=utf-8" 0.6168ms (74253ad3)
2025-07-30T00:12:23.3821114+01:00 0HNEEUKFF368J:00000023 [INF] Request starting "HTTP/1.1" "GET" "http"://"localhost:5045""""/api/CountriesAPI/GetCountryByID/119""" - null null (d509f86a)
2025-07-30T00:12:23.3828282+01:00 0HNEEUKFF368J:00000023 [INF] Executing endpoint '"DVLD_API.Controllers.CountriesAPIController.getCountryByID (DVLD_API)"' (500cc934)
2025-07-30T00:12:23.3828790+01:00 0HNEEUKFF368J:00000023 [INF] Route matched with "{action = \"getCountryByID\", controller = \"CountriesAPI\"}". Executing controller action with signature "Microsoft.AspNetCore.Mvc.ActionResult`1[DVLD_SharedModels.clsCountryDTO] getCountryByID(Int32)" on controller "DVLD_API.Controllers.CountriesAPIController" ("DVLD_API"). (122b2fdf)
2025-07-30T00:12:23.3853483+01:00 0HNEEUKFF368J:00000023 [INF] Executing "OkObjectResult", writing value of type '"DVLD_SharedModels.clsCountryDTO"'. (605b4265)
2025-07-30T00:12:23.3854750+01:00 0HNEEUKFF368J:00000023 [INF] Executed action "DVLD_API.Controllers.CountriesAPIController.getCountryByID (DVLD_API)" in 2.574ms (afa2e885)
2025-07-30T00:12:23.3854952+01:00 0HNEEUKFF368J:00000023 [INF] Executed endpoint '"DVLD_API.Controllers.CountriesAPIController.getCountryByID (DVLD_API)"' (99874f2b)
2025-07-30T00:12:23.3855353+01:00 0HNEEUKFF368J:00000023 [INF] Request finished "HTTP/1.1" "GET" "http"://"localhost:5045""""/api/CountriesAPI/GetCountryByID/119""" - 200 null "application/json; charset=utf-8" 3.5671ms (74253ad3)
2025-07-30T00:12:23.3884150+01:00 0HNEEUKFF368J:00000024 [INF] Request starting "HTTP/1.1" "GET" "http"://"localhost:5045""""/api/CountriesAPI/GetCountryByID/1""" - null null (d509f86a)
2025-07-30T00:12:23.3885326+01:00 0HNEEUKFF368J:00000024 [INF] Executing endpoint '"DVLD_API.Controllers.CountriesAPIController.getCountryByID (DVLD_API)"' (500cc934)
2025-07-30T00:12:23.3885988+01:00 0HNEEUKFF368J:00000024 [INF] Route matched with "{action = \"getCountryByID\", controller = \"CountriesAPI\"}". Executing controller action with signature "Microsoft.AspNetCore.Mvc.ActionResult`1[DVLD_SharedModels.clsCountryDTO] getCountryByID(Int32)" on controller "DVLD_API.Controllers.CountriesAPIController" ("DVLD_API"). (122b2fdf)
2025-07-30T00:12:23.3889519+01:00 0HNEEUKFF368J:00000024 [INF] Executing "OkObjectResult", writing value of type '"DVLD_SharedModels.clsCountryDTO"'. (605b4265)
2025-07-30T00:12:23.3890380+01:00 0HNEEUKFF368J:00000024 [INF] Executed action "DVLD_API.Controllers.CountriesAPIController.getCountryByID (DVLD_API)" in 0.4193ms (afa2e885)
2025-07-30T00:12:23.3890528+01:00 0HNEEUKFF368J:00000024 [INF] Executed endpoint '"DVLD_API.Controllers.CountriesAPIController.getCountryByID (DVLD_API)"' (99874f2b)
2025-07-30T00:12:23.3890863+01:00 0HNEEUKFF368J:00000024 [INF] Request finished "HTTP/1.1" "GET" "http"://"localhost:5045""""/api/CountriesAPI/GetCountryByID/1""" - 200 null "application/json; charset=utf-8" 0.712ms (74253ad3)
2025-07-30T00:12:23.3893560+01:00 0HNEEUKFF368J:00000025 [INF] Request starting "HTTP/1.1" "GET" "http"://"localhost:5045""""/api/CountriesAPI/GetCountryByID/5""" - null null (d509f86a)
2025-07-30T00:12:23.3894373+01:00 0HNEEUKFF368J:00000025 [INF] Executing endpoint '"DVLD_API.Controllers.CountriesAPIController.getCountryByID (DVLD_API)"' (500cc934)
2025-07-30T00:12:23.3894762+01:00 0HNEEUKFF368J:00000025 [INF] Route matched with "{action = \"getCountryByID\", controller = \"CountriesAPI\"}". Executing controller action with signature "Microsoft.AspNetCore.Mvc.ActionResult`1[DVLD_SharedModels.clsCountryDTO] getCountryByID(Int32)" on controller "DVLD_API.Controllers.CountriesAPIController" ("DVLD_API"). (122b2fdf)
2025-07-30T00:12:23.3897070+01:00 0HNEEUKFF368J:00000025 [INF] Executing "OkObjectResult", writing value of type '"DVLD_SharedModels.clsCountryDTO"'. (605b4265)
2025-07-30T00:12:23.3897629+01:00 0HNEEUKFF368J:00000025 [INF] Executed action "DVLD_API.Controllers.CountriesAPIController.getCountryByID (DVLD_API)" in 0.2704ms (afa2e885)
2025-07-30T00:12:23.3897745+01:00 0HNEEUKFF368J:00000025 [INF] Executed endpoint '"DVLD_API.Controllers.CountriesAPIController.getCountryByID (DVLD_API)"' (99874f2b)
2025-07-30T00:12:23.3898094+01:00 0HNEEUKFF368J:00000025 [INF] Request finished "HTTP/1.1" "GET" "http"://"localhost:5045""""/api/CountriesAPI/GetCountryByID/5""" - 200 null "application/json; charset=utf-8" 0.4634ms (74253ad3)
2025-07-30T00:12:23.3900546+01:00 0HNEEUKFF368J:00000026 [INF] Request starting "HTTP/1.1" "GET" "http"://"localhost:5045""""/api/CountriesAPI/GetCountryByID/1""" - null null (d509f86a)
2025-07-30T00:12:23.3901051+01:00 0HNEEUKFF368J:00000026 [INF] Executing endpoint '"DVLD_API.Controllers.CountriesAPIController.getCountryByID (DVLD_API)"' (500cc934)
2025-07-30T00:12:23.3901276+01:00 0HNEEUKFF368J:00000026 [INF] Route matched with "{action = \"getCountryByID\", controller = \"CountriesAPI\"}". Executing controller action with signature "Microsoft.AspNetCore.Mvc.ActionResult`1[DVLD_SharedModels.clsCountryDTO] getCountryByID(Int32)" on controller "DVLD_API.Controllers.CountriesAPIController" ("DVLD_API"). (122b2fdf)
2025-07-30T00:12:23.3904018+01:00 0HNEEUKFF368J:00000026 [INF] Executing "OkObjectResult", writing value of type '"DVLD_SharedModels.clsCountryDTO"'. (605b4265)
2025-07-30T00:12:23.3904572+01:00 0HNEEUKFF368J:00000026 [INF] Executed action "DVLD_API.Controllers.CountriesAPIController.getCountryByID (DVLD_API)" in 0.3179ms (afa2e885)
2025-07-30T00:12:23.3904691+01:00 0HNEEUKFF368J:00000026 [INF] Executed endpoint '"DVLD_API.Controllers.CountriesAPIController.getCountryByID (DVLD_API)"' (99874f2b)
2025-07-30T00:12:23.3904995+01:00 0HNEEUKFF368J:00000026 [INF] Request finished "HTTP/1.1" "GET" "http"://"localhost:5045""""/api/CountriesAPI/GetCountryByID/1""" - 200 null "application/json; charset=utf-8" 0.455ms (74253ad3)
2025-07-30T00:12:23.3907139+01:00 0HNEEUKFF368J:00000027 [INF] Request starting "HTTP/1.1" "GET" "http"://"localhost:5045""""/api/CountriesAPI/GetCountryByID/1""" - null null (d509f86a)
2025-07-30T00:12:23.3907655+01:00 0HNEEUKFF368J:00000027 [INF] Executing endpoint '"DVLD_API.Controllers.CountriesAPIController.getCountryByID (DVLD_API)"' (500cc934)
2025-07-30T00:12:23.3907874+01:00 0HNEEUKFF368J:00000027 [INF] Route matched with "{action = \"getCountryByID\", controller = \"CountriesAPI\"}". Executing controller action with signature "Microsoft.AspNetCore.Mvc.ActionResult`1[DVLD_SharedModels.clsCountryDTO] getCountryByID(Int32)" on controller "DVLD_API.Controllers.CountriesAPIController" ("DVLD_API"). (122b2fdf)
2025-07-30T00:12:23.3911141+01:00 0HNEEUKFF368J:00000027 [INF] Executing "OkObjectResult", writing value of type '"DVLD_SharedModels.clsCountryDTO"'. (605b4265)
2025-07-30T00:12:23.3911701+01:00 0HNEEUKFF368J:00000027 [INF] Executed action "DVLD_API.Controllers.CountriesAPIController.getCountryByID (DVLD_API)" in 0.3599ms (afa2e885)
2025-07-30T00:12:23.3911820+01:00 0HNEEUKFF368J:00000027 [INF] Executed endpoint '"DVLD_API.Controllers.CountriesAPIController.getCountryByID (DVLD_API)"' (99874f2b)
2025-07-30T00:12:23.3912106+01:00 0HNEEUKFF368J:00000027 [INF] Request finished "HTTP/1.1" "GET" "http"://"localhost:5045""""/api/CountriesAPI/GetCountryByID/1""" - 200 null "application/json; charset=utf-8" 0.5062ms (74253ad3)
2025-07-30T00:12:23.3914587+01:00 0HNEEUKFF368J:00000028 [INF] Request starting "HTTP/1.1" "GET" "http"://"localhost:5045""""/api/CountriesAPI/GetCountryByID/1""" - null null (d509f86a)
2025-07-30T00:12:23.3915240+01:00 0HNEEUKFF368J:00000028 [INF] Executing endpoint '"DVLD_API.Controllers.CountriesAPIController.getCountryByID (DVLD_API)"' (500cc934)
2025-07-30T00:12:23.3915596+01:00 0HNEEUKFF368J:00000028 [INF] Route matched with "{action = \"getCountryByID\", controller = \"CountriesAPI\"}". Executing controller action with signature "Microsoft.AspNetCore.Mvc.ActionResult`1[DVLD_SharedModels.clsCountryDTO] getCountryByID(Int32)" on controller "DVLD_API.Controllers.CountriesAPIController" ("DVLD_API"). (122b2fdf)
2025-07-30T00:12:23.3918058+01:00 0HNEEUKFF368J:00000028 [INF] Executing "OkObjectResult", writing value of type '"DVLD_SharedModels.clsCountryDTO"'. (605b4265)
2025-07-30T00:12:23.3918617+01:00 0HNEEUKFF368J:00000028 [INF] Executed action "DVLD_API.Controllers.CountriesAPIController.getCountryByID (DVLD_API)" in 0.2867ms (afa2e885)
2025-07-30T00:12:23.3918734+01:00 0HNEEUKFF368J:00000028 [INF] Executed endpoint '"DVLD_API.Controllers.CountriesAPIController.getCountryByID (DVLD_API)"' (99874f2b)
2025-07-30T00:12:23.3919028+01:00 0HNEEUKFF368J:00000028 [INF] Request finished "HTTP/1.1" "GET" "http"://"localhost:5045""""/api/CountriesAPI/GetCountryByID/1""" - 200 null "application/json; charset=utf-8" 0.4532ms (74253ad3)
2025-07-30T00:12:23.3921387+01:00 0HNEEUKFF368J:00000029 [INF] Request starting "HTTP/1.1" "GET" "http"://"localhost:5045""""/api/CountriesAPI/GetCountryByID/1""" - null null (d509f86a)
2025-07-30T00:12:23.3921987+01:00 0HNEEUKFF368J:00000029 [INF] Executing endpoint '"DVLD_API.Controllers.CountriesAPIController.getCountryByID (DVLD_API)"' (500cc934)
2025-07-30T00:12:23.3922277+01:00 0HNEEUKFF368J:00000029 [INF] Route matched with "{action = \"getCountryByID\", controller = \"CountriesAPI\"}". Executing controller action with signature "Microsoft.AspNetCore.Mvc.ActionResult`1[DVLD_SharedModels.clsCountryDTO] getCountryByID(Int32)" on controller "DVLD_API.Controllers.CountriesAPIController" ("DVLD_API"). (122b2fdf)
2025-07-30T00:12:23.3924870+01:00 0HNEEUKFF368J:00000029 [INF] Executing "OkObjectResult", writing value of type '"DVLD_SharedModels.clsCountryDTO"'. (605b4265)
2025-07-30T00:12:23.3925431+01:00 0HNEEUKFF368J:00000029 [INF] Executed action "DVLD_API.Controllers.CountriesAPIController.getCountryByID (DVLD_API)" in 0.3003ms (afa2e885)
2025-07-30T00:12:23.3925547+01:00 0HNEEUKFF368J:00000029 [INF] Executed endpoint '"DVLD_API.Controllers.CountriesAPIController.getCountryByID (DVLD_API)"' (99874f2b)
2025-07-30T00:12:23.3925834+01:00 0HNEEUKFF368J:00000029 [INF] Request finished "HTTP/1.1" "GET" "http"://"localhost:5045""""/api/CountriesAPI/GetCountryByID/1""" - 200 null "application/json; charset=utf-8" 0.4542ms (74253ad3)
2025-07-30T00:12:23.3928125+01:00 0HNEEUKFF368J:0000002A [INF] Request starting "HTTP/1.1" "GET" "http"://"localhost:5045""""/api/CountriesAPI/GetCountryByID/1""" - null null (d509f86a)
2025-07-30T00:12:23.3928692+01:00 0HNEEUKFF368J:0000002A [INF] Executing endpoint '"DVLD_API.Controllers.CountriesAPIController.getCountryByID (DVLD_API)"' (500cc934)
2025-07-30T00:12:23.3928980+01:00 0HNEEUKFF368J:0000002A [INF] Route matched with "{action = \"getCountryByID\", controller = \"CountriesAPI\"}". Executing controller action with signature "Microsoft.AspNetCore.Mvc.ActionResult`1[DVLD_SharedModels.clsCountryDTO] getCountryByID(Int32)" on controller "DVLD_API.Controllers.CountriesAPIController" ("DVLD_API"). (122b2fdf)
2025-07-30T00:12:23.3931380+01:00 0HNEEUKFF368J:0000002A [INF] Executing "OkObjectResult", writing value of type '"DVLD_SharedModels.clsCountryDTO"'. (605b4265)
2025-07-30T00:12:23.3931939+01:00 0HNEEUKFF368J:0000002A [INF] Executed action "DVLD_API.Controllers.CountriesAPIController.getCountryByID (DVLD_API)" in 0.281ms (afa2e885)
2025-07-30T00:12:23.3932058+01:00 0HNEEUKFF368J:0000002A [INF] Executed endpoint '"DVLD_API.Controllers.CountriesAPIController.getCountryByID (DVLD_API)"' (99874f2b)
2025-07-30T00:12:23.3932355+01:00 0HNEEUKFF368J:0000002A [INF] Request finished "HTTP/1.1" "GET" "http"://"localhost:5045""""/api/CountriesAPI/GetCountryByID/1""" - 200 null "application/json; charset=utf-8" 0.4333ms (74253ad3)
2025-07-30T00:12:23.3934873+01:00 0HNEEUKFF368J:0000002B [INF] Request starting "HTTP/1.1" "GET" "http"://"localhost:5045""""/api/CountriesAPI/GetCountryByID/1""" - null null (d509f86a)
2025-07-30T00:12:23.3936137+01:00 0HNEEUKFF368J:0000002B [INF] Executing endpoint '"DVLD_API.Controllers.CountriesAPIController.getCountryByID (DVLD_API)"' (500cc934)
2025-07-30T00:12:23.3936666+01:00 0HNEEUKFF368J:0000002B [INF] Route matched with "{action = \"getCountryByID\", controller = \"CountriesAPI\"}". Executing controller action with signature "Microsoft.AspNetCore.Mvc.ActionResult`1[DVLD_SharedModels.clsCountryDTO] getCountryByID(Int32)" on controller "DVLD_API.Controllers.CountriesAPIController" ("DVLD_API"). (122b2fdf)
2025-07-30T00:12:23.3939718+01:00 0HNEEUKFF368J:0000002B [INF] Executing "OkObjectResult", writing value of type '"DVLD_SharedModels.clsCountryDTO"'. (605b4265)
2025-07-30T00:12:23.3940301+01:00 0HNEEUKFF368J:0000002B [INF] Executed action "DVLD_API.Controllers.CountriesAPIController.getCountryByID (DVLD_API)" in 0.3465ms (afa2e885)
2025-07-30T00:12:23.3940427+01:00 0HNEEUKFF368J:0000002B [INF] Executed endpoint '"DVLD_API.Controllers.CountriesAPIController.getCountryByID (DVLD_API)"' (99874f2b)
2025-07-30T00:12:23.3940728+01:00 0HNEEUKFF368J:0000002B [INF] Request finished "HTTP/1.1" "GET" "http"://"localhost:5045""""/api/CountriesAPI/GetCountryByID/1""" - 200 null "application/json; charset=utf-8" 0.6166ms (74253ad3)
2025-07-30T00:12:23.3943131+01:00 0HNEEUKFF368J:0000002C [INF] Request starting "HTTP/1.1" "GET" "http"://"localhost:5045""""/api/CountriesAPI/GetCountryByID/1""" - null null (d509f86a)
2025-07-30T00:12:23.3943844+01:00 0HNEEUKFF368J:0000002C [INF] Executing endpoint '"DVLD_API.Controllers.CountriesAPIController.getCountryByID (DVLD_API)"' (500cc934)
2025-07-30T00:12:23.3944245+01:00 0HNEEUKFF368J:0000002C [INF] Route matched with "{action = \"getCountryByID\", controller = \"CountriesAPI\"}". Executing controller action with signature "Microsoft.AspNetCore.Mvc.ActionResult`1[DVLD_SharedModels.clsCountryDTO] getCountryByID(Int32)" on controller "DVLD_API.Controllers.CountriesAPIController" ("DVLD_API"). (122b2fdf)
2025-07-30T00:12:23.3946798+01:00 0HNEEUKFF368J:0000002C [INF] Executing "OkObjectResult", writing value of type '"DVLD_SharedModels.clsCountryDTO"'. (605b4265)
2025-07-30T00:12:23.3947368+01:00 0HNEEUKFF368J:0000002C [INF] Executed action "DVLD_API.Controllers.CountriesAPIController.getCountryByID (DVLD_API)" in 0.296ms (afa2e885)
2025-07-30T00:12:23.3947492+01:00 0HNEEUKFF368J:0000002C [INF] Executed endpoint '"DVLD_API.Controllers.CountriesAPIController.getCountryByID (DVLD_API)"' (99874f2b)
2025-07-30T00:12:23.3947793+01:00 0HNEEUKFF368J:0000002C [INF] Request finished "HTTP/1.1" "GET" "http"://"localhost:5045""""/api/CountriesAPI/GetCountryByID/1""" - 200 null "application/json; charset=utf-8" 0.476ms (74253ad3)
2025-07-30T00:12:23.3950026+01:00 0HNEEUKFF368J:0000002D [INF] Request starting "HTTP/1.1" "GET" "http"://"localhost:5045""""/api/CountriesAPI/GetCountryByID/10""" - null null (d509f86a)
2025-07-30T00:12:23.3950601+01:00 0HNEEUKFF368J:0000002D [INF] Executing endpoint '"DVLD_API.Controllers.CountriesAPIController.getCountryByID (DVLD_API)"' (500cc934)
2025-07-30T00:12:23.3950895+01:00 0HNEEUKFF368J:0000002D [INF] Route matched with "{action = \"getCountryByID\", controller = \"CountriesAPI\"}". Executing controller action with signature "Microsoft.AspNetCore.Mvc.ActionResult`1[DVLD_SharedModels.clsCountryDTO] getCountryByID(Int32)" on controller "DVLD_API.Controllers.CountriesAPIController" ("DVLD_API"). (122b2fdf)
2025-07-30T00:12:23.3953300+01:00 0HNEEUKFF368J:0000002D [INF] Executing "OkObjectResult", writing value of type '"DVLD_SharedModels.clsCountryDTO"'. (605b4265)
2025-07-30T00:12:23.3953875+01:00 0HNEEUKFF368J:0000002D [INF] Executed action "DVLD_API.Controllers.CountriesAPIController.getCountryByID (DVLD_API)" in 0.2828ms (afa2e885)
2025-07-30T00:12:23.3954011+01:00 0HNEEUKFF368J:0000002D [INF] Executed endpoint '"DVLD_API.Controllers.CountriesAPIController.getCountryByID (DVLD_API)"' (99874f2b)
2025-07-30T00:12:23.3954316+01:00 0HNEEUKFF368J:0000002D [INF] Request finished "HTTP/1.1" "GET" "http"://"localhost:5045""""/api/CountriesAPI/GetCountryByID/10""" - 200 null "application/json; charset=utf-8" 0.4389ms (74253ad3)
2025-07-30T00:12:23.3956480+01:00 0HNEEUKFF368J:0000002E [INF] Request starting "HTTP/1.1" "GET" "http"://"localhost:5045""""/api/CountriesAPI/GetCountryByID/1""" - null null (d509f86a)
2025-07-30T00:12:23.3957033+01:00 0HNEEUKFF368J:0000002E [INF] Executing endpoint '"DVLD_API.Controllers.CountriesAPIController.getCountryByID (DVLD_API)"' (500cc934)
2025-07-30T00:12:23.3957321+01:00 0HNEEUKFF368J:0000002E [INF] Route matched with "{action = \"getCountryByID\", controller = \"CountriesAPI\"}". Executing controller action with signature "Microsoft.AspNetCore.Mvc.ActionResult`1[DVLD_SharedModels.clsCountryDTO] getCountryByID(Int32)" on controller "DVLD_API.Controllers.CountriesAPIController" ("DVLD_API"). (122b2fdf)
2025-07-30T00:12:23.3959781+01:00 0HNEEUKFF368J:0000002E [INF] Executing "OkObjectResult", writing value of type '"DVLD_SharedModels.clsCountryDTO"'. (605b4265)
2025-07-30T00:12:23.3960330+01:00 0HNEEUKFF368J:0000002E [INF] Executed action "DVLD_API.Controllers.CountriesAPIController.getCountryByID (DVLD_API)" in 0.286ms (afa2e885)
2025-07-30T00:12:23.3960446+01:00 0HNEEUKFF368J:0000002E [INF] Executed endpoint '"DVLD_API.Controllers.CountriesAPIController.getCountryByID (DVLD_API)"' (99874f2b)
2025-07-30T00:12:23.3960749+01:00 0HNEEUKFF368J:0000002E [INF] Request finished "HTTP/1.1" "GET" "http"://"localhost:5045""""/api/CountriesAPI/GetCountryByID/1""" - 200 null "application/json; charset=utf-8" 0.4365ms (74253ad3)
2025-07-30T00:12:32.4968771+01:00 0HNEEUKFF368K:00000001 [INF] Request starting "HTTP/1.1" "GET" "http"://"localhost:5045""""/api/UsersAPi/GetUserInfoByUsernameAndPassword/amine aharkte/123""" - null null (d509f86a)
2025-07-30T00:12:32.4972558+01:00 0HNEEUKFF368K:00000001 [INF] Executing endpoint '"DVLD_API.Controllers.UsersAPIController.GetUserInfoByUsernameAndPassword (DVLD_API)"' (500cc934)
2025-07-30T00:12:32.4973780+01:00 0HNEEUKFF368K:00000001 [INF] Route matched with "{action = \"GetUserInfoByUsernameAndPassword\", controller = \"UsersAPI\"}". Executing controller action with signature "Microsoft.AspNetCore.Mvc.ActionResult`1[DVLD_SharedModels.clsUserDTO] GetUserInfoByUsernameAndPassword(System.String, System.String)" on controller "DVLD_API.Controllers.UsersAPIController" ("DVLD_API"). (122b2fdf)
2025-07-30T00:12:32.4985650+01:00 0HNEEUKFF368K:00000001 [INF] Executing "OkObjectResult", writing value of type '"DVLD_SharedModels.clsUserDTO"'. (605b4265)
2025-07-30T00:12:32.4987320+01:00 0HNEEUKFF368K:00000001 [INF] Executed action "DVLD_API.Controllers.UsersAPIController.GetUserInfoByUsernameAndPassword (DVLD_API)" in 1.1486ms (afa2e885)
2025-07-30T00:12:32.4987485+01:00 0HNEEUKFF368K:00000001 [INF] Executed endpoint '"DVLD_API.Controllers.UsersAPIController.GetUserInfoByUsernameAndPassword (DVLD_API)"' (99874f2b)
2025-07-30T00:12:32.4987978+01:00 0HNEEUKFF368K:00000001 [INF] Request finished "HTTP/1.1" "GET" "http"://"localhost:5045""""/api/UsersAPi/GetUserInfoByUsernameAndPassword/amine aharkte/123""" - 200 null "application/json; charset=utf-8" 1.9847ms (74253ad3)
2025-07-30T00:14:40.9786020+01:00 0HNEEUKFF368L:00000001 [INF] Request starting "HTTP/1.1" "GET" "http"://"localhost:5045""""/api/UsersAPi/GetUserInfoByUsernameAndPassword/amine aharkte/123""" - null null (d509f86a)
2025-07-30T00:14:40.9787237+01:00 0HNEEUKFF368L:00000001 [INF] Executing endpoint '"DVLD_API.Controllers.UsersAPIController.GetUserInfoByUsernameAndPassword (DVLD_API)"' (500cc934)
2025-07-30T00:14:40.9787671+01:00 0HNEEUKFF368L:00000001 [INF] Route matched with "{action = \"GetUserInfoByUsernameAndPassword\", controller = \"UsersAPI\"}". Executing controller action with signature "Microsoft.AspNetCore.Mvc.ActionResult`1[DVLD_SharedModels.clsUserDTO] GetUserInfoByUsernameAndPassword(System.String, System.String)" on controller "DVLD_API.Controllers.UsersAPIController" ("DVLD_API"). (122b2fdf)
2025-07-30T00:14:40.9811147+01:00 0HNEEUKFF368L:00000001 [INF] Executing "OkObjectResult", writing value of type '"DVLD_SharedModels.clsUserDTO"'. (605b4265)
2025-07-30T00:14:40.9812027+01:00 0HNEEUKFF368L:00000001 [INF] Executed action "DVLD_API.Controllers.UsersAPIController.GetUserInfoByUsernameAndPassword (DVLD_API)" in 2.3917ms (afa2e885)
2025-07-30T00:14:40.9812164+01:00 0HNEEUKFF368L:00000001 [INF] Executed endpoint '"DVLD_API.Controllers.UsersAPIController.GetUserInfoByUsernameAndPassword (DVLD_API)"' (99874f2b)
2025-07-30T00:14:40.9812518+01:00 0HNEEUKFF368L:00000001 [INF] Request finished "HTTP/1.1" "GET" "http"://"localhost:5045""""/api/UsersAPi/GetUserInfoByUsernameAndPassword/amine aharkte/123""" - 200 null "application/json; charset=utf-8" 2.7006ms (74253ad3)
