2025-07-21T00:56:08.7029230+01:00  [INF] Now listening on: "http://localhost:5045" (d826f4b8)
2025-07-21T00:56:08.7585890+01:00  [INF] Application started. Press Ctrl+C to shut down. (dcaefe54)
2025-07-21T00:56:08.7599230+01:00  [INF] Hosting environment: "Development" (bc5a1a4e)
2025-07-21T00:56:08.7612687+01:00  [INF] Content root path: "S:\14    PFE_DVLD\TheProjectDVLDVersion2.0.0\BackEnd-ServerSide\DVLD_API" (cc26f24e)
2025-07-21T00:56:10.4942144+01:00 0HNE7T3VOR0AG:00000001 [INF] Request starting "HTTP/1.1" "GET" "http"://"localhost:5045""""/swagger""" - null null (d509f86a)
2025-07-21T00:56:10.6811542+01:00 0HNE7T3VOR0AG:00000001 [INF] Request finished "HTTP/1.1" "GET" "http"://"localhost:5045""""/swagger""" - 301 0 null 193.7094ms (74253ad3)
2025-07-21T00:56:10.6876017+01:00 0HNE7T3VOR0AG:00000002 [INF] Request starting "HTTP/1.1" "GET" "http"://"localhost:5045""""/swagger/index.html""" - null null (d509f86a)
2025-07-21T00:56:10.7371968+01:00 0HNE7T3VOR0AG:00000002 [INF] Request finished "HTTP/1.1" "GET" "http"://"localhost:5045""""/swagger/index.html""" - 200 null "text/html;charset=utf-8" 49.7508ms (74253ad3)
2025-07-21T00:56:10.7938688+01:00 0HNE7T3VOR0AG:00000003 [INF] Request starting "HTTP/1.1" "GET" "http"://"localhost:5045""""/_framework/aspnetcore-browser-refresh.js""" - null null (d509f86a)
2025-07-21T00:56:10.7953006+01:00 0HNE7T3VOR0AG:00000003 [INF] Request finished "HTTP/1.1" "GET" "http"://"localhost:5045""""/_framework/aspnetcore-browser-refresh.js""" - 200 16501 "application/javascript; charset=utf-8" 1.4928ms (74253ad3)
2025-07-21T00:56:10.8098307+01:00 0HNE7T3VOR0AG:00000004 [INF] Request starting "HTTP/1.1" "GET" "http"://"localhost:5045""""/_vs/browserLink""" - null null (d509f86a)
2025-07-21T00:56:10.8553298+01:00 0HNE7T3VOR0AG:00000004 [INF] Request finished "HTTP/1.1" "GET" "http"://"localhost:5045""""/_vs/browserLink""" - 200 null "text/javascript; charset=UTF-8" 45.5322ms (74253ad3)
2025-07-21T00:56:10.9487073+01:00 0HNE7T3VOR0AG:00000005 [INF] Request starting "HTTP/1.1" "GET" "http"://"localhost:5045""""/swagger/v1/swagger.json""" - null null (d509f86a)
2025-07-21T00:56:11.0370578+01:00 0HNE7T3VOR0AG:00000005 [INF] Request finished "HTTP/1.1" "GET" "http"://"localhost:5045""""/swagger/v1/swagger.json""" - 200 null "application/json;charset=utf-8" 88.4076ms (74253ad3)
2025-07-21T00:56:44.2818585+01:00 0HNE7T3VOR0AG:00000006 [INF] Request starting "HTTP/1.1" "GET" "http"://"localhost:5045""""/api/TestsAPI/GetTestById/111""" - null null (d509f86a)
2025-07-21T00:56:44.2986353+01:00 0HNE7T3VOR0AG:00000006 [WRN] Failed to determine the https port for redirect. (ca76cc21)
2025-07-21T00:56:44.3013725+01:00 0HNE7T3VOR0AG:00000006 [INF] Executing endpoint '"DVLD_API.Controllers.TestsAsyncController.GetTestById (DVLD_API)"' (500cc934)
2025-07-21T00:56:44.3262787+01:00 0HNE7T3VOR0AG:00000006 [INF] Route matched with "{action = \"GetTestById\", controller = \"TestsAsync\"}". Executing controller action with signature "System.Threading.Tasks.Task`1[Microsoft.AspNetCore.Mvc.ActionResult`1[DVLD_SharedModels.clsTestDTO]] GetTestById(Int32)" on controller "DVLD_API.Controllers.TestsAsyncController" ("DVLD_API"). (122b2fdf)
2025-07-21T00:56:44.6336610+01:00 0HNE7T3VOR0AG:00000006 [INF] Executing "ObjectResult", writing value of type '"Microsoft.AspNetCore.Mvc.ProblemDetails"'. (605b4265)
2025-07-21T00:56:44.6489142+01:00 0HNE7T3VOR0AG:00000006 [INF] Executed action "DVLD_API.Controllers.TestsAsyncController.GetTestById (DVLD_API)" in 320.175ms (afa2e885)
2025-07-21T00:56:44.6492104+01:00 0HNE7T3VOR0AG:00000006 [INF] Executed endpoint '"DVLD_API.Controllers.TestsAsyncController.GetTestById (DVLD_API)"' (99874f2b)
2025-07-21T00:56:44.6501075+01:00 0HNE7T3VOR0AG:00000006 [INF] Request finished "HTTP/1.1" "GET" "http"://"localhost:5045""""/api/TestsAPI/GetTestById/111""" - 404 null "application/problem+json; charset=utf-8" 368.3641ms (74253ad3)
2025-07-21T01:16:23.4639352+01:00 0HNE7T3VOR0AH:00000001 [INF] Request starting "HTTP/1.1" "POST" "http"://"localhost:5045""""/api/TestsAPI/AddNewTest""" - "application/json" 111 (d509f86a)
2025-07-21T01:16:23.4667448+01:00 0HNE7T3VOR0AH:00000001 [INF] Executing endpoint '"DVLD_API.Controllers.TestsAsyncController.CreateTest (DVLD_API)"' (500cc934)
2025-07-21T01:16:23.4704463+01:00 0HNE7T3VOR0AH:00000001 [INF] Route matched with "{action = \"CreateTest\", controller = \"TestsAsync\"}". Executing controller action with signature "System.Threading.Tasks.Task`1[Microsoft.AspNetCore.Mvc.ActionResult`1[DVLD_SharedModels.clsTestDTO]] CreateTest(DVLD_SharedModels.clsTestDTO)" on controller "DVLD_API.Controllers.TestsAsyncController" ("DVLD_API"). (122b2fdf)
2025-07-21T01:16:23.5620952+01:00 0HNE7T3VOR0AH:00000001 [INF] Executing "CreatedAtRouteResult", writing value of type '"DVLD_SharedModels.clsTestDTO"'. (605b4265)
2025-07-21T01:16:23.5747274+01:00 0HNE7T3VOR0AH:00000001 [INF] Executed action "DVLD_API.Controllers.TestsAsyncController.CreateTest (DVLD_API)" in 104.2197ms (afa2e885)
2025-07-21T01:16:23.5747707+01:00 0HNE7T3VOR0AH:00000001 [INF] Executed endpoint '"DVLD_API.Controllers.TestsAsyncController.CreateTest (DVLD_API)"' (99874f2b)
2025-07-21T01:16:23.5748600+01:00 0HNE7T3VOR0AH:00000001 [INF] Request finished "HTTP/1.1" "POST" "http"://"localhost:5045""""/api/TestsAPI/AddNewTest""" - 201 null "application/json; charset=utf-8" 110.9771ms (74253ad3)
2025-07-21T01:16:52.4177960+01:00 0HNE7T3VOR0AH:00000002 [INF] Request starting "HTTP/1.1" "PUT" "http"://"localhost:5045""""/api/TestsAPI/UpdateTest/10""" - "application/json" 110 (d509f86a)
2025-07-21T01:16:52.4210639+01:00 0HNE7T3VOR0AH:00000002 [INF] Executing endpoint '"DVLD_API.Controllers.TestsAsyncController.UpdateTest (DVLD_API)"' (500cc934)
2025-07-21T01:16:52.4237330+01:00 0HNE7T3VOR0AH:00000002 [INF] Route matched with "{action = \"UpdateTest\", controller = \"TestsAsync\"}". Executing controller action with signature "System.Threading.Tasks.Task`1[Microsoft.AspNetCore.Mvc.IActionResult] UpdateTest(Int32, DVLD_SharedModels.clsTestDTO)" on controller "DVLD_API.Controllers.TestsAsyncController" ("DVLD_API"). (122b2fdf)
2025-07-21T01:16:52.4254841+01:00 0HNE7T3VOR0AH:00000002 [INF] Executing "BadRequestObjectResult", writing value of type '"System.String"'. (605b4265)
2025-07-21T01:16:52.4256546+01:00 0HNE7T3VOR0AH:00000002 [INF] Executed action "DVLD_API.Controllers.TestsAsyncController.UpdateTest (DVLD_API)" in 1.8891ms (afa2e885)
2025-07-21T01:16:52.4257039+01:00 0HNE7T3VOR0AH:00000002 [INF] Executed endpoint '"DVLD_API.Controllers.TestsAsyncController.UpdateTest (DVLD_API)"' (99874f2b)
2025-07-21T01:16:52.4257690+01:00 0HNE7T3VOR0AH:00000002 [INF] Request finished "HTTP/1.1" "PUT" "http"://"localhost:5045""""/api/TestsAPI/UpdateTest/10""" - 400 null "text/plain; charset=utf-8" 8.0535ms (74253ad3)
2025-07-21T01:17:22.0779017+01:00 0HNE7T3VOR0AH:00000003 [INF] Request starting "HTTP/1.1" "GET" "http"://"localhost:5045""""/api/TestsAPI/GetLastTestByPerson/1/license-class/1/test-type/1/latest""" - null null (d509f86a)
2025-07-21T01:17:22.0787945+01:00 0HNE7T3VOR0AH:00000003 [INF] Executing endpoint '"DVLD_API.Controllers.TestsAsyncController.GetLastTest (DVLD_API)"' (500cc934)
2025-07-21T01:17:22.0844920+01:00 0HNE7T3VOR0AH:00000003 [INF] Route matched with "{action = \"GetLastTest\", controller = \"TestsAsync\"}". Executing controller action with signature "System.Threading.Tasks.Task`1[Microsoft.AspNetCore.Mvc.ActionResult`1[DVLD_SharedModels.clsTestDTO]] GetLastTest(Int32, Int32, Int32)" on controller "DVLD_API.Controllers.TestsAsyncController" ("DVLD_API"). (122b2fdf)
2025-07-21T01:17:22.1101534+01:00 0HNE7T3VOR0AH:00000003 [INF] Executing "OkObjectResult", writing value of type '"DVLD_SharedModels.clsTestDTO"'. (605b4265)
2025-07-21T01:17:22.1103842+01:00 0HNE7T3VOR0AH:00000003 [INF] Executed action "DVLD_API.Controllers.TestsAsyncController.GetLastTest (DVLD_API)" in 25.8551ms (afa2e885)
2025-07-21T01:17:22.1104205+01:00 0HNE7T3VOR0AH:00000003 [INF] Executed endpoint '"DVLD_API.Controllers.TestsAsyncController.GetLastTest (DVLD_API)"' (99874f2b)
2025-07-21T01:17:22.1105351+01:00 0HNE7T3VOR0AH:00000003 [INF] Request finished "HTTP/1.1" "GET" "http"://"localhost:5045""""/api/TestsAPI/GetLastTestByPerson/1/license-class/1/test-type/1/latest""" - 200 null "application/json; charset=utf-8" 32.7511ms (74253ad3)
2025-07-21T01:17:46.0807151+01:00 0HNE7T3VOR0AH:00000004 [INF] Request starting "HTTP/1.1" "GET" "http"://"localhost:5045""""/api/TestsAPI/GetAllTests""" - null null (d509f86a)
2025-07-21T01:17:46.0827571+01:00 0HNE7T3VOR0AH:00000004 [INF] Executing endpoint '"DVLD_API.Controllers.TestsAsyncController.GetAllTests (DVLD_API)"' (500cc934)
2025-07-21T01:17:46.0865141+01:00 0HNE7T3VOR0AH:00000004 [INF] Route matched with "{action = \"GetAllTests\", controller = \"TestsAsync\"}". Executing controller action with signature "System.Threading.Tasks.Task`1[Microsoft.AspNetCore.Mvc.ActionResult`1[System.Collections.Generic.IEnumerable`1[DVLD_SharedModels.clsTestDTO]]] GetAllTests()" on controller "DVLD_API.Controllers.TestsAsyncController" ("DVLD_API"). (122b2fdf)
2025-07-21T01:17:46.0895294+01:00 0HNE7T3VOR0AH:00000004 [INF] Executing "OkObjectResult", writing value of type '"System.Collections.Generic.List`1[[DVLD_SharedModels.clsTestDTO, DVLD_SharedModels, Version=1.0.0.0, Culture=neutral, PublicKeyToken=null]]"'. (605b4265)
2025-07-21T01:17:46.0903690+01:00 0HNE7T3VOR0AH:00000004 [INF] Executed action "DVLD_API.Controllers.TestsAsyncController.GetAllTests (DVLD_API)" in 3.8239ms (afa2e885)
2025-07-21T01:17:46.0903930+01:00 0HNE7T3VOR0AH:00000004 [INF] Executed endpoint '"DVLD_API.Controllers.TestsAsyncController.GetAllTests (DVLD_API)"' (99874f2b)
2025-07-21T01:17:46.0904638+01:00 0HNE7T3VOR0AH:00000004 [INF] Request finished "HTTP/1.1" "GET" "http"://"localhost:5045""""/api/TestsAPI/GetAllTests""" - 200 null "application/json; charset=utf-8" 9.8928ms (74253ad3)
2025-07-21T01:18:05.8134647+01:00 0HNE7T3VOR0AH:00000005 [INF] Request starting "HTTP/1.1" "GET" "http"://"localhost:5045""""/api/TestsAPI/GetPassedTestCountByApplication/1/passed-count""" - null null (d509f86a)
2025-07-21T01:18:05.8137033+01:00 0HNE7T3VOR0AH:00000005 [INF] Executing endpoint '"DVLD_API.Controllers.TestsAsyncController.GetPassedTestCount (DVLD_API)"' (500cc934)
2025-07-21T01:18:05.8163908+01:00 0HNE7T3VOR0AH:00000005 [INF] Route matched with "{action = \"GetPassedTestCount\", controller = \"TestsAsync\"}". Executing controller action with signature "System.Threading.Tasks.Task`1[Microsoft.AspNetCore.Mvc.ActionResult`1[System.Int32]] GetPassedTestCount(Int32)" on controller "DVLD_API.Controllers.TestsAsyncController" ("DVLD_API"). (122b2fdf)
2025-07-21T01:18:05.8210184+01:00 0HNE7T3VOR0AH:00000005 [INF] Executing "OkObjectResult", writing value of type '"System.Int32"'. (605b4265)
2025-07-21T01:18:05.8224728+01:00 0HNE7T3VOR0AH:00000005 [INF] Executed action "DVLD_API.Controllers.TestsAsyncController.GetPassedTestCount (DVLD_API)" in 6.0456ms (afa2e885)
2025-07-21T01:18:05.8224966+01:00 0HNE7T3VOR0AH:00000005 [INF] Executed endpoint '"DVLD_API.Controllers.TestsAsyncController.GetPassedTestCount (DVLD_API)"' (99874f2b)
2025-07-21T01:18:05.8225696+01:00 0HNE7T3VOR0AH:00000005 [INF] Request finished "HTTP/1.1" "GET" "http"://"localhost:5045""""/api/TestsAPI/GetPassedTestCountByApplication/1/passed-count""" - 200 null "application/json; charset=utf-8" 9.2336ms (74253ad3)
2025-07-21T22:06:48.6680701+01:00  [INF] Now listening on: "http://localhost:5045" (d826f4b8)
2025-07-21T22:06:48.7393881+01:00  [INF] Application started. Press Ctrl+C to shut down. (dcaefe54)
2025-07-21T22:06:48.7414356+01:00  [INF] Hosting environment: "Development" (bc5a1a4e)
2025-07-21T22:06:48.7431642+01:00  [INF] Content root path: "S:\14    PFE_DVLD\TheProjectDVLDVersion2.0.0\BackEnd-ServerSide\DVLD_API" (cc26f24e)
2025-07-21T22:06:50.2583662+01:00 0HNE8JA0UHIO7:00000001 [INF] Request starting "HTTP/1.1" "GET" "http"://"localhost:5045""""/swagger""" - null null (d509f86a)
2025-07-21T22:06:50.4291259+01:00 0HNE8JA0UHIO7:00000001 [INF] Request finished "HTTP/1.1" "GET" "http"://"localhost:5045""""/swagger""" - 301 0 null 175.3305ms (74253ad3)
2025-07-21T22:06:50.4451389+01:00 0HNE8JA0UHIO7:00000002 [INF] Request starting "HTTP/1.1" "GET" "http"://"localhost:5045""""/swagger/index.html""" - null null (d509f86a)
2025-07-21T22:06:50.4887897+01:00 0HNE8JA0UHIO7:00000002 [INF] Request finished "HTTP/1.1" "GET" "http"://"localhost:5045""""/swagger/index.html""" - 200 null "text/html;charset=utf-8" 43.7373ms (74253ad3)
2025-07-21T22:06:50.5540892+01:00 0HNE8JA0UHIO7:00000003 [INF] Request starting "HTTP/1.1" "GET" "http"://"localhost:5045""""/_framework/aspnetcore-browser-refresh.js""" - null null (d509f86a)
2025-07-21T22:06:50.5558055+01:00 0HNE8JA0UHIO8:00000001 [INF] Request starting "HTTP/1.1" "GET" "http"://"localhost:5045""""/_vs/browserLink""" - null null (d509f86a)
2025-07-21T22:06:50.5559947+01:00 0HNE8JA0UHIO7:00000003 [INF] Request finished "HTTP/1.1" "GET" "http"://"localhost:5045""""/_framework/aspnetcore-browser-refresh.js""" - 200 16501 "application/javascript; charset=utf-8" 1.9754ms (74253ad3)
2025-07-21T22:06:50.6016832+01:00 0HNE8JA0UHIO8:00000001 [INF] Request finished "HTTP/1.1" "GET" "http"://"localhost:5045""""/_vs/browserLink""" - 200 null "text/javascript; charset=UTF-8" 45.8705ms (74253ad3)
2025-07-21T22:06:50.6862353+01:00 0HNE8JA0UHIO8:00000002 [INF] Request starting "HTTP/1.1" "GET" "http"://"localhost:5045""""/swagger/favicon-16x16.png""" - null null (d509f86a)
2025-07-21T22:06:50.6962641+01:00 0HNE8JA0UHIO8:00000002 [INF] Sending file. Request path: '"/favicon-16x16.png"'. Physical path: '"N/A"' (27b0a520)
2025-07-21T22:06:50.6964431+01:00 0HNE8JA0UHIO8:00000002 [INF] Request finished "HTTP/1.1" "GET" "http"://"localhost:5045""""/swagger/favicon-16x16.png""" - 499 665 "image/png" 10.2355ms (74253ad3)
2025-07-21T22:06:50.7046158+01:00 0HNE8JA0UHIO7:00000004 [INF] Request starting "HTTP/1.1" "GET" "http"://"localhost:5045""""/swagger/v1/swagger.json""" - null null (d509f86a)
2025-07-21T22:06:50.8039773+01:00 0HNE8JA0UHIO7:00000004 [INF] Request finished "HTTP/1.1" "GET" "http"://"localhost:5045""""/swagger/v1/swagger.json""" - 200 null "application/json;charset=utf-8" 99.4298ms (74253ad3)
2025-07-21T22:07:08.9323848+01:00 0HNE8JA0UHIO9:00000001 [INF] Request starting "HTTP/1.1" "GET" "http"://"localhost:5045""""/api/UsersAPi/GetUserInfoByUsernameAndPassword/amine/123""" - null null (d509f86a)
2025-07-21T22:07:08.9438195+01:00 0HNE8JA0UHIO9:00000001 [WRN] Failed to determine the https port for redirect. (ca76cc21)
2025-07-21T22:07:08.9460127+01:00 0HNE8JA0UHIO9:00000001 [INF] Executing endpoint '"DVLD_API.Controllers.UsersAPIController.GetUserInfoByUsernameAndPassword (DVLD_API)"' (500cc934)
2025-07-21T22:07:08.9600462+01:00 0HNE8JA0UHIO9:00000001 [INF] Route matched with "{action = \"GetUserInfoByUsernameAndPassword\", controller = \"UsersAPI\"}". Executing controller action with signature "Microsoft.AspNetCore.Mvc.ActionResult`1[DVLD_SharedModels.clsUserDTO] GetUserInfoByUsernameAndPassword(System.String, System.String)" on controller "DVLD_API.Controllers.UsersAPIController" ("DVLD_API"). (122b2fdf)
2025-07-21T22:07:09.7782013+01:00 0HNE8JA0UHIO9:00000001 [INF] Executing "OkObjectResult", writing value of type '"DVLD_SharedModels.clsUserDTO"'. (605b4265)
2025-07-21T22:07:09.7835818+01:00 0HNE8JA0UHIO9:00000001 [INF] Executed action "DVLD_API.Controllers.UsersAPIController.GetUserInfoByUsernameAndPassword (DVLD_API)" in 821.4861ms (afa2e885)
2025-07-21T22:07:09.7836735+01:00 0HNE8JA0UHIO9:00000001 [INF] Executed endpoint '"DVLD_API.Controllers.UsersAPIController.GetUserInfoByUsernameAndPassword (DVLD_API)"' (99874f2b)
2025-07-21T22:07:09.7837827+01:00 0HNE8JA0UHIO9:00000001 [INF] Request finished "HTTP/1.1" "GET" "http"://"localhost:5045""""/api/UsersAPi/GetUserInfoByUsernameAndPassword/amine/123""" - 200 null "application/json; charset=utf-8" 851.459ms (74253ad3)
2025-07-21T22:08:06.2229233+01:00 0HNE8JA0UHIOA:00000001 [INF] Request starting "HTTP/1.1" "GET" "http"://"localhost:5045""""/api/PersonAPI/AllPeople""" - null null (d509f86a)
2025-07-21T22:08:06.2245272+01:00 0HNE8JA0UHIOA:00000001 [INF] Executing endpoint '"DVLD_API.Controllers.PersonAPIController.GetAllPeople (DVLD_API)"' (500cc934)
2025-07-21T22:08:06.2256754+01:00 0HNE8JA0UHIOA:00000001 [INF] Route matched with "{action = \"GetAllPeople\", controller = \"PersonAPI\"}". Executing controller action with signature "Microsoft.AspNetCore.Mvc.ActionResult`1[DVLD_SharedModels.clsPersonDTO] GetAllPeople()" on controller "DVLD_API.Controllers.PersonAPIController" ("DVLD_API"). (122b2fdf)
2025-07-21T22:08:06.2501585+01:00 0HNE8JA0UHIOA:00000001 [INF] Executing "OkObjectResult", writing value of type '"System.Collections.Generic.List`1[[DVLD_SharedModels.clsPersonDTO, DVLD_SharedModels, Version=1.0.0.0, Culture=neutral, PublicKeyToken=null]]"'. (605b4265)
2025-07-21T22:08:06.2558143+01:00 0HNE8JA0UHIOA:00000001 [INF] Executed action "DVLD_API.Controllers.PersonAPIController.GetAllPeople (DVLD_API)" in 30.0711ms (afa2e885)
2025-07-21T22:08:06.2558600+01:00 0HNE8JA0UHIOA:00000001 [INF] Executed endpoint '"DVLD_API.Controllers.PersonAPIController.GetAllPeople (DVLD_API)"' (99874f2b)
2025-07-21T22:08:06.2559210+01:00 0HNE8JA0UHIOA:00000001 [INF] Request finished "HTTP/1.1" "GET" "http"://"localhost:5045""""/api/PersonAPI/AllPeople""" - 200 null "application/json; charset=utf-8" 33.0474ms (74253ad3)
2025-07-21T22:08:06.2911727+01:00 0HNE8JA0UHIOB:00000001 [INF] Request starting "HTTP/1.1" "GET" "http"://"localhost:5045""""/api/CountriesAPI/GetCountryByID/119""" - null null (d509f86a)
2025-07-21T22:08:06.2924200+01:00 0HNE8JA0UHIOB:00000001 [INF] Executing endpoint '"DVLD_API.Controllers.CountriesAPIController.getCountryByID (DVLD_API)"' (500cc934)
2025-07-21T22:08:06.2979869+01:00 0HNE8JA0UHIOB:00000001 [INF] Route matched with "{action = \"getCountryByID\", controller = \"CountriesAPI\"}". Executing controller action with signature "Microsoft.AspNetCore.Mvc.ActionResult`1[DVLD_SharedModels.clsCountryDTO] getCountryByID(Int32)" on controller "DVLD_API.Controllers.CountriesAPIController" ("DVLD_API"). (122b2fdf)
2025-07-21T22:08:06.3017501+01:00 0HNE8JA0UHIOB:00000001 [INF] Executing "OkObjectResult", writing value of type '"DVLD_SharedModels.clsCountryDTO"'. (605b4265)
2025-07-21T22:08:06.3029392+01:00 0HNE8JA0UHIOB:00000001 [INF] Executed action "DVLD_API.Controllers.CountriesAPIController.getCountryByID (DVLD_API)" in 4.9111ms (afa2e885)
2025-07-21T22:08:06.3029625+01:00 0HNE8JA0UHIOB:00000001 [INF] Executed endpoint '"DVLD_API.Controllers.CountriesAPIController.getCountryByID (DVLD_API)"' (99874f2b)
2025-07-21T22:08:06.3030156+01:00 0HNE8JA0UHIOB:00000001 [INF] Request finished "HTTP/1.1" "GET" "http"://"localhost:5045""""/api/CountriesAPI/GetCountryByID/119""" - 200 null "application/json; charset=utf-8" 11.8841ms (74253ad3)
2025-07-21T22:08:06.3209080+01:00 0HNE8JA0UHIOB:00000002 [INF] Request starting "HTTP/1.1" "GET" "http"://"localhost:5045""""/api/CountriesAPI/GetCountryByID/119""" - null null (d509f86a)
2025-07-21T22:08:06.3217400+01:00 0HNE8JA0UHIOB:00000002 [INF] Executing endpoint '"DVLD_API.Controllers.CountriesAPIController.getCountryByID (DVLD_API)"' (500cc934)
2025-07-21T22:08:06.3218480+01:00 0HNE8JA0UHIOB:00000002 [INF] Route matched with "{action = \"getCountryByID\", controller = \"CountriesAPI\"}". Executing controller action with signature "Microsoft.AspNetCore.Mvc.ActionResult`1[DVLD_SharedModels.clsCountryDTO] getCountryByID(Int32)" on controller "DVLD_API.Controllers.CountriesAPIController" ("DVLD_API"). (122b2fdf)
2025-07-21T22:08:06.3224397+01:00 0HNE8JA0UHIOB:00000002 [INF] Executing "OkObjectResult", writing value of type '"DVLD_SharedModels.clsCountryDTO"'. (605b4265)
2025-07-21T22:08:06.3225445+01:00 0HNE8JA0UHIOB:00000002 [INF] Executed action "DVLD_API.Controllers.CountriesAPIController.getCountryByID (DVLD_API)" in 0.677ms (afa2e885)
2025-07-21T22:08:06.3225581+01:00 0HNE8JA0UHIOB:00000002 [INF] Executed endpoint '"DVLD_API.Controllers.CountriesAPIController.getCountryByID (DVLD_API)"' (99874f2b)
2025-07-21T22:08:06.3225903+01:00 0HNE8JA0UHIOB:00000002 [INF] Request finished "HTTP/1.1" "GET" "http"://"localhost:5045""""/api/CountriesAPI/GetCountryByID/119""" - 200 null "application/json; charset=utf-8" 1.7563ms (74253ad3)
2025-07-21T22:08:06.3295648+01:00 0HNE8JA0UHIOB:00000003 [INF] Request starting "HTTP/1.1" "GET" "http"://"localhost:5045""""/api/CountriesAPI/GetCountryByID/119""" - null null (d509f86a)
2025-07-21T22:08:06.3296880+01:00 0HNE8JA0UHIOB:00000003 [INF] Executing endpoint '"DVLD_API.Controllers.CountriesAPIController.getCountryByID (DVLD_API)"' (500cc934)
2025-07-21T22:08:06.3297505+01:00 0HNE8JA0UHIOB:00000003 [INF] Route matched with "{action = \"getCountryByID\", controller = \"CountriesAPI\"}". Executing controller action with signature "Microsoft.AspNetCore.Mvc.ActionResult`1[DVLD_SharedModels.clsCountryDTO] getCountryByID(Int32)" on controller "DVLD_API.Controllers.CountriesAPIController" ("DVLD_API"). (122b2fdf)
2025-07-21T22:08:06.3301912+01:00 0HNE8JA0UHIOB:00000003 [INF] Executing "OkObjectResult", writing value of type '"DVLD_SharedModels.clsCountryDTO"'. (605b4265)
2025-07-21T22:08:06.3302858+01:00 0HNE8JA0UHIOB:00000003 [INF] Executed action "DVLD_API.Controllers.CountriesAPIController.getCountryByID (DVLD_API)" in 0.5154ms (afa2e885)
2025-07-21T22:08:06.3303021+01:00 0HNE8JA0UHIOB:00000003 [INF] Executed endpoint '"DVLD_API.Controllers.CountriesAPIController.getCountryByID (DVLD_API)"' (99874f2b)
2025-07-21T22:08:06.3303425+01:00 0HNE8JA0UHIOB:00000003 [INF] Request finished "HTTP/1.1" "GET" "http"://"localhost:5045""""/api/CountriesAPI/GetCountryByID/119""" - 200 null "application/json; charset=utf-8" 0.8119ms (74253ad3)
2025-07-21T22:08:06.3306984+01:00 0HNE8JA0UHIOB:00000004 [INF] Request starting "HTTP/1.1" "GET" "http"://"localhost:5045""""/api/CountriesAPI/GetCountryByID/119""" - null null (d509f86a)
2025-07-21T22:08:06.3307892+01:00 0HNE8JA0UHIOB:00000004 [INF] Executing endpoint '"DVLD_API.Controllers.CountriesAPIController.getCountryByID (DVLD_API)"' (500cc934)
2025-07-21T22:08:06.3308281+01:00 0HNE8JA0UHIOB:00000004 [INF] Route matched with "{action = \"getCountryByID\", controller = \"CountriesAPI\"}". Executing controller action with signature "Microsoft.AspNetCore.Mvc.ActionResult`1[DVLD_SharedModels.clsCountryDTO] getCountryByID(Int32)" on controller "DVLD_API.Controllers.CountriesAPIController" ("DVLD_API"). (122b2fdf)
2025-07-21T22:08:06.3311372+01:00 0HNE8JA0UHIOB:00000004 [INF] Executing "OkObjectResult", writing value of type '"DVLD_SharedModels.clsCountryDTO"'. (605b4265)
2025-07-21T22:08:06.3312028+01:00 0HNE8JA0UHIOB:00000004 [INF] Executed action "DVLD_API.Controllers.CountriesAPIController.getCountryByID (DVLD_API)" in 0.3509ms (afa2e885)
2025-07-21T22:08:06.3312132+01:00 0HNE8JA0UHIOB:00000004 [INF] Executed endpoint '"DVLD_API.Controllers.CountriesAPIController.getCountryByID (DVLD_API)"' (99874f2b)
2025-07-21T22:08:06.3312365+01:00 0HNE8JA0UHIOB:00000004 [INF] Request finished "HTTP/1.1" "GET" "http"://"localhost:5045""""/api/CountriesAPI/GetCountryByID/119""" - 200 null "application/json; charset=utf-8" 0.5599ms (74253ad3)
2025-07-21T22:08:06.3315410+01:00 0HNE8JA0UHIOB:00000005 [INF] Request starting "HTTP/1.1" "GET" "http"://"localhost:5045""""/api/CountriesAPI/GetCountryByID/119""" - null null (d509f86a)
2025-07-21T22:08:06.3316052+01:00 0HNE8JA0UHIOB:00000005 [INF] Executing endpoint '"DVLD_API.Controllers.CountriesAPIController.getCountryByID (DVLD_API)"' (500cc934)
2025-07-21T22:08:06.3316492+01:00 0HNE8JA0UHIOB:00000005 [INF] Route matched with "{action = \"getCountryByID\", controller = \"CountriesAPI\"}". Executing controller action with signature "Microsoft.AspNetCore.Mvc.ActionResult`1[DVLD_SharedModels.clsCountryDTO] getCountryByID(Int32)" on controller "DVLD_API.Controllers.CountriesAPIController" ("DVLD_API"). (122b2fdf)
2025-07-21T22:08:06.3319693+01:00 0HNE8JA0UHIOB:00000005 [INF] Executing "OkObjectResult", writing value of type '"DVLD_SharedModels.clsCountryDTO"'. (605b4265)
2025-07-21T22:08:06.3320237+01:00 0HNE8JA0UHIOB:00000005 [INF] Executed action "DVLD_API.Controllers.CountriesAPIController.getCountryByID (DVLD_API)" in 0.3598ms (afa2e885)
2025-07-21T22:08:06.3320340+01:00 0HNE8JA0UHIOB:00000005 [INF] Executed endpoint '"DVLD_API.Controllers.CountriesAPIController.getCountryByID (DVLD_API)"' (99874f2b)
2025-07-21T22:08:06.3320649+01:00 0HNE8JA0UHIOB:00000005 [INF] Request finished "HTTP/1.1" "GET" "http"://"localhost:5045""""/api/CountriesAPI/GetCountryByID/119""" - 200 null "application/json; charset=utf-8" 0.5514ms (74253ad3)
2025-07-21T22:08:06.3323176+01:00 0HNE8JA0UHIOB:00000006 [INF] Request starting "HTTP/1.1" "GET" "http"://"localhost:5045""""/api/CountriesAPI/GetCountryByID/119""" - null null (d509f86a)
2025-07-21T22:08:06.3325591+01:00 0HNE8JA0UHIOB:00000006 [INF] Executing endpoint '"DVLD_API.Controllers.CountriesAPIController.getCountryByID (DVLD_API)"' (500cc934)
2025-07-21T22:08:06.3326029+01:00 0HNE8JA0UHIOB:00000006 [INF] Route matched with "{action = \"getCountryByID\", controller = \"CountriesAPI\"}". Executing controller action with signature "Microsoft.AspNetCore.Mvc.ActionResult`1[DVLD_SharedModels.clsCountryDTO] getCountryByID(Int32)" on controller "DVLD_API.Controllers.CountriesAPIController" ("DVLD_API"). (122b2fdf)
2025-07-21T22:08:06.3328640+01:00 0HNE8JA0UHIOB:00000006 [INF] Executing "OkObjectResult", writing value of type '"DVLD_SharedModels.clsCountryDTO"'. (605b4265)
2025-07-21T22:08:06.3329262+01:00 0HNE8JA0UHIOB:00000006 [INF] Executed action "DVLD_API.Controllers.CountriesAPIController.getCountryByID (DVLD_API)" in 0.3089ms (afa2e885)
2025-07-21T22:08:06.3329441+01:00 0HNE8JA0UHIOB:00000006 [INF] Executed endpoint '"DVLD_API.Controllers.CountriesAPIController.getCountryByID (DVLD_API)"' (99874f2b)
2025-07-21T22:08:06.3329702+01:00 0HNE8JA0UHIOB:00000006 [INF] Request finished "HTTP/1.1" "GET" "http"://"localhost:5045""""/api/CountriesAPI/GetCountryByID/119""" - 200 null "application/json; charset=utf-8" 0.6668ms (74253ad3)
2025-07-21T22:08:06.3369465+01:00 0HNE8JA0UHIOB:00000007 [INF] Request starting "HTTP/1.1" "GET" "http"://"localhost:5045""""/api/CountriesAPI/GetCountryByID/119""" - null null (d509f86a)
2025-07-21T22:08:06.3371733+01:00 0HNE8JA0UHIOB:00000007 [INF] Executing endpoint '"DVLD_API.Controllers.CountriesAPIController.getCountryByID (DVLD_API)"' (500cc934)
2025-07-21T22:08:06.3372485+01:00 0HNE8JA0UHIOB:00000007 [INF] Route matched with "{action = \"getCountryByID\", controller = \"CountriesAPI\"}". Executing controller action with signature "Microsoft.AspNetCore.Mvc.ActionResult`1[DVLD_SharedModels.clsCountryDTO] getCountryByID(Int32)" on controller "DVLD_API.Controllers.CountriesAPIController" ("DVLD_API"). (122b2fdf)
2025-07-21T22:08:06.3377767+01:00 0HNE8JA0UHIOB:00000007 [INF] Executing "OkObjectResult", writing value of type '"DVLD_SharedModels.clsCountryDTO"'. (605b4265)
2025-07-21T22:08:06.3378807+01:00 0HNE8JA0UHIOB:00000007 [INF] Executed action "DVLD_API.Controllers.CountriesAPIController.getCountryByID (DVLD_API)" in 0.6061ms (afa2e885)
2025-07-21T22:08:06.3378942+01:00 0HNE8JA0UHIOB:00000007 [INF] Executed endpoint '"DVLD_API.Controllers.CountriesAPIController.getCountryByID (DVLD_API)"' (99874f2b)
2025-07-21T22:08:06.3379475+01:00 0HNE8JA0UHIOB:00000007 [INF] Request finished "HTTP/1.1" "GET" "http"://"localhost:5045""""/api/CountriesAPI/GetCountryByID/119""" - 200 null "application/json; charset=utf-8" 1.0788ms (74253ad3)
2025-07-21T22:08:06.3384297+01:00 0HNE8JA0UHIOB:00000008 [INF] Request starting "HTTP/1.1" "GET" "http"://"localhost:5045""""/api/CountriesAPI/GetCountryByID/119""" - null null (d509f86a)
2025-07-21T22:08:06.3385232+01:00 0HNE8JA0UHIOB:00000008 [INF] Executing endpoint '"DVLD_API.Controllers.CountriesAPIController.getCountryByID (DVLD_API)"' (500cc934)
2025-07-21T22:08:06.3385725+01:00 0HNE8JA0UHIOB:00000008 [INF] Route matched with "{action = \"getCountryByID\", controller = \"CountriesAPI\"}". Executing controller action with signature "Microsoft.AspNetCore.Mvc.ActionResult`1[DVLD_SharedModels.clsCountryDTO] getCountryByID(Int32)" on controller "DVLD_API.Controllers.CountriesAPIController" ("DVLD_API"). (122b2fdf)
2025-07-21T22:08:06.3390521+01:00 0HNE8JA0UHIOB:00000008 [INF] Executing "OkObjectResult", writing value of type '"DVLD_SharedModels.clsCountryDTO"'. (605b4265)
2025-07-21T22:08:06.3392076+01:00 0HNE8JA0UHIOB:00000008 [INF] Executed action "DVLD_API.Controllers.CountriesAPIController.getCountryByID (DVLD_API)" in 0.6081ms (afa2e885)
2025-07-21T22:08:06.3392323+01:00 0HNE8JA0UHIOB:00000008 [INF] Executed endpoint '"DVLD_API.Controllers.CountriesAPIController.getCountryByID (DVLD_API)"' (99874f2b)
2025-07-21T22:08:06.3393020+01:00 0HNE8JA0UHIOB:00000008 [INF] Request finished "HTTP/1.1" "GET" "http"://"localhost:5045""""/api/CountriesAPI/GetCountryByID/119""" - 200 null "application/json; charset=utf-8" 0.8913ms (74253ad3)
2025-07-21T22:08:06.3397119+01:00 0HNE8JA0UHIOB:00000009 [INF] Request starting "HTTP/1.1" "GET" "http"://"localhost:5045""""/api/CountriesAPI/GetCountryByID/119""" - null null (d509f86a)
2025-07-21T22:08:06.3398160+01:00 0HNE8JA0UHIOB:00000009 [INF] Executing endpoint '"DVLD_API.Controllers.CountriesAPIController.getCountryByID (DVLD_API)"' (500cc934)
2025-07-21T22:08:06.3398803+01:00 0HNE8JA0UHIOB:00000009 [INF] Route matched with "{action = \"getCountryByID\", controller = \"CountriesAPI\"}". Executing controller action with signature "Microsoft.AspNetCore.Mvc.ActionResult`1[DVLD_SharedModels.clsCountryDTO] getCountryByID(Int32)" on controller "DVLD_API.Controllers.CountriesAPIController" ("DVLD_API"). (122b2fdf)
2025-07-21T22:08:06.3404305+01:00 0HNE8JA0UHIOB:00000009 [INF] Executing "OkObjectResult", writing value of type '"DVLD_SharedModels.clsCountryDTO"'. (605b4265)
2025-07-21T22:08:06.3405362+01:00 0HNE8JA0UHIOB:00000009 [INF] Executed action "DVLD_API.Controllers.CountriesAPIController.getCountryByID (DVLD_API)" in 0.6335ms (afa2e885)
2025-07-21T22:08:06.3405581+01:00 0HNE8JA0UHIOB:00000009 [INF] Executed endpoint '"DVLD_API.Controllers.CountriesAPIController.getCountryByID (DVLD_API)"' (99874f2b)
2025-07-21T22:08:06.3406034+01:00 0HNE8JA0UHIOB:00000009 [INF] Request finished "HTTP/1.1" "GET" "http"://"localhost:5045""""/api/CountriesAPI/GetCountryByID/119""" - 200 null "application/json; charset=utf-8" 0.913ms (74253ad3)
2025-07-21T22:08:06.3409616+01:00 0HNE8JA0UHIOB:0000000A [INF] Request starting "HTTP/1.1" "GET" "http"://"localhost:5045""""/api/CountriesAPI/GetCountryByID/119""" - null null (d509f86a)
2025-07-21T22:08:06.3410796+01:00 0HNE8JA0UHIOB:0000000A [INF] Executing endpoint '"DVLD_API.Controllers.CountriesAPIController.getCountryByID (DVLD_API)"' (500cc934)
2025-07-21T22:08:06.3411385+01:00 0HNE8JA0UHIOB:0000000A [INF] Route matched with "{action = \"getCountryByID\", controller = \"CountriesAPI\"}". Executing controller action with signature "Microsoft.AspNetCore.Mvc.ActionResult`1[DVLD_SharedModels.clsCountryDTO] getCountryByID(Int32)" on controller "DVLD_API.Controllers.CountriesAPIController" ("DVLD_API"). (122b2fdf)
2025-07-21T22:08:06.3415867+01:00 0HNE8JA0UHIOB:0000000A [INF] Executing "OkObjectResult", writing value of type '"DVLD_SharedModels.clsCountryDTO"'. (605b4265)
2025-07-21T22:08:06.3416751+01:00 0HNE8JA0UHIOB:0000000A [INF] Executed action "DVLD_API.Controllers.CountriesAPIController.getCountryByID (DVLD_API)" in 0.5103ms (afa2e885)
2025-07-21T22:08:06.3416883+01:00 0HNE8JA0UHIOB:0000000A [INF] Executed endpoint '"DVLD_API.Controllers.CountriesAPIController.getCountryByID (DVLD_API)"' (99874f2b)
2025-07-21T22:08:06.3417354+01:00 0HNE8JA0UHIOB:0000000A [INF] Request finished "HTTP/1.1" "GET" "http"://"localhost:5045""""/api/CountriesAPI/GetCountryByID/119""" - 200 null "application/json; charset=utf-8" 0.7915ms (74253ad3)
2025-07-21T22:08:06.3420814+01:00 0HNE8JA0UHIOB:0000000B [INF] Request starting "HTTP/1.1" "GET" "http"://"localhost:5045""""/api/CountriesAPI/GetCountryByID/119""" - null null (d509f86a)
2025-07-21T22:08:06.3421932+01:00 0HNE8JA0UHIOB:0000000B [INF] Executing endpoint '"DVLD_API.Controllers.CountriesAPIController.getCountryByID (DVLD_API)"' (500cc934)
2025-07-21T22:08:06.3422470+01:00 0HNE8JA0UHIOB:0000000B [INF] Route matched with "{action = \"getCountryByID\", controller = \"CountriesAPI\"}". Executing controller action with signature "Microsoft.AspNetCore.Mvc.ActionResult`1[DVLD_SharedModels.clsCountryDTO] getCountryByID(Int32)" on controller "DVLD_API.Controllers.CountriesAPIController" ("DVLD_API"). (122b2fdf)
2025-07-21T22:08:06.3425748+01:00 0HNE8JA0UHIOB:0000000B [INF] Executing "OkObjectResult", writing value of type '"DVLD_SharedModels.clsCountryDTO"'. (605b4265)
2025-07-21T22:08:06.3426386+01:00 0HNE8JA0UHIOB:0000000B [INF] Executed action "DVLD_API.Controllers.CountriesAPIController.getCountryByID (DVLD_API)" in 0.3733ms (afa2e885)
2025-07-21T22:08:06.3426494+01:00 0HNE8JA0UHIOB:0000000B [INF] Executed endpoint '"DVLD_API.Controllers.CountriesAPIController.getCountryByID (DVLD_API)"' (99874f2b)
2025-07-21T22:08:06.3426807+01:00 0HNE8JA0UHIOB:0000000B [INF] Request finished "HTTP/1.1" "GET" "http"://"localhost:5045""""/api/CountriesAPI/GetCountryByID/119""" - 200 null "application/json; charset=utf-8" 0.6252ms (74253ad3)
2025-07-21T22:08:06.3431368+01:00 0HNE8JA0UHIOB:0000000C [INF] Request starting "HTTP/1.1" "GET" "http"://"localhost:5045""""/api/CountriesAPI/GetCountryByID/119""" - null null (d509f86a)
2025-07-21T22:08:06.3432478+01:00 0HNE8JA0UHIOB:0000000C [INF] Executing endpoint '"DVLD_API.Controllers.CountriesAPIController.getCountryByID (DVLD_API)"' (500cc934)
2025-07-21T22:08:06.3432840+01:00 0HNE8JA0UHIOB:0000000C [INF] Route matched with "{action = \"getCountryByID\", controller = \"CountriesAPI\"}". Executing controller action with signature "Microsoft.AspNetCore.Mvc.ActionResult`1[DVLD_SharedModels.clsCountryDTO] getCountryByID(Int32)" on controller "DVLD_API.Controllers.CountriesAPIController" ("DVLD_API"). (122b2fdf)
2025-07-21T22:08:06.3435657+01:00 0HNE8JA0UHIOB:0000000C [INF] Executing "OkObjectResult", writing value of type '"DVLD_SharedModels.clsCountryDTO"'. (605b4265)
2025-07-21T22:08:06.3436435+01:00 0HNE8JA0UHIOB:0000000C [INF] Executed action "DVLD_API.Controllers.CountriesAPIController.getCountryByID (DVLD_API)" in 0.3297ms (afa2e885)
2025-07-21T22:08:06.3436648+01:00 0HNE8JA0UHIOB:0000000C [INF] Executed endpoint '"DVLD_API.Controllers.CountriesAPIController.getCountryByID (DVLD_API)"' (99874f2b)
2025-07-21T22:08:06.3437097+01:00 0HNE8JA0UHIOB:0000000C [INF] Request finished "HTTP/1.1" "GET" "http"://"localhost:5045""""/api/CountriesAPI/GetCountryByID/119""" - 200 null "application/json; charset=utf-8" 0.6241ms (74253ad3)
2025-07-21T22:08:06.3440867+01:00 0HNE8JA0UHIOB:0000000D [INF] Request starting "HTTP/1.1" "GET" "http"://"localhost:5045""""/api/CountriesAPI/GetCountryByID/119""" - null null (d509f86a)
2025-07-21T22:08:06.3442277+01:00 0HNE8JA0UHIOB:0000000D [INF] Executing endpoint '"DVLD_API.Controllers.CountriesAPIController.getCountryByID (DVLD_API)"' (500cc934)
2025-07-21T22:08:06.3442740+01:00 0HNE8JA0UHIOB:0000000D [INF] Route matched with "{action = \"getCountryByID\", controller = \"CountriesAPI\"}". Executing controller action with signature "Microsoft.AspNetCore.Mvc.ActionResult`1[DVLD_SharedModels.clsCountryDTO] getCountryByID(Int32)" on controller "DVLD_API.Controllers.CountriesAPIController" ("DVLD_API"). (122b2fdf)
2025-07-21T22:08:06.3445317+01:00 0HNE8JA0UHIOB:0000000D [INF] Executing "OkObjectResult", writing value of type '"DVLD_SharedModels.clsCountryDTO"'. (605b4265)
2025-07-21T22:08:06.3445904+01:00 0HNE8JA0UHIOB:0000000D [INF] Executed action "DVLD_API.Controllers.CountriesAPIController.getCountryByID (DVLD_API)" in 0.3021ms (afa2e885)
2025-07-21T22:08:06.3446042+01:00 0HNE8JA0UHIOB:0000000D [INF] Executed endpoint '"DVLD_API.Controllers.CountriesAPIController.getCountryByID (DVLD_API)"' (99874f2b)
2025-07-21T22:08:06.3446436+01:00 0HNE8JA0UHIOB:0000000D [INF] Request finished "HTTP/1.1" "GET" "http"://"localhost:5045""""/api/CountriesAPI/GetCountryByID/119""" - 200 null "application/json; charset=utf-8" 0.5715ms (74253ad3)
2025-07-21T22:08:06.3449173+01:00 0HNE8JA0UHIOB:0000000E [INF] Request starting "HTTP/1.1" "GET" "http"://"localhost:5045""""/api/CountriesAPI/GetCountryByID/119""" - null null (d509f86a)
2025-07-21T22:08:06.3450014+01:00 0HNE8JA0UHIOB:0000000E [INF] Executing endpoint '"DVLD_API.Controllers.CountriesAPIController.getCountryByID (DVLD_API)"' (500cc934)
2025-07-21T22:08:06.3450383+01:00 0HNE8JA0UHIOB:0000000E [INF] Route matched with "{action = \"getCountryByID\", controller = \"CountriesAPI\"}". Executing controller action with signature "Microsoft.AspNetCore.Mvc.ActionResult`1[DVLD_SharedModels.clsCountryDTO] getCountryByID(Int32)" on controller "DVLD_API.Controllers.CountriesAPIController" ("DVLD_API"). (122b2fdf)
2025-07-21T22:08:06.3453211+01:00 0HNE8JA0UHIOB:0000000E [INF] Executing "OkObjectResult", writing value of type '"DVLD_SharedModels.clsCountryDTO"'. (605b4265)
2025-07-21T22:08:06.3453798+01:00 0HNE8JA0UHIOB:0000000E [INF] Executed action "DVLD_API.Controllers.CountriesAPIController.getCountryByID (DVLD_API)" in 0.3232ms (afa2e885)
2025-07-21T22:08:06.3453905+01:00 0HNE8JA0UHIOB:0000000E [INF] Executed endpoint '"DVLD_API.Controllers.CountriesAPIController.getCountryByID (DVLD_API)"' (99874f2b)
2025-07-21T22:08:06.3454208+01:00 0HNE8JA0UHIOB:0000000E [INF] Request finished "HTTP/1.1" "GET" "http"://"localhost:5045""""/api/CountriesAPI/GetCountryByID/119""" - 200 null "application/json; charset=utf-8" 0.5217ms (74253ad3)
2025-07-21T22:08:06.3456713+01:00 0HNE8JA0UHIOB:0000000F [INF] Request starting "HTTP/1.1" "GET" "http"://"localhost:5045""""/api/CountriesAPI/GetCountryByID/90""" - null null (d509f86a)
2025-07-21T22:08:06.3457428+01:00 0HNE8JA0UHIOB:0000000F [INF] Executing endpoint '"DVLD_API.Controllers.CountriesAPIController.getCountryByID (DVLD_API)"' (500cc934)
2025-07-21T22:08:06.3457695+01:00 0HNE8JA0UHIOB:0000000F [INF] Route matched with "{action = \"getCountryByID\", controller = \"CountriesAPI\"}". Executing controller action with signature "Microsoft.AspNetCore.Mvc.ActionResult`1[DVLD_SharedModels.clsCountryDTO] getCountryByID(Int32)" on controller "DVLD_API.Controllers.CountriesAPIController" ("DVLD_API"). (122b2fdf)
2025-07-21T22:08:06.3460319+01:00 0HNE8JA0UHIOB:0000000F [INF] Executing "OkObjectResult", writing value of type '"DVLD_SharedModels.clsCountryDTO"'. (605b4265)
2025-07-21T22:08:06.3460918+01:00 0HNE8JA0UHIOB:0000000F [INF] Executed action "DVLD_API.Controllers.CountriesAPIController.getCountryByID (DVLD_API)" in 0.3006ms (afa2e885)
2025-07-21T22:08:06.3461025+01:00 0HNE8JA0UHIOB:0000000F [INF] Executed endpoint '"DVLD_API.Controllers.CountriesAPIController.getCountryByID (DVLD_API)"' (99874f2b)
2025-07-21T22:08:06.3461282+01:00 0HNE8JA0UHIOB:0000000F [INF] Request finished "HTTP/1.1" "GET" "http"://"localhost:5045""""/api/CountriesAPI/GetCountryByID/90""" - 200 null "application/json; charset=utf-8" 0.4719ms (74253ad3)
2025-07-21T22:08:06.3547042+01:00 0HNE8JA0UHIOB:00000010 [INF] Request starting "HTTP/1.1" "GET" "http"://"localhost:5045""""/api/CountriesAPI/GetCountryByID/119""" - null null (d509f86a)
2025-07-21T22:08:06.3548593+01:00 0HNE8JA0UHIOB:00000010 [INF] Executing endpoint '"DVLD_API.Controllers.CountriesAPIController.getCountryByID (DVLD_API)"' (500cc934)
2025-07-21T22:08:06.3549178+01:00 0HNE8JA0UHIOB:00000010 [INF] Route matched with "{action = \"getCountryByID\", controller = \"CountriesAPI\"}". Executing controller action with signature "Microsoft.AspNetCore.Mvc.ActionResult`1[DVLD_SharedModels.clsCountryDTO] getCountryByID(Int32)" on controller "DVLD_API.Controllers.CountriesAPIController" ("DVLD_API"). (122b2fdf)
2025-07-21T22:08:06.3554199+01:00 0HNE8JA0UHIOB:00000010 [INF] Executing "OkObjectResult", writing value of type '"DVLD_SharedModels.clsCountryDTO"'. (605b4265)
2025-07-21T22:08:06.3555092+01:00 0HNE8JA0UHIOB:00000010 [INF] Executed action "DVLD_API.Controllers.CountriesAPIController.getCountryByID (DVLD_API)" in 0.5715ms (afa2e885)
2025-07-21T22:08:06.3555216+01:00 0HNE8JA0UHIOB:00000010 [INF] Executed endpoint '"DVLD_API.Controllers.CountriesAPIController.getCountryByID (DVLD_API)"' (99874f2b)
2025-07-21T22:08:06.3555539+01:00 0HNE8JA0UHIOB:00000010 [INF] Request finished "HTTP/1.1" "GET" "http"://"localhost:5045""""/api/CountriesAPI/GetCountryByID/119""" - 200 null "application/json; charset=utf-8" 0.9106ms (74253ad3)
2025-07-21T22:08:06.3558916+01:00 0HNE8JA0UHIOB:00000011 [INF] Request starting "HTTP/1.1" "GET" "http"://"localhost:5045""""/api/CountriesAPI/GetCountryByID/100""" - null null (d509f86a)
2025-07-21T22:08:06.3559712+01:00 0HNE8JA0UHIOB:00000011 [INF] Executing endpoint '"DVLD_API.Controllers.CountriesAPIController.getCountryByID (DVLD_API)"' (500cc934)
2025-07-21T22:08:06.3560033+01:00 0HNE8JA0UHIOB:00000011 [INF] Route matched with "{action = \"getCountryByID\", controller = \"CountriesAPI\"}". Executing controller action with signature "Microsoft.AspNetCore.Mvc.ActionResult`1[DVLD_SharedModels.clsCountryDTO] getCountryByID(Int32)" on controller "DVLD_API.Controllers.CountriesAPIController" ("DVLD_API"). (122b2fdf)
2025-07-21T22:08:06.3562507+01:00 0HNE8JA0UHIOB:00000011 [INF] Executing "OkObjectResult", writing value of type '"DVLD_SharedModels.clsCountryDTO"'. (605b4265)
2025-07-21T22:08:06.3563132+01:00 0HNE8JA0UHIOB:00000011 [INF] Executed action "DVLD_API.Controllers.CountriesAPIController.getCountryByID (DVLD_API)" in 0.2852ms (afa2e885)
2025-07-21T22:08:06.3563235+01:00 0HNE8JA0UHIOB:00000011 [INF] Executed endpoint '"DVLD_API.Controllers.CountriesAPIController.getCountryByID (DVLD_API)"' (99874f2b)
2025-07-21T22:08:06.3563463+01:00 0HNE8JA0UHIOB:00000011 [INF] Request finished "HTTP/1.1" "GET" "http"://"localhost:5045""""/api/CountriesAPI/GetCountryByID/100""" - 200 null "application/json; charset=utf-8" 0.4729ms (74253ad3)
2025-07-21T22:08:06.3566041+01:00 0HNE8JA0UHIOB:00000012 [INF] Request starting "HTTP/1.1" "GET" "http"://"localhost:5045""""/api/CountriesAPI/GetCountryByID/100""" - null null (d509f86a)
2025-07-21T22:08:06.3566701+01:00 0HNE8JA0UHIOB:00000012 [INF] Executing endpoint '"DVLD_API.Controllers.CountriesAPIController.getCountryByID (DVLD_API)"' (500cc934)
2025-07-21T22:08:06.3566967+01:00 0HNE8JA0UHIOB:00000012 [INF] Route matched with "{action = \"getCountryByID\", controller = \"CountriesAPI\"}". Executing controller action with signature "Microsoft.AspNetCore.Mvc.ActionResult`1[DVLD_SharedModels.clsCountryDTO] getCountryByID(Int32)" on controller "DVLD_API.Controllers.CountriesAPIController" ("DVLD_API"). (122b2fdf)
2025-07-21T22:08:06.3569638+01:00 0HNE8JA0UHIOB:00000012 [INF] Executing "OkObjectResult", writing value of type '"DVLD_SharedModels.clsCountryDTO"'. (605b4265)
2025-07-21T22:08:06.3570238+01:00 0HNE8JA0UHIOB:00000012 [INF] Executed action "DVLD_API.Controllers.CountriesAPIController.getCountryByID (DVLD_API)" in 0.3083ms (afa2e885)
2025-07-21T22:08:06.3570344+01:00 0HNE8JA0UHIOB:00000012 [INF] Executed endpoint '"DVLD_API.Controllers.CountriesAPIController.getCountryByID (DVLD_API)"' (99874f2b)
2025-07-21T22:08:06.3570578+01:00 0HNE8JA0UHIOB:00000012 [INF] Request finished "HTTP/1.1" "GET" "http"://"localhost:5045""""/api/CountriesAPI/GetCountryByID/100""" - 200 null "application/json; charset=utf-8" 0.4676ms (74253ad3)
2025-07-21T22:08:06.3573228+01:00 0HNE8JA0UHIOB:00000013 [INF] Request starting "HTTP/1.1" "GET" "http"://"localhost:5045""""/api/CountriesAPI/GetCountryByID/100""" - null null (d509f86a)
2025-07-21T22:08:06.3573902+01:00 0HNE8JA0UHIOB:00000013 [INF] Executing endpoint '"DVLD_API.Controllers.CountriesAPIController.getCountryByID (DVLD_API)"' (500cc934)
2025-07-21T22:08:06.3574286+01:00 0HNE8JA0UHIOB:00000013 [INF] Route matched with "{action = \"getCountryByID\", controller = \"CountriesAPI\"}". Executing controller action with signature "Microsoft.AspNetCore.Mvc.ActionResult`1[DVLD_SharedModels.clsCountryDTO] getCountryByID(Int32)" on controller "DVLD_API.Controllers.CountriesAPIController" ("DVLD_API"). (122b2fdf)
2025-07-21T22:08:06.3576766+01:00 0HNE8JA0UHIOB:00000013 [INF] Executing "OkObjectResult", writing value of type '"DVLD_SharedModels.clsCountryDTO"'. (605b4265)
2025-07-21T22:08:06.3577286+01:00 0HNE8JA0UHIOB:00000013 [INF] Executed action "DVLD_API.Controllers.CountriesAPIController.getCountryByID (DVLD_API)" in 0.2837ms (afa2e885)
2025-07-21T22:08:06.3577393+01:00 0HNE8JA0UHIOB:00000013 [INF] Executed endpoint '"DVLD_API.Controllers.CountriesAPIController.getCountryByID (DVLD_API)"' (99874f2b)
2025-07-21T22:08:06.3577673+01:00 0HNE8JA0UHIOB:00000013 [INF] Request finished "HTTP/1.1" "GET" "http"://"localhost:5045""""/api/CountriesAPI/GetCountryByID/100""" - 200 null "application/json; charset=utf-8" 0.4675ms (74253ad3)
2025-07-21T22:08:06.3580192+01:00 0HNE8JA0UHIOB:00000014 [INF] Request starting "HTTP/1.1" "GET" "http"://"localhost:5045""""/api/CountriesAPI/GetCountryByID/100""" - null null (d509f86a)
2025-07-21T22:08:06.3580811+01:00 0HNE8JA0UHIOB:00000014 [INF] Executing endpoint '"DVLD_API.Controllers.CountriesAPIController.getCountryByID (DVLD_API)"' (500cc934)
2025-07-21T22:08:06.3581207+01:00 0HNE8JA0UHIOB:00000014 [INF] Route matched with "{action = \"getCountryByID\", controller = \"CountriesAPI\"}". Executing controller action with signature "Microsoft.AspNetCore.Mvc.ActionResult`1[DVLD_SharedModels.clsCountryDTO] getCountryByID(Int32)" on controller "DVLD_API.Controllers.CountriesAPIController" ("DVLD_API"). (122b2fdf)
2025-07-21T22:08:06.3583809+01:00 0HNE8JA0UHIOB:00000014 [INF] Executing "OkObjectResult", writing value of type '"DVLD_SharedModels.clsCountryDTO"'. (605b4265)
2025-07-21T22:08:06.3584334+01:00 0HNE8JA0UHIOB:00000014 [INF] Executed action "DVLD_API.Controllers.CountriesAPIController.getCountryByID (DVLD_API)" in 0.2986ms (afa2e885)
2025-07-21T22:08:06.3584436+01:00 0HNE8JA0UHIOB:00000014 [INF] Executed endpoint '"DVLD_API.Controllers.CountriesAPIController.getCountryByID (DVLD_API)"' (99874f2b)
2025-07-21T22:08:06.3584700+01:00 0HNE8JA0UHIOB:00000014 [INF] Request finished "HTTP/1.1" "GET" "http"://"localhost:5045""""/api/CountriesAPI/GetCountryByID/100""" - 200 null "application/json; charset=utf-8" 0.4741ms (74253ad3)
2025-07-21T22:08:06.3587253+01:00 0HNE8JA0UHIOB:00000015 [INF] Request starting "HTTP/1.1" "GET" "http"://"localhost:5045""""/api/CountriesAPI/GetCountryByID/100""" - null null (d509f86a)
2025-07-21T22:08:06.3587941+01:00 0HNE8JA0UHIOB:00000015 [INF] Executing endpoint '"DVLD_API.Controllers.CountriesAPIController.getCountryByID (DVLD_API)"' (500cc934)
2025-07-21T22:08:06.3588314+01:00 0HNE8JA0UHIOB:00000015 [INF] Route matched with "{action = \"getCountryByID\", controller = \"CountriesAPI\"}". Executing controller action with signature "Microsoft.AspNetCore.Mvc.ActionResult`1[DVLD_SharedModels.clsCountryDTO] getCountryByID(Int32)" on controller "DVLD_API.Controllers.CountriesAPIController" ("DVLD_API"). (122b2fdf)
2025-07-21T22:08:06.3590833+01:00 0HNE8JA0UHIOB:00000015 [INF] Executing "OkObjectResult", writing value of type '"DVLD_SharedModels.clsCountryDTO"'. (605b4265)
2025-07-21T22:08:06.3591453+01:00 0HNE8JA0UHIOB:00000015 [INF] Executed action "DVLD_API.Controllers.CountriesAPIController.getCountryByID (DVLD_API)" in 0.2922ms (afa2e885)
2025-07-21T22:08:06.3591559+01:00 0HNE8JA0UHIOB:00000015 [INF] Executed endpoint '"DVLD_API.Controllers.CountriesAPIController.getCountryByID (DVLD_API)"' (99874f2b)
2025-07-21T22:08:06.3591787+01:00 0HNE8JA0UHIOB:00000015 [INF] Request finished "HTTP/1.1" "GET" "http"://"localhost:5045""""/api/CountriesAPI/GetCountryByID/100""" - 200 null "application/json; charset=utf-8" 0.4695ms (74253ad3)
2025-07-21T22:08:06.3594171+01:00 0HNE8JA0UHIOB:00000016 [INF] Request starting "HTTP/1.1" "GET" "http"://"localhost:5045""""/api/CountriesAPI/GetCountryByID/100""" - null null (d509f86a)
2025-07-21T22:08:06.3594965+01:00 0HNE8JA0UHIOB:00000016 [INF] Executing endpoint '"DVLD_API.Controllers.CountriesAPIController.getCountryByID (DVLD_API)"' (500cc934)
2025-07-21T22:08:06.3595298+01:00 0HNE8JA0UHIOB:00000016 [INF] Route matched with "{action = \"getCountryByID\", controller = \"CountriesAPI\"}". Executing controller action with signature "Microsoft.AspNetCore.Mvc.ActionResult`1[DVLD_SharedModels.clsCountryDTO] getCountryByID(Int32)" on controller "DVLD_API.Controllers.CountriesAPIController" ("DVLD_API"). (122b2fdf)
2025-07-21T22:08:06.3597860+01:00 0HNE8JA0UHIOB:00000016 [INF] Executing "OkObjectResult", writing value of type '"DVLD_SharedModels.clsCountryDTO"'. (605b4265)
2025-07-21T22:08:06.3598446+01:00 0HNE8JA0UHIOB:00000016 [INF] Executed action "DVLD_API.Controllers.CountriesAPIController.getCountryByID (DVLD_API)" in 0.2909ms (afa2e885)
2025-07-21T22:08:06.3598549+01:00 0HNE8JA0UHIOB:00000016 [INF] Executed endpoint '"DVLD_API.Controllers.CountriesAPIController.getCountryByID (DVLD_API)"' (99874f2b)
2025-07-21T22:08:06.3598777+01:00 0HNE8JA0UHIOB:00000016 [INF] Request finished "HTTP/1.1" "GET" "http"://"localhost:5045""""/api/CountriesAPI/GetCountryByID/100""" - 200 null "application/json; charset=utf-8" 0.4756ms (74253ad3)
2025-07-21T22:08:06.3601113+01:00 0HNE8JA0UHIOB:00000017 [INF] Request starting "HTTP/1.1" "GET" "http"://"localhost:5045""""/api/CountriesAPI/GetCountryByID/100""" - null null (d509f86a)
2025-07-21T22:08:06.3601795+01:00 0HNE8JA0UHIOB:00000017 [INF] Executing endpoint '"DVLD_API.Controllers.CountriesAPIController.getCountryByID (DVLD_API)"' (500cc934)
2025-07-21T22:08:06.3602142+01:00 0HNE8JA0UHIOB:00000017 [INF] Route matched with "{action = \"getCountryByID\", controller = \"CountriesAPI\"}". Executing controller action with signature "Microsoft.AspNetCore.Mvc.ActionResult`1[DVLD_SharedModels.clsCountryDTO] getCountryByID(Int32)" on controller "DVLD_API.Controllers.CountriesAPIController" ("DVLD_API"). (122b2fdf)
2025-07-21T22:08:06.3604636+01:00 0HNE8JA0UHIOB:00000017 [INF] Executing "OkObjectResult", writing value of type '"DVLD_SharedModels.clsCountryDTO"'. (605b4265)
2025-07-21T22:08:06.3605183+01:00 0HNE8JA0UHIOB:00000017 [INF] Executed action "DVLD_API.Controllers.CountriesAPIController.getCountryByID (DVLD_API)" in 0.2877ms (afa2e885)
2025-07-21T22:08:06.3605282+01:00 0HNE8JA0UHIOB:00000017 [INF] Executed endpoint '"DVLD_API.Controllers.CountriesAPIController.getCountryByID (DVLD_API)"' (99874f2b)
2025-07-21T22:08:06.3605599+01:00 0HNE8JA0UHIOB:00000017 [INF] Request finished "HTTP/1.1" "GET" "http"://"localhost:5045""""/api/CountriesAPI/GetCountryByID/100""" - 200 null "application/json; charset=utf-8" 0.4696ms (74253ad3)
2025-07-21T22:08:06.3607988+01:00 0HNE8JA0UHIOB:00000018 [INF] Request starting "HTTP/1.1" "GET" "http"://"localhost:5045""""/api/CountriesAPI/GetCountryByID/90""" - null null (d509f86a)
2025-07-21T22:08:06.3608695+01:00 0HNE8JA0UHIOB:00000018 [INF] Executing endpoint '"DVLD_API.Controllers.CountriesAPIController.getCountryByID (DVLD_API)"' (500cc934)
2025-07-21T22:08:06.3609026+01:00 0HNE8JA0UHIOB:00000018 [INF] Route matched with "{action = \"getCountryByID\", controller = \"CountriesAPI\"}". Executing controller action with signature "Microsoft.AspNetCore.Mvc.ActionResult`1[DVLD_SharedModels.clsCountryDTO] getCountryByID(Int32)" on controller "DVLD_API.Controllers.CountriesAPIController" ("DVLD_API"). (122b2fdf)
2025-07-21T22:08:06.3611445+01:00 0HNE8JA0UHIOB:00000018 [INF] Executing "OkObjectResult", writing value of type '"DVLD_SharedModels.clsCountryDTO"'. (605b4265)
2025-07-21T22:08:06.3611967+01:00 0HNE8JA0UHIOB:00000018 [INF] Executed action "DVLD_API.Controllers.CountriesAPIController.getCountryByID (DVLD_API)" in 0.281ms (afa2e885)
2025-07-21T22:08:06.3612065+01:00 0HNE8JA0UHIOB:00000018 [INF] Executed endpoint '"DVLD_API.Controllers.CountriesAPIController.getCountryByID (DVLD_API)"' (99874f2b)
2025-07-21T22:08:06.3612443+01:00 0HNE8JA0UHIOB:00000018 [INF] Request finished "HTTP/1.1" "GET" "http"://"localhost:5045""""/api/CountriesAPI/GetCountryByID/90""" - 200 null "application/json; charset=utf-8" 0.455ms (74253ad3)
2025-07-21T22:08:06.3614726+01:00 0HNE8JA0UHIOB:00000019 [INF] Request starting "HTTP/1.1" "GET" "http"://"localhost:5045""""/api/CountriesAPI/GetCountryByID/90""" - null null (d509f86a)
2025-07-21T22:08:06.3615368+01:00 0HNE8JA0UHIOB:00000019 [INF] Executing endpoint '"DVLD_API.Controllers.CountriesAPIController.getCountryByID (DVLD_API)"' (500cc934)
2025-07-21T22:08:06.3615665+01:00 0HNE8JA0UHIOB:00000019 [INF] Route matched with "{action = \"getCountryByID\", controller = \"CountriesAPI\"}". Executing controller action with signature "Microsoft.AspNetCore.Mvc.ActionResult`1[DVLD_SharedModels.clsCountryDTO] getCountryByID(Int32)" on controller "DVLD_API.Controllers.CountriesAPIController" ("DVLD_API"). (122b2fdf)
2025-07-21T22:08:06.3618223+01:00 0HNE8JA0UHIOB:00000019 [INF] Executing "OkObjectResult", writing value of type '"DVLD_SharedModels.clsCountryDTO"'. (605b4265)
2025-07-21T22:08:06.3618863+01:00 0HNE8JA0UHIOB:00000019 [INF] Executed action "DVLD_API.Controllers.CountriesAPIController.getCountryByID (DVLD_API)" in 0.2961ms (afa2e885)
2025-07-21T22:08:06.3618967+01:00 0HNE8JA0UHIOB:00000019 [INF] Executed endpoint '"DVLD_API.Controllers.CountriesAPIController.getCountryByID (DVLD_API)"' (99874f2b)
2025-07-21T22:08:06.3619194+01:00 0HNE8JA0UHIOB:00000019 [INF] Request finished "HTTP/1.1" "GET" "http"://"localhost:5045""""/api/CountriesAPI/GetCountryByID/90""" - 200 null "application/json; charset=utf-8" 0.4614ms (74253ad3)
2025-07-21T22:08:06.3622352+01:00 0HNE8JA0UHIOB:0000001A [INF] Request starting "HTTP/1.1" "GET" "http"://"localhost:5045""""/api/CountriesAPI/GetCountryByID/119""" - null null (d509f86a)
2025-07-21T22:08:06.3624197+01:00 0HNE8JA0UHIOB:0000001A [INF] Executing endpoint '"DVLD_API.Controllers.CountriesAPIController.getCountryByID (DVLD_API)"' (500cc934)
2025-07-21T22:08:06.3624778+01:00 0HNE8JA0UHIOB:0000001A [INF] Route matched with "{action = \"getCountryByID\", controller = \"CountriesAPI\"}". Executing controller action with signature "Microsoft.AspNetCore.Mvc.ActionResult`1[DVLD_SharedModels.clsCountryDTO] getCountryByID(Int32)" on controller "DVLD_API.Controllers.CountriesAPIController" ("DVLD_API"). (122b2fdf)
2025-07-21T22:08:06.3628191+01:00 0HNE8JA0UHIOB:0000001A [INF] Executing "OkObjectResult", writing value of type '"DVLD_SharedModels.clsCountryDTO"'. (605b4265)
2025-07-21T22:08:06.3628791+01:00 0HNE8JA0UHIOB:0000001A [INF] Executed action "DVLD_API.Controllers.CountriesAPIController.getCountryByID (DVLD_API)" in 0.3808ms (afa2e885)
2025-07-21T22:08:06.3628901+01:00 0HNE8JA0UHIOB:0000001A [INF] Executed endpoint '"DVLD_API.Controllers.CountriesAPIController.getCountryByID (DVLD_API)"' (99874f2b)
2025-07-21T22:08:06.3629150+01:00 0HNE8JA0UHIOB:0000001A [INF] Request finished "HTTP/1.1" "GET" "http"://"localhost:5045""""/api/CountriesAPI/GetCountryByID/119""" - 200 null "application/json; charset=utf-8" 0.7337ms (74253ad3)
2025-07-21T22:08:06.3631849+01:00 0HNE8JA0UHIOB:0000001B [INF] Request starting "HTTP/1.1" "GET" "http"://"localhost:5045""""/api/CountriesAPI/GetCountryByID/90""" - null null (d509f86a)
2025-07-21T22:08:06.3632555+01:00 0HNE8JA0UHIOB:0000001B [INF] Executing endpoint '"DVLD_API.Controllers.CountriesAPIController.getCountryByID (DVLD_API)"' (500cc934)
2025-07-21T22:08:06.3632865+01:00 0HNE8JA0UHIOB:0000001B [INF] Route matched with "{action = \"getCountryByID\", controller = \"CountriesAPI\"}". Executing controller action with signature "Microsoft.AspNetCore.Mvc.ActionResult`1[DVLD_SharedModels.clsCountryDTO] getCountryByID(Int32)" on controller "DVLD_API.Controllers.CountriesAPIController" ("DVLD_API"). (122b2fdf)
2025-07-21T22:08:06.3635531+01:00 0HNE8JA0UHIOB:0000001B [INF] Executing "OkObjectResult", writing value of type '"DVLD_SharedModels.clsCountryDTO"'. (605b4265)
2025-07-21T22:08:06.3636129+01:00 0HNE8JA0UHIOB:0000001B [INF] Executed action "DVLD_API.Controllers.CountriesAPIController.getCountryByID (DVLD_API)" in 0.3017ms (afa2e885)
2025-07-21T22:08:06.3636232+01:00 0HNE8JA0UHIOB:0000001B [INF] Executed endpoint '"DVLD_API.Controllers.CountriesAPIController.getCountryByID (DVLD_API)"' (99874f2b)
2025-07-21T22:08:06.3636457+01:00 0HNE8JA0UHIOB:0000001B [INF] Request finished "HTTP/1.1" "GET" "http"://"localhost:5045""""/api/CountriesAPI/GetCountryByID/90""" - 200 null "application/json; charset=utf-8" 0.4771ms (74253ad3)
2025-07-21T22:08:06.3639337+01:00 0HNE8JA0UHIOB:0000001C [INF] Request starting "HTTP/1.1" "GET" "http"://"localhost:5045""""/api/CountriesAPI/GetCountryByID/1""" - null null (d509f86a)
2025-07-21T22:08:06.3640398+01:00 0HNE8JA0UHIOB:0000001C [INF] Executing endpoint '"DVLD_API.Controllers.CountriesAPIController.getCountryByID (DVLD_API)"' (500cc934)
2025-07-21T22:08:06.3640725+01:00 0HNE8JA0UHIOB:0000001C [INF] Route matched with "{action = \"getCountryByID\", controller = \"CountriesAPI\"}". Executing controller action with signature "Microsoft.AspNetCore.Mvc.ActionResult`1[DVLD_SharedModels.clsCountryDTO] getCountryByID(Int32)" on controller "DVLD_API.Controllers.CountriesAPIController" ("DVLD_API"). (122b2fdf)
2025-07-21T22:08:06.3643262+01:00 0HNE8JA0UHIOB:0000001C [INF] Executing "OkObjectResult", writing value of type '"DVLD_SharedModels.clsCountryDTO"'. (605b4265)
2025-07-21T22:08:06.3643976+01:00 0HNE8JA0UHIOB:0000001C [INF] Executed action "DVLD_API.Controllers.CountriesAPIController.getCountryByID (DVLD_API)" in 0.3019ms (afa2e885)
2025-07-21T22:08:06.3644080+01:00 0HNE8JA0UHIOB:0000001C [INF] Executed endpoint '"DVLD_API.Controllers.CountriesAPIController.getCountryByID (DVLD_API)"' (99874f2b)
2025-07-21T22:08:06.3644366+01:00 0HNE8JA0UHIOB:0000001C [INF] Request finished "HTTP/1.1" "GET" "http"://"localhost:5045""""/api/CountriesAPI/GetCountryByID/1""" - 200 null "application/json; charset=utf-8" 0.5294ms (74253ad3)
2025-07-21T22:08:06.3646967+01:00 0HNE8JA0UHIOB:0000001D [INF] Request starting "HTTP/1.1" "GET" "http"://"localhost:5045""""/api/CountriesAPI/GetCountryByID/1""" - null null (d509f86a)
2025-07-21T22:08:06.3647806+01:00 0HNE8JA0UHIOB:0000001D [INF] Executing endpoint '"DVLD_API.Controllers.CountriesAPIController.getCountryByID (DVLD_API)"' (500cc934)
2025-07-21T22:08:06.3648367+01:00 0HNE8JA0UHIOB:0000001D [INF] Route matched with "{action = \"getCountryByID\", controller = \"CountriesAPI\"}". Executing controller action with signature "Microsoft.AspNetCore.Mvc.ActionResult`1[DVLD_SharedModels.clsCountryDTO] getCountryByID(Int32)" on controller "DVLD_API.Controllers.CountriesAPIController" ("DVLD_API"). (122b2fdf)
2025-07-21T22:08:06.3651856+01:00 0HNE8JA0UHIOB:0000001D [INF] Executing "OkObjectResult", writing value of type '"DVLD_SharedModels.clsCountryDTO"'. (605b4265)
2025-07-21T22:08:06.3652502+01:00 0HNE8JA0UHIOB:0000001D [INF] Executed action "DVLD_API.Controllers.CountriesAPIController.getCountryByID (DVLD_API)" in 0.3952ms (afa2e885)
2025-07-21T22:08:06.3652609+01:00 0HNE8JA0UHIOB:0000001D [INF] Executed endpoint '"DVLD_API.Controllers.CountriesAPIController.getCountryByID (DVLD_API)"' (99874f2b)
2025-07-21T22:08:06.3652910+01:00 0HNE8JA0UHIOB:0000001D [INF] Request finished "HTTP/1.1" "GET" "http"://"localhost:5045""""/api/CountriesAPI/GetCountryByID/1""" - 200 null "application/json; charset=utf-8" 0.6117ms (74253ad3)
2025-07-21T22:08:06.3655765+01:00 0HNE8JA0UHIOB:0000001E [INF] Request starting "HTTP/1.1" "GET" "http"://"localhost:5045""""/api/CountriesAPI/GetCountryByID/1""" - null null (d509f86a)
2025-07-21T22:08:06.3656468+01:00 0HNE8JA0UHIOB:0000001E [INF] Executing endpoint '"DVLD_API.Controllers.CountriesAPIController.getCountryByID (DVLD_API)"' (500cc934)
2025-07-21T22:08:06.3656750+01:00 0HNE8JA0UHIOB:0000001E [INF] Route matched with "{action = \"getCountryByID\", controller = \"CountriesAPI\"}". Executing controller action with signature "Microsoft.AspNetCore.Mvc.ActionResult`1[DVLD_SharedModels.clsCountryDTO] getCountryByID(Int32)" on controller "DVLD_API.Controllers.CountriesAPIController" ("DVLD_API"). (122b2fdf)
2025-07-21T22:08:06.3660791+01:00 0HNE8JA0UHIOB:0000001E [INF] Executing "OkObjectResult", writing value of type '"DVLD_SharedModels.clsCountryDTO"'. (605b4265)
2025-07-21T22:08:06.3661840+01:00 0HNE8JA0UHIOB:0000001E [INF] Executed action "DVLD_API.Controllers.CountriesAPIController.getCountryByID (DVLD_API)" in 0.4865ms (afa2e885)
2025-07-21T22:08:06.3661988+01:00 0HNE8JA0UHIOB:0000001E [INF] Executed endpoint '"DVLD_API.Controllers.CountriesAPIController.getCountryByID (DVLD_API)"' (99874f2b)
2025-07-21T22:08:06.3662309+01:00 0HNE8JA0UHIOB:0000001E [INF] Request finished "HTTP/1.1" "GET" "http"://"localhost:5045""""/api/CountriesAPI/GetCountryByID/1""" - 200 null "application/json; charset=utf-8" 0.6651ms (74253ad3)
2025-07-21T22:08:06.3665916+01:00 0HNE8JA0UHIOB:0000001F [INF] Request starting "HTTP/1.1" "GET" "http"://"localhost:5045""""/api/CountriesAPI/GetCountryByID/119""" - null null (d509f86a)
2025-07-21T22:08:06.3666823+01:00 0HNE8JA0UHIOB:0000001F [INF] Executing endpoint '"DVLD_API.Controllers.CountriesAPIController.getCountryByID (DVLD_API)"' (500cc934)
2025-07-21T22:08:06.3667321+01:00 0HNE8JA0UHIOB:0000001F [INF] Route matched with "{action = \"getCountryByID\", controller = \"CountriesAPI\"}". Executing controller action with signature "Microsoft.AspNetCore.Mvc.ActionResult`1[DVLD_SharedModels.clsCountryDTO] getCountryByID(Int32)" on controller "DVLD_API.Controllers.CountriesAPIController" ("DVLD_API"). (122b2fdf)
2025-07-21T22:08:06.3670507+01:00 0HNE8JA0UHIOB:0000001F [INF] Executing "OkObjectResult", writing value of type '"DVLD_SharedModels.clsCountryDTO"'. (605b4265)
2025-07-21T22:08:06.3671268+01:00 0HNE8JA0UHIOB:0000001F [INF] Executed action "DVLD_API.Controllers.CountriesAPIController.getCountryByID (DVLD_API)" in 0.3782ms (afa2e885)
2025-07-21T22:08:06.3671640+01:00 0HNE8JA0UHIOB:0000001F [INF] Executed endpoint '"DVLD_API.Controllers.CountriesAPIController.getCountryByID (DVLD_API)"' (99874f2b)
2025-07-21T22:08:06.3672002+01:00 0HNE8JA0UHIOB:0000001F [INF] Request finished "HTTP/1.1" "GET" "http"://"localhost:5045""""/api/CountriesAPI/GetCountryByID/119""" - 200 null "application/json; charset=utf-8" 0.6276ms (74253ad3)
2025-07-21T22:08:06.3676198+01:00 0HNE8JA0UHIOB:00000020 [INF] Request starting "HTTP/1.1" "GET" "http"://"localhost:5045""""/api/CountriesAPI/GetCountryByID/119""" - null null (d509f86a)
2025-07-21T22:08:06.3677124+01:00 0HNE8JA0UHIOB:00000020 [INF] Executing endpoint '"DVLD_API.Controllers.CountriesAPIController.getCountryByID (DVLD_API)"' (500cc934)
2025-07-21T22:08:06.3677605+01:00 0HNE8JA0UHIOB:00000020 [INF] Route matched with "{action = \"getCountryByID\", controller = \"CountriesAPI\"}". Executing controller action with signature "Microsoft.AspNetCore.Mvc.ActionResult`1[DVLD_SharedModels.clsCountryDTO] getCountryByID(Int32)" on controller "DVLD_API.Controllers.CountriesAPIController" ("DVLD_API"). (122b2fdf)
2025-07-21T22:08:06.3682230+01:00 0HNE8JA0UHIOB:00000020 [INF] Executing "OkObjectResult", writing value of type '"DVLD_SharedModels.clsCountryDTO"'. (605b4265)
2025-07-21T22:08:06.3683132+01:00 0HNE8JA0UHIOB:00000020 [INF] Executed action "DVLD_API.Controllers.CountriesAPIController.getCountryByID (DVLD_API)" in 0.5334ms (afa2e885)
2025-07-21T22:08:06.3683314+01:00 0HNE8JA0UHIOB:00000020 [INF] Executed endpoint '"DVLD_API.Controllers.CountriesAPIController.getCountryByID (DVLD_API)"' (99874f2b)
2025-07-21T22:08:06.3683734+01:00 0HNE8JA0UHIOB:00000020 [INF] Request finished "HTTP/1.1" "GET" "http"://"localhost:5045""""/api/CountriesAPI/GetCountryByID/119""" - 200 null "application/json; charset=utf-8" 0.7734ms (74253ad3)
2025-07-21T22:08:06.3687457+01:00 0HNE8JA0UHIOB:00000021 [INF] Request starting "HTTP/1.1" "GET" "http"://"localhost:5045""""/api/CountriesAPI/GetCountryByID/119""" - null null (d509f86a)
2025-07-21T22:08:06.3688495+01:00 0HNE8JA0UHIOB:00000021 [INF] Executing endpoint '"DVLD_API.Controllers.CountriesAPIController.getCountryByID (DVLD_API)"' (500cc934)
2025-07-21T22:08:06.3688928+01:00 0HNE8JA0UHIOB:00000021 [INF] Route matched with "{action = \"getCountryByID\", controller = \"CountriesAPI\"}". Executing controller action with signature "Microsoft.AspNetCore.Mvc.ActionResult`1[DVLD_SharedModels.clsCountryDTO] getCountryByID(Int32)" on controller "DVLD_API.Controllers.CountriesAPIController" ("DVLD_API"). (122b2fdf)
2025-07-21T22:08:06.3692576+01:00 0HNE8JA0UHIOB:00000021 [INF] Executing "OkObjectResult", writing value of type '"DVLD_SharedModels.clsCountryDTO"'. (605b4265)
2025-07-21T22:08:06.3693453+01:00 0HNE8JA0UHIOB:00000021 [INF] Executed action "DVLD_API.Controllers.CountriesAPIController.getCountryByID (DVLD_API)" in 0.4225ms (afa2e885)
2025-07-21T22:08:06.3693578+01:00 0HNE8JA0UHIOB:00000021 [INF] Executed endpoint '"DVLD_API.Controllers.CountriesAPIController.getCountryByID (DVLD_API)"' (99874f2b)
2025-07-21T22:08:06.3693845+01:00 0HNE8JA0UHIOB:00000021 [INF] Request finished "HTTP/1.1" "GET" "http"://"localhost:5045""""/api/CountriesAPI/GetCountryByID/119""" - 200 null "application/json; charset=utf-8" 0.6614ms (74253ad3)
2025-07-21T22:08:06.3697320+01:00 0HNE8JA0UHIOB:00000022 [INF] Request starting "HTTP/1.1" "GET" "http"://"localhost:5045""""/api/CountriesAPI/GetCountryByID/119""" - null null (d509f86a)
2025-07-21T22:08:06.3698091+01:00 0HNE8JA0UHIOB:00000022 [INF] Executing endpoint '"DVLD_API.Controllers.CountriesAPIController.getCountryByID (DVLD_API)"' (500cc934)
2025-07-21T22:08:06.3698480+01:00 0HNE8JA0UHIOB:00000022 [INF] Route matched with "{action = \"getCountryByID\", controller = \"CountriesAPI\"}". Executing controller action with signature "Microsoft.AspNetCore.Mvc.ActionResult`1[DVLD_SharedModels.clsCountryDTO] getCountryByID(Int32)" on controller "DVLD_API.Controllers.CountriesAPIController" ("DVLD_API"). (122b2fdf)
2025-07-21T22:08:06.3701889+01:00 0HNE8JA0UHIOB:00000022 [INF] Executing "OkObjectResult", writing value of type '"DVLD_SharedModels.clsCountryDTO"'. (605b4265)
2025-07-21T22:08:06.3702528+01:00 0HNE8JA0UHIOB:00000022 [INF] Executed action "DVLD_API.Controllers.CountriesAPIController.getCountryByID (DVLD_API)" in 0.389ms (afa2e885)
2025-07-21T22:08:06.3702684+01:00 0HNE8JA0UHIOB:00000022 [INF] Executed endpoint '"DVLD_API.Controllers.CountriesAPIController.getCountryByID (DVLD_API)"' (99874f2b)
2025-07-21T22:08:06.3703498+01:00 0HNE8JA0UHIOB:00000022 [INF] Request finished "HTTP/1.1" "GET" "http"://"localhost:5045""""/api/CountriesAPI/GetCountryByID/119""" - 200 null "application/json; charset=utf-8" 0.5813ms (74253ad3)
2025-07-21T22:08:06.3706111+01:00 0HNE8JA0UHIOB:00000023 [INF] Request starting "HTTP/1.1" "GET" "http"://"localhost:5045""""/api/CountriesAPI/GetCountryByID/1""" - null null (d509f86a)
2025-07-21T22:08:06.3706933+01:00 0HNE8JA0UHIOB:00000023 [INF] Executing endpoint '"DVLD_API.Controllers.CountriesAPIController.getCountryByID (DVLD_API)"' (500cc934)
2025-07-21T22:08:06.3707303+01:00 0HNE8JA0UHIOB:00000023 [INF] Route matched with "{action = \"getCountryByID\", controller = \"CountriesAPI\"}". Executing controller action with signature "Microsoft.AspNetCore.Mvc.ActionResult`1[DVLD_SharedModels.clsCountryDTO] getCountryByID(Int32)" on controller "DVLD_API.Controllers.CountriesAPIController" ("DVLD_API"). (122b2fdf)
2025-07-21T22:08:06.3710781+01:00 0HNE8JA0UHIOB:00000023 [INF] Executing "OkObjectResult", writing value of type '"DVLD_SharedModels.clsCountryDTO"'. (605b4265)
2025-07-21T22:08:06.3711438+01:00 0HNE8JA0UHIOB:00000023 [INF] Executed action "DVLD_API.Controllers.CountriesAPIController.getCountryByID (DVLD_API)" in 0.3886ms (afa2e885)
2025-07-21T22:08:06.3711541+01:00 0HNE8JA0UHIOB:00000023 [INF] Executed endpoint '"DVLD_API.Controllers.CountriesAPIController.getCountryByID (DVLD_API)"' (99874f2b)
2025-07-21T22:08:06.3711775+01:00 0HNE8JA0UHIOB:00000023 [INF] Request finished "HTTP/1.1" "GET" "http"://"localhost:5045""""/api/CountriesAPI/GetCountryByID/1""" - 200 null "application/json; charset=utf-8" 0.5834ms (74253ad3)
2025-07-21T22:08:06.3715067+01:00 0HNE8JA0UHIOB:00000024 [INF] Request starting "HTTP/1.1" "GET" "http"://"localhost:5045""""/api/CountriesAPI/GetCountryByID/5""" - null null (d509f86a)
2025-07-21T22:08:06.3716708+01:00 0HNE8JA0UHIOB:00000024 [INF] Executing endpoint '"DVLD_API.Controllers.CountriesAPIController.getCountryByID (DVLD_API)"' (500cc934)
2025-07-21T22:08:06.3717325+01:00 0HNE8JA0UHIOB:00000024 [INF] Route matched with "{action = \"getCountryByID\", controller = \"CountriesAPI\"}". Executing controller action with signature "Microsoft.AspNetCore.Mvc.ActionResult`1[DVLD_SharedModels.clsCountryDTO] getCountryByID(Int32)" on controller "DVLD_API.Controllers.CountriesAPIController" ("DVLD_API"). (122b2fdf)
2025-07-21T22:08:06.3721221+01:00 0HNE8JA0UHIOB:00000024 [INF] Executing "OkObjectResult", writing value of type '"DVLD_SharedModels.clsCountryDTO"'. (605b4265)
2025-07-21T22:08:06.3721936+01:00 0HNE8JA0UHIOB:00000024 [INF] Executed action "DVLD_API.Controllers.CountriesAPIController.getCountryByID (DVLD_API)" in 0.437ms (afa2e885)
2025-07-21T22:08:06.3722052+01:00 0HNE8JA0UHIOB:00000024 [INF] Executed endpoint '"DVLD_API.Controllers.CountriesAPIController.getCountryByID (DVLD_API)"' (99874f2b)
2025-07-21T22:08:06.3722321+01:00 0HNE8JA0UHIOB:00000024 [INF] Request finished "HTTP/1.1" "GET" "http"://"localhost:5045""""/api/CountriesAPI/GetCountryByID/5""" - 200 null "application/json; charset=utf-8" 0.7668ms (74253ad3)
2025-07-21T22:08:06.3725419+01:00 0HNE8JA0UHIOB:00000025 [INF] Request starting "HTTP/1.1" "GET" "http"://"localhost:5045""""/api/CountriesAPI/GetCountryByID/1""" - null null (d509f86a)
2025-07-21T22:08:06.3726302+01:00 0HNE8JA0UHIOB:00000025 [INF] Executing endpoint '"DVLD_API.Controllers.CountriesAPIController.getCountryByID (DVLD_API)"' (500cc934)
2025-07-21T22:08:06.3726884+01:00 0HNE8JA0UHIOB:00000025 [INF] Route matched with "{action = \"getCountryByID\", controller = \"CountriesAPI\"}". Executing controller action with signature "Microsoft.AspNetCore.Mvc.ActionResult`1[DVLD_SharedModels.clsCountryDTO] getCountryByID(Int32)" on controller "DVLD_API.Controllers.CountriesAPIController" ("DVLD_API"). (122b2fdf)
2025-07-21T22:08:06.3729953+01:00 0HNE8JA0UHIOB:00000025 [INF] Executing "OkObjectResult", writing value of type '"DVLD_SharedModels.clsCountryDTO"'. (605b4265)
2025-07-21T22:08:06.3730493+01:00 0HNE8JA0UHIOB:00000025 [INF] Executed action "DVLD_API.Controllers.CountriesAPIController.getCountryByID (DVLD_API)" in 0.3443ms (afa2e885)
2025-07-21T22:08:06.3730658+01:00 0HNE8JA0UHIOB:00000025 [INF] Executed endpoint '"DVLD_API.Controllers.CountriesAPIController.getCountryByID (DVLD_API)"' (99874f2b)
2025-07-21T22:08:06.3730939+01:00 0HNE8JA0UHIOB:00000025 [INF] Request finished "HTTP/1.1" "GET" "http"://"localhost:5045""""/api/CountriesAPI/GetCountryByID/1""" - 200 null "application/json; charset=utf-8" 0.5692ms (74253ad3)
2025-07-21T22:08:06.3734324+01:00 0HNE8JA0UHIOB:00000026 [INF] Request starting "HTTP/1.1" "GET" "http"://"localhost:5045""""/api/CountriesAPI/GetCountryByID/1""" - null null (d509f86a)
2025-07-21T22:08:06.3735023+01:00 0HNE8JA0UHIOB:00000026 [INF] Executing endpoint '"DVLD_API.Controllers.CountriesAPIController.getCountryByID (DVLD_API)"' (500cc934)
2025-07-21T22:08:06.3735430+01:00 0HNE8JA0UHIOB:00000026 [INF] Route matched with "{action = \"getCountryByID\", controller = \"CountriesAPI\"}". Executing controller action with signature "Microsoft.AspNetCore.Mvc.ActionResult`1[DVLD_SharedModels.clsCountryDTO] getCountryByID(Int32)" on controller "DVLD_API.Controllers.CountriesAPIController" ("DVLD_API"). (122b2fdf)
2025-07-21T22:08:06.3738348+01:00 0HNE8JA0UHIOB:00000026 [INF] Executing "OkObjectResult", writing value of type '"DVLD_SharedModels.clsCountryDTO"'. (605b4265)
2025-07-21T22:08:06.3738918+01:00 0HNE8JA0UHIOB:00000026 [INF] Executed action "DVLD_API.Controllers.CountriesAPIController.getCountryByID (DVLD_API)" in 0.3324ms (afa2e885)
2025-07-21T22:08:06.3739022+01:00 0HNE8JA0UHIOB:00000026 [INF] Executed endpoint '"DVLD_API.Controllers.CountriesAPIController.getCountryByID (DVLD_API)"' (99874f2b)
2025-07-21T22:08:06.3739331+01:00 0HNE8JA0UHIOB:00000026 [INF] Request finished "HTTP/1.1" "GET" "http"://"localhost:5045""""/api/CountriesAPI/GetCountryByID/1""" - 200 null "application/json; charset=utf-8" 0.5195ms (74253ad3)
2025-07-21T22:08:06.3743297+01:00 0HNE8JA0UHIOB:00000027 [INF] Request starting "HTTP/1.1" "GET" "http"://"localhost:5045""""/api/CountriesAPI/GetCountryByID/1""" - null null (d509f86a)
2025-07-21T22:08:06.3744097+01:00 0HNE8JA0UHIOB:00000027 [INF] Executing endpoint '"DVLD_API.Controllers.CountriesAPIController.getCountryByID (DVLD_API)"' (500cc934)
2025-07-21T22:08:06.3744459+01:00 0HNE8JA0UHIOB:00000027 [INF] Route matched with "{action = \"getCountryByID\", controller = \"CountriesAPI\"}". Executing controller action with signature "Microsoft.AspNetCore.Mvc.ActionResult`1[DVLD_SharedModels.clsCountryDTO] getCountryByID(Int32)" on controller "DVLD_API.Controllers.CountriesAPIController" ("DVLD_API"). (122b2fdf)
2025-07-21T22:08:06.3748319+01:00 0HNE8JA0UHIOB:00000027 [INF] Executing "OkObjectResult", writing value of type '"DVLD_SharedModels.clsCountryDTO"'. (605b4265)
2025-07-21T22:08:06.3749134+01:00 0HNE8JA0UHIOB:00000027 [INF] Executed action "DVLD_API.Controllers.CountriesAPIController.getCountryByID (DVLD_API)" in 0.4397ms (afa2e885)
2025-07-21T22:08:06.3749293+01:00 0HNE8JA0UHIOB:00000027 [INF] Executed endpoint '"DVLD_API.Controllers.CountriesAPIController.getCountryByID (DVLD_API)"' (99874f2b)
2025-07-21T22:08:06.3749564+01:00 0HNE8JA0UHIOB:00000027 [INF] Request finished "HTTP/1.1" "GET" "http"://"localhost:5045""""/api/CountriesAPI/GetCountryByID/1""" - 200 null "application/json; charset=utf-8" 0.6444ms (74253ad3)
2025-07-21T22:08:06.3753230+01:00 0HNE8JA0UHIOB:00000028 [INF] Request starting "HTTP/1.1" "GET" "http"://"localhost:5045""""/api/CountriesAPI/GetCountryByID/1""" - null null (d509f86a)
2025-07-21T22:08:06.3754008+01:00 0HNE8JA0UHIOB:00000028 [INF] Executing endpoint '"DVLD_API.Controllers.CountriesAPIController.getCountryByID (DVLD_API)"' (500cc934)
2025-07-21T22:08:06.3754523+01:00 0HNE8JA0UHIOB:00000028 [INF] Route matched with "{action = \"getCountryByID\", controller = \"CountriesAPI\"}". Executing controller action with signature "Microsoft.AspNetCore.Mvc.ActionResult`1[DVLD_SharedModels.clsCountryDTO] getCountryByID(Int32)" on controller "DVLD_API.Controllers.CountriesAPIController" ("DVLD_API"). (122b2fdf)
2025-07-21T22:08:06.3758350+01:00 0HNE8JA0UHIOB:00000028 [INF] Executing "OkObjectResult", writing value of type '"DVLD_SharedModels.clsCountryDTO"'. (605b4265)
2025-07-21T22:08:06.3759547+01:00 0HNE8JA0UHIOB:00000028 [INF] Executed action "DVLD_API.Controllers.CountriesAPIController.getCountryByID (DVLD_API)" in 0.4808ms (afa2e885)
2025-07-21T22:08:06.3759851+01:00 0HNE8JA0UHIOB:00000028 [INF] Executed endpoint '"DVLD_API.Controllers.CountriesAPIController.getCountryByID (DVLD_API)"' (99874f2b)
2025-07-21T22:08:06.3760368+01:00 0HNE8JA0UHIOB:00000028 [INF] Request finished "HTTP/1.1" "GET" "http"://"localhost:5045""""/api/CountriesAPI/GetCountryByID/1""" - 200 null "application/json; charset=utf-8" 0.7229ms (74253ad3)
2025-07-21T22:08:06.3764577+01:00 0HNE8JA0UHIOB:00000029 [INF] Request starting "HTTP/1.1" "GET" "http"://"localhost:5045""""/api/CountriesAPI/GetCountryByID/1""" - null null (d509f86a)
2025-07-21T22:08:06.3766755+01:00 0HNE8JA0UHIOB:00000029 [INF] Executing endpoint '"DVLD_API.Controllers.CountriesAPIController.getCountryByID (DVLD_API)"' (500cc934)
2025-07-21T22:08:06.3767808+01:00 0HNE8JA0UHIOB:00000029 [INF] Route matched with "{action = \"getCountryByID\", controller = \"CountriesAPI\"}". Executing controller action with signature "Microsoft.AspNetCore.Mvc.ActionResult`1[DVLD_SharedModels.clsCountryDTO] getCountryByID(Int32)" on controller "DVLD_API.Controllers.CountriesAPIController" ("DVLD_API"). (122b2fdf)
2025-07-21T22:08:06.3771905+01:00 0HNE8JA0UHIOB:00000029 [INF] Executing "OkObjectResult", writing value of type '"DVLD_SharedModels.clsCountryDTO"'. (605b4265)
2025-07-21T22:08:06.3772743+01:00 0HNE8JA0UHIOB:00000029 [INF] Executed action "DVLD_API.Controllers.CountriesAPIController.getCountryByID (DVLD_API)" in 0.4586ms (afa2e885)
2025-07-21T22:08:06.3772875+01:00 0HNE8JA0UHIOB:00000029 [INF] Executed endpoint '"DVLD_API.Controllers.CountriesAPIController.getCountryByID (DVLD_API)"' (99874f2b)
2025-07-21T22:08:06.3773335+01:00 0HNE8JA0UHIOB:00000029 [INF] Request finished "HTTP/1.1" "GET" "http"://"localhost:5045""""/api/CountriesAPI/GetCountryByID/1""" - 200 null "application/json; charset=utf-8" 0.9231ms (74253ad3)
2025-07-21T22:08:06.3777397+01:00 0HNE8JA0UHIOB:0000002A [INF] Request starting "HTTP/1.1" "GET" "http"://"localhost:5045""""/api/CountriesAPI/GetCountryByID/1""" - null null (d509f86a)
2025-07-21T22:08:06.3778623+01:00 0HNE8JA0UHIOB:0000002A [INF] Executing endpoint '"DVLD_API.Controllers.CountriesAPIController.getCountryByID (DVLD_API)"' (500cc934)
2025-07-21T22:08:06.3779338+01:00 0HNE8JA0UHIOB:0000002A [INF] Route matched with "{action = \"getCountryByID\", controller = \"CountriesAPI\"}". Executing controller action with signature "Microsoft.AspNetCore.Mvc.ActionResult`1[DVLD_SharedModels.clsCountryDTO] getCountryByID(Int32)" on controller "DVLD_API.Controllers.CountriesAPIController" ("DVLD_API"). (122b2fdf)
2025-07-21T22:08:06.3782957+01:00 0HNE8JA0UHIOB:0000002A [INF] Executing "OkObjectResult", writing value of type '"DVLD_SharedModels.clsCountryDTO"'. (605b4265)
2025-07-21T22:08:06.3783737+01:00 0HNE8JA0UHIOB:0000002A [INF] Executed action "DVLD_API.Controllers.CountriesAPIController.getCountryByID (DVLD_API)" in 0.409ms (afa2e885)
2025-07-21T22:08:06.3783935+01:00 0HNE8JA0UHIOB:0000002A [INF] Executed endpoint '"DVLD_API.Controllers.CountriesAPIController.getCountryByID (DVLD_API)"' (99874f2b)
2025-07-21T22:08:06.3784291+01:00 0HNE8JA0UHIOB:0000002A [INF] Request finished "HTTP/1.1" "GET" "http"://"localhost:5045""""/api/CountriesAPI/GetCountryByID/1""" - 200 null "application/json; charset=utf-8" 0.7078ms (74253ad3)
2025-07-21T22:08:06.3787570+01:00 0HNE8JA0UHIOB:0000002B [INF] Request starting "HTTP/1.1" "GET" "http"://"localhost:5045""""/api/CountriesAPI/GetCountryByID/1""" - null null (d509f86a)
2025-07-21T22:08:06.3788556+01:00 0HNE8JA0UHIOB:0000002B [INF] Executing endpoint '"DVLD_API.Controllers.CountriesAPIController.getCountryByID (DVLD_API)"' (500cc934)
2025-07-21T22:08:06.3788939+01:00 0HNE8JA0UHIOB:0000002B [INF] Route matched with "{action = \"getCountryByID\", controller = \"CountriesAPI\"}". Executing controller action with signature "Microsoft.AspNetCore.Mvc.ActionResult`1[DVLD_SharedModels.clsCountryDTO] getCountryByID(Int32)" on controller "DVLD_API.Controllers.CountriesAPIController" ("DVLD_API"). (122b2fdf)
2025-07-21T22:08:06.3791992+01:00 0HNE8JA0UHIOB:0000002B [INF] Executing "OkObjectResult", writing value of type '"DVLD_SharedModels.clsCountryDTO"'. (605b4265)
2025-07-21T22:08:06.3792647+01:00 0HNE8JA0UHIOB:0000002B [INF] Executed action "DVLD_API.Controllers.CountriesAPIController.getCountryByID (DVLD_API)" in 0.3499ms (afa2e885)
2025-07-21T22:08:06.3792752+01:00 0HNE8JA0UHIOB:0000002B [INF] Executed endpoint '"DVLD_API.Controllers.CountriesAPIController.getCountryByID (DVLD_API)"' (99874f2b)
2025-07-21T22:08:06.3792998+01:00 0HNE8JA0UHIOB:0000002B [INF] Request finished "HTTP/1.1" "GET" "http"://"localhost:5045""""/api/CountriesAPI/GetCountryByID/1""" - 200 null "application/json; charset=utf-8" 0.5609ms (74253ad3)
2025-07-21T22:08:06.3795920+01:00 0HNE8JA0UHIOB:0000002C [INF] Request starting "HTTP/1.1" "GET" "http"://"localhost:5045""""/api/CountriesAPI/GetCountryByID/10""" - null null (d509f86a)
2025-07-21T22:08:06.3796668+01:00 0HNE8JA0UHIOB:0000002C [INF] Executing endpoint '"DVLD_API.Controllers.CountriesAPIController.getCountryByID (DVLD_API)"' (500cc934)
2025-07-21T22:08:06.3797136+01:00 0HNE8JA0UHIOB:0000002C [INF] Route matched with "{action = \"getCountryByID\", controller = \"CountriesAPI\"}". Executing controller action with signature "Microsoft.AspNetCore.Mvc.ActionResult`1[DVLD_SharedModels.clsCountryDTO] getCountryByID(Int32)" on controller "DVLD_API.Controllers.CountriesAPIController" ("DVLD_API"). (122b2fdf)
2025-07-21T22:08:06.3799838+01:00 0HNE8JA0UHIOB:0000002C [INF] Executing "OkObjectResult", writing value of type '"DVLD_SharedModels.clsCountryDTO"'. (605b4265)
2025-07-21T22:08:06.3800420+01:00 0HNE8JA0UHIOB:0000002C [INF] Executed action "DVLD_API.Controllers.CountriesAPIController.getCountryByID (DVLD_API)" in 0.3119ms (afa2e885)
2025-07-21T22:08:06.3800595+01:00 0HNE8JA0UHIOB:0000002C [INF] Executed endpoint '"DVLD_API.Controllers.CountriesAPIController.getCountryByID (DVLD_API)"' (99874f2b)
2025-07-21T22:08:06.3800826+01:00 0HNE8JA0UHIOB:0000002C [INF] Request finished "HTTP/1.1" "GET" "http"://"localhost:5045""""/api/CountriesAPI/GetCountryByID/10""" - 200 null "application/json; charset=utf-8" 0.5089ms (74253ad3)
2025-07-21T22:08:06.3803546+01:00 0HNE8JA0UHIOB:0000002D [INF] Request starting "HTTP/1.1" "GET" "http"://"localhost:5045""""/api/CountriesAPI/GetCountryByID/1""" - null null (d509f86a)
2025-07-21T22:08:06.3804275+01:00 0HNE8JA0UHIOB:0000002D [INF] Executing endpoint '"DVLD_API.Controllers.CountriesAPIController.getCountryByID (DVLD_API)"' (500cc934)
2025-07-21T22:08:06.3804710+01:00 0HNE8JA0UHIOB:0000002D [INF] Route matched with "{action = \"getCountryByID\", controller = \"CountriesAPI\"}". Executing controller action with signature "Microsoft.AspNetCore.Mvc.ActionResult`1[DVLD_SharedModels.clsCountryDTO] getCountryByID(Int32)" on controller "DVLD_API.Controllers.CountriesAPIController" ("DVLD_API"). (122b2fdf)
2025-07-21T22:08:06.3808070+01:00 0HNE8JA0UHIOB:0000002D [INF] Executing "OkObjectResult", writing value of type '"DVLD_SharedModels.clsCountryDTO"'. (605b4265)
2025-07-21T22:08:06.3808593+01:00 0HNE8JA0UHIOB:0000002D [INF] Executed action "DVLD_API.Controllers.CountriesAPIController.getCountryByID (DVLD_API)" in 0.3715ms (afa2e885)
2025-07-21T22:08:06.3808756+01:00 0HNE8JA0UHIOB:0000002D [INF] Executed endpoint '"DVLD_API.Controllers.CountriesAPIController.getCountryByID (DVLD_API)"' (99874f2b)
2025-07-21T22:08:06.3809024+01:00 0HNE8JA0UHIOB:0000002D [INF] Request finished "HTTP/1.1" "GET" "http"://"localhost:5045""""/api/CountriesAPI/GetCountryByID/1""" - 200 null "application/json; charset=utf-8" 0.5613ms (74253ad3)
2025-07-21T22:10:55.3909316+01:00 0HNE8JA0UHIOC:00000001 [INF] Request starting "HTTP/1.1" "GET" "http"://"localhost:5045""""/api/LicenseClassAsyncAPI/GetAllLicenseClasses""" - null null (d509f86a)
2025-07-21T22:10:55.3913194+01:00 0HNE8JA0UHIOC:00000001 [INF] Executing endpoint '"DVLD_API.Controllers.LicenseClassAsyncAPIController.GetAllLicenseClasses (DVLD_API)"' (500cc934)
2025-07-21T22:10:55.3947477+01:00 0HNE8JA0UHIOC:00000001 [INF] Route matched with "{action = \"GetAllLicenseClasses\", controller = \"LicenseClassAsyncAPI\"}". Executing controller action with signature "System.Threading.Tasks.Task`1[Microsoft.AspNetCore.Mvc.IActionResult] GetAllLicenseClasses()" on controller "DVLD_API.Controllers.LicenseClassAsyncAPIController" ("DVLD_API"). (122b2fdf)
2025-07-21T22:10:55.4336868+01:00 0HNE8JA0UHIOC:00000001 [INF] Executing "OkObjectResult", writing value of type '"System.Collections.Generic.List`1[[DVLD_SharedModels.clsLicenseClassDTO, DVLD_SharedModels, Version=1.0.0.0, Culture=neutral, PublicKeyToken=null]]"'. (605b4265)
2025-07-21T22:10:55.4405263+01:00 0HNE8JA0UHIOC:00000001 [INF] Executed action "DVLD_API.Controllers.LicenseClassAsyncAPIController.GetAllLicenseClasses (DVLD_API)" in 45.6094ms (afa2e885)
2025-07-21T22:10:55.4409099+01:00 0HNE8JA0UHIOC:00000001 [INF] Executed endpoint '"DVLD_API.Controllers.LicenseClassAsyncAPIController.GetAllLicenseClasses (DVLD_API)"' (99874f2b)
2025-07-21T22:10:55.4413591+01:00 0HNE8JA0UHIOC:00000001 [INF] Request finished "HTTP/1.1" "GET" "http"://"localhost:5045""""/api/LicenseClassAsyncAPI/GetAllLicenseClasses""" - 200 null "application/json; charset=utf-8" 52.2553ms (74253ad3)
2025-07-21T22:10:55.4561178+01:00 0HNE8JA0UHIOD:00000001 [INF] Request starting "HTTP/1.1" "GET" "http"://"localhost:5045""""/api/ApplicationType/GetApplicationTypeByID/1""" - null null (d509f86a)
2025-07-21T22:10:55.4563280+01:00 0HNE8JA0UHIOD:00000001 [INF] Executing endpoint '"DVLD_API.Controllers.ApplicationTypeController.GetApplicationTypeByID (DVLD_API)"' (500cc934)
2025-07-21T22:10:55.4570836+01:00 0HNE8JA0UHIOD:00000001 [INF] Route matched with "{action = \"GetApplicationTypeByID\", controller = \"ApplicationType\"}". Executing controller action with signature "Microsoft.AspNetCore.Mvc.ActionResult`1[DVLD_SharedModels.clsApplicationTypeDTO] GetApplicationTypeByID(Int32)" on controller "DVLD_API.Controllers.ApplicationTypeController" ("DVLD_API"). (122b2fdf)
2025-07-21T22:10:55.4612030+01:00 0HNE8JA0UHIOD:00000001 [INF] Executing "OkObjectResult", writing value of type '"DVLD_SharedModels.clsApplicationTypeDTO"'. (605b4265)
2025-07-21T22:10:55.4625701+01:00 0HNE8JA0UHIOD:00000001 [INF] Executed action "DVLD_API.Controllers.ApplicationTypeController.GetApplicationTypeByID (DVLD_API)" in 5.4583ms (afa2e885)
2025-07-21T22:10:55.4625898+01:00 0HNE8JA0UHIOD:00000001 [INF] Executed endpoint '"DVLD_API.Controllers.ApplicationTypeController.GetApplicationTypeByID (DVLD_API)"' (99874f2b)
2025-07-21T22:10:55.4626325+01:00 0HNE8JA0UHIOD:00000001 [INF] Request finished "HTTP/1.1" "GET" "http"://"localhost:5045""""/api/ApplicationType/GetApplicationTypeByID/1""" - 200 null "application/json; charset=utf-8" 6.5544ms (74253ad3)
2025-07-21T22:11:08.1276399+01:00 0HNE8JA0UHIOE:00000001 [INF] Request starting "HTTP/1.1" "GET" "http"://"localhost:5045""""/api/PersonAPI/GetPersonByID/1072""" - null null (d509f86a)
2025-07-21T22:11:08.1288989+01:00 0HNE8JA0UHIOE:00000001 [INF] Executing endpoint '"DVLD_API.Controllers.PersonAPIController.GetPersonByID (DVLD_API)"' (500cc934)
2025-07-21T22:11:08.1298179+01:00 0HNE8JA0UHIOE:00000001 [INF] Route matched with "{action = \"GetPersonByID\", controller = \"PersonAPI\"}". Executing controller action with signature "Microsoft.AspNetCore.Mvc.ActionResult`1[DVLD_SharedModels.clsPersonDTO] GetPersonByID(Int32)" on controller "DVLD_API.Controllers.PersonAPIController" ("DVLD_API"). (122b2fdf)
2025-07-21T22:11:08.1333779+01:00 0HNE8JA0UHIOE:00000001 [INF] Executing "OkObjectResult", writing value of type '"DVLD_SharedModels.clsPersonDTO"'. (605b4265)
2025-07-21T22:11:08.1335168+01:00 0HNE8JA0UHIOE:00000001 [INF] Executed action "DVLD_API.Controllers.PersonAPIController.GetPersonByID (DVLD_API)" in 3.6703ms (afa2e885)
2025-07-21T22:11:08.1335393+01:00 0HNE8JA0UHIOE:00000001 [INF] Executed endpoint '"DVLD_API.Controllers.PersonAPIController.GetPersonByID (DVLD_API)"' (99874f2b)
2025-07-21T22:11:08.1335902+01:00 0HNE8JA0UHIOE:00000001 [INF] Request finished "HTTP/1.1" "GET" "http"://"localhost:5045""""/api/PersonAPI/GetPersonByID/1072""" - 200 null "application/json; charset=utf-8" 5.9688ms (74253ad3)
2025-07-21T22:11:08.1666796+01:00 0HNE8JA0UHIOF:00000001 [INF] Request starting "HTTP/1.1" "GET" "http"://"localhost:5045""""/api/CountriesAPI/GetCountryByID/119""" - null null (d509f86a)
2025-07-21T22:11:08.1667751+01:00 0HNE8JA0UHIOF:00000001 [INF] Executing endpoint '"DVLD_API.Controllers.CountriesAPIController.getCountryByID (DVLD_API)"' (500cc934)
2025-07-21T22:11:08.1668228+01:00 0HNE8JA0UHIOF:00000001 [INF] Route matched with "{action = \"getCountryByID\", controller = \"CountriesAPI\"}". Executing controller action with signature "Microsoft.AspNetCore.Mvc.ActionResult`1[DVLD_SharedModels.clsCountryDTO] getCountryByID(Int32)" on controller "DVLD_API.Controllers.CountriesAPIController" ("DVLD_API"). (122b2fdf)
2025-07-21T22:11:08.1705657+01:00 0HNE8JA0UHIOF:00000001 [INF] Executing "OkObjectResult", writing value of type '"DVLD_SharedModels.clsCountryDTO"'. (605b4265)
2025-07-21T22:11:08.1706633+01:00 0HNE8JA0UHIOF:00000001 [INF] Executed action "DVLD_API.Controllers.CountriesAPIController.getCountryByID (DVLD_API)" in 3.8206ms (afa2e885)
2025-07-21T22:11:08.1706796+01:00 0HNE8JA0UHIOF:00000001 [INF] Executed endpoint '"DVLD_API.Controllers.CountriesAPIController.getCountryByID (DVLD_API)"' (99874f2b)
2025-07-21T22:11:08.1707104+01:00 0HNE8JA0UHIOF:00000001 [INF] Request finished "HTTP/1.1" "GET" "http"://"localhost:5045""""/api/CountriesAPI/GetCountryByID/119""" - 200 null "application/json; charset=utf-8" 4.061ms (74253ad3)
