2025-11-01T19:13:28.7133820+01:00  [INF] Now listening on: "http://localhost:5045" (d826f4b8)
2025-11-01T19:13:28.8288549+01:00  [INF] Application started. Press Ctrl+C to shut down. (dcaefe54)
2025-11-01T19:13:28.8319131+01:00  [INF] Hosting environment: "Development" (bc5a1a4e)
2025-11-01T19:13:28.8339177+01:00  [INF] Content root path: "S:\14    PFE_DVLD\TheProjectDVLDVersion2.0.0\BackEnd-ServerSide\ADO_net\DVLD_API" (cc26f24e)
2025-11-01T19:13:32.7352212+01:00 0HNGPE9DT9E8L:00000001 [INF] Request starting "HTTP/1.1" "GET" "http"://"localhost:5045""""/swagger""" - null null (d509f86a)
2025-11-01T19:13:32.8920694+01:00 0HNGPE9DT9E8L:00000001 [INF] Request finished "HTTP/1.1" "GET" "http"://"localhost:5045""""/swagger""" - 301 0 null 167.2618ms (74253ad3)
2025-11-01T19:13:32.9802755+01:00 0HNGPE9DT9E8L:00000002 [INF] Request starting "HTTP/1.1" "GET" "http"://"localhost:5045""""/swagger/index.html""" - null null (d509f86a)
2025-11-01T19:13:33.0526517+01:00 0HNGPE9DT9E8L:00000002 [INF] Request finished "HTTP/1.1" "GET" "http"://"localhost:5045""""/swagger/index.html""" - 200 null "text/html;charset=utf-8" 72.4504ms (74253ad3)
2025-11-01T19:13:33.1205016+01:00 0HNGPE9DT9E8L:00000003 [INF] Request starting "HTTP/1.1" "GET" "http"://"localhost:5045""""/_framework/aspnetcore-browser-refresh.js""" - null null (d509f86a)
2025-11-01T19:13:33.1221947+01:00 0HNGPE9DT9E8L:00000003 [INF] Request finished "HTTP/1.1" "GET" "http"://"localhost:5045""""/_framework/aspnetcore-browser-refresh.js""" - 200 16501 "application/javascript; charset=utf-8" 1.7614ms (74253ad3)
2025-11-01T19:13:33.1491316+01:00 0HNGPE9DT9E8L:00000004 [INF] Request starting "HTTP/1.1" "GET" "http"://"localhost:5045""""/_vs/browserLink""" - null null (d509f86a)
2025-11-01T19:13:33.2060178+01:00 0HNGPE9DT9E8L:00000004 [INF] Request finished "HTTP/1.1" "GET" "http"://"localhost:5045""""/_vs/browserLink""" - 200 null "text/javascript; charset=UTF-8" 56.9222ms (74253ad3)
2025-11-01T19:13:33.2909976+01:00 0HNGPE9DT9E8L:00000005 [INF] Request starting "HTTP/1.1" "GET" "http"://"localhost:5045""""/swagger/favicon-16x16.png""" - null null (d509f86a)
2025-11-01T19:13:33.3189332+01:00 0HNGPE9DT9E8L:00000005 [INF] Sending file. Request path: '"/favicon-16x16.png"'. Physical path: '"N/A"' (27b0a520)
2025-11-01T19:13:33.3190863+01:00 0HNGPE9DT9E8L:00000005 [INF] Request finished "HTTP/1.1" "GET" "http"://"localhost:5045""""/swagger/favicon-16x16.png""" - 499 665 "image/png" 28.1354ms (74253ad3)
2025-11-01T19:13:33.3220371+01:00 0HNGPE9DT9E8M:00000001 [INF] Request starting "HTTP/1.1" "GET" "http"://"localhost:5045""""/swagger/v1/swagger.json""" - null null (d509f86a)
2025-11-01T19:13:33.4416834+01:00 0HNGPE9DT9E8M:00000001 [INF] Request finished "HTTP/1.1" "GET" "http"://"localhost:5045""""/swagger/v1/swagger.json""" - 200 null "application/json;charset=utf-8" 119.6807ms (74253ad3)
2025-11-01T19:13:38.4789220+01:00 0HNGPE9DT9E8N:00000001 [INF] Request starting "HTTP/1.1" "GET" "http"://"localhost:5045""""/api/userService/GetUserInfoByUsernameAndPassword/amine/123""" - null null (d509f86a)
2025-11-01T19:13:38.4838450+01:00 0HNGPE9DT9E8N:00000001 [INF] CORS policy execution successful. (5409d6ef)
2025-11-01T19:13:38.4931490+01:00 0HNGPE9DT9E8N:00000001 [WRN] Failed to determine the https port for redirect. (ca76cc21)
2025-11-01T19:13:38.4963749+01:00 0HNGPE9DT9E8N:00000001 [WRN] Failed to determine the https port for redirect. (ca76cc21)
2025-11-01T19:13:38.4985980+01:00 0HNGPE9DT9E8N:00000001 [INF] Executing endpoint '"DVLD_API.Controllers_EF.userServiceController.GetUserInfoByUsernameAndPassword (DVLD_API)"' (500cc934)
2025-11-01T19:13:38.5411030+01:00 0HNGPE9DT9E8N:00000001 [INF] Route matched with "{action = \"GetUserInfoByUsernameAndPassword\", controller = \"userService\"}". Executing controller action with signature "Microsoft.AspNetCore.Mvc.ActionResult`1[DVLD_SharedModels.clsUserDTO] GetUserInfoByUsernameAndPassword(System.String, System.String)" on controller "DVLD_API.Controllers_EF.userServiceController" ("DVLD_API"). (122b2fdf)
2025-11-01T19:13:41.5580573+01:00 0HNGPE9DT9E8N:00000001 [INF] Executing "OkObjectResult", writing value of type '"DVLD_SharedModels.clsUserDTO"'. (605b4265)
2025-11-01T19:13:41.5673075+01:00 0HNGPE9DT9E8N:00000001 [INF] Executed action "DVLD_API.Controllers_EF.userServiceController.GetUserInfoByUsernameAndPassword (DVLD_API)" in 3022.9377ms (afa2e885)
2025-11-01T19:13:41.5674351+01:00 0HNGPE9DT9E8N:00000001 [INF] Executed endpoint '"DVLD_API.Controllers_EF.userServiceController.GetUserInfoByUsernameAndPassword (DVLD_API)"' (99874f2b)
2025-11-01T19:13:41.5675378+01:00 0HNGPE9DT9E8N:00000001 [INF] Request finished "HTTP/1.1" "GET" "http"://"localhost:5045""""/api/userService/GetUserInfoByUsernameAndPassword/amine/123""" - 200 null "application/json; charset=utf-8" 3088.6481ms (74253ad3)
2025-11-01T19:14:13.1801976+01:00 0HNGPE9DT9E8N:00000002 [INF] Request starting "HTTP/1.1" "GET" "http"://"localhost:5045""""/api/userService/GetUserInfoByUsernameAndPassword/amine/123""" - null null (d509f86a)
2025-11-01T19:14:13.1830086+01:00 0HNGPE9DT9E8N:00000002 [INF] CORS policy execution successful. (5409d6ef)
2025-11-01T19:14:13.1830967+01:00 0HNGPE9DT9E8N:00000002 [INF] Executing endpoint '"DVLD_API.Controllers_EF.userServiceController.GetUserInfoByUsernameAndPassword (DVLD_API)"' (500cc934)
2025-11-01T19:14:13.1832792+01:00 0HNGPE9DT9E8N:00000002 [INF] Route matched with "{action = \"GetUserInfoByUsernameAndPassword\", controller = \"userService\"}". Executing controller action with signature "Microsoft.AspNetCore.Mvc.ActionResult`1[DVLD_SharedModels.clsUserDTO] GetUserInfoByUsernameAndPassword(System.String, System.String)" on controller "DVLD_API.Controllers_EF.userServiceController" ("DVLD_API"). (122b2fdf)
2025-11-01T19:14:13.2132555+01:00 0HNGPE9DT9E8N:00000002 [INF] Executing "OkObjectResult", writing value of type '"DVLD_SharedModels.clsUserDTO"'. (605b4265)
2025-11-01T19:14:13.2135159+01:00 0HNGPE9DT9E8N:00000002 [INF] Executed action "DVLD_API.Controllers_EF.userServiceController.GetUserInfoByUsernameAndPassword (DVLD_API)" in 30.1858ms (afa2e885)
2025-11-01T19:14:13.2135505+01:00 0HNGPE9DT9E8N:00000002 [INF] Executed endpoint '"DVLD_API.Controllers_EF.userServiceController.GetUserInfoByUsernameAndPassword (DVLD_API)"' (99874f2b)
2025-11-01T19:14:13.2136208+01:00 0HNGPE9DT9E8N:00000002 [INF] Request finished "HTTP/1.1" "GET" "http"://"localhost:5045""""/api/userService/GetUserInfoByUsernameAndPassword/amine/123""" - 200 null "application/json; charset=utf-8" 35.3765ms (74253ad3)
2025-11-01T19:14:20.9375446+01:00 0HNGPE9DT9E8N:00000003 [INF] Request starting "HTTP/1.1" "GET" "http"://"localhost:5045""""/api/userService/GetUserInfoByUsernameAndPassword/qsd/qsdf""" - null null (d509f86a)
2025-11-01T19:14:20.9380607+01:00 0HNGPE9DT9E8N:00000003 [INF] CORS policy execution successful. (5409d6ef)
2025-11-01T19:14:20.9381032+01:00 0HNGPE9DT9E8N:00000003 [INF] Executing endpoint '"DVLD_API.Controllers_EF.userServiceController.GetUserInfoByUsernameAndPassword (DVLD_API)"' (500cc934)
2025-11-01T19:14:20.9381587+01:00 0HNGPE9DT9E8N:00000003 [INF] Route matched with "{action = \"GetUserInfoByUsernameAndPassword\", controller = \"userService\"}". Executing controller action with signature "Microsoft.AspNetCore.Mvc.ActionResult`1[DVLD_SharedModels.clsUserDTO] GetUserInfoByUsernameAndPassword(System.String, System.String)" on controller "DVLD_API.Controllers_EF.userServiceController" ("DVLD_API"). (122b2fdf)
2025-11-01T19:14:20.9853153+01:00 0HNGPE9DT9E8N:00000003 [INF] Executing "NotFoundObjectResult", writing value of type '"System.String"'. (605b4265)
2025-11-01T19:14:20.9855382+01:00 0HNGPE9DT9E8N:00000003 [INF] Executed action "DVLD_API.Controllers_EF.userServiceController.GetUserInfoByUsernameAndPassword (DVLD_API)" in 47.3581ms (afa2e885)
2025-11-01T19:14:20.9855723+01:00 0HNGPE9DT9E8N:00000003 [INF] Executed endpoint '"DVLD_API.Controllers_EF.userServiceController.GetUserInfoByUsernameAndPassword (DVLD_API)"' (99874f2b)
2025-11-01T19:14:20.9856277+01:00 0HNGPE9DT9E8N:00000003 [INF] Request finished "HTTP/1.1" "GET" "http"://"localhost:5045""""/api/userService/GetUserInfoByUsernameAndPassword/qsd/qsdf""" - 404 null "text/plain; charset=utf-8" 48.2548ms (74253ad3)
2025-11-01T19:14:31.7982453+01:00 0HNGPE9DT9E8N:00000004 [INF] Request starting "HTTP/1.1" "GET" "http"://"localhost:5045""""/api/userService/GetUserInfoByUsernameAndPassword/amine/123""" - null null (d509f86a)
2025-11-01T19:14:31.7985305+01:00 0HNGPE9DT9E8N:00000004 [INF] CORS policy execution successful. (5409d6ef)
2025-11-01T19:14:31.7985768+01:00 0HNGPE9DT9E8N:00000004 [INF] Executing endpoint '"DVLD_API.Controllers_EF.userServiceController.GetUserInfoByUsernameAndPassword (DVLD_API)"' (500cc934)
2025-11-01T19:14:31.7986373+01:00 0HNGPE9DT9E8N:00000004 [INF] Route matched with "{action = \"GetUserInfoByUsernameAndPassword\", controller = \"userService\"}". Executing controller action with signature "Microsoft.AspNetCore.Mvc.ActionResult`1[DVLD_SharedModels.clsUserDTO] GetUserInfoByUsernameAndPassword(System.String, System.String)" on controller "DVLD_API.Controllers_EF.userServiceController" ("DVLD_API"). (122b2fdf)
2025-11-01T19:14:31.8000877+01:00 0HNGPE9DT9E8N:00000004 [INF] Executing "OkObjectResult", writing value of type '"DVLD_SharedModels.clsUserDTO"'. (605b4265)
2025-11-01T19:14:31.8002094+01:00 0HNGPE9DT9E8N:00000004 [INF] Executed action "DVLD_API.Controllers_EF.userServiceController.GetUserInfoByUsernameAndPassword (DVLD_API)" in 1.545ms (afa2e885)
2025-11-01T19:14:31.8002249+01:00 0HNGPE9DT9E8N:00000004 [INF] Executed endpoint '"DVLD_API.Controllers_EF.userServiceController.GetUserInfoByUsernameAndPassword (DVLD_API)"' (99874f2b)
2025-11-01T19:14:31.8002769+01:00 0HNGPE9DT9E8N:00000004 [INF] Request finished "HTTP/1.1" "GET" "http"://"localhost:5045""""/api/userService/GetUserInfoByUsernameAndPassword/amine/123""" - 200 null "application/json; charset=utf-8" 2.0856ms (74253ad3)
2025-11-01T19:16:16.6056116+01:00 0HNGPE9DT9E8N:00000005 [INF] Request starting "HTTP/1.1" "GET" "http"://"localhost:5045""""/api/userService/GetUserInfoByUsernameAndPassword/amine/123""" - null null (d509f86a)
2025-11-01T19:16:16.6065835+01:00 0HNGPE9DT9E8N:00000005 [INF] CORS policy execution successful. (5409d6ef)
2025-11-01T19:16:16.6083792+01:00 0HNGPE9DT9E8N:00000005 [INF] Executing endpoint '"DVLD_API.Controllers_EF.userServiceController.GetUserInfoByUsernameAndPassword (DVLD_API)"' (500cc934)
2025-11-01T19:16:16.6089639+01:00 0HNGPE9DT9E8N:00000005 [INF] Route matched with "{action = \"GetUserInfoByUsernameAndPassword\", controller = \"userService\"}". Executing controller action with signature "Microsoft.AspNetCore.Mvc.ActionResult`1[DVLD_SharedModels.clsUserDTO] GetUserInfoByUsernameAndPassword(System.String, System.String)" on controller "DVLD_API.Controllers_EF.userServiceController" ("DVLD_API"). (122b2fdf)
2025-11-01T19:16:16.6248113+01:00 0HNGPE9DT9E8N:00000005 [INF] Executing "OkObjectResult", writing value of type '"DVLD_SharedModels.clsUserDTO"'. (605b4265)
2025-11-01T19:16:16.6249765+01:00 0HNGPE9DT9E8N:00000005 [INF] Executed action "DVLD_API.Controllers_EF.userServiceController.GetUserInfoByUsernameAndPassword (DVLD_API)" in 15.9795ms (afa2e885)
2025-11-01T19:16:16.6250025+01:00 0HNGPE9DT9E8N:00000005 [INF] Executed endpoint '"DVLD_API.Controllers_EF.userServiceController.GetUserInfoByUsernameAndPassword (DVLD_API)"' (99874f2b)
2025-11-01T19:16:16.6250825+01:00 0HNGPE9DT9E8N:00000005 [INF] Request finished "HTTP/1.1" "GET" "http"://"localhost:5045""""/api/userService/GetUserInfoByUsernameAndPassword/amine/123""" - 200 null "application/json; charset=utf-8" 19.538ms (74253ad3)
2025-11-01T19:34:05.2079475+01:00 0HNGPE9DT9E8O:00000001 [INF] Request starting "HTTP/1.1" "GET" "http"://"localhost:5045""""/api/userService/GetUserInfoByUsernameAndPassword/amine/123""" - null null (d509f86a)
2025-11-01T19:34:05.2098612+01:00 0HNGPE9DT9E8O:00000001 [INF] CORS policy execution successful. (5409d6ef)
2025-11-01T19:34:05.2099530+01:00 0HNGPE9DT9E8O:00000001 [INF] Executing endpoint '"DVLD_API.Controllers_EF.userServiceController.GetUserInfoByUsernameAndPassword (DVLD_API)"' (500cc934)
2025-11-01T19:34:05.2100327+01:00 0HNGPE9DT9E8O:00000001 [INF] Route matched with "{action = \"GetUserInfoByUsernameAndPassword\", controller = \"userService\"}". Executing controller action with signature "Microsoft.AspNetCore.Mvc.ActionResult`1[DVLD_SharedModels.clsUserDTO] GetUserInfoByUsernameAndPassword(System.String, System.String)" on controller "DVLD_API.Controllers_EF.userServiceController" ("DVLD_API"). (122b2fdf)
2025-11-01T19:34:05.2267668+01:00 0HNGPE9DT9E8O:00000001 [INF] Executing "OkObjectResult", writing value of type '"DVLD_SharedModels.clsUserDTO"'. (605b4265)
2025-11-01T19:34:05.2269484+01:00 0HNGPE9DT9E8O:00000001 [INF] Executed action "DVLD_API.Controllers_EF.userServiceController.GetUserInfoByUsernameAndPassword (DVLD_API)" in 16.8782ms (afa2e885)
2025-11-01T19:34:05.2269910+01:00 0HNGPE9DT9E8O:00000001 [INF] Executed endpoint '"DVLD_API.Controllers_EF.userServiceController.GetUserInfoByUsernameAndPassword (DVLD_API)"' (99874f2b)
2025-11-01T19:34:05.2270575+01:00 0HNGPE9DT9E8O:00000001 [INF] Request finished "HTTP/1.1" "GET" "http"://"localhost:5045""""/api/userService/GetUserInfoByUsernameAndPassword/amine/123""" - 200 null "application/json; charset=utf-8" 20.7136ms (74253ad3)
2025-11-01T19:34:13.7170534+01:00 0HNGPE9DT9E8O:00000002 [INF] Request starting "HTTP/1.1" "GET" "http"://"localhost:5045""""/api/userService/GetUserInfoByUsernameAndPassword/amine/123""" - null null (d509f86a)
2025-11-01T19:34:13.7172074+01:00 0HNGPE9DT9E8O:00000002 [INF] CORS policy execution successful. (5409d6ef)
2025-11-01T19:34:13.7172620+01:00 0HNGPE9DT9E8O:00000002 [INF] Executing endpoint '"DVLD_API.Controllers_EF.userServiceController.GetUserInfoByUsernameAndPassword (DVLD_API)"' (500cc934)
2025-11-01T19:34:13.7173279+01:00 0HNGPE9DT9E8O:00000002 [INF] Route matched with "{action = \"GetUserInfoByUsernameAndPassword\", controller = \"userService\"}". Executing controller action with signature "Microsoft.AspNetCore.Mvc.ActionResult`1[DVLD_SharedModels.clsUserDTO] GetUserInfoByUsernameAndPassword(System.String, System.String)" on controller "DVLD_API.Controllers_EF.userServiceController" ("DVLD_API"). (122b2fdf)
2025-11-01T19:34:13.7190236+01:00 0HNGPE9DT9E8O:00000002 [INF] Executing "OkObjectResult", writing value of type '"DVLD_SharedModels.clsUserDTO"'. (605b4265)
2025-11-01T19:34:13.7191645+01:00 0HNGPE9DT9E8O:00000002 [INF] Executed action "DVLD_API.Controllers_EF.userServiceController.GetUserInfoByUsernameAndPassword (DVLD_API)" in 1.8166ms (afa2e885)
2025-11-01T19:34:13.7191832+01:00 0HNGPE9DT9E8O:00000002 [INF] Executed endpoint '"DVLD_API.Controllers_EF.userServiceController.GetUserInfoByUsernameAndPassword (DVLD_API)"' (99874f2b)
2025-11-01T19:34:13.7194534+01:00 0HNGPE9DT9E8O:00000002 [INF] Request finished "HTTP/1.1" "GET" "http"://"localhost:5045""""/api/userService/GetUserInfoByUsernameAndPassword/amine/123""" - 200 null "application/json; charset=utf-8" 2.2444ms (74253ad3)
2025-11-01T19:34:18.5306941+01:00 0HNGPE9DT9E8O:00000003 [INF] Request starting "HTTP/1.1" "GET" "http"://"localhost:5045""""/api/userService/GetUserInfoByUsernameAndPassword/amine/123""" - null null (d509f86a)
2025-11-01T19:34:18.5308814+01:00 0HNGPE9DT9E8O:00000003 [INF] CORS policy execution successful. (5409d6ef)
2025-11-01T19:34:18.5309277+01:00 0HNGPE9DT9E8O:00000003 [INF] Executing endpoint '"DVLD_API.Controllers_EF.userServiceController.GetUserInfoByUsernameAndPassword (DVLD_API)"' (500cc934)
2025-11-01T19:34:18.5309903+01:00 0HNGPE9DT9E8O:00000003 [INF] Route matched with "{action = \"GetUserInfoByUsernameAndPassword\", controller = \"userService\"}". Executing controller action with signature "Microsoft.AspNetCore.Mvc.ActionResult`1[DVLD_SharedModels.clsUserDTO] GetUserInfoByUsernameAndPassword(System.String, System.String)" on controller "DVLD_API.Controllers_EF.userServiceController" ("DVLD_API"). (122b2fdf)
2025-11-01T19:34:18.5322486+01:00 0HNGPE9DT9E8O:00000003 [INF] Executing "OkObjectResult", writing value of type '"DVLD_SharedModels.clsUserDTO"'. (605b4265)
2025-11-01T19:34:18.5323611+01:00 0HNGPE9DT9E8O:00000003 [INF] Executed action "DVLD_API.Controllers_EF.userServiceController.GetUserInfoByUsernameAndPassword (DVLD_API)" in 1.3532ms (afa2e885)
2025-11-01T19:34:18.5323727+01:00 0HNGPE9DT9E8O:00000003 [INF] Executed endpoint '"DVLD_API.Controllers_EF.userServiceController.GetUserInfoByUsernameAndPassword (DVLD_API)"' (99874f2b)
2025-11-01T19:34:18.5324029+01:00 0HNGPE9DT9E8O:00000003 [INF] Request finished "HTTP/1.1" "GET" "http"://"localhost:5045""""/api/userService/GetUserInfoByUsernameAndPassword/amine/123""" - 200 null "application/json; charset=utf-8" 1.7676ms (74253ad3)
2025-11-01T19:34:20.8253968+01:00 0HNGPE9DT9E8O:00000004 [INF] Request starting "HTTP/1.1" "GET" "http"://"localhost:5045""""/api/userService/GetUserInfoByUsernameAndPassword/amine/123""" - null null (d509f86a)
2025-11-01T19:34:20.8255506+01:00 0HNGPE9DT9E8O:00000004 [INF] CORS policy execution successful. (5409d6ef)
2025-11-01T19:34:20.8255959+01:00 0HNGPE9DT9E8O:00000004 [INF] Executing endpoint '"DVLD_API.Controllers_EF.userServiceController.GetUserInfoByUsernameAndPassword (DVLD_API)"' (500cc934)
2025-11-01T19:34:20.8256556+01:00 0HNGPE9DT9E8O:00000004 [INF] Route matched with "{action = \"GetUserInfoByUsernameAndPassword\", controller = \"userService\"}". Executing controller action with signature "Microsoft.AspNetCore.Mvc.ActionResult`1[DVLD_SharedModels.clsUserDTO] GetUserInfoByUsernameAndPassword(System.String, System.String)" on controller "DVLD_API.Controllers_EF.userServiceController" ("DVLD_API"). (122b2fdf)
2025-11-01T19:34:20.8378674+01:00 0HNGPE9DT9E8O:00000004 [INF] Executing "OkObjectResult", writing value of type '"DVLD_SharedModels.clsUserDTO"'. (605b4265)
2025-11-01T19:34:20.8380170+01:00 0HNGPE9DT9E8O:00000004 [INF] Executed action "DVLD_API.Controllers_EF.userServiceController.GetUserInfoByUsernameAndPassword (DVLD_API)" in 12.3368ms (afa2e885)
2025-11-01T19:34:20.8380397+01:00 0HNGPE9DT9E8O:00000004 [INF] Executed endpoint '"DVLD_API.Controllers_EF.userServiceController.GetUserInfoByUsernameAndPassword (DVLD_API)"' (99874f2b)
2025-11-01T19:34:20.8380904+01:00 0HNGPE9DT9E8O:00000004 [INF] Request finished "HTTP/1.1" "GET" "http"://"localhost:5045""""/api/userService/GetUserInfoByUsernameAndPassword/amine/123""" - 200 null "application/json; charset=utf-8" 12.7446ms (74253ad3)
2025-11-01T19:41:29.8377466+01:00 0HNGPE9DT9E8P:00000001 [INF] Request starting "HTTP/1.1" "GET" "http"://"localhost:5045""""/api/userService/GetUserInfoByUsernameAndPassword/amine/123""" - null null (d509f86a)
2025-11-01T19:41:29.8400436+01:00 0HNGPE9DT9E8P:00000001 [INF] CORS policy execution successful. (5409d6ef)
2025-11-01T19:41:29.8411951+01:00 0HNGPE9DT9E8P:00000001 [INF] Executing endpoint '"DVLD_API.Controllers_EF.userServiceController.GetUserInfoByUsernameAndPassword (DVLD_API)"' (500cc934)
2025-11-01T19:41:29.8412878+01:00 0HNGPE9DT9E8P:00000001 [INF] Route matched with "{action = \"GetUserInfoByUsernameAndPassword\", controller = \"userService\"}". Executing controller action with signature "Microsoft.AspNetCore.Mvc.ActionResult`1[DVLD_SharedModels.clsUserDTO] GetUserInfoByUsernameAndPassword(System.String, System.String)" on controller "DVLD_API.Controllers_EF.userServiceController" ("DVLD_API"). (122b2fdf)
2025-11-01T19:41:29.8601165+01:00 0HNGPE9DT9E8P:00000001 [INF] Executing "OkObjectResult", writing value of type '"DVLD_SharedModels.clsUserDTO"'. (605b4265)
2025-11-01T19:41:29.8602719+01:00 0HNGPE9DT9E8P:00000001 [INF] Executed action "DVLD_API.Controllers_EF.userServiceController.GetUserInfoByUsernameAndPassword (DVLD_API)" in 18.9595ms (afa2e885)
2025-11-01T19:41:29.8602967+01:00 0HNGPE9DT9E8P:00000001 [INF] Executed endpoint '"DVLD_API.Controllers_EF.userServiceController.GetUserInfoByUsernameAndPassword (DVLD_API)"' (99874f2b)
2025-11-01T19:41:29.8603537+01:00 0HNGPE9DT9E8P:00000001 [INF] Request finished "HTTP/1.1" "GET" "http"://"localhost:5045""""/api/userService/GetUserInfoByUsernameAndPassword/amine/123""" - 200 null "application/json; charset=utf-8" 22.6526ms (74253ad3)
2025-11-01T19:41:32.7778781+01:00 0HNGPE9DT9E8P:00000002 [INF] Request starting "HTTP/1.1" "GET" "http"://"localhost:5045""""/api/userService/GetUserInfoByUsernameAndPassword/amine/123""" - null null (d509f86a)
2025-11-01T19:41:32.7781020+01:00 0HNGPE9DT9E8P:00000002 [INF] CORS policy execution successful. (5409d6ef)
2025-11-01T19:41:32.7781595+01:00 0HNGPE9DT9E8P:00000002 [INF] Executing endpoint '"DVLD_API.Controllers_EF.userServiceController.GetUserInfoByUsernameAndPassword (DVLD_API)"' (500cc934)
2025-11-01T19:41:32.7782304+01:00 0HNGPE9DT9E8P:00000002 [INF] Route matched with "{action = \"GetUserInfoByUsernameAndPassword\", controller = \"userService\"}". Executing controller action with signature "Microsoft.AspNetCore.Mvc.ActionResult`1[DVLD_SharedModels.clsUserDTO] GetUserInfoByUsernameAndPassword(System.String, System.String)" on controller "DVLD_API.Controllers_EF.userServiceController" ("DVLD_API"). (122b2fdf)
2025-11-01T19:41:32.7798028+01:00 0HNGPE9DT9E8P:00000002 [INF] Executing "OkObjectResult", writing value of type '"DVLD_SharedModels.clsUserDTO"'. (605b4265)
2025-11-01T19:41:32.7799273+01:00 0HNGPE9DT9E8P:00000002 [INF] Executed action "DVLD_API.Controllers_EF.userServiceController.GetUserInfoByUsernameAndPassword (DVLD_API)" in 1.6749ms (afa2e885)
2025-11-01T19:41:32.7799410+01:00 0HNGPE9DT9E8P:00000002 [INF] Executed endpoint '"DVLD_API.Controllers_EF.userServiceController.GetUserInfoByUsernameAndPassword (DVLD_API)"' (99874f2b)
2025-11-01T19:41:32.7799726+01:00 0HNGPE9DT9E8P:00000002 [INF] Request finished "HTTP/1.1" "GET" "http"://"localhost:5045""""/api/userService/GetUserInfoByUsernameAndPassword/amine/123""" - 200 null "application/json; charset=utf-8" 2.1734ms (74253ad3)
2025-11-01T19:41:34.9314967+01:00 0HNGPE9DT9E8P:00000003 [INF] Request starting "HTTP/1.1" "GET" "http"://"localhost:5045""""/api/userService/GetUserInfoByUsernameAndPassword/amine/123""" - null null (d509f86a)
2025-11-01T19:41:34.9317061+01:00 0HNGPE9DT9E8P:00000003 [INF] CORS policy execution successful. (5409d6ef)
2025-11-01T19:41:34.9317603+01:00 0HNGPE9DT9E8P:00000003 [INF] Executing endpoint '"DVLD_API.Controllers_EF.userServiceController.GetUserInfoByUsernameAndPassword (DVLD_API)"' (500cc934)
2025-11-01T19:41:34.9318243+01:00 0HNGPE9DT9E8P:00000003 [INF] Route matched with "{action = \"GetUserInfoByUsernameAndPassword\", controller = \"userService\"}". Executing controller action with signature "Microsoft.AspNetCore.Mvc.ActionResult`1[DVLD_SharedModels.clsUserDTO] GetUserInfoByUsernameAndPassword(System.String, System.String)" on controller "DVLD_API.Controllers_EF.userServiceController" ("DVLD_API"). (122b2fdf)
2025-11-01T19:41:34.9336265+01:00 0HNGPE9DT9E8P:00000003 [INF] Executing "OkObjectResult", writing value of type '"DVLD_SharedModels.clsUserDTO"'. (605b4265)
2025-11-01T19:41:34.9337588+01:00 0HNGPE9DT9E8P:00000003 [INF] Executed action "DVLD_API.Controllers_EF.userServiceController.GetUserInfoByUsernameAndPassword (DVLD_API)" in 1.8852ms (afa2e885)
2025-11-01T19:41:34.9337747+01:00 0HNGPE9DT9E8P:00000003 [INF] Executed endpoint '"DVLD_API.Controllers_EF.userServiceController.GetUserInfoByUsernameAndPassword (DVLD_API)"' (99874f2b)
2025-11-01T19:41:34.9338216+01:00 0HNGPE9DT9E8P:00000003 [INF] Request finished "HTTP/1.1" "GET" "http"://"localhost:5045""""/api/userService/GetUserInfoByUsernameAndPassword/amine/123""" - 200 null "application/json; charset=utf-8" 2.3769ms (74253ad3)
2025-11-01T19:42:30.8120589+01:00 0HNGPE9DT9E8P:00000004 [INF] Request starting "HTTP/1.1" "GET" "http"://"localhost:5045""""/api/userService/GetUserInfoByUsernameAndPassword/amine/123""" - null null (d509f86a)
2025-11-01T19:42:30.8128662+01:00 0HNGPE9DT9E8P:00000004 [INF] CORS policy execution successful. (5409d6ef)
2025-11-01T19:42:30.8129609+01:00 0HNGPE9DT9E8P:00000004 [INF] Executing endpoint '"DVLD_API.Controllers_EF.userServiceController.GetUserInfoByUsernameAndPassword (DVLD_API)"' (500cc934)
2025-11-01T19:42:30.8130204+01:00 0HNGPE9DT9E8P:00000004 [INF] Route matched with "{action = \"GetUserInfoByUsernameAndPassword\", controller = \"userService\"}". Executing controller action with signature "Microsoft.AspNetCore.Mvc.ActionResult`1[DVLD_SharedModels.clsUserDTO] GetUserInfoByUsernameAndPassword(System.String, System.String)" on controller "DVLD_API.Controllers_EF.userServiceController" ("DVLD_API"). (122b2fdf)
2025-11-01T19:42:30.8308839+01:00 0HNGPE9DT9E8P:00000004 [INF] Executing "OkObjectResult", writing value of type '"DVLD_SharedModels.clsUserDTO"'. (605b4265)
2025-11-01T19:42:30.8310276+01:00 0HNGPE9DT9E8P:00000004 [INF] Executed action "DVLD_API.Controllers_EF.userServiceController.GetUserInfoByUsernameAndPassword (DVLD_API)" in 17.9847ms (afa2e885)
2025-11-01T19:42:30.8310490+01:00 0HNGPE9DT9E8P:00000004 [INF] Executed endpoint '"DVLD_API.Controllers_EF.userServiceController.GetUserInfoByUsernameAndPassword (DVLD_API)"' (99874f2b)
2025-11-01T19:42:30.8310979+01:00 0HNGPE9DT9E8P:00000004 [INF] Request finished "HTTP/1.1" "GET" "http"://"localhost:5045""""/api/userService/GetUserInfoByUsernameAndPassword/amine/123""" - 200 null "application/json; charset=utf-8" 19.1033ms (74253ad3)
2025-11-01T19:42:33.0025448+01:00 0HNGPE9DT9E8P:00000005 [INF] Request starting "HTTP/1.1" "GET" "http"://"localhost:5045""""/api/userService/GetUserInfoByUsernameAndPassword/amine/123""" - null null (d509f86a)
2025-11-01T19:42:33.0026788+01:00 0HNGPE9DT9E8P:00000005 [INF] CORS policy execution successful. (5409d6ef)
2025-11-01T19:42:33.0027203+01:00 0HNGPE9DT9E8P:00000005 [INF] Executing endpoint '"DVLD_API.Controllers_EF.userServiceController.GetUserInfoByUsernameAndPassword (DVLD_API)"' (500cc934)
2025-11-01T19:42:33.0027652+01:00 0HNGPE9DT9E8P:00000005 [INF] Route matched with "{action = \"GetUserInfoByUsernameAndPassword\", controller = \"userService\"}". Executing controller action with signature "Microsoft.AspNetCore.Mvc.ActionResult`1[DVLD_SharedModels.clsUserDTO] GetUserInfoByUsernameAndPassword(System.String, System.String)" on controller "DVLD_API.Controllers_EF.userServiceController" ("DVLD_API"). (122b2fdf)
2025-11-01T19:42:33.0040548+01:00 0HNGPE9DT9E8P:00000005 [INF] Executing "OkObjectResult", writing value of type '"DVLD_SharedModels.clsUserDTO"'. (605b4265)
2025-11-01T19:42:33.0042146+01:00 0HNGPE9DT9E8P:00000005 [INF] Executed action "DVLD_API.Controllers_EF.userServiceController.GetUserInfoByUsernameAndPassword (DVLD_API)" in 1.4289ms (afa2e885)
2025-11-01T19:42:33.0042361+01:00 0HNGPE9DT9E8P:00000005 [INF] Executed endpoint '"DVLD_API.Controllers_EF.userServiceController.GetUserInfoByUsernameAndPassword (DVLD_API)"' (99874f2b)
2025-11-01T19:42:33.0042852+01:00 0HNGPE9DT9E8P:00000005 [INF] Request finished "HTTP/1.1" "GET" "http"://"localhost:5045""""/api/userService/GetUserInfoByUsernameAndPassword/amine/123""" - 200 null "application/json; charset=utf-8" 1.7811ms (74253ad3)
2025-11-01T19:43:47.4628812+01:00 0HNGPE9DT9E8P:00000006 [INF] Request starting "HTTP/1.1" "GET" "http"://"localhost:5045""""/api/userService/GetUserInfoByUsernameAndPassword/amine/123""" - null null (d509f86a)
2025-11-01T19:43:47.4640038+01:00 0HNGPE9DT9E8P:00000006 [INF] CORS policy execution successful. (5409d6ef)
2025-11-01T19:43:47.4640670+01:00 0HNGPE9DT9E8P:00000006 [INF] Executing endpoint '"DVLD_API.Controllers_EF.userServiceController.GetUserInfoByUsernameAndPassword (DVLD_API)"' (500cc934)
2025-11-01T19:43:47.4662015+01:00 0HNGPE9DT9E8P:00000006 [INF] Route matched with "{action = \"GetUserInfoByUsernameAndPassword\", controller = \"userService\"}". Executing controller action with signature "Microsoft.AspNetCore.Mvc.ActionResult`1[DVLD_SharedModels.clsUserDTO] GetUserInfoByUsernameAndPassword(System.String, System.String)" on controller "DVLD_API.Controllers_EF.userServiceController" ("DVLD_API"). (122b2fdf)
2025-11-01T19:43:47.5039469+01:00 0HNGPE9DT9E8P:00000006 [INF] Executing "OkObjectResult", writing value of type '"DVLD_SharedModels.clsUserDTO"'. (605b4265)
2025-11-01T19:43:47.5041497+01:00 0HNGPE9DT9E8P:00000006 [INF] Executed action "DVLD_API.Controllers_EF.userServiceController.GetUserInfoByUsernameAndPassword (DVLD_API)" in 37.9262ms (afa2e885)
2025-11-01T19:43:47.5041792+01:00 0HNGPE9DT9E8P:00000006 [INF] Executed endpoint '"DVLD_API.Controllers_EF.userServiceController.GetUserInfoByUsernameAndPassword (DVLD_API)"' (99874f2b)
2025-11-01T19:43:47.5042351+01:00 0HNGPE9DT9E8P:00000006 [INF] Request finished "HTTP/1.1" "GET" "http"://"localhost:5045""""/api/userService/GetUserInfoByUsernameAndPassword/amine/123""" - 200 null "application/json; charset=utf-8" 41.4159ms (74253ad3)
2025-11-01T19:43:49.9563110+01:00 0HNGPE9DT9E8P:00000007 [INF] Request starting "HTTP/1.1" "GET" "http"://"localhost:5045""""/api/userService/GetUserInfoByUsernameAndPassword/amine/123""" - null null (d509f86a)
2025-11-01T19:43:49.9565189+01:00 0HNGPE9DT9E8P:00000007 [INF] CORS policy execution successful. (5409d6ef)
2025-11-01T19:43:49.9566587+01:00 0HNGPE9DT9E8P:00000007 [INF] Executing endpoint '"DVLD_API.Controllers_EF.userServiceController.GetUserInfoByUsernameAndPassword (DVLD_API)"' (500cc934)
2025-11-01T19:43:49.9567234+01:00 0HNGPE9DT9E8P:00000007 [INF] Route matched with "{action = \"GetUserInfoByUsernameAndPassword\", controller = \"userService\"}". Executing controller action with signature "Microsoft.AspNetCore.Mvc.ActionResult`1[DVLD_SharedModels.clsUserDTO] GetUserInfoByUsernameAndPassword(System.String, System.String)" on controller "DVLD_API.Controllers_EF.userServiceController" ("DVLD_API"). (122b2fdf)
2025-11-01T19:43:49.9586965+01:00 0HNGPE9DT9E8P:00000007 [INF] Executing "OkObjectResult", writing value of type '"DVLD_SharedModels.clsUserDTO"'. (605b4265)
2025-11-01T19:43:49.9588500+01:00 0HNGPE9DT9E8P:00000007 [INF] Executed action "DVLD_API.Controllers_EF.userServiceController.GetUserInfoByUsernameAndPassword (DVLD_API)" in 2.1025ms (afa2e885)
2025-11-01T19:43:49.9588890+01:00 0HNGPE9DT9E8P:00000007 [INF] Executed endpoint '"DVLD_API.Controllers_EF.userServiceController.GetUserInfoByUsernameAndPassword (DVLD_API)"' (99874f2b)
2025-11-01T19:43:49.9589994+01:00 0HNGPE9DT9E8P:00000007 [INF] Request finished "HTTP/1.1" "GET" "http"://"localhost:5045""""/api/userService/GetUserInfoByUsernameAndPassword/amine/123""" - 200 null "application/json; charset=utf-8" 2.7613ms (74253ad3)
2025-11-01T19:48:23.8675966+01:00 0HNGPE9DT9E8P:00000008 [INF] Request starting "HTTP/1.1" "GET" "http"://"localhost:5045""""/api/userService/GetUserInfoByUsernameAndPassword/amine/123""" - null null (d509f86a)
2025-11-01T19:48:23.8683235+01:00 0HNGPE9DT9E8P:00000008 [INF] CORS policy execution successful. (5409d6ef)
2025-11-01T19:48:23.8684272+01:00 0HNGPE9DT9E8P:00000008 [INF] Executing endpoint '"DVLD_API.Controllers_EF.userServiceController.GetUserInfoByUsernameAndPassword (DVLD_API)"' (500cc934)
2025-11-01T19:48:23.8703684+01:00 0HNGPE9DT9E8P:00000008 [INF] Route matched with "{action = \"GetUserInfoByUsernameAndPassword\", controller = \"userService\"}". Executing controller action with signature "Microsoft.AspNetCore.Mvc.ActionResult`1[DVLD_SharedModels.clsUserDTO] GetUserInfoByUsernameAndPassword(System.String, System.String)" on controller "DVLD_API.Controllers_EF.userServiceController" ("DVLD_API"). (122b2fdf)
2025-11-01T19:48:23.8848789+01:00 0HNGPE9DT9E8P:00000008 [INF] Executing "OkObjectResult", writing value of type '"DVLD_SharedModels.clsUserDTO"'. (605b4265)
2025-11-01T19:48:23.8850616+01:00 0HNGPE9DT9E8P:00000008 [INF] Executed action "DVLD_API.Controllers_EF.userServiceController.GetUserInfoByUsernameAndPassword (DVLD_API)" in 14.6645ms (afa2e885)
2025-11-01T19:48:23.8850830+01:00 0HNGPE9DT9E8P:00000008 [INF] Executed endpoint '"DVLD_API.Controllers_EF.userServiceController.GetUserInfoByUsernameAndPassword (DVLD_API)"' (99874f2b)
2025-11-01T19:48:23.8851531+01:00 0HNGPE9DT9E8P:00000008 [INF] Request finished "HTTP/1.1" "GET" "http"://"localhost:5045""""/api/userService/GetUserInfoByUsernameAndPassword/amine/123""" - 200 null "application/json; charset=utf-8" 17.6082ms (74253ad3)
2025-11-01T19:48:26.3150044+01:00 0HNGPE9DT9E8P:00000009 [INF] Request starting "HTTP/1.1" "GET" "http"://"localhost:5045""""/api/userService/GetUserInfoByUsernameAndPassword/amine/123""" - null null (d509f86a)
2025-11-01T19:48:26.3151432+01:00 0HNGPE9DT9E8P:00000009 [INF] CORS policy execution successful. (5409d6ef)
2025-11-01T19:48:26.3152529+01:00 0HNGPE9DT9E8P:00000009 [INF] Executing endpoint '"DVLD_API.Controllers_EF.userServiceController.GetUserInfoByUsernameAndPassword (DVLD_API)"' (500cc934)
2025-11-01T19:48:26.3153066+01:00 0HNGPE9DT9E8P:00000009 [INF] Route matched with "{action = \"GetUserInfoByUsernameAndPassword\", controller = \"userService\"}". Executing controller action with signature "Microsoft.AspNetCore.Mvc.ActionResult`1[DVLD_SharedModels.clsUserDTO] GetUserInfoByUsernameAndPassword(System.String, System.String)" on controller "DVLD_API.Controllers_EF.userServiceController" ("DVLD_API"). (122b2fdf)
2025-11-01T19:48:26.3169159+01:00 0HNGPE9DT9E8P:00000009 [INF] Executing "OkObjectResult", writing value of type '"DVLD_SharedModels.clsUserDTO"'. (605b4265)
2025-11-01T19:48:26.3170686+01:00 0HNGPE9DT9E8P:00000009 [INF] Executed action "DVLD_API.Controllers_EF.userServiceController.GetUserInfoByUsernameAndPassword (DVLD_API)" in 1.7422ms (afa2e885)
2025-11-01T19:48:26.3171077+01:00 0HNGPE9DT9E8P:00000009 [INF] Executed endpoint '"DVLD_API.Controllers_EF.userServiceController.GetUserInfoByUsernameAndPassword (DVLD_API)"' (99874f2b)
2025-11-01T19:48:26.3171543+01:00 0HNGPE9DT9E8P:00000009 [INF] Request finished "HTTP/1.1" "GET" "http"://"localhost:5045""""/api/userService/GetUserInfoByUsernameAndPassword/amine/123""" - 200 null "application/json; charset=utf-8" 2.1919ms (74253ad3)
2025-11-01T19:49:04.8418752+01:00 0HNGPE9DT9E8P:0000000A [INF] Request starting "HTTP/1.1" "GET" "http"://"localhost:5045""""/api/userService/GetUserInfoByUsernameAndPassword/amine/123""" - null null (d509f86a)
2025-11-01T19:49:04.8420486+01:00 0HNGPE9DT9E8P:0000000A [INF] CORS policy execution successful. (5409d6ef)
2025-11-01T19:49:04.8420918+01:00 0HNGPE9DT9E8P:0000000A [INF] Executing endpoint '"DVLD_API.Controllers_EF.userServiceController.GetUserInfoByUsernameAndPassword (DVLD_API)"' (500cc934)
2025-11-01T19:49:04.8421572+01:00 0HNGPE9DT9E8P:0000000A [INF] Route matched with "{action = \"GetUserInfoByUsernameAndPassword\", controller = \"userService\"}". Executing controller action with signature "Microsoft.AspNetCore.Mvc.ActionResult`1[DVLD_SharedModels.clsUserDTO] GetUserInfoByUsernameAndPassword(System.String, System.String)" on controller "DVLD_API.Controllers_EF.userServiceController" ("DVLD_API"). (122b2fdf)
2025-11-01T19:49:04.8599068+01:00 0HNGPE9DT9E8P:0000000A [INF] Executing "OkObjectResult", writing value of type '"DVLD_SharedModels.clsUserDTO"'. (605b4265)
2025-11-01T19:49:04.8600355+01:00 0HNGPE9DT9E8P:0000000A [INF] Executed action "DVLD_API.Controllers_EF.userServiceController.GetUserInfoByUsernameAndPassword (DVLD_API)" in 17.8582ms (afa2e885)
2025-11-01T19:49:04.8600578+01:00 0HNGPE9DT9E8P:0000000A [INF] Executed endpoint '"DVLD_API.Controllers_EF.userServiceController.GetUserInfoByUsernameAndPassword (DVLD_API)"' (99874f2b)
2025-11-01T19:49:04.8601022+01:00 0HNGPE9DT9E8P:0000000A [INF] Request finished "HTTP/1.1" "GET" "http"://"localhost:5045""""/api/userService/GetUserInfoByUsernameAndPassword/amine/123""" - 200 null "application/json; charset=utf-8" 18.2866ms (74253ad3)
2025-11-01T19:49:07.0785026+01:00 0HNGPE9DT9E8P:0000000B [INF] Request starting "HTTP/1.1" "GET" "http"://"localhost:5045""""/api/userService/GetUserInfoByUsernameAndPassword/amine/123""" - null null (d509f86a)
2025-11-01T19:49:07.0786426+01:00 0HNGPE9DT9E8P:0000000B [INF] CORS policy execution successful. (5409d6ef)
2025-11-01T19:49:07.0786842+01:00 0HNGPE9DT9E8P:0000000B [INF] Executing endpoint '"DVLD_API.Controllers_EF.userServiceController.GetUserInfoByUsernameAndPassword (DVLD_API)"' (500cc934)
2025-11-01T19:49:07.0787474+01:00 0HNGPE9DT9E8P:0000000B [INF] Route matched with "{action = \"GetUserInfoByUsernameAndPassword\", controller = \"userService\"}". Executing controller action with signature "Microsoft.AspNetCore.Mvc.ActionResult`1[DVLD_SharedModels.clsUserDTO] GetUserInfoByUsernameAndPassword(System.String, System.String)" on controller "DVLD_API.Controllers_EF.userServiceController" ("DVLD_API"). (122b2fdf)
2025-11-01T19:49:07.0802262+01:00 0HNGPE9DT9E8P:0000000B [INF] Executing "OkObjectResult", writing value of type '"DVLD_SharedModels.clsUserDTO"'. (605b4265)
2025-11-01T19:49:07.0803497+01:00 0HNGPE9DT9E8P:0000000B [INF] Executed action "DVLD_API.Controllers_EF.userServiceController.GetUserInfoByUsernameAndPassword (DVLD_API)" in 1.5834ms (afa2e885)
2025-11-01T19:49:07.0803723+01:00 0HNGPE9DT9E8P:0000000B [INF] Executed endpoint '"DVLD_API.Controllers_EF.userServiceController.GetUserInfoByUsernameAndPassword (DVLD_API)"' (99874f2b)
2025-11-01T19:49:07.0804232+01:00 0HNGPE9DT9E8P:0000000B [INF] Request finished "HTTP/1.1" "GET" "http"://"localhost:5045""""/api/userService/GetUserInfoByUsernameAndPassword/amine/123""" - 200 null "application/json; charset=utf-8" 1.9856ms (74253ad3)
2025-11-01T19:50:27.5666337+01:00 0HNGPE9DT9E8P:0000000C [INF] Request starting "HTTP/1.1" "GET" "http"://"localhost:5045""""/api/userService/GetUserInfoByUsernameAndPassword/amine/123""" - null null (d509f86a)
2025-11-01T19:50:27.5673152+01:00 0HNGPE9DT9E8P:0000000C [INF] CORS policy execution successful. (5409d6ef)
2025-11-01T19:50:27.5673687+01:00 0HNGPE9DT9E8P:0000000C [INF] Executing endpoint '"DVLD_API.Controllers_EF.userServiceController.GetUserInfoByUsernameAndPassword (DVLD_API)"' (500cc934)
2025-11-01T19:50:27.5674355+01:00 0HNGPE9DT9E8P:0000000C [INF] Route matched with "{action = \"GetUserInfoByUsernameAndPassword\", controller = \"userService\"}". Executing controller action with signature "Microsoft.AspNetCore.Mvc.ActionResult`1[DVLD_SharedModels.clsUserDTO] GetUserInfoByUsernameAndPassword(System.String, System.String)" on controller "DVLD_API.Controllers_EF.userServiceController" ("DVLD_API"). (122b2fdf)
2025-11-01T19:50:27.5838424+01:00 0HNGPE9DT9E8P:0000000C [INF] Executing "OkObjectResult", writing value of type '"DVLD_SharedModels.clsUserDTO"'. (605b4265)
2025-11-01T19:50:27.5840498+01:00 0HNGPE9DT9E8P:0000000C [INF] Executed action "DVLD_API.Controllers_EF.userServiceController.GetUserInfoByUsernameAndPassword (DVLD_API)" in 16.5959ms (afa2e885)
2025-11-01T19:50:27.5840747+01:00 0HNGPE9DT9E8P:0000000C [INF] Executed endpoint '"DVLD_API.Controllers_EF.userServiceController.GetUserInfoByUsernameAndPassword (DVLD_API)"' (99874f2b)
2025-11-01T19:50:27.5841173+01:00 0HNGPE9DT9E8P:0000000C [INF] Request finished "HTTP/1.1" "GET" "http"://"localhost:5045""""/api/userService/GetUserInfoByUsernameAndPassword/amine/123""" - 200 null "application/json; charset=utf-8" 17.5537ms (74253ad3)
2025-11-01T19:50:30.7323670+01:00 0HNGPE9DT9E8P:0000000D [INF] Request starting "HTTP/1.1" "GET" "http"://"localhost:5045""""/api/userService/GetUserInfoByUsernameAndPassword/amine/123""" - null null (d509f86a)
2025-11-01T19:50:30.7326158+01:00 0HNGPE9DT9E8P:0000000D [INF] CORS policy execution successful. (5409d6ef)
2025-11-01T19:50:30.7326721+01:00 0HNGPE9DT9E8P:0000000D [INF] Executing endpoint '"DVLD_API.Controllers_EF.userServiceController.GetUserInfoByUsernameAndPassword (DVLD_API)"' (500cc934)
2025-11-01T19:50:30.7327498+01:00 0HNGPE9DT9E8P:0000000D [INF] Route matched with "{action = \"GetUserInfoByUsernameAndPassword\", controller = \"userService\"}". Executing controller action with signature "Microsoft.AspNetCore.Mvc.ActionResult`1[DVLD_SharedModels.clsUserDTO] GetUserInfoByUsernameAndPassword(System.String, System.String)" on controller "DVLD_API.Controllers_EF.userServiceController" ("DVLD_API"). (122b2fdf)
2025-11-01T19:50:30.7343421+01:00 0HNGPE9DT9E8P:0000000D [INF] Executing "OkObjectResult", writing value of type '"DVLD_SharedModels.clsUserDTO"'. (605b4265)
2025-11-01T19:50:30.7344599+01:00 0HNGPE9DT9E8P:0000000D [INF] Executed action "DVLD_API.Controllers_EF.userServiceController.GetUserInfoByUsernameAndPassword (DVLD_API)" in 1.6906ms (afa2e885)
2025-11-01T19:50:30.7344759+01:00 0HNGPE9DT9E8P:0000000D [INF] Executed endpoint '"DVLD_API.Controllers_EF.userServiceController.GetUserInfoByUsernameAndPassword (DVLD_API)"' (99874f2b)
2025-11-01T19:50:30.7345157+01:00 0HNGPE9DT9E8P:0000000D [INF] Request finished "HTTP/1.1" "GET" "http"://"localhost:5045""""/api/userService/GetUserInfoByUsernameAndPassword/amine/123""" - 200 null "application/json; charset=utf-8" 2.2113ms (74253ad3)
2025-11-01T19:50:32.9183494+01:00 0HNGPE9DT9E8P:0000000E [INF] Request starting "HTTP/1.1" "GET" "http"://"localhost:5045""""/api/userService/GetUserInfoByUsernameAndPassword/amine/123""" - null null (d509f86a)
2025-11-01T19:50:32.9185094+01:00 0HNGPE9DT9E8P:0000000E [INF] CORS policy execution successful. (5409d6ef)
2025-11-01T19:50:32.9185569+01:00 0HNGPE9DT9E8P:0000000E [INF] Executing endpoint '"DVLD_API.Controllers_EF.userServiceController.GetUserInfoByUsernameAndPassword (DVLD_API)"' (500cc934)
2025-11-01T19:50:32.9186196+01:00 0HNGPE9DT9E8P:0000000E [INF] Route matched with "{action = \"GetUserInfoByUsernameAndPassword\", controller = \"userService\"}". Executing controller action with signature "Microsoft.AspNetCore.Mvc.ActionResult`1[DVLD_SharedModels.clsUserDTO] GetUserInfoByUsernameAndPassword(System.String, System.String)" on controller "DVLD_API.Controllers_EF.userServiceController" ("DVLD_API"). (122b2fdf)
2025-11-01T19:50:32.9201164+01:00 0HNGPE9DT9E8P:0000000E [INF] Executing "OkObjectResult", writing value of type '"DVLD_SharedModels.clsUserDTO"'. (605b4265)
2025-11-01T19:50:32.9202239+01:00 0HNGPE9DT9E8P:0000000E [INF] Executed action "DVLD_API.Controllers_EF.userServiceController.GetUserInfoByUsernameAndPassword (DVLD_API)" in 1.5866ms (afa2e885)
2025-11-01T19:50:32.9202508+01:00 0HNGPE9DT9E8P:0000000E [INF] Executed endpoint '"DVLD_API.Controllers_EF.userServiceController.GetUserInfoByUsernameAndPassword (DVLD_API)"' (99874f2b)
2025-11-01T19:50:32.9203328+01:00 0HNGPE9DT9E8P:0000000E [INF] Request finished "HTTP/1.1" "GET" "http"://"localhost:5045""""/api/userService/GetUserInfoByUsernameAndPassword/amine/123""" - 200 null "application/json; charset=utf-8" 1.9927ms (74253ad3)
2025-11-01T19:56:07.4502150+01:00 0HNGPE9DT9E8Q:00000001 [INF] Request starting "HTTP/1.1" "GET" "http"://"localhost:5045""""/api/userService/GetUserInfoByUsernameAndPassword/amine/123""" - null null (d509f86a)
2025-11-01T19:56:07.4518315+01:00 0HNGPE9DT9E8Q:00000001 [INF] CORS policy execution successful. (5409d6ef)
2025-11-01T19:56:07.4524550+01:00 0HNGPE9DT9E8Q:00000001 [INF] Executing endpoint '"DVLD_API.Controllers_EF.userServiceController.GetUserInfoByUsernameAndPassword (DVLD_API)"' (500cc934)
2025-11-01T19:56:07.4525364+01:00 0HNGPE9DT9E8Q:00000001 [INF] Route matched with "{action = \"GetUserInfoByUsernameAndPassword\", controller = \"userService\"}". Executing controller action with signature "Microsoft.AspNetCore.Mvc.ActionResult`1[DVLD_SharedModels.clsUserDTO] GetUserInfoByUsernameAndPassword(System.String, System.String)" on controller "DVLD_API.Controllers_EF.userServiceController" ("DVLD_API"). (122b2fdf)
2025-11-01T19:56:07.4706269+01:00 0HNGPE9DT9E8Q:00000001 [INF] Executing "OkObjectResult", writing value of type '"DVLD_SharedModels.clsUserDTO"'. (605b4265)
2025-11-01T19:56:07.4708439+01:00 0HNGPE9DT9E8Q:00000001 [INF] Executed action "DVLD_API.Controllers_EF.userServiceController.GetUserInfoByUsernameAndPassword (DVLD_API)" in 18.2889ms (afa2e885)
2025-11-01T19:56:07.4708659+01:00 0HNGPE9DT9E8Q:00000001 [INF] Executed endpoint '"DVLD_API.Controllers_EF.userServiceController.GetUserInfoByUsernameAndPassword (DVLD_API)"' (99874f2b)
2025-11-01T19:56:07.4709102+01:00 0HNGPE9DT9E8Q:00000001 [INF] Request finished "HTTP/1.1" "GET" "http"://"localhost:5045""""/api/userService/GetUserInfoByUsernameAndPassword/amine/123""" - 200 null "application/json; charset=utf-8" 20.7392ms (74253ad3)
2025-11-01T19:56:20.1790920+01:00 0HNGPE9DT9E8Q:00000002 [INF] Request starting "HTTP/1.1" "GET" "http"://"localhost:5045""""/api/userService/GetUserInfoByUsernameAndPassword/amine/123""" - null null (d509f86a)
2025-11-01T19:56:20.1792925+01:00 0HNGPE9DT9E8Q:00000002 [INF] CORS policy execution successful. (5409d6ef)
2025-11-01T19:56:20.1793350+01:00 0HNGPE9DT9E8Q:00000002 [INF] Executing endpoint '"DVLD_API.Controllers_EF.userServiceController.GetUserInfoByUsernameAndPassword (DVLD_API)"' (500cc934)
2025-11-01T19:56:20.1793968+01:00 0HNGPE9DT9E8Q:00000002 [INF] Route matched with "{action = \"GetUserInfoByUsernameAndPassword\", controller = \"userService\"}". Executing controller action with signature "Microsoft.AspNetCore.Mvc.ActionResult`1[DVLD_SharedModels.clsUserDTO] GetUserInfoByUsernameAndPassword(System.String, System.String)" on controller "DVLD_API.Controllers_EF.userServiceController" ("DVLD_API"). (122b2fdf)
2025-11-01T19:56:20.1891620+01:00 0HNGPE9DT9E8Q:00000002 [INF] Executing "OkObjectResult", writing value of type '"DVLD_SharedModels.clsUserDTO"'. (605b4265)
2025-11-01T19:56:20.1892693+01:00 0HNGPE9DT9E8Q:00000002 [INF] Executed action "DVLD_API.Controllers_EF.userServiceController.GetUserInfoByUsernameAndPassword (DVLD_API)" in 9.8532ms (afa2e885)
2025-11-01T19:56:20.1892816+01:00 0HNGPE9DT9E8Q:00000002 [INF] Executed endpoint '"DVLD_API.Controllers_EF.userServiceController.GetUserInfoByUsernameAndPassword (DVLD_API)"' (99874f2b)
2025-11-01T19:56:20.1893145+01:00 0HNGPE9DT9E8Q:00000002 [INF] Request finished "HTTP/1.1" "GET" "http"://"localhost:5045""""/api/userService/GetUserInfoByUsernameAndPassword/amine/123""" - 200 null "application/json; charset=utf-8" 10.3002ms (74253ad3)
2025-11-01T21:10:04.4161986+01:00 0HNGPE9DT9E8R:00000001 [INF] Request starting "HTTP/1.1" "GET" "http"://"localhost:5045""""/api/userService/GetUserInfoByUsernameAndPassword/amine/123""" - null null (d509f86a)
2025-11-01T21:10:04.4176709+01:00 0HNGPE9DT9E8R:00000001 [INF] CORS policy execution successful. (5409d6ef)
2025-11-01T21:10:04.4177238+01:00 0HNGPE9DT9E8R:00000001 [INF] Executing endpoint '"DVLD_API.Controllers_EF.userServiceController.GetUserInfoByUsernameAndPassword (DVLD_API)"' (500cc934)
2025-11-01T21:10:04.4178234+01:00 0HNGPE9DT9E8R:00000001 [INF] Route matched with "{action = \"GetUserInfoByUsernameAndPassword\", controller = \"userService\"}". Executing controller action with signature "Microsoft.AspNetCore.Mvc.ActionResult`1[DVLD_SharedModels.clsUserDTO] GetUserInfoByUsernameAndPassword(System.String, System.String)" on controller "DVLD_API.Controllers_EF.userServiceController" ("DVLD_API"). (122b2fdf)
2025-11-01T21:10:04.4296418+01:00 0HNGPE9DT9E8R:00000001 [INF] Executing "OkObjectResult", writing value of type '"DVLD_SharedModels.clsUserDTO"'. (605b4265)
2025-11-01T21:10:04.4298126+01:00 0HNGPE9DT9E8R:00000001 [INF] Executed action "DVLD_API.Controllers_EF.userServiceController.GetUserInfoByUsernameAndPassword (DVLD_API)" in 11.9698ms (afa2e885)
2025-11-01T21:10:04.4298323+01:00 0HNGPE9DT9E8R:00000001 [INF] Executed endpoint '"DVLD_API.Controllers_EF.userServiceController.GetUserInfoByUsernameAndPassword (DVLD_API)"' (99874f2b)
2025-11-01T21:10:04.4298773+01:00 0HNGPE9DT9E8R:00000001 [INF] Request finished "HTTP/1.1" "GET" "http"://"localhost:5045""""/api/userService/GetUserInfoByUsernameAndPassword/amine/123""" - 200 null "application/json; charset=utf-8" 15.7506ms (74253ad3)
2025-11-01T21:11:46.3818165+01:00 0HNGPE9DT9E8R:00000002 [INF] Request starting "HTTP/1.1" "GET" "http"://"localhost:5045""""/api/userService/GetUserInfoByUsernameAndPassword/amine/123""" - null null (d509f86a)
2025-11-01T21:11:46.3819837+01:00 0HNGPE9DT9E8R:00000002 [INF] CORS policy execution successful. (5409d6ef)
2025-11-01T21:11:46.3820226+01:00 0HNGPE9DT9E8R:00000002 [INF] Executing endpoint '"DVLD_API.Controllers_EF.userServiceController.GetUserInfoByUsernameAndPassword (DVLD_API)"' (500cc934)
2025-11-01T21:11:46.3820878+01:00 0HNGPE9DT9E8R:00000002 [INF] Route matched with "{action = \"GetUserInfoByUsernameAndPassword\", controller = \"userService\"}". Executing controller action with signature "Microsoft.AspNetCore.Mvc.ActionResult`1[DVLD_SharedModels.clsUserDTO] GetUserInfoByUsernameAndPassword(System.String, System.String)" on controller "DVLD_API.Controllers_EF.userServiceController" ("DVLD_API"). (122b2fdf)
2025-11-01T21:11:46.3905858+01:00 0HNGPE9DT9E8R:00000002 [INF] Executing "OkObjectResult", writing value of type '"DVLD_SharedModels.clsUserDTO"'. (605b4265)
2025-11-01T21:11:46.3907088+01:00 0HNGPE9DT9E8R:00000002 [INF] Executed action "DVLD_API.Controllers_EF.userServiceController.GetUserInfoByUsernameAndPassword (DVLD_API)" in 8.6055ms (afa2e885)
2025-11-01T21:11:46.3907298+01:00 0HNGPE9DT9E8R:00000002 [INF] Executed endpoint '"DVLD_API.Controllers_EF.userServiceController.GetUserInfoByUsernameAndPassword (DVLD_API)"' (99874f2b)
2025-11-01T21:11:46.3907770+01:00 0HNGPE9DT9E8R:00000002 [INF] Request finished "HTTP/1.1" "GET" "http"://"localhost:5045""""/api/userService/GetUserInfoByUsernameAndPassword/amine/123""" - 200 null "application/json; charset=utf-8" 9.0831ms (74253ad3)
2025-11-01T21:11:57.3863439+01:00 0HNGPE9DT9E8R:00000003 [INF] Request starting "HTTP/1.1" "GET" "http"://"localhost:5045""""/api/userService/GetUserInfoByUsernameAndPassword/amine/123""" - null null (d509f86a)
2025-11-01T21:11:57.3865027+01:00 0HNGPE9DT9E8R:00000003 [INF] CORS policy execution successful. (5409d6ef)
2025-11-01T21:11:57.3865493+01:00 0HNGPE9DT9E8R:00000003 [INF] Executing endpoint '"DVLD_API.Controllers_EF.userServiceController.GetUserInfoByUsernameAndPassword (DVLD_API)"' (500cc934)
2025-11-01T21:11:57.3866113+01:00 0HNGPE9DT9E8R:00000003 [INF] Route matched with "{action = \"GetUserInfoByUsernameAndPassword\", controller = \"userService\"}". Executing controller action with signature "Microsoft.AspNetCore.Mvc.ActionResult`1[DVLD_SharedModels.clsUserDTO] GetUserInfoByUsernameAndPassword(System.String, System.String)" on controller "DVLD_API.Controllers_EF.userServiceController" ("DVLD_API"). (122b2fdf)
2025-11-01T21:11:57.3895685+01:00 0HNGPE9DT9E8R:00000003 [INF] Executing "OkObjectResult", writing value of type '"DVLD_SharedModels.clsUserDTO"'. (605b4265)
2025-11-01T21:11:57.3896851+01:00 0HNGPE9DT9E8R:00000003 [INF] Executed action "DVLD_API.Controllers_EF.userServiceController.GetUserInfoByUsernameAndPassword (DVLD_API)" in 3.0567ms (afa2e885)
2025-11-01T21:11:57.3897045+01:00 0HNGPE9DT9E8R:00000003 [INF] Executed endpoint '"DVLD_API.Controllers_EF.userServiceController.GetUserInfoByUsernameAndPassword (DVLD_API)"' (99874f2b)
2025-11-01T21:11:57.3897420+01:00 0HNGPE9DT9E8R:00000003 [INF] Request finished "HTTP/1.1" "GET" "http"://"localhost:5045""""/api/userService/GetUserInfoByUsernameAndPassword/amine/123""" - 200 null "application/json; charset=utf-8" 3.6236ms (74253ad3)
2025-11-01T21:14:21.5157982+01:00 0HNGPE9DT9E8R:00000004 [INF] Request starting "HTTP/1.1" "GET" "http"://"localhost:5045""""/api/userService/GetUserInfoByUsernameAndPassword/amine/123""" - null null (d509f86a)
2025-11-01T21:14:21.5159673+01:00 0HNGPE9DT9E8R:00000004 [INF] CORS policy execution successful. (5409d6ef)
2025-11-01T21:14:21.5160101+01:00 0HNGPE9DT9E8R:00000004 [INF] Executing endpoint '"DVLD_API.Controllers_EF.userServiceController.GetUserInfoByUsernameAndPassword (DVLD_API)"' (500cc934)
2025-11-01T21:14:21.5161123+01:00 0HNGPE9DT9E8R:00000004 [INF] Route matched with "{action = \"GetUserInfoByUsernameAndPassword\", controller = \"userService\"}". Executing controller action with signature "Microsoft.AspNetCore.Mvc.ActionResult`1[DVLD_SharedModels.clsUserDTO] GetUserInfoByUsernameAndPassword(System.String, System.String)" on controller "DVLD_API.Controllers_EF.userServiceController" ("DVLD_API"). (122b2fdf)
2025-11-01T21:14:21.5221589+01:00 0HNGPE9DT9E8R:00000004 [INF] Executing "OkObjectResult", writing value of type '"DVLD_SharedModels.clsUserDTO"'. (605b4265)
2025-11-01T21:14:21.5223125+01:00 0HNGPE9DT9E8R:00000004 [INF] Executed action "DVLD_API.Controllers_EF.userServiceController.GetUserInfoByUsernameAndPassword (DVLD_API)" in 6.1791ms (afa2e885)
2025-11-01T21:14:21.5223265+01:00 0HNGPE9DT9E8R:00000004 [INF] Executed endpoint '"DVLD_API.Controllers_EF.userServiceController.GetUserInfoByUsernameAndPassword (DVLD_API)"' (99874f2b)
2025-11-01T21:14:21.5223582+01:00 0HNGPE9DT9E8R:00000004 [INF] Request finished "HTTP/1.1" "GET" "http"://"localhost:5045""""/api/userService/GetUserInfoByUsernameAndPassword/amine/123""" - 200 null "application/json; charset=utf-8" 6.7682ms (74253ad3)
2025-11-01T21:20:12.2291469+01:00 0HNGPE9DT9E8S:00000001 [INF] Request starting "HTTP/1.1" "GET" "http"://"localhost:5045""""/api/userService/GetUserInfoByUsernameAndPassword/amine/123""" - null null (d509f86a)
2025-11-01T21:20:12.2304768+01:00 0HNGPE9DT9E8S:00000001 [INF] CORS policy execution successful. (5409d6ef)
2025-11-01T21:20:12.2305460+01:00 0HNGPE9DT9E8S:00000001 [INF] Executing endpoint '"DVLD_API.Controllers_EF.userServiceController.GetUserInfoByUsernameAndPassword (DVLD_API)"' (500cc934)
2025-11-01T21:20:12.2306884+01:00 0HNGPE9DT9E8S:00000001 [INF] Route matched with "{action = \"GetUserInfoByUsernameAndPassword\", controller = \"userService\"}". Executing controller action with signature "Microsoft.AspNetCore.Mvc.ActionResult`1[DVLD_SharedModels.clsUserDTO] GetUserInfoByUsernameAndPassword(System.String, System.String)" on controller "DVLD_API.Controllers_EF.userServiceController" ("DVLD_API"). (122b2fdf)
2025-11-01T21:20:12.2643143+01:00 0HNGPE9DT9E8S:00000001 [INF] Executing "OkObjectResult", writing value of type '"DVLD_SharedModels.clsUserDTO"'. (605b4265)
2025-11-01T21:20:12.2644802+01:00 0HNGPE9DT9E8S:00000001 [INF] Executed action "DVLD_API.Controllers_EF.userServiceController.GetUserInfoByUsernameAndPassword (DVLD_API)" in 33.7678ms (afa2e885)
2025-11-01T21:20:12.2645058+01:00 0HNGPE9DT9E8S:00000001 [INF] Executed endpoint '"DVLD_API.Controllers_EF.userServiceController.GetUserInfoByUsernameAndPassword (DVLD_API)"' (99874f2b)
2025-11-01T21:20:12.2645635+01:00 0HNGPE9DT9E8S:00000001 [INF] Request finished "HTTP/1.1" "GET" "http"://"localhost:5045""""/api/userService/GetUserInfoByUsernameAndPassword/amine/123""" - 200 null "application/json; charset=utf-8" 37.2836ms (74253ad3)
2025-11-01T21:25:48.4866356+01:00 0HNGPE9DT9E8T:00000001 [INF] Request starting "HTTP/1.1" "GET" "http"://"localhost:5045""""/api/userService/GetUserInfoByUsernameAndPassword/amine/123""" - null null (d509f86a)
2025-11-01T21:25:48.4870357+01:00 0HNGPE9DT9E8T:00000001 [INF] CORS policy execution successful. (5409d6ef)
2025-11-01T21:25:48.4870943+01:00 0HNGPE9DT9E8T:00000001 [INF] Executing endpoint '"DVLD_API.Controllers_EF.userServiceController.GetUserInfoByUsernameAndPassword (DVLD_API)"' (500cc934)
2025-11-01T21:25:48.4872033+01:00 0HNGPE9DT9E8T:00000001 [INF] Route matched with "{action = \"GetUserInfoByUsernameAndPassword\", controller = \"userService\"}". Executing controller action with signature "Microsoft.AspNetCore.Mvc.ActionResult`1[DVLD_SharedModels.clsUserDTO] GetUserInfoByUsernameAndPassword(System.String, System.String)" on controller "DVLD_API.Controllers_EF.userServiceController" ("DVLD_API"). (122b2fdf)
2025-11-01T21:25:48.4906416+01:00 0HNGPE9DT9E8T:00000001 [INF] Executing "OkObjectResult", writing value of type '"DVLD_SharedModels.clsUserDTO"'. (605b4265)
2025-11-01T21:25:48.4907872+01:00 0HNGPE9DT9E8T:00000001 [INF] Executed action "DVLD_API.Controllers_EF.userServiceController.GetUserInfoByUsernameAndPassword (DVLD_API)" in 3.5597ms (afa2e885)
2025-11-01T21:25:48.4908032+01:00 0HNGPE9DT9E8T:00000001 [INF] Executed endpoint '"DVLD_API.Controllers_EF.userServiceController.GetUserInfoByUsernameAndPassword (DVLD_API)"' (99874f2b)
2025-11-01T21:25:48.4908562+01:00 0HNGPE9DT9E8T:00000001 [INF] Request finished "HTTP/1.1" "GET" "http"://"localhost:5045""""/api/userService/GetUserInfoByUsernameAndPassword/amine/123""" - 200 null "application/json; charset=utf-8" 34.2754ms (74253ad3)
2025-11-01T21:26:09.5232770+01:00 0HNGPE9DT9E8T:00000002 [INF] Request starting "HTTP/1.1" "GET" "http"://"localhost:5045""""/api/userService/GetUserInfoByUsernameAndPassword/amine/123qsdf""" - null null (d509f86a)
2025-11-01T21:26:09.5235809+01:00 0HNGPE9DT9E8T:00000002 [INF] CORS policy execution successful. (5409d6ef)
2025-11-01T21:26:09.5236329+01:00 0HNGPE9DT9E8T:00000002 [INF] Executing endpoint '"DVLD_API.Controllers_EF.userServiceController.GetUserInfoByUsernameAndPassword (DVLD_API)"' (500cc934)
2025-11-01T21:26:09.5237919+01:00 0HNGPE9DT9E8T:00000002 [INF] Route matched with "{action = \"GetUserInfoByUsernameAndPassword\", controller = \"userService\"}". Executing controller action with signature "Microsoft.AspNetCore.Mvc.ActionResult`1[DVLD_SharedModels.clsUserDTO] GetUserInfoByUsernameAndPassword(System.String, System.String)" on controller "DVLD_API.Controllers_EF.userServiceController" ("DVLD_API"). (122b2fdf)
2025-11-01T21:26:09.5274822+01:00 0HNGPE9DT9E8T:00000002 [INF] Executing "NotFoundObjectResult", writing value of type '"System.String"'. (605b4265)
2025-11-01T21:26:09.5276676+01:00 0HNGPE9DT9E8T:00000002 [INF] Executed action "DVLD_API.Controllers_EF.userServiceController.GetUserInfoByUsernameAndPassword (DVLD_API)" in 3.5112ms (afa2e885)
2025-11-01T21:26:09.5276892+01:00 0HNGPE9DT9E8T:00000002 [INF] Executed endpoint '"DVLD_API.Controllers_EF.userServiceController.GetUserInfoByUsernameAndPassword (DVLD_API)"' (99874f2b)
2025-11-01T21:26:09.5277253+01:00 0HNGPE9DT9E8T:00000002 [INF] Request finished "HTTP/1.1" "GET" "http"://"localhost:5045""""/api/userService/GetUserInfoByUsernameAndPassword/amine/123qsdf""" - 404 null "text/plain; charset=utf-8" 4.49ms (74253ad3)
2025-11-01T21:49:05.0831288+01:00 0HNGPE9DT9E8U:00000001 [INF] Request starting "HTTP/1.1" "GET" "http"://"localhost:5045""""/api/userService/GetUserInfoByUsernameAndPassword/amine/123""" - null null (d509f86a)
2025-11-01T21:49:05.0854025+01:00 0HNGPE9DT9E8U:00000001 [INF] CORS policy execution successful. (5409d6ef)
2025-11-01T21:49:05.0854495+01:00 0HNGPE9DT9E8U:00000001 [INF] Executing endpoint '"DVLD_API.Controllers_EF.userServiceController.GetUserInfoByUsernameAndPassword (DVLD_API)"' (500cc934)
2025-11-01T21:49:05.0855071+01:00 0HNGPE9DT9E8U:00000001 [INF] Route matched with "{action = \"GetUserInfoByUsernameAndPassword\", controller = \"userService\"}". Executing controller action with signature "Microsoft.AspNetCore.Mvc.ActionResult`1[DVLD_SharedModels.clsUserDTO] GetUserInfoByUsernameAndPassword(System.String, System.String)" on controller "DVLD_API.Controllers_EF.userServiceController" ("DVLD_API"). (122b2fdf)
2025-11-01T21:49:05.1057873+01:00 0HNGPE9DT9E8U:00000001 [INF] Executing "OkObjectResult", writing value of type '"DVLD_SharedModels.clsUserDTO"'. (605b4265)
2025-11-01T21:49:05.1060191+01:00 0HNGPE9DT9E8U:00000001 [INF] Executed action "DVLD_API.Controllers_EF.userServiceController.GetUserInfoByUsernameAndPassword (DVLD_API)" in 20.4869ms (afa2e885)
2025-11-01T21:49:05.1061023+01:00 0HNGPE9DT9E8U:00000001 [INF] Executed endpoint '"DVLD_API.Controllers_EF.userServiceController.GetUserInfoByUsernameAndPassword (DVLD_API)"' (99874f2b)
2025-11-01T21:49:05.1061441+01:00 0HNGPE9DT9E8U:00000001 [INF] Request finished "HTTP/1.1" "GET" "http"://"localhost:5045""""/api/userService/GetUserInfoByUsernameAndPassword/amine/123""" - 200 null "application/json; charset=utf-8" 23.5229ms (74253ad3)
2025-11-01T22:34:03.1269941+01:00 0HNGPE9DT9E8V:00000001 [INF] Request starting "HTTP/1.1" "GET" "http"://"localhost:5045""""/api/userService/GetUserInfoByUsernameAndPassword/amine/123""" - null null (d509f86a)
2025-11-01T22:34:03.1277724+01:00 0HNGPE9DT9E8V:00000001 [INF] CORS policy execution successful. (5409d6ef)
2025-11-01T22:34:03.1279003+01:00 0HNGPE9DT9E8V:00000001 [INF] Executing endpoint '"DVLD_API.Controllers_EF.userServiceController.GetUserInfoByUsernameAndPassword (DVLD_API)"' (500cc934)
2025-11-01T22:34:03.1298589+01:00 0HNGPE9DT9E8V:00000001 [INF] Route matched with "{action = \"GetUserInfoByUsernameAndPassword\", controller = \"userService\"}". Executing controller action with signature "Microsoft.AspNetCore.Mvc.ActionResult`1[DVLD_SharedModels.clsUserDTO] GetUserInfoByUsernameAndPassword(System.String, System.String)" on controller "DVLD_API.Controllers_EF.userServiceController" ("DVLD_API"). (122b2fdf)
2025-11-01T22:34:03.1504869+01:00 0HNGPE9DT9E8V:00000001 [INF] Executing "OkObjectResult", writing value of type '"DVLD_SharedModels.clsUserDTO"'. (605b4265)
2025-11-01T22:34:03.1506381+01:00 0HNGPE9DT9E8V:00000001 [INF] Executed action "DVLD_API.Controllers_EF.userServiceController.GetUserInfoByUsernameAndPassword (DVLD_API)" in 20.737ms (afa2e885)
2025-11-01T22:34:03.1506547+01:00 0HNGPE9DT9E8V:00000001 [INF] Executed endpoint '"DVLD_API.Controllers_EF.userServiceController.GetUserInfoByUsernameAndPassword (DVLD_API)"' (99874f2b)
2025-11-01T22:34:03.1506916+01:00 0HNGPE9DT9E8V:00000001 [INF] Request finished "HTTP/1.1" "GET" "http"://"localhost:5045""""/api/userService/GetUserInfoByUsernameAndPassword/amine/123""" - 200 null "application/json; charset=utf-8" 23.8523ms (74253ad3)
2025-11-01T22:53:16.3595089+01:00 0HNGPE9DT9E90:00000001 [INF] Request starting "HTTP/1.1" "GET" "http"://"localhost:5045""""/api/userService/GetUserInfoByUsernameAndPassword/amine/123""" - null null (d509f86a)
2025-11-01T22:53:16.3601316+01:00 0HNGPE9DT9E90:00000001 [INF] CORS policy execution successful. (5409d6ef)
2025-11-01T22:53:16.3611598+01:00 0HNGPE9DT9E90:00000001 [INF] Executing endpoint '"DVLD_API.Controllers_EF.userServiceController.GetUserInfoByUsernameAndPassword (DVLD_API)"' (500cc934)
2025-11-01T22:53:16.3612236+01:00 0HNGPE9DT9E90:00000001 [INF] Route matched with "{action = \"GetUserInfoByUsernameAndPassword\", controller = \"userService\"}". Executing controller action with signature "Microsoft.AspNetCore.Mvc.ActionResult`1[DVLD_SharedModels.clsUserDTO] GetUserInfoByUsernameAndPassword(System.String, System.String)" on controller "DVLD_API.Controllers_EF.userServiceController" ("DVLD_API"). (122b2fdf)
2025-11-01T22:53:16.3737920+01:00 0HNGPE9DT9E90:00000001 [INF] Executing "OkObjectResult", writing value of type '"DVLD_SharedModels.clsUserDTO"'. (605b4265)
2025-11-01T22:53:16.3739131+01:00 0HNGPE9DT9E90:00000001 [INF] Executed action "DVLD_API.Controllers_EF.userServiceController.GetUserInfoByUsernameAndPassword (DVLD_API)" in 12.6672ms (afa2e885)
2025-11-01T22:53:16.3739280+01:00 0HNGPE9DT9E90:00000001 [INF] Executed endpoint '"DVLD_API.Controllers_EF.userServiceController.GetUserInfoByUsernameAndPassword (DVLD_API)"' (99874f2b)
2025-11-01T22:53:16.3739602+01:00 0HNGPE9DT9E90:00000001 [INF] Request finished "HTTP/1.1" "GET" "http"://"localhost:5045""""/api/userService/GetUserInfoByUsernameAndPassword/amine/123""" - 200 null "application/json; charset=utf-8" 15.9769ms (74253ad3)
