2025-11-14T11:31:17.9868059+01:00  [INF] Now listening on: "http://localhost:5045" (d826f4b8)
2025-11-14T11:31:18.0887064+01:00  [INF] Application started. Press Ctrl+C to shut down. (dcaefe54)
2025-11-14T11:31:18.0913633+01:00  [INF] Hosting environment: "Development" (bc5a1a4e)
2025-11-14T11:31:18.0953348+01:00  [INF] Content root path: "S:\14    PFE_DVLD\TheProjectDVLDVersion2.0.0\BackEnd-ServerSide\ADO_net\DVLD_API" (cc26f24e)
2025-11-14T11:31:19.3846819+01:00 0HNH3D3P481NS:00000001 [INF] Request starting "HTTP/1.1" "GET" "http"://"localhost:5045""""/swagger""" - null null (d509f86a)
2025-11-14T11:31:19.5917787+01:00 0HNH3D3P481NS:00000001 [INF] Request finished "HTTP/1.1" "GET" "http"://"localhost:5045""""/swagger""" - 301 0 null 215.4025ms (74253ad3)
2025-11-14T11:31:19.6033458+01:00 0HNH3D3P481NS:00000002 [INF] Request starting "HTTP/1.1" "GET" "http"://"localhost:5045""""/swagger/index.html""" - null null (d509f86a)
2025-11-14T11:31:19.6865128+01:00 0HNH3D3P481NS:00000002 [INF] Request finished "HTTP/1.1" "GET" "http"://"localhost:5045""""/swagger/index.html""" - 200 null "text/html;charset=utf-8" 83.2223ms (74253ad3)
2025-11-14T11:31:19.7128453+01:00 0HNH3D3P481NS:00000003 [INF] Request starting "HTTP/1.1" "GET" "http"://"localhost:5045""""/_framework/aspnetcore-browser-refresh.js""" - null null (d509f86a)
2025-11-14T11:31:19.7143147+01:00 0HNH3D3P481NS:00000003 [INF] Request finished "HTTP/1.1" "GET" "http"://"localhost:5045""""/_framework/aspnetcore-browser-refresh.js""" - 200 16501 "application/javascript; charset=utf-8" 1.5537ms (74253ad3)
2025-11-14T11:31:19.7617774+01:00 0HNH3D3P481NS:00000004 [INF] Request starting "HTTP/1.1" "GET" "http"://"localhost:5045""""/swagger/swagger-ui.css""" - null null (d509f86a)
2025-11-14T11:31:19.7649951+01:00 0HNH3D3P481NT:00000001 [INF] Request starting "HTTP/1.1" "GET" "http"://"localhost:5045""""/_vs/browserLink""" - null null (d509f86a)
2025-11-14T11:31:19.8585403+01:00 0HNH3D3P481NS:00000004 [INF] Sending file. Request path: '"/swagger-ui.css"'. Physical path: '"N/A"' (27b0a520)
2025-11-14T11:31:19.8587034+01:00 0HNH3D3P481NS:00000004 [INF] Request finished "HTTP/1.1" "GET" "http"://"localhost:5045""""/swagger/swagger-ui.css""" - 499 152034 "text/css" 96.9764ms (74253ad3)
2025-11-14T11:31:19.8713740+01:00 0HNH3D3P481NT:00000001 [INF] Request finished "HTTP/1.1" "GET" "http"://"localhost:5045""""/_vs/browserLink""" - 200 null "text/javascript; charset=UTF-8" 106.4171ms (74253ad3)
2025-11-14T11:31:19.9872011+01:00 0HNH3D3P481NT:00000002 [INF] Request starting "HTTP/1.1" "GET" "http"://"localhost:5045""""/swagger/favicon-16x16.png""" - null null (d509f86a)
2025-11-14T11:31:19.9884390+01:00 0HNH3D3P481NT:00000002 [INF] Sending file. Request path: '"/favicon-16x16.png"'. Physical path: '"N/A"' (27b0a520)
2025-11-14T11:31:19.9885392+01:00 0HNH3D3P481NT:00000002 [INF] Request finished "HTTP/1.1" "GET" "http"://"localhost:5045""""/swagger/favicon-16x16.png""" - 499 665 "image/png" 1.422ms (74253ad3)
2025-11-14T11:31:20.0296968+01:00 0HNH3D3P481NU:00000001 [INF] Request starting "HTTP/1.1" "GET" "http"://"localhost:5045""""/swagger/v1/swagger.json""" - null null (d509f86a)
2025-11-14T11:31:20.2101675+01:00 0HNH3D3P481NU:00000001 [INF] Request finished "HTTP/1.1" "GET" "http"://"localhost:5045""""/swagger/v1/swagger.json""" - 200 null "application/json;charset=utf-8" 180.5124ms (74253ad3)
2025-11-14T11:32:21.6563742+01:00 0HNH3D3P481NV:00000001 [INF] Request starting "HTTP/1.1" "GET" "http"://"localhost:5045""""/api/userService/GetUserInfoByUsernameAndPassword/amine/123""" - null null (d509f86a)
2025-11-14T11:32:21.6635808+01:00 0HNH3D3P481NV:00000001 [INF] CORS policy execution successful. (5409d6ef)
2025-11-14T11:32:21.6740869+01:00 0HNH3D3P481NV:00000001 [WRN] Failed to determine the https port for redirect. (ca76cc21)
2025-11-14T11:32:21.6769806+01:00 0HNH3D3P481NV:00000001 [WRN] Failed to determine the https port for redirect. (ca76cc21)
2025-11-14T11:32:21.6786896+01:00 0HNH3D3P481NV:00000001 [INF] Executing endpoint '"DVLD_API.Controllers_EF.userServiceController.GetUserInfoByUsernameAndPassword (DVLD_API)"' (500cc934)
2025-11-14T11:32:21.6979067+01:00 0HNH3D3P481NV:00000001 [INF] Route matched with "{action = \"GetUserInfoByUsernameAndPassword\", controller = \"userService\"}". Executing controller action with signature "Microsoft.AspNetCore.Mvc.ActionResult`1[DVLD_SharedModels.clsUserDTO] GetUserInfoByUsernameAndPassword(System.String, System.String)" on controller "DVLD_API.Controllers_EF.userServiceController" ("DVLD_API"). (122b2fdf)
2025-11-14T11:32:22.9323548+01:00 0HNH3D3P481NV:00000001 [INF] Executing "OkObjectResult", writing value of type '"DVLD_SharedModels.clsUserDTO"'. (605b4265)
2025-11-14T11:32:22.9385835+01:00 0HNH3D3P481NV:00000001 [INF] Executed action "DVLD_API.Controllers_EF.userServiceController.GetUserInfoByUsernameAndPassword (DVLD_API)" in 1238.3878ms (afa2e885)
2025-11-14T11:32:22.9386527+01:00 0HNH3D3P481NV:00000001 [INF] Executed endpoint '"DVLD_API.Controllers_EF.userServiceController.GetUserInfoByUsernameAndPassword (DVLD_API)"' (99874f2b)
2025-11-14T11:32:22.9387473+01:00 0HNH3D3P481NV:00000001 [INF] Request finished "HTTP/1.1" "GET" "http"://"localhost:5045""""/api/userService/GetUserInfoByUsernameAndPassword/amine/123""" - 200 null "application/json; charset=utf-8" 1282.5343ms (74253ad3)
