2025-11-15T15:44:43.3938022+01:00  [INF] Now listening on: "http://localhost:5045" (d826f4b8)
2025-11-15T15:44:43.4977081+01:00  [INF] Application started. Press Ctrl+C to shut down. (dcaefe54)
2025-11-15T15:44:43.5002469+01:00  [INF] Hosting environment: "Development" (bc5a1a4e)
2025-11-15T15:44:43.5023387+01:00  [INF] Content root path: "S:\14    PFE_DVLD\TheProjectDVLDVersion2.0.0\BackEnd-ServerSide\ADO_net\DVLD_API" (cc26f24e)
2025-11-15T15:44:45.1234898+01:00 0HNH4AM1T6FE6:00000001 [INF] Request starting "HTTP/1.1" "GET" "http"://"localhost:5045""""/swagger""" - null null (d509f86a)
2025-11-15T15:44:45.3082080+01:00 0HNH4AM1T6FE6:00000001 [INF] Request finished "HTTP/1.1" "GET" "http"://"localhost:5045""""/swagger""" - 301 0 null 201.6285ms (74253ad3)
2025-11-15T15:44:45.3230781+01:00 0HNH4AM1T6FE6:00000002 [INF] Request starting "HTTP/1.1" "GET" "http"://"localhost:5045""""/swagger/index.html""" - null null (d509f86a)
2025-11-15T15:44:45.3724220+01:00 0HNH4AM1T6FE6:00000002 [INF] Request finished "HTTP/1.1" "GET" "http"://"localhost:5045""""/swagger/index.html""" - 200 null "text/html;charset=utf-8" 49.4465ms (74253ad3)
2025-11-15T15:44:45.3980356+01:00 0HNH4AM1T6FE6:00000003 [INF] Request starting "HTTP/1.1" "GET" "http"://"localhost:5045""""/_framework/aspnetcore-browser-refresh.js""" - null null (d509f86a)
2025-11-15T15:44:45.3994085+01:00 0HNH4AM1T6FE6:00000003 [INF] Request finished "HTTP/1.1" "GET" "http"://"localhost:5045""""/_framework/aspnetcore-browser-refresh.js""" - 200 16501 "application/javascript; charset=utf-8" 1.4401ms (74253ad3)
2025-11-15T15:44:45.4057298+01:00 0HNH4AM1T6FE6:00000004 [INF] Request starting "HTTP/1.1" "GET" "http"://"localhost:5045""""/_vs/browserLink""" - null null (d509f86a)
2025-11-15T15:44:45.4526710+01:00 0HNH4AM1T6FE6:00000004 [INF] Request finished "HTTP/1.1" "GET" "http"://"localhost:5045""""/_vs/browserLink""" - 200 null "text/javascript; charset=UTF-8" 46.9638ms (74253ad3)
2025-11-15T15:44:45.5242690+01:00 0HNH4AM1T6FE6:00000005 [INF] Request starting "HTTP/1.1" "GET" "http"://"localhost:5045""""/swagger/favicon-16x16.png""" - null null (d509f86a)
2025-11-15T15:44:45.5348698+01:00 0HNH4AM1T6FE7:00000001 [INF] Request starting "HTTP/1.1" "GET" "http"://"localhost:5045""""/swagger/v1/swagger.json""" - null null (d509f86a)
2025-11-15T15:44:45.5433452+01:00 0HNH4AM1T6FE6:00000005 [INF] Sending file. Request path: '"/favicon-16x16.png"'. Physical path: '"N/A"' (27b0a520)
2025-11-15T15:44:45.5434653+01:00 0HNH4AM1T6FE6:00000005 [INF] Request finished "HTTP/1.1" "GET" "http"://"localhost:5045""""/swagger/favicon-16x16.png""" - 499 665 "image/png" 19.2651ms (74253ad3)
2025-11-15T15:44:45.6673321+01:00 0HNH4AM1T6FE7:00000001 [INF] Request finished "HTTP/1.1" "GET" "http"://"localhost:5045""""/swagger/v1/swagger.json""" - 200 null "application/json;charset=utf-8" 132.5361ms (74253ad3)
2025-11-15T15:50:59.0192235+01:00 0HNH4AM1T6FE8:00000001 [INF] Request starting "HTTP/1.1" "GET" "http"://"localhost:5045""""/api/userService/GetUserInfoByUsernameAndPassword/amine/123""" - null null (d509f86a)
2025-11-15T15:50:59.0262259+01:00 0HNH4AM1T6FE8:00000001 [INF] CORS policy execution successful. (5409d6ef)
2025-11-15T15:50:59.0387479+01:00 0HNH4AM1T6FE8:00000001 [WRN] Failed to determine the https port for redirect. (ca76cc21)
2025-11-15T15:50:59.0413935+01:00 0HNH4AM1T6FE8:00000001 [WRN] Failed to determine the https port for redirect. (ca76cc21)
2025-11-15T15:50:59.0432824+01:00 0HNH4AM1T6FE8:00000001 [INF] Executing endpoint '"DVLD_API.Controllers_EF.userServiceController.GetUserInfoByUsernameAndPassword (DVLD_API)"' (500cc934)
2025-11-15T15:50:59.0638702+01:00 0HNH4AM1T6FE8:00000001 [INF] Route matched with "{action = \"GetUserInfoByUsernameAndPassword\", controller = \"userService\"}". Executing controller action with signature "Microsoft.AspNetCore.Mvc.ActionResult`1[DVLD_SharedModels.clsUserDTO] GetUserInfoByUsernameAndPassword(System.String, System.String)" on controller "DVLD_API.Controllers_EF.userServiceController" ("DVLD_API"). (122b2fdf)
2025-11-15T15:51:01.2734145+01:00 0HNH4AM1T6FE8:00000001 [INF] Executing "OkObjectResult", writing value of type '"DVLD_SharedModels.clsUserDTO"'. (605b4265)
2025-11-15T15:51:01.2823843+01:00 0HNH4AM1T6FE8:00000001 [INF] Executed action "DVLD_API.Controllers_EF.userServiceController.GetUserInfoByUsernameAndPassword (DVLD_API)" in 2215.7067ms (afa2e885)
2025-11-15T15:51:01.2825088+01:00 0HNH4AM1T6FE8:00000001 [INF] Executed endpoint '"DVLD_API.Controllers_EF.userServiceController.GetUserInfoByUsernameAndPassword (DVLD_API)"' (99874f2b)
2025-11-15T15:51:01.2826238+01:00 0HNH4AM1T6FE8:00000001 [INF] Request finished "HTTP/1.1" "GET" "http"://"localhost:5045""""/api/userService/GetUserInfoByUsernameAndPassword/amine/123""" - 200 null "application/json; charset=utf-8" 2263.621ms (74253ad3)
2025-11-15T15:56:48.6530774+01:00 0HNH4AM1T6FE9:00000001 [INF] Request starting "HTTP/1.1" "GET" "http"://"localhost:5045""""/api/UsersAPi/GetUserInfoByUsernameAndPassword/amine aharkate/123""" - null null (d509f86a)
2025-11-15T15:56:48.6557054+01:00 0HNH4AM1T6FE9:00000001 [INF] Executing endpoint '"DVLD_API.Controllers.UsersAPIController.GetUserInfoByUsernameAndPassword (DVLD_API)"' (500cc934)
2025-11-15T15:56:48.6587921+01:00 0HNH4AM1T6FE9:00000001 [INF] Route matched with "{action = \"GetUserInfoByUsernameAndPassword\", controller = \"UsersAPI\"}". Executing controller action with signature "Microsoft.AspNetCore.Mvc.ActionResult`1[DVLD_SharedModels.clsUserDTO] GetUserInfoByUsernameAndPassword(System.String, System.String)" on controller "DVLD_API.Controllers.UsersAPIController" ("DVLD_API"). (122b2fdf)
2025-11-15T15:56:48.6913077+01:00 0HNH4AM1T6FE9:00000001 [INF] Executing "OkObjectResult", writing value of type '"DVLD_SharedModels.clsUserDTO"'. (605b4265)
2025-11-15T15:56:48.6915348+01:00 0HNH4AM1T6FE9:00000001 [INF] Executed action "DVLD_API.Controllers.UsersAPIController.GetUserInfoByUsernameAndPassword (DVLD_API)" in 32.6804ms (afa2e885)
2025-11-15T15:56:48.6915670+01:00 0HNH4AM1T6FE9:00000001 [INF] Executed endpoint '"DVLD_API.Controllers.UsersAPIController.GetUserInfoByUsernameAndPassword (DVLD_API)"' (99874f2b)
2025-11-15T15:56:48.6916256+01:00 0HNH4AM1T6FE9:00000001 [INF] Request finished "HTTP/1.1" "GET" "http"://"localhost:5045""""/api/UsersAPi/GetUserInfoByUsernameAndPassword/amine aharkate/123""" - 200 null "application/json; charset=utf-8" 39.0293ms (74253ad3)
2025-11-15T15:58:31.1463716+01:00 0HNH4AM1T6FEA:00000001 [INF] Request starting "HTTP/1.1" "GET" "http"://"localhost:5045""""/api/PersonAPI/AllPeople""" - null null (d509f86a)
2025-11-15T15:58:31.1521031+01:00 0HNH4AM1T6FEA:00000001 [INF] Executing endpoint '"DVLD_API.Controllers.PersonAPIController.GetAllPeople (DVLD_API)"' (500cc934)
2025-11-15T15:58:31.1543640+01:00 0HNH4AM1T6FEA:00000001 [INF] Route matched with "{action = \"GetAllPeople\", controller = \"PersonAPI\"}". Executing controller action with signature "Microsoft.AspNetCore.Mvc.ActionResult`1[DVLD_SharedModels.clsPersonDTO] GetAllPeople()" on controller "DVLD_API.Controllers.PersonAPIController" ("DVLD_API"). (122b2fdf)
2025-11-15T15:58:31.1800262+01:00 0HNH4AM1T6FEA:00000001 [INF] Executing "OkObjectResult", writing value of type '"System.Collections.Generic.List`1[[DVLD_SharedModels.clsPersonDTO, DVLD_SharedModels, Version=1.0.0.0, Culture=neutral, PublicKeyToken=null]]"'. (605b4265)
2025-11-15T15:58:31.2097755+01:00 0HNH4AM1T6FEA:00000001 [INF] Executed action "DVLD_API.Controllers.PersonAPIController.GetAllPeople (DVLD_API)" in 55.3586ms (afa2e885)
2025-11-15T15:58:31.2098241+01:00 0HNH4AM1T6FEA:00000001 [INF] Executed endpoint '"DVLD_API.Controllers.PersonAPIController.GetAllPeople (DVLD_API)"' (99874f2b)
2025-11-15T15:58:31.2099021+01:00 0HNH4AM1T6FEA:00000001 [INF] Request finished "HTTP/1.1" "GET" "http"://"localhost:5045""""/api/PersonAPI/AllPeople""" - 200 null "application/json; charset=utf-8" 63.5681ms (74253ad3)
2025-11-15T15:58:31.2592407+01:00 0HNH4AM1T6FEA:00000002 [INF] Request starting "HTTP/1.1" "GET" "http"://"localhost:5045""""/api/CountriesAPI/GetCountryByID/119""" - null null (d509f86a)
2025-11-15T15:58:31.2596183+01:00 0HNH4AM1T6FEA:00000002 [INF] Executing endpoint '"DVLD_API.Controllers.CountriesAPIController.getCountryByID (DVLD_API)"' (500cc934)
2025-11-15T15:58:31.2605363+01:00 0HNH4AM1T6FEA:00000002 [INF] Route matched with "{action = \"getCountryByID\", controller = \"CountriesAPI\"}". Executing controller action with signature "Microsoft.AspNetCore.Mvc.ActionResult`1[DVLD_SharedModels.clsCountryDTO] getCountryByID(Int32)" on controller "DVLD_API.Controllers.CountriesAPIController" ("DVLD_API"). (122b2fdf)
2025-11-15T15:58:31.2654803+01:00 0HNH4AM1T6FEA:00000002 [INF] Executing "OkObjectResult", writing value of type '"DVLD_SharedModels.clsCountryDTO"'. (605b4265)
2025-11-15T15:58:31.2669976+01:00 0HNH4AM1T6FEA:00000002 [INF] Executed action "DVLD_API.Controllers.CountriesAPIController.getCountryByID (DVLD_API)" in 6.43ms (afa2e885)
2025-11-15T15:58:31.2670266+01:00 0HNH4AM1T6FEA:00000002 [INF] Executed endpoint '"DVLD_API.Controllers.CountriesAPIController.getCountryByID (DVLD_API)"' (99874f2b)
2025-11-15T15:58:31.2671038+01:00 0HNH4AM1T6FEA:00000002 [INF] Request finished "HTTP/1.1" "GET" "http"://"localhost:5045""""/api/CountriesAPI/GetCountryByID/119""" - 200 null "application/json; charset=utf-8" 7.9151ms (74253ad3)
2025-11-15T15:58:31.2742047+01:00 0HNH4AM1T6FEA:00000003 [INF] Request starting "HTTP/1.1" "GET" "http"://"localhost:5045""""/api/CountriesAPI/GetCountryByID/119""" - null null (d509f86a)
2025-11-15T15:58:31.2750642+01:00 0HNH4AM1T6FEA:00000003 [INF] Executing endpoint '"DVLD_API.Controllers.CountriesAPIController.getCountryByID (DVLD_API)"' (500cc934)
2025-11-15T15:58:31.2751879+01:00 0HNH4AM1T6FEA:00000003 [INF] Route matched with "{action = \"getCountryByID\", controller = \"CountriesAPI\"}". Executing controller action with signature "Microsoft.AspNetCore.Mvc.ActionResult`1[DVLD_SharedModels.clsCountryDTO] getCountryByID(Int32)" on controller "DVLD_API.Controllers.CountriesAPIController" ("DVLD_API"). (122b2fdf)
2025-11-15T15:58:31.2757907+01:00 0HNH4AM1T6FEA:00000003 [INF] Executing "OkObjectResult", writing value of type '"DVLD_SharedModels.clsCountryDTO"'. (605b4265)
2025-11-15T15:58:31.2758952+01:00 0HNH4AM1T6FEA:00000003 [INF] Executed action "DVLD_API.Controllers.CountriesAPIController.getCountryByID (DVLD_API)" in 0.683ms (afa2e885)
2025-11-15T15:58:31.2759165+01:00 0HNH4AM1T6FEA:00000003 [INF] Executed endpoint '"DVLD_API.Controllers.CountriesAPIController.getCountryByID (DVLD_API)"' (99874f2b)
2025-11-15T15:58:31.2759468+01:00 0HNH4AM1T6FEA:00000003 [INF] Request finished "HTTP/1.1" "GET" "http"://"localhost:5045""""/api/CountriesAPI/GetCountryByID/119""" - 200 null "application/json; charset=utf-8" 1.8002ms (74253ad3)
2025-11-15T15:58:31.2814030+01:00 0HNH4AM1T6FEA:00000004 [INF] Request starting "HTTP/1.1" "GET" "http"://"localhost:5045""""/api/CountriesAPI/GetCountryByID/119""" - null null (d509f86a)
2025-11-15T15:58:31.2814994+01:00 0HNH4AM1T6FEA:00000004 [INF] Executing endpoint '"DVLD_API.Controllers.CountriesAPIController.getCountryByID (DVLD_API)"' (500cc934)
2025-11-15T15:58:31.2815556+01:00 0HNH4AM1T6FEA:00000004 [INF] Route matched with "{action = \"getCountryByID\", controller = \"CountriesAPI\"}". Executing controller action with signature "Microsoft.AspNetCore.Mvc.ActionResult`1[DVLD_SharedModels.clsCountryDTO] getCountryByID(Int32)" on controller "DVLD_API.Controllers.CountriesAPIController" ("DVLD_API"). (122b2fdf)
2025-11-15T15:58:31.2819415+01:00 0HNH4AM1T6FEA:00000004 [INF] Executing "OkObjectResult", writing value of type '"DVLD_SharedModels.clsCountryDTO"'. (605b4265)
2025-11-15T15:58:31.2820138+01:00 0HNH4AM1T6FEA:00000004 [INF] Executed action "DVLD_API.Controllers.CountriesAPIController.getCountryByID (DVLD_API)" in 0.4409ms (afa2e885)
2025-11-15T15:58:31.2820253+01:00 0HNH4AM1T6FEA:00000004 [INF] Executed endpoint '"DVLD_API.Controllers.CountriesAPIController.getCountryByID (DVLD_API)"' (99874f2b)
2025-11-15T15:58:31.2820582+01:00 0HNH4AM1T6FEA:00000004 [INF] Request finished "HTTP/1.1" "GET" "http"://"localhost:5045""""/api/CountriesAPI/GetCountryByID/119""" - 200 null "application/json; charset=utf-8" 0.6715ms (74253ad3)
2025-11-15T15:58:31.2830812+01:00 0HNH4AM1T6FEA:00000005 [INF] Request starting "HTTP/1.1" "GET" "http"://"localhost:5045""""/api/CountriesAPI/GetCountryByID/119""" - null null (d509f86a)
2025-11-15T15:58:31.2832225+01:00 0HNH4AM1T6FEA:00000005 [INF] Executing endpoint '"DVLD_API.Controllers.CountriesAPIController.getCountryByID (DVLD_API)"' (500cc934)
2025-11-15T15:58:31.2832709+01:00 0HNH4AM1T6FEA:00000005 [INF] Route matched with "{action = \"getCountryByID\", controller = \"CountriesAPI\"}". Executing controller action with signature "Microsoft.AspNetCore.Mvc.ActionResult`1[DVLD_SharedModels.clsCountryDTO] getCountryByID(Int32)" on controller "DVLD_API.Controllers.CountriesAPIController" ("DVLD_API"). (122b2fdf)
2025-11-15T15:58:31.2891200+01:00 0HNH4AM1T6FEA:00000005 [INF] Executing "OkObjectResult", writing value of type '"DVLD_SharedModels.clsCountryDTO"'. (605b4265)
2025-11-15T15:58:31.2910992+01:00 0HNH4AM1T6FEA:00000005 [INF] Executed action "DVLD_API.Controllers.CountriesAPIController.getCountryByID (DVLD_API)" in 7.7994ms (afa2e885)
2025-11-15T15:58:31.2911262+01:00 0HNH4AM1T6FEA:00000005 [INF] Executed endpoint '"DVLD_API.Controllers.CountriesAPIController.getCountryByID (DVLD_API)"' (99874f2b)
2025-11-15T15:58:31.2911855+01:00 0HNH4AM1T6FEA:00000005 [INF] Request finished "HTTP/1.1" "GET" "http"://"localhost:5045""""/api/CountriesAPI/GetCountryByID/119""" - 200 null "application/json; charset=utf-8" 8.1165ms (74253ad3)
2025-11-15T15:58:31.2917196+01:00 0HNH4AM1T6FEA:00000006 [INF] Request starting "HTTP/1.1" "GET" "http"://"localhost:5045""""/api/CountriesAPI/GetCountryByID/119""" - null null (d509f86a)
2025-11-15T15:58:31.2918548+01:00 0HNH4AM1T6FEA:00000006 [INF] Executing endpoint '"DVLD_API.Controllers.CountriesAPIController.getCountryByID (DVLD_API)"' (500cc934)
2025-11-15T15:58:31.2919155+01:00 0HNH4AM1T6FEA:00000006 [INF] Route matched with "{action = \"getCountryByID\", controller = \"CountriesAPI\"}". Executing controller action with signature "Microsoft.AspNetCore.Mvc.ActionResult`1[DVLD_SharedModels.clsCountryDTO] getCountryByID(Int32)" on controller "DVLD_API.Controllers.CountriesAPIController" ("DVLD_API"). (122b2fdf)
2025-11-15T15:58:31.2923769+01:00 0HNH4AM1T6FEA:00000006 [INF] Executing "OkObjectResult", writing value of type '"DVLD_SharedModels.clsCountryDTO"'. (605b4265)
2025-11-15T15:58:31.2924625+01:00 0HNH4AM1T6FEA:00000006 [INF] Executed action "DVLD_API.Controllers.CountriesAPIController.getCountryByID (DVLD_API)" in 0.5318ms (afa2e885)
2025-11-15T15:58:31.2924764+01:00 0HNH4AM1T6FEA:00000006 [INF] Executed endpoint '"DVLD_API.Controllers.CountriesAPIController.getCountryByID (DVLD_API)"' (99874f2b)
2025-11-15T15:58:31.2925055+01:00 0HNH4AM1T6FEA:00000006 [INF] Request finished "HTTP/1.1" "GET" "http"://"localhost:5045""""/api/CountriesAPI/GetCountryByID/119""" - 200 null "application/json; charset=utf-8" 0.8156ms (74253ad3)
2025-11-15T15:58:31.2927816+01:00 0HNH4AM1T6FEA:00000007 [INF] Request starting "HTTP/1.1" "GET" "http"://"localhost:5045""""/api/CountriesAPI/GetCountryByID/119""" - null null (d509f86a)
2025-11-15T15:58:31.2928500+01:00 0HNH4AM1T6FEA:00000007 [INF] Executing endpoint '"DVLD_API.Controllers.CountriesAPIController.getCountryByID (DVLD_API)"' (500cc934)
2025-11-15T15:58:31.2928903+01:00 0HNH4AM1T6FEA:00000007 [INF] Route matched with "{action = \"getCountryByID\", controller = \"CountriesAPI\"}". Executing controller action with signature "Microsoft.AspNetCore.Mvc.ActionResult`1[DVLD_SharedModels.clsCountryDTO] getCountryByID(Int32)" on controller "DVLD_API.Controllers.CountriesAPIController" ("DVLD_API"). (122b2fdf)
2025-11-15T15:58:31.2931503+01:00 0HNH4AM1T6FEA:00000007 [INF] Executing "OkObjectResult", writing value of type '"DVLD_SharedModels.clsCountryDTO"'. (605b4265)
2025-11-15T15:58:31.2932363+01:00 0HNH4AM1T6FEA:00000007 [INF] Executed action "DVLD_API.Controllers.CountriesAPIController.getCountryByID (DVLD_API)" in 0.329ms (afa2e885)
2025-11-15T15:58:31.2932556+01:00 0HNH4AM1T6FEA:00000007 [INF] Executed endpoint '"DVLD_API.Controllers.CountriesAPIController.getCountryByID (DVLD_API)"' (99874f2b)
2025-11-15T15:58:31.2932888+01:00 0HNH4AM1T6FEA:00000007 [INF] Request finished "HTTP/1.1" "GET" "http"://"localhost:5045""""/api/CountriesAPI/GetCountryByID/119""" - 200 null "application/json; charset=utf-8" 0.522ms (74253ad3)
2025-11-15T15:58:31.2935389+01:00 0HNH4AM1T6FEA:00000008 [INF] Request starting "HTTP/1.1" "GET" "http"://"localhost:5045""""/api/CountriesAPI/GetCountryByID/119""" - null null (d509f86a)
2025-11-15T15:58:31.2935973+01:00 0HNH4AM1T6FEA:00000008 [INF] Executing endpoint '"DVLD_API.Controllers.CountriesAPIController.getCountryByID (DVLD_API)"' (500cc934)
2025-11-15T15:58:31.2936263+01:00 0HNH4AM1T6FEA:00000008 [INF] Route matched with "{action = \"getCountryByID\", controller = \"CountriesAPI\"}". Executing controller action with signature "Microsoft.AspNetCore.Mvc.ActionResult`1[DVLD_SharedModels.clsCountryDTO] getCountryByID(Int32)" on controller "DVLD_API.Controllers.CountriesAPIController" ("DVLD_API"). (122b2fdf)
2025-11-15T15:58:31.2939533+01:00 0HNH4AM1T6FEA:00000008 [INF] Executing "OkObjectResult", writing value of type '"DVLD_SharedModels.clsCountryDTO"'. (605b4265)
2025-11-15T15:58:31.2940290+01:00 0HNH4AM1T6FEA:00000008 [INF] Executed action "DVLD_API.Controllers.CountriesAPIController.getCountryByID (DVLD_API)" in 0.3883ms (afa2e885)
2025-11-15T15:58:31.2940410+01:00 0HNH4AM1T6FEA:00000008 [INF] Executed endpoint '"DVLD_API.Controllers.CountriesAPIController.getCountryByID (DVLD_API)"' (99874f2b)
2025-11-15T15:58:31.2940754+01:00 0HNH4AM1T6FEA:00000008 [INF] Request finished "HTTP/1.1" "GET" "http"://"localhost:5045""""/api/CountriesAPI/GetCountryByID/119""" - 200 null "application/json; charset=utf-8" 0.5525ms (74253ad3)
2025-11-15T15:58:31.2943971+01:00 0HNH4AM1T6FEA:00000009 [INF] Request starting "HTTP/1.1" "GET" "http"://"localhost:5045""""/api/CountriesAPI/GetCountryByID/119""" - null null (d509f86a)
2025-11-15T15:58:31.2944574+01:00 0HNH4AM1T6FEA:00000009 [INF] Executing endpoint '"DVLD_API.Controllers.CountriesAPIController.getCountryByID (DVLD_API)"' (500cc934)
2025-11-15T15:58:31.2944875+01:00 0HNH4AM1T6FEA:00000009 [INF] Route matched with "{action = \"getCountryByID\", controller = \"CountriesAPI\"}". Executing controller action with signature "Microsoft.AspNetCore.Mvc.ActionResult`1[DVLD_SharedModels.clsCountryDTO] getCountryByID(Int32)" on controller "DVLD_API.Controllers.CountriesAPIController" ("DVLD_API"). (122b2fdf)
2025-11-15T15:58:31.2947391+01:00 0HNH4AM1T6FEA:00000009 [INF] Executing "OkObjectResult", writing value of type '"DVLD_SharedModels.clsCountryDTO"'. (605b4265)
2025-11-15T15:58:31.2948029+01:00 0HNH4AM1T6FEA:00000009 [INF] Executed action "DVLD_API.Controllers.CountriesAPIController.getCountryByID (DVLD_API)" in 0.2989ms (afa2e885)
2025-11-15T15:58:31.2948149+01:00 0HNH4AM1T6FEA:00000009 [INF] Executed endpoint '"DVLD_API.Controllers.CountriesAPIController.getCountryByID (DVLD_API)"' (99874f2b)
2025-11-15T15:58:31.2948440+01:00 0HNH4AM1T6FEA:00000009 [INF] Request finished "HTTP/1.1" "GET" "http"://"localhost:5045""""/api/CountriesAPI/GetCountryByID/119""" - 200 null "application/json; charset=utf-8" 0.4571ms (74253ad3)
2025-11-15T15:58:31.2951518+01:00 0HNH4AM1T6FEA:0000000A [INF] Request starting "HTTP/1.1" "GET" "http"://"localhost:5045""""/api/CountriesAPI/GetCountryByID/119""" - null null (d509f86a)
2025-11-15T15:58:31.2952101+01:00 0HNH4AM1T6FEA:0000000A [INF] Executing endpoint '"DVLD_API.Controllers.CountriesAPIController.getCountryByID (DVLD_API)"' (500cc934)
2025-11-15T15:58:31.2952319+01:00 0HNH4AM1T6FEA:0000000A [INF] Route matched with "{action = \"getCountryByID\", controller = \"CountriesAPI\"}". Executing controller action with signature "Microsoft.AspNetCore.Mvc.ActionResult`1[DVLD_SharedModels.clsCountryDTO] getCountryByID(Int32)" on controller "DVLD_API.Controllers.CountriesAPIController" ("DVLD_API"). (122b2fdf)
2025-11-15T15:58:31.2955117+01:00 0HNH4AM1T6FEA:0000000A [INF] Executing "OkObjectResult", writing value of type '"DVLD_SharedModels.clsCountryDTO"'. (605b4265)
2025-11-15T15:58:31.2955828+01:00 0HNH4AM1T6FEA:0000000A [INF] Executed action "DVLD_API.Controllers.CountriesAPIController.getCountryByID (DVLD_API)" in 0.3373ms (afa2e885)
2025-11-15T15:58:31.2955961+01:00 0HNH4AM1T6FEA:0000000A [INF] Executed endpoint '"DVLD_API.Controllers.CountriesAPIController.getCountryByID (DVLD_API)"' (99874f2b)
2025-11-15T15:58:31.2956252+01:00 0HNH4AM1T6FEA:0000000A [INF] Request finished "HTTP/1.1" "GET" "http"://"localhost:5045""""/api/CountriesAPI/GetCountryByID/119""" - 200 null "application/json; charset=utf-8" 0.4855ms (74253ad3)
2025-11-15T15:58:31.2961507+01:00 0HNH4AM1T6FEA:0000000B [INF] Request starting "HTTP/1.1" "GET" "http"://"localhost:5045""""/api/CountriesAPI/GetCountryByID/119""" - null null (d509f86a)
2025-11-15T15:58:31.2962318+01:00 0HNH4AM1T6FEA:0000000B [INF] Executing endpoint '"DVLD_API.Controllers.CountriesAPIController.getCountryByID (DVLD_API)"' (500cc934)
2025-11-15T15:58:31.2962746+01:00 0HNH4AM1T6FEA:0000000B [INF] Route matched with "{action = \"getCountryByID\", controller = \"CountriesAPI\"}". Executing controller action with signature "Microsoft.AspNetCore.Mvc.ActionResult`1[DVLD_SharedModels.clsCountryDTO] getCountryByID(Int32)" on controller "DVLD_API.Controllers.CountriesAPIController" ("DVLD_API"). (122b2fdf)
2025-11-15T15:58:31.2965922+01:00 0HNH4AM1T6FEA:0000000B [INF] Executing "OkObjectResult", writing value of type '"DVLD_SharedModels.clsCountryDTO"'. (605b4265)
2025-11-15T15:58:31.2966654+01:00 0HNH4AM1T6FEA:0000000B [INF] Executed action "DVLD_API.Controllers.CountriesAPIController.getCountryByID (DVLD_API)" in 0.3625ms (afa2e885)
2025-11-15T15:58:31.2966777+01:00 0HNH4AM1T6FEA:0000000B [INF] Executed endpoint '"DVLD_API.Controllers.CountriesAPIController.getCountryByID (DVLD_API)"' (99874f2b)
2025-11-15T15:58:31.2967092+01:00 0HNH4AM1T6FEA:0000000B [INF] Request finished "HTTP/1.1" "GET" "http"://"localhost:5045""""/api/CountriesAPI/GetCountryByID/119""" - 200 null "application/json; charset=utf-8" 0.5844ms (74253ad3)
2025-11-15T15:58:31.2971163+01:00 0HNH4AM1T6FEA:0000000C [INF] Request starting "HTTP/1.1" "GET" "http"://"localhost:5045""""/api/CountriesAPI/GetCountryByID/119""" - null null (d509f86a)
2025-11-15T15:58:31.2971927+01:00 0HNH4AM1T6FEA:0000000C [INF] Executing endpoint '"DVLD_API.Controllers.CountriesAPIController.getCountryByID (DVLD_API)"' (500cc934)
2025-11-15T15:58:31.2972196+01:00 0HNH4AM1T6FEA:0000000C [INF] Route matched with "{action = \"getCountryByID\", controller = \"CountriesAPI\"}". Executing controller action with signature "Microsoft.AspNetCore.Mvc.ActionResult`1[DVLD_SharedModels.clsCountryDTO] getCountryByID(Int32)" on controller "DVLD_API.Controllers.CountriesAPIController" ("DVLD_API"). (122b2fdf)
2025-11-15T15:58:31.2975579+01:00 0HNH4AM1T6FEA:0000000C [INF] Executing "OkObjectResult", writing value of type '"DVLD_SharedModels.clsCountryDTO"'. (605b4265)
2025-11-15T15:58:31.2976283+01:00 0HNH4AM1T6FEA:0000000C [INF] Executed action "DVLD_API.Controllers.CountriesAPIController.getCountryByID (DVLD_API)" in 0.3839ms (afa2e885)
2025-11-15T15:58:31.2976417+01:00 0HNH4AM1T6FEA:0000000C [INF] Executed endpoint '"DVLD_API.Controllers.CountriesAPIController.getCountryByID (DVLD_API)"' (99874f2b)
2025-11-15T15:58:31.2976781+01:00 0HNH4AM1T6FEA:0000000C [INF] Request finished "HTTP/1.1" "GET" "http"://"localhost:5045""""/api/CountriesAPI/GetCountryByID/119""" - 200 null "application/json; charset=utf-8" 0.5749ms (74253ad3)
2025-11-15T15:58:31.2979515+01:00 0HNH4AM1T6FEA:0000000D [INF] Request starting "HTTP/1.1" "GET" "http"://"localhost:5045""""/api/CountriesAPI/GetCountryByID/119""" - null null (d509f86a)
2025-11-15T15:58:31.2980260+01:00 0HNH4AM1T6FEA:0000000D [INF] Executing endpoint '"DVLD_API.Controllers.CountriesAPIController.getCountryByID (DVLD_API)"' (500cc934)
2025-11-15T15:58:31.2981459+01:00 0HNH4AM1T6FEA:0000000D [INF] Route matched with "{action = \"getCountryByID\", controller = \"CountriesAPI\"}". Executing controller action with signature "Microsoft.AspNetCore.Mvc.ActionResult`1[DVLD_SharedModels.clsCountryDTO] getCountryByID(Int32)" on controller "DVLD_API.Controllers.CountriesAPIController" ("DVLD_API"). (122b2fdf)
2025-11-15T15:58:31.2985601+01:00 0HNH4AM1T6FEA:0000000D [INF] Executing "OkObjectResult", writing value of type '"DVLD_SharedModels.clsCountryDTO"'. (605b4265)
2025-11-15T15:58:31.2986253+01:00 0HNH4AM1T6FEA:0000000D [INF] Executed action "DVLD_API.Controllers.CountriesAPIController.getCountryByID (DVLD_API)" in 0.4473ms (afa2e885)
2025-11-15T15:58:31.2986410+01:00 0HNH4AM1T6FEA:0000000D [INF] Executed endpoint '"DVLD_API.Controllers.CountriesAPIController.getCountryByID (DVLD_API)"' (99874f2b)
2025-11-15T15:58:31.2986839+01:00 0HNH4AM1T6FEA:0000000D [INF] Request finished "HTTP/1.1" "GET" "http"://"localhost:5045""""/api/CountriesAPI/GetCountryByID/119""" - 200 null "application/json; charset=utf-8" 0.7445ms (74253ad3)
2025-11-15T15:58:31.2990142+01:00 0HNH4AM1T6FEA:0000000E [INF] Request starting "HTTP/1.1" "GET" "http"://"localhost:5045""""/api/CountriesAPI/GetCountryByID/119""" - null null (d509f86a)
2025-11-15T15:58:31.2990802+01:00 0HNH4AM1T6FEA:0000000E [INF] Executing endpoint '"DVLD_API.Controllers.CountriesAPIController.getCountryByID (DVLD_API)"' (500cc934)
2025-11-15T15:58:31.2991110+01:00 0HNH4AM1T6FEA:0000000E [INF] Route matched with "{action = \"getCountryByID\", controller = \"CountriesAPI\"}". Executing controller action with signature "Microsoft.AspNetCore.Mvc.ActionResult`1[DVLD_SharedModels.clsCountryDTO] getCountryByID(Int32)" on controller "DVLD_API.Controllers.CountriesAPIController" ("DVLD_API"). (122b2fdf)
2025-11-15T15:58:31.2993716+01:00 0HNH4AM1T6FEA:0000000E [INF] Executing "OkObjectResult", writing value of type '"DVLD_SharedModels.clsCountryDTO"'. (605b4265)
2025-11-15T15:58:31.2994386+01:00 0HNH4AM1T6FEA:0000000E [INF] Executed action "DVLD_API.Controllers.CountriesAPIController.getCountryByID (DVLD_API)" in 0.3143ms (afa2e885)
2025-11-15T15:58:31.2994520+01:00 0HNH4AM1T6FEA:0000000E [INF] Executed endpoint '"DVLD_API.Controllers.CountriesAPIController.getCountryByID (DVLD_API)"' (99874f2b)
2025-11-15T15:58:31.2994828+01:00 0HNH4AM1T6FEA:0000000E [INF] Request finished "HTTP/1.1" "GET" "http"://"localhost:5045""""/api/CountriesAPI/GetCountryByID/119""" - 200 null "application/json; charset=utf-8" 0.4893ms (74253ad3)
2025-11-15T15:58:31.2997489+01:00 0HNH4AM1T6FEA:0000000F [INF] Request starting "HTTP/1.1" "GET" "http"://"localhost:5045""""/api/CountriesAPI/GetCountryByID/119""" - null null (d509f86a)
2025-11-15T15:58:31.2998085+01:00 0HNH4AM1T6FEA:0000000F [INF] Executing endpoint '"DVLD_API.Controllers.CountriesAPIController.getCountryByID (DVLD_API)"' (500cc934)
2025-11-15T15:58:31.2998369+01:00 0HNH4AM1T6FEA:0000000F [INF] Route matched with "{action = \"getCountryByID\", controller = \"CountriesAPI\"}". Executing controller action with signature "Microsoft.AspNetCore.Mvc.ActionResult`1[DVLD_SharedModels.clsCountryDTO] getCountryByID(Int32)" on controller "DVLD_API.Controllers.CountriesAPIController" ("DVLD_API"). (122b2fdf)
2025-11-15T15:58:31.3001302+01:00 0HNH4AM1T6FEA:0000000F [INF] Executing "OkObjectResult", writing value of type '"DVLD_SharedModels.clsCountryDTO"'. (605b4265)
2025-11-15T15:58:31.3001916+01:00 0HNH4AM1T6FEA:0000000F [INF] Executed action "DVLD_API.Controllers.CountriesAPIController.getCountryByID (DVLD_API)" in 0.3389ms (afa2e885)
2025-11-15T15:58:31.3002033+01:00 0HNH4AM1T6FEA:0000000F [INF] Executed endpoint '"DVLD_API.Controllers.CountriesAPIController.getCountryByID (DVLD_API)"' (99874f2b)
2025-11-15T15:58:31.3002515+01:00 0HNH4AM1T6FEA:0000000F [INF] Request finished "HTTP/1.1" "GET" "http"://"localhost:5045""""/api/CountriesAPI/GetCountryByID/119""" - 200 null "application/json; charset=utf-8" 0.4936ms (74253ad3)
2025-11-15T15:58:31.3004982+01:00 0HNH4AM1T6FEA:00000010 [INF] Request starting "HTTP/1.1" "GET" "http"://"localhost:5045""""/api/CountriesAPI/GetCountryByID/90""" - null null (d509f86a)
2025-11-15T15:58:31.3005510+01:00 0HNH4AM1T6FEA:00000010 [INF] Executing endpoint '"DVLD_API.Controllers.CountriesAPIController.getCountryByID (DVLD_API)"' (500cc934)
2025-11-15T15:58:31.3005727+01:00 0HNH4AM1T6FEA:00000010 [INF] Route matched with "{action = \"getCountryByID\", controller = \"CountriesAPI\"}". Executing controller action with signature "Microsoft.AspNetCore.Mvc.ActionResult`1[DVLD_SharedModels.clsCountryDTO] getCountryByID(Int32)" on controller "DVLD_API.Controllers.CountriesAPIController" ("DVLD_API"). (122b2fdf)
2025-11-15T15:58:31.3008320+01:00 0HNH4AM1T6FEA:00000010 [INF] Executing "OkObjectResult", writing value of type '"DVLD_SharedModels.clsCountryDTO"'. (605b4265)
2025-11-15T15:58:31.3008941+01:00 0HNH4AM1T6FEA:00000010 [INF] Executed action "DVLD_API.Controllers.CountriesAPIController.getCountryByID (DVLD_API)" in 0.2998ms (afa2e885)
2025-11-15T15:58:31.3009061+01:00 0HNH4AM1T6FEA:00000010 [INF] Executed endpoint '"DVLD_API.Controllers.CountriesAPIController.getCountryByID (DVLD_API)"' (99874f2b)
2025-11-15T15:58:31.3009355+01:00 0HNH4AM1T6FEA:00000010 [INF] Request finished "HTTP/1.1" "GET" "http"://"localhost:5045""""/api/CountriesAPI/GetCountryByID/90""" - 200 null "application/json; charset=utf-8" 0.4514ms (74253ad3)
2025-11-15T15:58:31.3011801+01:00 0HNH4AM1T6FEA:00000011 [INF] Request starting "HTTP/1.1" "GET" "http"://"localhost:5045""""/api/CountriesAPI/GetCountryByID/119""" - null null (d509f86a)
2025-11-15T15:58:31.3012401+01:00 0HNH4AM1T6FEA:00000011 [INF] Executing endpoint '"DVLD_API.Controllers.CountriesAPIController.getCountryByID (DVLD_API)"' (500cc934)
2025-11-15T15:58:31.3012682+01:00 0HNH4AM1T6FEA:00000011 [INF] Route matched with "{action = \"getCountryByID\", controller = \"CountriesAPI\"}". Executing controller action with signature "Microsoft.AspNetCore.Mvc.ActionResult`1[DVLD_SharedModels.clsCountryDTO] getCountryByID(Int32)" on controller "DVLD_API.Controllers.CountriesAPIController" ("DVLD_API"). (122b2fdf)
2025-11-15T15:58:31.3015348+01:00 0HNH4AM1T6FEA:00000011 [INF] Executing "OkObjectResult", writing value of type '"DVLD_SharedModels.clsCountryDTO"'. (605b4265)
2025-11-15T15:58:31.3015973+01:00 0HNH4AM1T6FEA:00000011 [INF] Executed action "DVLD_API.Controllers.CountriesAPIController.getCountryByID (DVLD_API)" in 0.3131ms (afa2e885)
2025-11-15T15:58:31.3016094+01:00 0HNH4AM1T6FEA:00000011 [INF] Executed endpoint '"DVLD_API.Controllers.CountriesAPIController.getCountryByID (DVLD_API)"' (99874f2b)
2025-11-15T15:58:31.3016383+01:00 0HNH4AM1T6FEA:00000011 [INF] Request finished "HTTP/1.1" "GET" "http"://"localhost:5045""""/api/CountriesAPI/GetCountryByID/119""" - 200 null "application/json; charset=utf-8" 0.4687ms (74253ad3)
2025-11-15T15:58:31.3018939+01:00 0HNH4AM1T6FEA:00000012 [INF] Request starting "HTTP/1.1" "GET" "http"://"localhost:5045""""/api/CountriesAPI/GetCountryByID/100""" - null null (d509f86a)
2025-11-15T15:58:31.3019513+01:00 0HNH4AM1T6FEA:00000012 [INF] Executing endpoint '"DVLD_API.Controllers.CountriesAPIController.getCountryByID (DVLD_API)"' (500cc934)
2025-11-15T15:58:31.3019796+01:00 0HNH4AM1T6FEA:00000012 [INF] Route matched with "{action = \"getCountryByID\", controller = \"CountriesAPI\"}". Executing controller action with signature "Microsoft.AspNetCore.Mvc.ActionResult`1[DVLD_SharedModels.clsCountryDTO] getCountryByID(Int32)" on controller "DVLD_API.Controllers.CountriesAPIController" ("DVLD_API"). (122b2fdf)
2025-11-15T15:58:31.3022404+01:00 0HNH4AM1T6FEA:00000012 [INF] Executing "OkObjectResult", writing value of type '"DVLD_SharedModels.clsCountryDTO"'. (605b4265)
2025-11-15T15:58:31.3023046+01:00 0HNH4AM1T6FEA:00000012 [INF] Executed action "DVLD_API.Controllers.CountriesAPIController.getCountryByID (DVLD_API)" in 0.3105ms (afa2e885)
2025-11-15T15:58:31.3023161+01:00 0HNH4AM1T6FEA:00000012 [INF] Executed endpoint '"DVLD_API.Controllers.CountriesAPIController.getCountryByID (DVLD_API)"' (99874f2b)
2025-11-15T15:58:31.3023464+01:00 0HNH4AM1T6FEA:00000012 [INF] Request finished "HTTP/1.1" "GET" "http"://"localhost:5045""""/api/CountriesAPI/GetCountryByID/100""" - 200 null "application/json; charset=utf-8" 0.4619ms (74253ad3)
2025-11-15T15:58:31.3032161+01:00 0HNH4AM1T6FEA:00000013 [INF] Request starting "HTTP/1.1" "GET" "http"://"localhost:5045""""/api/CountriesAPI/GetCountryByID/100""" - null null (d509f86a)
2025-11-15T15:58:31.3032983+01:00 0HNH4AM1T6FEA:00000013 [INF] Executing endpoint '"DVLD_API.Controllers.CountriesAPIController.getCountryByID (DVLD_API)"' (500cc934)
2025-11-15T15:58:31.3033334+01:00 0HNH4AM1T6FEA:00000013 [INF] Route matched with "{action = \"getCountryByID\", controller = \"CountriesAPI\"}". Executing controller action with signature "Microsoft.AspNetCore.Mvc.ActionResult`1[DVLD_SharedModels.clsCountryDTO] getCountryByID(Int32)" on controller "DVLD_API.Controllers.CountriesAPIController" ("DVLD_API"). (122b2fdf)
2025-11-15T15:58:31.3036458+01:00 0HNH4AM1T6FEA:00000013 [INF] Executing "OkObjectResult", writing value of type '"DVLD_SharedModels.clsCountryDTO"'. (605b4265)
2025-11-15T15:58:31.3037155+01:00 0HNH4AM1T6FEA:00000013 [INF] Executed action "DVLD_API.Controllers.CountriesAPIController.getCountryByID (DVLD_API)" in 0.3671ms (afa2e885)
2025-11-15T15:58:31.3037277+01:00 0HNH4AM1T6FEA:00000013 [INF] Executed endpoint '"DVLD_API.Controllers.CountriesAPIController.getCountryByID (DVLD_API)"' (99874f2b)
2025-11-15T15:58:31.3037554+01:00 0HNH4AM1T6FEA:00000013 [INF] Request finished "HTTP/1.1" "GET" "http"://"localhost:5045""""/api/CountriesAPI/GetCountryByID/100""" - 200 null "application/json; charset=utf-8" 0.5659ms (74253ad3)
2025-11-15T15:58:31.3043885+01:00 0HNH4AM1T6FEA:00000014 [INF] Request starting "HTTP/1.1" "GET" "http"://"localhost:5045""""/api/CountriesAPI/GetCountryByID/100""" - null null (d509f86a)
2025-11-15T15:58:31.3044671+01:00 0HNH4AM1T6FEA:00000014 [INF] Executing endpoint '"DVLD_API.Controllers.CountriesAPIController.getCountryByID (DVLD_API)"' (500cc934)
2025-11-15T15:58:31.3045060+01:00 0HNH4AM1T6FEA:00000014 [INF] Route matched with "{action = \"getCountryByID\", controller = \"CountriesAPI\"}". Executing controller action with signature "Microsoft.AspNetCore.Mvc.ActionResult`1[DVLD_SharedModels.clsCountryDTO] getCountryByID(Int32)" on controller "DVLD_API.Controllers.CountriesAPIController" ("DVLD_API"). (122b2fdf)
2025-11-15T15:58:31.3048891+01:00 0HNH4AM1T6FEA:00000014 [INF] Executing "OkObjectResult", writing value of type '"DVLD_SharedModels.clsCountryDTO"'. (605b4265)
2025-11-15T15:58:31.3049594+01:00 0HNH4AM1T6FEA:00000014 [INF] Executed action "DVLD_API.Controllers.CountriesAPIController.getCountryByID (DVLD_API)" in 0.4343ms (afa2e885)
2025-11-15T15:58:31.3049726+01:00 0HNH4AM1T6FEA:00000014 [INF] Executed endpoint '"DVLD_API.Controllers.CountriesAPIController.getCountryByID (DVLD_API)"' (99874f2b)
2025-11-15T15:58:31.3050055+01:00 0HNH4AM1T6FEA:00000014 [INF] Request finished "HTTP/1.1" "GET" "http"://"localhost:5045""""/api/CountriesAPI/GetCountryByID/100""" - 200 null "application/json; charset=utf-8" 0.6311ms (74253ad3)
2025-11-15T15:58:31.3053044+01:00 0HNH4AM1T6FEA:00000015 [INF] Request starting "HTTP/1.1" "GET" "http"://"localhost:5045""""/api/CountriesAPI/GetCountryByID/100""" - null null (d509f86a)
2025-11-15T15:58:31.3053712+01:00 0HNH4AM1T6FEA:00000015 [INF] Executing endpoint '"DVLD_API.Controllers.CountriesAPIController.getCountryByID (DVLD_API)"' (500cc934)
2025-11-15T15:58:31.3054084+01:00 0HNH4AM1T6FEA:00000015 [INF] Route matched with "{action = \"getCountryByID\", controller = \"CountriesAPI\"}". Executing controller action with signature "Microsoft.AspNetCore.Mvc.ActionResult`1[DVLD_SharedModels.clsCountryDTO] getCountryByID(Int32)" on controller "DVLD_API.Controllers.CountriesAPIController" ("DVLD_API"). (122b2fdf)
2025-11-15T15:58:31.3056946+01:00 0HNH4AM1T6FEA:00000015 [INF] Executing "OkObjectResult", writing value of type '"DVLD_SharedModels.clsCountryDTO"'. (605b4265)
2025-11-15T15:58:31.3057607+01:00 0HNH4AM1T6FEA:00000015 [INF] Executed action "DVLD_API.Controllers.CountriesAPIController.getCountryByID (DVLD_API)" in 0.3367ms (afa2e885)
2025-11-15T15:58:31.3057739+01:00 0HNH4AM1T6FEA:00000015 [INF] Executed endpoint '"DVLD_API.Controllers.CountriesAPIController.getCountryByID (DVLD_API)"' (99874f2b)
2025-11-15T15:58:31.3058044+01:00 0HNH4AM1T6FEA:00000015 [INF] Request finished "HTTP/1.1" "GET" "http"://"localhost:5045""""/api/CountriesAPI/GetCountryByID/100""" - 200 null "application/json; charset=utf-8" 0.5099ms (74253ad3)
2025-11-15T15:58:31.3060459+01:00 0HNH4AM1T6FEA:00000016 [INF] Request starting "HTTP/1.1" "GET" "http"://"localhost:5045""""/api/CountriesAPI/GetCountryByID/100""" - null null (d509f86a)
2025-11-15T15:58:31.3061171+01:00 0HNH4AM1T6FEA:00000016 [INF] Executing endpoint '"DVLD_API.Controllers.CountriesAPIController.getCountryByID (DVLD_API)"' (500cc934)
2025-11-15T15:58:31.3061443+01:00 0HNH4AM1T6FEA:00000016 [INF] Route matched with "{action = \"getCountryByID\", controller = \"CountriesAPI\"}". Executing controller action with signature "Microsoft.AspNetCore.Mvc.ActionResult`1[DVLD_SharedModels.clsCountryDTO] getCountryByID(Int32)" on controller "DVLD_API.Controllers.CountriesAPIController" ("DVLD_API"). (122b2fdf)
2025-11-15T15:58:31.3064905+01:00 0HNH4AM1T6FEA:00000016 [INF] Executing "OkObjectResult", writing value of type '"DVLD_SharedModels.clsCountryDTO"'. (605b4265)
2025-11-15T15:58:31.3065610+01:00 0HNH4AM1T6FEA:00000016 [INF] Executed action "DVLD_API.Controllers.CountriesAPIController.getCountryByID (DVLD_API)" in 0.3905ms (afa2e885)
2025-11-15T15:58:31.3065729+01:00 0HNH4AM1T6FEA:00000016 [INF] Executed endpoint '"DVLD_API.Controllers.CountriesAPIController.getCountryByID (DVLD_API)"' (99874f2b)
2025-11-15T15:58:31.3066031+01:00 0HNH4AM1T6FEA:00000016 [INF] Request finished "HTTP/1.1" "GET" "http"://"localhost:5045""""/api/CountriesAPI/GetCountryByID/100""" - 200 null "application/json; charset=utf-8" 0.5661ms (74253ad3)
2025-11-15T15:58:31.3068527+01:00 0HNH4AM1T6FEA:00000017 [INF] Request starting "HTTP/1.1" "GET" "http"://"localhost:5045""""/api/CountriesAPI/GetCountryByID/100""" - null null (d509f86a)
2025-11-15T15:58:31.3069230+01:00 0HNH4AM1T6FEA:00000017 [INF] Executing endpoint '"DVLD_API.Controllers.CountriesAPIController.getCountryByID (DVLD_API)"' (500cc934)
2025-11-15T15:58:31.3069457+01:00 0HNH4AM1T6FEA:00000017 [INF] Route matched with "{action = \"getCountryByID\", controller = \"CountriesAPI\"}". Executing controller action with signature "Microsoft.AspNetCore.Mvc.ActionResult`1[DVLD_SharedModels.clsCountryDTO] getCountryByID(Int32)" on controller "DVLD_API.Controllers.CountriesAPIController" ("DVLD_API"). (122b2fdf)
2025-11-15T15:58:31.3072158+01:00 0HNH4AM1T6FEA:00000017 [INF] Executing "OkObjectResult", writing value of type '"DVLD_SharedModels.clsCountryDTO"'. (605b4265)
2025-11-15T15:58:31.3072837+01:00 0HNH4AM1T6FEA:00000017 [INF] Executed action "DVLD_API.Controllers.CountriesAPIController.getCountryByID (DVLD_API)" in 0.3262ms (afa2e885)
2025-11-15T15:58:31.3072954+01:00 0HNH4AM1T6FEA:00000017 [INF] Executed endpoint '"DVLD_API.Controllers.CountriesAPIController.getCountryByID (DVLD_API)"' (99874f2b)
2025-11-15T15:58:31.3073245+01:00 0HNH4AM1T6FEA:00000017 [INF] Request finished "HTTP/1.1" "GET" "http"://"localhost:5045""""/api/CountriesAPI/GetCountryByID/100""" - 200 null "application/json; charset=utf-8" 0.4825ms (74253ad3)
2025-11-15T15:58:31.3075536+01:00 0HNH4AM1T6FEA:00000018 [INF] Request starting "HTTP/1.1" "GET" "http"://"localhost:5045""""/api/CountriesAPI/GetCountryByID/100""" - null null (d509f86a)
2025-11-15T15:58:31.3076211+01:00 0HNH4AM1T6FEA:00000018 [INF] Executing endpoint '"DVLD_API.Controllers.CountriesAPIController.getCountryByID (DVLD_API)"' (500cc934)
2025-11-15T15:58:31.3076582+01:00 0HNH4AM1T6FEA:00000018 [INF] Route matched with "{action = \"getCountryByID\", controller = \"CountriesAPI\"}". Executing controller action with signature "Microsoft.AspNetCore.Mvc.ActionResult`1[DVLD_SharedModels.clsCountryDTO] getCountryByID(Int32)" on controller "DVLD_API.Controllers.CountriesAPIController" ("DVLD_API"). (122b2fdf)
2025-11-15T15:58:31.3079164+01:00 0HNH4AM1T6FEA:00000018 [INF] Executing "OkObjectResult", writing value of type '"DVLD_SharedModels.clsCountryDTO"'. (605b4265)
2025-11-15T15:58:31.3079742+01:00 0HNH4AM1T6FEA:00000018 [INF] Executed action "DVLD_API.Controllers.CountriesAPIController.getCountryByID (DVLD_API)" in 0.301ms (afa2e885)
2025-11-15T15:58:31.3079859+01:00 0HNH4AM1T6FEA:00000018 [INF] Executed endpoint '"DVLD_API.Controllers.CountriesAPIController.getCountryByID (DVLD_API)"' (99874f2b)
2025-11-15T15:58:31.3080240+01:00 0HNH4AM1T6FEA:00000018 [INF] Request finished "HTTP/1.1" "GET" "http"://"localhost:5045""""/api/CountriesAPI/GetCountryByID/100""" - 200 null "application/json; charset=utf-8" 0.4754ms (74253ad3)
2025-11-15T15:58:31.3082665+01:00 0HNH4AM1T6FEA:00000019 [INF] Request starting "HTTP/1.1" "GET" "http"://"localhost:5045""""/api/CountriesAPI/GetCountryByID/90""" - null null (d509f86a)
2025-11-15T15:58:31.3083488+01:00 0HNH4AM1T6FEA:00000019 [INF] Executing endpoint '"DVLD_API.Controllers.CountriesAPIController.getCountryByID (DVLD_API)"' (500cc934)
2025-11-15T15:58:31.3083815+01:00 0HNH4AM1T6FEA:00000019 [INF] Route matched with "{action = \"getCountryByID\", controller = \"CountriesAPI\"}". Executing controller action with signature "Microsoft.AspNetCore.Mvc.ActionResult`1[DVLD_SharedModels.clsCountryDTO] getCountryByID(Int32)" on controller "DVLD_API.Controllers.CountriesAPIController" ("DVLD_API"). (122b2fdf)
2025-11-15T15:58:31.3086097+01:00 0HNH4AM1T6FEA:00000019 [INF] Executing "OkObjectResult", writing value of type '"DVLD_SharedModels.clsCountryDTO"'. (605b4265)
2025-11-15T15:58:31.3086689+01:00 0HNH4AM1T6FEA:00000019 [INF] Executed action "DVLD_API.Controllers.CountriesAPIController.getCountryByID (DVLD_API)" in 0.2749ms (afa2e885)
2025-11-15T15:58:31.3086807+01:00 0HNH4AM1T6FEA:00000019 [INF] Executed endpoint '"DVLD_API.Controllers.CountriesAPIController.getCountryByID (DVLD_API)"' (99874f2b)
2025-11-15T15:58:31.3087119+01:00 0HNH4AM1T6FEA:00000019 [INF] Request finished "HTTP/1.1" "GET" "http"://"localhost:5045""""/api/CountriesAPI/GetCountryByID/90""" - 200 null "application/json; charset=utf-8" 0.4553ms (74253ad3)
2025-11-15T15:58:31.3089462+01:00 0HNH4AM1T6FEA:0000001A [INF] Request starting "HTTP/1.1" "GET" "http"://"localhost:5045""""/api/CountriesAPI/GetCountryByID/90""" - null null (d509f86a)
2025-11-15T15:58:31.3090024+01:00 0HNH4AM1T6FEA:0000001A [INF] Executing endpoint '"DVLD_API.Controllers.CountriesAPIController.getCountryByID (DVLD_API)"' (500cc934)
2025-11-15T15:58:31.3090294+01:00 0HNH4AM1T6FEA:0000001A [INF] Route matched with "{action = \"getCountryByID\", controller = \"CountriesAPI\"}". Executing controller action with signature "Microsoft.AspNetCore.Mvc.ActionResult`1[DVLD_SharedModels.clsCountryDTO] getCountryByID(Int32)" on controller "DVLD_API.Controllers.CountriesAPIController" ("DVLD_API"). (122b2fdf)
2025-11-15T15:58:31.3093063+01:00 0HNH4AM1T6FEA:0000001A [INF] Executing "OkObjectResult", writing value of type '"DVLD_SharedModels.clsCountryDTO"'. (605b4265)
2025-11-15T15:58:31.3093712+01:00 0HNH4AM1T6FEA:0000001A [INF] Executed action "DVLD_API.Controllers.CountriesAPIController.getCountryByID (DVLD_API)" in 0.3262ms (afa2e885)
2025-11-15T15:58:31.3093830+01:00 0HNH4AM1T6FEA:0000001A [INF] Executed endpoint '"DVLD_API.Controllers.CountriesAPIController.getCountryByID (DVLD_API)"' (99874f2b)
2025-11-15T15:58:31.3094113+01:00 0HNH4AM1T6FEA:0000001A [INF] Request finished "HTTP/1.1" "GET" "http"://"localhost:5045""""/api/CountriesAPI/GetCountryByID/90""" - 200 null "application/json; charset=utf-8" 0.4762ms (74253ad3)
2025-11-15T15:58:31.3096481+01:00 0HNH4AM1T6FEA:0000001B [INF] Request starting "HTTP/1.1" "GET" "http"://"localhost:5045""""/api/CountriesAPI/GetCountryByID/119""" - null null (d509f86a)
2025-11-15T15:58:31.3097070+01:00 0HNH4AM1T6FEA:0000001B [INF] Executing endpoint '"DVLD_API.Controllers.CountriesAPIController.getCountryByID (DVLD_API)"' (500cc934)
2025-11-15T15:58:31.3097344+01:00 0HNH4AM1T6FEA:0000001B [INF] Route matched with "{action = \"getCountryByID\", controller = \"CountriesAPI\"}". Executing controller action with signature "Microsoft.AspNetCore.Mvc.ActionResult`1[DVLD_SharedModels.clsCountryDTO] getCountryByID(Int32)" on controller "DVLD_API.Controllers.CountriesAPIController" ("DVLD_API"). (122b2fdf)
2025-11-15T15:58:31.3099915+01:00 0HNH4AM1T6FEA:0000001B [INF] Executing "OkObjectResult", writing value of type '"DVLD_SharedModels.clsCountryDTO"'. (605b4265)
2025-11-15T15:58:31.3100548+01:00 0HNH4AM1T6FEA:0000001B [INF] Executed action "DVLD_API.Controllers.CountriesAPIController.getCountryByID (DVLD_API)" in 0.3052ms (afa2e885)
2025-11-15T15:58:31.3100664+01:00 0HNH4AM1T6FEA:0000001B [INF] Executed endpoint '"DVLD_API.Controllers.CountriesAPIController.getCountryByID (DVLD_API)"' (99874f2b)
2025-11-15T15:58:31.3100956+01:00 0HNH4AM1T6FEA:0000001B [INF] Request finished "HTTP/1.1" "GET" "http"://"localhost:5045""""/api/CountriesAPI/GetCountryByID/119""" - 200 null "application/json; charset=utf-8" 0.4578ms (74253ad3)
2025-11-15T15:58:31.3105176+01:00 0HNH4AM1T6FEA:0000001C [INF] Request starting "HTTP/1.1" "GET" "http"://"localhost:5045""""/api/CountriesAPI/GetCountryByID/90""" - null null (d509f86a)
2025-11-15T15:58:31.3107245+01:00 0HNH4AM1T6FEA:0000001C [INF] Executing endpoint '"DVLD_API.Controllers.CountriesAPIController.getCountryByID (DVLD_API)"' (500cc934)
2025-11-15T15:58:31.3107899+01:00 0HNH4AM1T6FEA:0000001C [INF] Route matched with "{action = \"getCountryByID\", controller = \"CountriesAPI\"}". Executing controller action with signature "Microsoft.AspNetCore.Mvc.ActionResult`1[DVLD_SharedModels.clsCountryDTO] getCountryByID(Int32)" on controller "DVLD_API.Controllers.CountriesAPIController" ("DVLD_API"). (122b2fdf)
2025-11-15T15:58:31.3111293+01:00 0HNH4AM1T6FEA:0000001C [INF] Executing "OkObjectResult", writing value of type '"DVLD_SharedModels.clsCountryDTO"'. (605b4265)
2025-11-15T15:58:31.3112336+01:00 0HNH4AM1T6FEA:0000001C [INF] Executed action "DVLD_API.Controllers.CountriesAPIController.getCountryByID (DVLD_API)" in 0.4248ms (afa2e885)
2025-11-15T15:58:31.3112481+01:00 0HNH4AM1T6FEA:0000001C [INF] Executed endpoint '"DVLD_API.Controllers.CountriesAPIController.getCountryByID (DVLD_API)"' (99874f2b)
2025-11-15T15:58:31.3112895+01:00 0HNH4AM1T6FEA:0000001C [INF] Request finished "HTTP/1.1" "GET" "http"://"localhost:5045""""/api/CountriesAPI/GetCountryByID/90""" - 200 null "application/json; charset=utf-8" 0.8446ms (74253ad3)
2025-11-15T15:58:31.3115314+01:00 0HNH4AM1T6FEA:0000001D [INF] Request starting "HTTP/1.1" "GET" "http"://"localhost:5045""""/api/CountriesAPI/GetCountryByID/1""" - null null (d509f86a)
2025-11-15T15:58:31.3116116+01:00 0HNH4AM1T6FEA:0000001D [INF] Executing endpoint '"DVLD_API.Controllers.CountriesAPIController.getCountryByID (DVLD_API)"' (500cc934)
2025-11-15T15:58:31.3116677+01:00 0HNH4AM1T6FEA:0000001D [INF] Route matched with "{action = \"getCountryByID\", controller = \"CountriesAPI\"}". Executing controller action with signature "Microsoft.AspNetCore.Mvc.ActionResult`1[DVLD_SharedModels.clsCountryDTO] getCountryByID(Int32)" on controller "DVLD_API.Controllers.CountriesAPIController" ("DVLD_API"). (122b2fdf)
2025-11-15T15:58:31.3120877+01:00 0HNH4AM1T6FEA:0000001D [INF] Executing "OkObjectResult", writing value of type '"DVLD_SharedModels.clsCountryDTO"'. (605b4265)
2025-11-15T15:58:31.3121652+01:00 0HNH4AM1T6FEA:0000001D [INF] Executed action "DVLD_API.Controllers.CountriesAPIController.getCountryByID (DVLD_API)" in 0.4737ms (afa2e885)
2025-11-15T15:58:31.3121776+01:00 0HNH4AM1T6FEA:0000001D [INF] Executed endpoint '"DVLD_API.Controllers.CountriesAPIController.getCountryByID (DVLD_API)"' (99874f2b)
2025-11-15T15:58:31.3122090+01:00 0HNH4AM1T6FEA:0000001D [INF] Request finished "HTTP/1.1" "GET" "http"://"localhost:5045""""/api/CountriesAPI/GetCountryByID/1""" - 200 null "application/json; charset=utf-8" 0.6867ms (74253ad3)
2025-11-15T15:58:31.3125411+01:00 0HNH4AM1T6FEA:0000001E [INF] Request starting "HTTP/1.1" "GET" "http"://"localhost:5045""""/api/CountriesAPI/GetCountryByID/1""" - null null (d509f86a)
2025-11-15T15:58:31.3125997+01:00 0HNH4AM1T6FEA:0000001E [INF] Executing endpoint '"DVLD_API.Controllers.CountriesAPIController.getCountryByID (DVLD_API)"' (500cc934)
2025-11-15T15:58:31.3126279+01:00 0HNH4AM1T6FEA:0000001E [INF] Route matched with "{action = \"getCountryByID\", controller = \"CountriesAPI\"}". Executing controller action with signature "Microsoft.AspNetCore.Mvc.ActionResult`1[DVLD_SharedModels.clsCountryDTO] getCountryByID(Int32)" on controller "DVLD_API.Controllers.CountriesAPIController" ("DVLD_API"). (122b2fdf)
2025-11-15T15:58:31.3129013+01:00 0HNH4AM1T6FEA:0000001E [INF] Executing "OkObjectResult", writing value of type '"DVLD_SharedModels.clsCountryDTO"'. (605b4265)
2025-11-15T15:58:31.3129599+01:00 0HNH4AM1T6FEA:0000001E [INF] Executed action "DVLD_API.Controllers.CountriesAPIController.getCountryByID (DVLD_API)" in 0.3151ms (afa2e885)
2025-11-15T15:58:31.3129738+01:00 0HNH4AM1T6FEA:0000001E [INF] Executed endpoint '"DVLD_API.Controllers.CountriesAPIController.getCountryByID (DVLD_API)"' (99874f2b)
2025-11-15T15:58:31.3130033+01:00 0HNH4AM1T6FEA:0000001E [INF] Request finished "HTTP/1.1" "GET" "http"://"localhost:5045""""/api/CountriesAPI/GetCountryByID/1""" - 200 null "application/json; charset=utf-8" 0.4728ms (74253ad3)
2025-11-15T15:58:31.3132946+01:00 0HNH4AM1T6FEA:0000001F [INF] Request starting "HTTP/1.1" "GET" "http"://"localhost:5045""""/api/CountriesAPI/GetCountryByID/1""" - null null (d509f86a)
2025-11-15T15:58:31.3133531+01:00 0HNH4AM1T6FEA:0000001F [INF] Executing endpoint '"DVLD_API.Controllers.CountriesAPIController.getCountryByID (DVLD_API)"' (500cc934)
2025-11-15T15:58:31.3133806+01:00 0HNH4AM1T6FEA:0000001F [INF] Route matched with "{action = \"getCountryByID\", controller = \"CountriesAPI\"}". Executing controller action with signature "Microsoft.AspNetCore.Mvc.ActionResult`1[DVLD_SharedModels.clsCountryDTO] getCountryByID(Int32)" on controller "DVLD_API.Controllers.CountriesAPIController" ("DVLD_API"). (122b2fdf)
2025-11-15T15:58:31.3136151+01:00 0HNH4AM1T6FEA:0000001F [INF] Executing "OkObjectResult", writing value of type '"DVLD_SharedModels.clsCountryDTO"'. (605b4265)
2025-11-15T15:58:31.3136743+01:00 0HNH4AM1T6FEA:0000001F [INF] Executed action "DVLD_API.Controllers.CountriesAPIController.getCountryByID (DVLD_API)" in 0.2782ms (afa2e885)
2025-11-15T15:58:31.3137172+01:00 0HNH4AM1T6FEA:0000001F [INF] Executed endpoint '"DVLD_API.Controllers.CountriesAPIController.getCountryByID (DVLD_API)"' (99874f2b)
2025-11-15T15:58:31.3137514+01:00 0HNH4AM1T6FEA:0000001F [INF] Request finished "HTTP/1.1" "GET" "http"://"localhost:5045""""/api/CountriesAPI/GetCountryByID/1""" - 200 null "application/json; charset=utf-8" 0.4688ms (74253ad3)
2025-11-15T15:58:31.3231659+01:00 0HNH4AM1T6FEA:00000020 [INF] Request starting "HTTP/1.1" "GET" "http"://"localhost:5045""""/api/CountriesAPI/GetCountryByID/119""" - null null (d509f86a)
2025-11-15T15:58:31.3232878+01:00 0HNH4AM1T6FEA:00000020 [INF] Executing endpoint '"DVLD_API.Controllers.CountriesAPIController.getCountryByID (DVLD_API)"' (500cc934)
2025-11-15T15:58:31.3233375+01:00 0HNH4AM1T6FEA:00000020 [INF] Route matched with "{action = \"getCountryByID\", controller = \"CountriesAPI\"}". Executing controller action with signature "Microsoft.AspNetCore.Mvc.ActionResult`1[DVLD_SharedModels.clsCountryDTO] getCountryByID(Int32)" on controller "DVLD_API.Controllers.CountriesAPIController" ("DVLD_API"). (122b2fdf)
2025-11-15T15:58:31.3237903+01:00 0HNH4AM1T6FEA:00000020 [INF] Executing "OkObjectResult", writing value of type '"DVLD_SharedModels.clsCountryDTO"'. (605b4265)
2025-11-15T15:58:31.3238796+01:00 0HNH4AM1T6FEA:00000020 [INF] Executed action "DVLD_API.Controllers.CountriesAPIController.getCountryByID (DVLD_API)" in 0.5266ms (afa2e885)
2025-11-15T15:58:31.3238939+01:00 0HNH4AM1T6FEA:00000020 [INF] Executed endpoint '"DVLD_API.Controllers.CountriesAPIController.getCountryByID (DVLD_API)"' (99874f2b)
2025-11-15T15:58:31.3239271+01:00 0HNH4AM1T6FEA:00000020 [INF] Request finished "HTTP/1.1" "GET" "http"://"localhost:5045""""/api/CountriesAPI/GetCountryByID/119""" - 200 null "application/json; charset=utf-8" 0.8009ms (74253ad3)
2025-11-15T15:58:31.3245336+01:00 0HNH4AM1T6FEA:00000021 [INF] Request starting "HTTP/1.1" "GET" "http"://"localhost:5045""""/api/CountriesAPI/GetCountryByID/119""" - null null (d509f86a)
2025-11-15T15:58:31.3245922+01:00 0HNH4AM1T6FEA:00000021 [INF] Executing endpoint '"DVLD_API.Controllers.CountriesAPIController.getCountryByID (DVLD_API)"' (500cc934)
2025-11-15T15:58:31.3246215+01:00 0HNH4AM1T6FEA:00000021 [INF] Route matched with "{action = \"getCountryByID\", controller = \"CountriesAPI\"}". Executing controller action with signature "Microsoft.AspNetCore.Mvc.ActionResult`1[DVLD_SharedModels.clsCountryDTO] getCountryByID(Int32)" on controller "DVLD_API.Controllers.CountriesAPIController" ("DVLD_API"). (122b2fdf)
2025-11-15T15:58:31.3249157+01:00 0HNH4AM1T6FEA:00000021 [INF] Executing "OkObjectResult", writing value of type '"DVLD_SharedModels.clsCountryDTO"'. (605b4265)
2025-11-15T15:58:31.3249741+01:00 0HNH4AM1T6FEA:00000021 [INF] Executed action "DVLD_API.Controllers.CountriesAPIController.getCountryByID (DVLD_API)" in 0.3382ms (afa2e885)
2025-11-15T15:58:31.3249856+01:00 0HNH4AM1T6FEA:00000021 [INF] Executed endpoint '"DVLD_API.Controllers.CountriesAPIController.getCountryByID (DVLD_API)"' (99874f2b)
2025-11-15T15:58:31.3250175+01:00 0HNH4AM1T6FEA:00000021 [INF] Request finished "HTTP/1.1" "GET" "http"://"localhost:5045""""/api/CountriesAPI/GetCountryByID/119""" - 200 null "application/json; charset=utf-8" 0.494ms (74253ad3)
2025-11-15T15:58:31.3252556+01:00 0HNH4AM1T6FEA:00000022 [INF] Request starting "HTTP/1.1" "GET" "http"://"localhost:5045""""/api/CountriesAPI/GetCountryByID/119""" - null null (d509f86a)
2025-11-15T15:58:31.3253132+01:00 0HNH4AM1T6FEA:00000022 [INF] Executing endpoint '"DVLD_API.Controllers.CountriesAPIController.getCountryByID (DVLD_API)"' (500cc934)
2025-11-15T15:58:31.3253404+01:00 0HNH4AM1T6FEA:00000022 [INF] Route matched with "{action = \"getCountryByID\", controller = \"CountriesAPI\"}". Executing controller action with signature "Microsoft.AspNetCore.Mvc.ActionResult`1[DVLD_SharedModels.clsCountryDTO] getCountryByID(Int32)" on controller "DVLD_API.Controllers.CountriesAPIController" ("DVLD_API"). (122b2fdf)
2025-11-15T15:58:31.3256768+01:00 0HNH4AM1T6FEA:00000022 [INF] Executing "OkObjectResult", writing value of type '"DVLD_SharedModels.clsCountryDTO"'. (605b4265)
2025-11-15T15:58:31.3257360+01:00 0HNH4AM1T6FEA:00000022 [INF] Executed action "DVLD_API.Controllers.CountriesAPIController.getCountryByID (DVLD_API)" in 0.3803ms (afa2e885)
2025-11-15T15:58:31.3257473+01:00 0HNH4AM1T6FEA:00000022 [INF] Executed endpoint '"DVLD_API.Controllers.CountriesAPIController.getCountryByID (DVLD_API)"' (99874f2b)
2025-11-15T15:58:31.3257769+01:00 0HNH4AM1T6FEA:00000022 [INF] Request finished "HTTP/1.1" "GET" "http"://"localhost:5045""""/api/CountriesAPI/GetCountryByID/119""" - 200 null "application/json; charset=utf-8" 0.5309ms (74253ad3)
2025-11-15T15:58:31.3259988+01:00 0HNH4AM1T6FEA:00000023 [INF] Request starting "HTTP/1.1" "GET" "http"://"localhost:5045""""/api/CountriesAPI/GetCountryByID/119""" - null null (d509f86a)
2025-11-15T15:58:31.3260636+01:00 0HNH4AM1T6FEA:00000023 [INF] Executing endpoint '"DVLD_API.Controllers.CountriesAPIController.getCountryByID (DVLD_API)"' (500cc934)
2025-11-15T15:58:31.3261003+01:00 0HNH4AM1T6FEA:00000023 [INF] Route matched with "{action = \"getCountryByID\", controller = \"CountriesAPI\"}". Executing controller action with signature "Microsoft.AspNetCore.Mvc.ActionResult`1[DVLD_SharedModels.clsCountryDTO] getCountryByID(Int32)" on controller "DVLD_API.Controllers.CountriesAPIController" ("DVLD_API"). (122b2fdf)
2025-11-15T15:58:31.3263544+01:00 0HNH4AM1T6FEA:00000023 [INF] Executing "OkObjectResult", writing value of type '"DVLD_SharedModels.clsCountryDTO"'. (605b4265)
2025-11-15T15:58:31.3264351+01:00 0HNH4AM1T6FEA:00000023 [INF] Executed action "DVLD_API.Controllers.CountriesAPIController.getCountryByID (DVLD_API)" in 0.3181ms (afa2e885)
2025-11-15T15:58:31.3264467+01:00 0HNH4AM1T6FEA:00000023 [INF] Executed endpoint '"DVLD_API.Controllers.CountriesAPIController.getCountryByID (DVLD_API)"' (99874f2b)
2025-11-15T15:58:31.3264745+01:00 0HNH4AM1T6FEA:00000023 [INF] Request finished "HTTP/1.1" "GET" "http"://"localhost:5045""""/api/CountriesAPI/GetCountryByID/119""" - 200 null "application/json; charset=utf-8" 0.4858ms (74253ad3)
2025-11-15T15:58:31.3267204+01:00 0HNH4AM1T6FEA:00000024 [INF] Request starting "HTTP/1.1" "GET" "http"://"localhost:5045""""/api/CountriesAPI/GetCountryByID/1""" - null null (d509f86a)
2025-11-15T15:58:31.3267831+01:00 0HNH4AM1T6FEA:00000024 [INF] Executing endpoint '"DVLD_API.Controllers.CountriesAPIController.getCountryByID (DVLD_API)"' (500cc934)
2025-11-15T15:58:31.3268118+01:00 0HNH4AM1T6FEA:00000024 [INF] Route matched with "{action = \"getCountryByID\", controller = \"CountriesAPI\"}". Executing controller action with signature "Microsoft.AspNetCore.Mvc.ActionResult`1[DVLD_SharedModels.clsCountryDTO] getCountryByID(Int32)" on controller "DVLD_API.Controllers.CountriesAPIController" ("DVLD_API"). (122b2fdf)
2025-11-15T15:58:31.3270510+01:00 0HNH4AM1T6FEA:00000024 [INF] Executing "OkObjectResult", writing value of type '"DVLD_SharedModels.clsCountryDTO"'. (605b4265)
2025-11-15T15:58:31.3271096+01:00 0HNH4AM1T6FEA:00000024 [INF] Executed action "DVLD_API.Controllers.CountriesAPIController.getCountryByID (DVLD_API)" in 0.2835ms (afa2e885)
2025-11-15T15:58:31.3271224+01:00 0HNH4AM1T6FEA:00000024 [INF] Executed endpoint '"DVLD_API.Controllers.CountriesAPIController.getCountryByID (DVLD_API)"' (99874f2b)
2025-11-15T15:58:31.3271526+01:00 0HNH4AM1T6FEA:00000024 [INF] Request finished "HTTP/1.1" "GET" "http"://"localhost:5045""""/api/CountriesAPI/GetCountryByID/1""" - 200 null "application/json; charset=utf-8" 0.4411ms (74253ad3)
2025-11-15T15:58:31.3273851+01:00 0HNH4AM1T6FEA:00000025 [INF] Request starting "HTTP/1.1" "GET" "http"://"localhost:5045""""/api/CountriesAPI/GetCountryByID/5""" - null null (d509f86a)
2025-11-15T15:58:31.3274414+01:00 0HNH4AM1T6FEA:00000025 [INF] Executing endpoint '"DVLD_API.Controllers.CountriesAPIController.getCountryByID (DVLD_API)"' (500cc934)
2025-11-15T15:58:31.3274683+01:00 0HNH4AM1T6FEA:00000025 [INF] Route matched with "{action = \"getCountryByID\", controller = \"CountriesAPI\"}". Executing controller action with signature "Microsoft.AspNetCore.Mvc.ActionResult`1[DVLD_SharedModels.clsCountryDTO] getCountryByID(Int32)" on controller "DVLD_API.Controllers.CountriesAPIController" ("DVLD_API"). (122b2fdf)
2025-11-15T15:58:31.3277136+01:00 0HNH4AM1T6FEA:00000025 [INF] Executing "OkObjectResult", writing value of type '"DVLD_SharedModels.clsCountryDTO"'. (605b4265)
2025-11-15T15:58:31.3277725+01:00 0HNH4AM1T6FEA:00000025 [INF] Executed action "DVLD_API.Controllers.CountriesAPIController.getCountryByID (DVLD_API)" in 0.2888ms (afa2e885)
2025-11-15T15:58:31.3277838+01:00 0HNH4AM1T6FEA:00000025 [INF] Executed endpoint '"DVLD_API.Controllers.CountriesAPIController.getCountryByID (DVLD_API)"' (99874f2b)
2025-11-15T15:58:31.3278133+01:00 0HNH4AM1T6FEA:00000025 [INF] Request finished "HTTP/1.1" "GET" "http"://"localhost:5045""""/api/CountriesAPI/GetCountryByID/5""" - 200 null "application/json; charset=utf-8" 0.4377ms (74253ad3)
2025-11-15T15:58:31.3280381+01:00 0HNH4AM1T6FEA:00000026 [INF] Request starting "HTTP/1.1" "GET" "http"://"localhost:5045""""/api/CountriesAPI/GetCountryByID/1""" - null null (d509f86a)
2025-11-15T15:58:31.3280947+01:00 0HNH4AM1T6FEA:00000026 [INF] Executing endpoint '"DVLD_API.Controllers.CountriesAPIController.getCountryByID (DVLD_API)"' (500cc934)
2025-11-15T15:58:31.3281236+01:00 0HNH4AM1T6FEA:00000026 [INF] Route matched with "{action = \"getCountryByID\", controller = \"CountriesAPI\"}". Executing controller action with signature "Microsoft.AspNetCore.Mvc.ActionResult`1[DVLD_SharedModels.clsCountryDTO] getCountryByID(Int32)" on controller "DVLD_API.Controllers.CountriesAPIController" ("DVLD_API"). (122b2fdf)
2025-11-15T15:58:31.3283979+01:00 0HNH4AM1T6FEA:00000026 [INF] Executing "OkObjectResult", writing value of type '"DVLD_SharedModels.clsCountryDTO"'. (605b4265)
2025-11-15T15:58:31.3284649+01:00 0HNH4AM1T6FEA:00000026 [INF] Executed action "DVLD_API.Controllers.CountriesAPIController.getCountryByID (DVLD_API)" in 0.3264ms (afa2e885)
2025-11-15T15:58:31.3284779+01:00 0HNH4AM1T6FEA:00000026 [INF] Executed endpoint '"DVLD_API.Controllers.CountriesAPIController.getCountryByID (DVLD_API)"' (99874f2b)
2025-11-15T15:58:31.3285099+01:00 0HNH4AM1T6FEA:00000026 [INF] Request finished "HTTP/1.1" "GET" "http"://"localhost:5045""""/api/CountriesAPI/GetCountryByID/1""" - 200 null "application/json; charset=utf-8" 0.4827ms (74253ad3)
2025-11-15T15:58:31.3287957+01:00 0HNH4AM1T6FEA:00000027 [INF] Request starting "HTTP/1.1" "GET" "http"://"localhost:5045""""/api/CountriesAPI/GetCountryByID/1""" - null null (d509f86a)
2025-11-15T15:58:31.3288689+01:00 0HNH4AM1T6FEA:00000027 [INF] Executing endpoint '"DVLD_API.Controllers.CountriesAPIController.getCountryByID (DVLD_API)"' (500cc934)
2025-11-15T15:58:31.3288954+01:00 0HNH4AM1T6FEA:00000027 [INF] Route matched with "{action = \"getCountryByID\", controller = \"CountriesAPI\"}". Executing controller action with signature "Microsoft.AspNetCore.Mvc.ActionResult`1[DVLD_SharedModels.clsCountryDTO] getCountryByID(Int32)" on controller "DVLD_API.Controllers.CountriesAPIController" ("DVLD_API"). (122b2fdf)
2025-11-15T15:58:31.3291497+01:00 0HNH4AM1T6FEA:00000027 [INF] Executing "OkObjectResult", writing value of type '"DVLD_SharedModels.clsCountryDTO"'. (605b4265)
2025-11-15T15:58:31.3292080+01:00 0HNH4AM1T6FEA:00000027 [INF] Executed action "DVLD_API.Controllers.CountriesAPIController.getCountryByID (DVLD_API)" in 0.3004ms (afa2e885)
2025-11-15T15:58:31.3292208+01:00 0HNH4AM1T6FEA:00000027 [INF] Executed endpoint '"DVLD_API.Controllers.CountriesAPIController.getCountryByID (DVLD_API)"' (99874f2b)
2025-11-15T15:58:31.3292492+01:00 0HNH4AM1T6FEA:00000027 [INF] Request finished "HTTP/1.1" "GET" "http"://"localhost:5045""""/api/CountriesAPI/GetCountryByID/1""" - 200 null "application/json; charset=utf-8" 0.4681ms (74253ad3)
2025-11-15T15:58:31.3295022+01:00 0HNH4AM1T6FEA:00000028 [INF] Request starting "HTTP/1.1" "GET" "http"://"localhost:5045""""/api/CountriesAPI/GetCountryByID/1""" - null null (d509f86a)
2025-11-15T15:58:31.3295678+01:00 0HNH4AM1T6FEA:00000028 [INF] Executing endpoint '"DVLD_API.Controllers.CountriesAPIController.getCountryByID (DVLD_API)"' (500cc934)
2025-11-15T15:58:31.3295933+01:00 0HNH4AM1T6FEA:00000028 [INF] Route matched with "{action = \"getCountryByID\", controller = \"CountriesAPI\"}". Executing controller action with signature "Microsoft.AspNetCore.Mvc.ActionResult`1[DVLD_SharedModels.clsCountryDTO] getCountryByID(Int32)" on controller "DVLD_API.Controllers.CountriesAPIController" ("DVLD_API"). (122b2fdf)
2025-11-15T15:58:31.3298641+01:00 0HNH4AM1T6FEA:00000028 [INF] Executing "OkObjectResult", writing value of type '"DVLD_SharedModels.clsCountryDTO"'. (605b4265)
2025-11-15T15:58:31.3299337+01:00 0HNH4AM1T6FEA:00000028 [INF] Executed action "DVLD_API.Controllers.CountriesAPIController.getCountryByID (DVLD_API)" in 0.3155ms (afa2e885)
2025-11-15T15:58:31.3299451+01:00 0HNH4AM1T6FEA:00000028 [INF] Executed endpoint '"DVLD_API.Controllers.CountriesAPIController.getCountryByID (DVLD_API)"' (99874f2b)
2025-11-15T15:58:31.3299734+01:00 0HNH4AM1T6FEA:00000028 [INF] Request finished "HTTP/1.1" "GET" "http"://"localhost:5045""""/api/CountriesAPI/GetCountryByID/1""" - 200 null "application/json; charset=utf-8" 0.4826ms (74253ad3)
2025-11-15T15:58:31.3302233+01:00 0HNH4AM1T6FEA:00000029 [INF] Request starting "HTTP/1.1" "GET" "http"://"localhost:5045""""/api/CountriesAPI/GetCountryByID/1""" - null null (d509f86a)
2025-11-15T15:58:31.3302934+01:00 0HNH4AM1T6FEA:00000029 [INF] Executing endpoint '"DVLD_API.Controllers.CountriesAPIController.getCountryByID (DVLD_API)"' (500cc934)
2025-11-15T15:58:31.3303325+01:00 0HNH4AM1T6FEA:00000029 [INF] Route matched with "{action = \"getCountryByID\", controller = \"CountriesAPI\"}". Executing controller action with signature "Microsoft.AspNetCore.Mvc.ActionResult`1[DVLD_SharedModels.clsCountryDTO] getCountryByID(Int32)" on controller "DVLD_API.Controllers.CountriesAPIController" ("DVLD_API"). (122b2fdf)
2025-11-15T15:58:31.3305879+01:00 0HNH4AM1T6FEA:00000029 [INF] Executing "OkObjectResult", writing value of type '"DVLD_SharedModels.clsCountryDTO"'. (605b4265)
2025-11-15T15:58:31.3306461+01:00 0HNH4AM1T6FEA:00000029 [INF] Executed action "DVLD_API.Controllers.CountriesAPIController.getCountryByID (DVLD_API)" in 0.2986ms (afa2e885)
2025-11-15T15:58:31.3306575+01:00 0HNH4AM1T6FEA:00000029 [INF] Executed endpoint '"DVLD_API.Controllers.CountriesAPIController.getCountryByID (DVLD_API)"' (99874f2b)
2025-11-15T15:58:31.3306873+01:00 0HNH4AM1T6FEA:00000029 [INF] Request finished "HTTP/1.1" "GET" "http"://"localhost:5045""""/api/CountriesAPI/GetCountryByID/1""" - 200 null "application/json; charset=utf-8" 0.4752ms (74253ad3)
2025-11-15T15:58:31.3309188+01:00 0HNH4AM1T6FEA:0000002A [INF] Request starting "HTTP/1.1" "GET" "http"://"localhost:5045""""/api/CountriesAPI/GetCountryByID/1""" - null null (d509f86a)
2025-11-15T15:58:31.3309866+01:00 0HNH4AM1T6FEA:0000002A [INF] Executing endpoint '"DVLD_API.Controllers.CountriesAPIController.getCountryByID (DVLD_API)"' (500cc934)
2025-11-15T15:58:31.3310116+01:00 0HNH4AM1T6FEA:0000002A [INF] Route matched with "{action = \"getCountryByID\", controller = \"CountriesAPI\"}". Executing controller action with signature "Microsoft.AspNetCore.Mvc.ActionResult`1[DVLD_SharedModels.clsCountryDTO] getCountryByID(Int32)" on controller "DVLD_API.Controllers.CountriesAPIController" ("DVLD_API"). (122b2fdf)
2025-11-15T15:58:31.3312676+01:00 0HNH4AM1T6FEA:0000002A [INF] Executing "OkObjectResult", writing value of type '"DVLD_SharedModels.clsCountryDTO"'. (605b4265)
2025-11-15T15:58:31.3313251+01:00 0HNH4AM1T6FEA:0000002A [INF] Executed action "DVLD_API.Controllers.CountriesAPIController.getCountryByID (DVLD_API)" in 0.3019ms (afa2e885)
2025-11-15T15:58:31.3313362+01:00 0HNH4AM1T6FEA:0000002A [INF] Executed endpoint '"DVLD_API.Controllers.CountriesAPIController.getCountryByID (DVLD_API)"' (99874f2b)
2025-11-15T15:58:31.3313656+01:00 0HNH4AM1T6FEA:0000002A [INF] Request finished "HTTP/1.1" "GET" "http"://"localhost:5045""""/api/CountriesAPI/GetCountryByID/1""" - 200 null "application/json; charset=utf-8" 0.4563ms (74253ad3)
2025-11-15T15:58:31.3315964+01:00 0HNH4AM1T6FEA:0000002B [INF] Request starting "HTTP/1.1" "GET" "http"://"localhost:5045""""/api/CountriesAPI/GetCountryByID/1""" - null null (d509f86a)
2025-11-15T15:58:31.3316533+01:00 0HNH4AM1T6FEA:0000002B [INF] Executing endpoint '"DVLD_API.Controllers.CountriesAPIController.getCountryByID (DVLD_API)"' (500cc934)
2025-11-15T15:58:31.3316802+01:00 0HNH4AM1T6FEA:0000002B [INF] Route matched with "{action = \"getCountryByID\", controller = \"CountriesAPI\"}". Executing controller action with signature "Microsoft.AspNetCore.Mvc.ActionResult`1[DVLD_SharedModels.clsCountryDTO] getCountryByID(Int32)" on controller "DVLD_API.Controllers.CountriesAPIController" ("DVLD_API"). (122b2fdf)
2025-11-15T15:58:31.3319333+01:00 0HNH4AM1T6FEA:0000002B [INF] Executing "OkObjectResult", writing value of type '"DVLD_SharedModels.clsCountryDTO"'. (605b4265)
2025-11-15T15:58:31.3319926+01:00 0HNH4AM1T6FEA:0000002B [INF] Executed action "DVLD_API.Controllers.CountriesAPIController.getCountryByID (DVLD_API)" in 0.2973ms (afa2e885)
2025-11-15T15:58:31.3320041+01:00 0HNH4AM1T6FEA:0000002B [INF] Executed endpoint '"DVLD_API.Controllers.CountriesAPIController.getCountryByID (DVLD_API)"' (99874f2b)
2025-11-15T15:58:31.3320326+01:00 0HNH4AM1T6FEA:0000002B [INF] Request finished "HTTP/1.1" "GET" "http"://"localhost:5045""""/api/CountriesAPI/GetCountryByID/1""" - 200 null "application/json; charset=utf-8" 0.4463ms (74253ad3)
2025-11-15T15:58:31.3322672+01:00 0HNH4AM1T6FEA:0000002C [INF] Request starting "HTTP/1.1" "GET" "http"://"localhost:5045""""/api/CountriesAPI/GetCountryByID/1""" - null null (d509f86a)
2025-11-15T15:58:31.3323234+01:00 0HNH4AM1T6FEA:0000002C [INF] Executing endpoint '"DVLD_API.Controllers.CountriesAPIController.getCountryByID (DVLD_API)"' (500cc934)
2025-11-15T15:58:31.3323566+01:00 0HNH4AM1T6FEA:0000002C [INF] Route matched with "{action = \"getCountryByID\", controller = \"CountriesAPI\"}". Executing controller action with signature "Microsoft.AspNetCore.Mvc.ActionResult`1[DVLD_SharedModels.clsCountryDTO] getCountryByID(Int32)" on controller "DVLD_API.Controllers.CountriesAPIController" ("DVLD_API"). (122b2fdf)
2025-11-15T15:58:31.3326024+01:00 0HNH4AM1T6FEA:0000002C [INF] Executing "OkObjectResult", writing value of type '"DVLD_SharedModels.clsCountryDTO"'. (605b4265)
2025-11-15T15:58:31.3326604+01:00 0HNH4AM1T6FEA:0000002C [INF] Executed action "DVLD_API.Controllers.CountriesAPIController.getCountryByID (DVLD_API)" in 0.2895ms (afa2e885)
2025-11-15T15:58:31.3326729+01:00 0HNH4AM1T6FEA:0000002C [INF] Executed endpoint '"DVLD_API.Controllers.CountriesAPIController.getCountryByID (DVLD_API)"' (99874f2b)
2025-11-15T15:58:31.3327030+01:00 0HNH4AM1T6FEA:0000002C [INF] Request finished "HTTP/1.1" "GET" "http"://"localhost:5045""""/api/CountriesAPI/GetCountryByID/1""" - 200 null "application/json; charset=utf-8" 0.4464ms (74253ad3)
2025-11-15T15:58:31.3329223+01:00 0HNH4AM1T6FEA:0000002D [INF] Request starting "HTTP/1.1" "GET" "http"://"localhost:5045""""/api/CountriesAPI/GetCountryByID/10""" - null null (d509f86a)
2025-11-15T15:58:31.3329789+01:00 0HNH4AM1T6FEA:0000002D [INF] Executing endpoint '"DVLD_API.Controllers.CountriesAPIController.getCountryByID (DVLD_API)"' (500cc934)
2025-11-15T15:58:31.3330060+01:00 0HNH4AM1T6FEA:0000002D [INF] Route matched with "{action = \"getCountryByID\", controller = \"CountriesAPI\"}". Executing controller action with signature "Microsoft.AspNetCore.Mvc.ActionResult`1[DVLD_SharedModels.clsCountryDTO] getCountryByID(Int32)" on controller "DVLD_API.Controllers.CountriesAPIController" ("DVLD_API"). (122b2fdf)
2025-11-15T15:58:31.3333154+01:00 0HNH4AM1T6FEA:0000002D [INF] Executing "OkObjectResult", writing value of type '"DVLD_SharedModels.clsCountryDTO"'. (605b4265)
2025-11-15T15:58:31.3333792+01:00 0HNH4AM1T6FEA:0000002D [INF] Executed action "DVLD_API.Controllers.CountriesAPIController.getCountryByID (DVLD_API)" in 0.3573ms (afa2e885)
2025-11-15T15:58:31.3333897+01:00 0HNH4AM1T6FEA:0000002D [INF] Executed endpoint '"DVLD_API.Controllers.CountriesAPIController.getCountryByID (DVLD_API)"' (99874f2b)
2025-11-15T15:58:31.3334256+01:00 0HNH4AM1T6FEA:0000002D [INF] Request finished "HTTP/1.1" "GET" "http"://"localhost:5045""""/api/CountriesAPI/GetCountryByID/10""" - 200 null "application/json; charset=utf-8" 0.5047ms (74253ad3)
2025-11-15T15:58:31.3340397+01:00 0HNH4AM1T6FEA:0000002E [INF] Request starting "HTTP/1.1" "GET" "http"://"localhost:5045""""/api/CountriesAPI/GetCountryByID/119""" - null null (d509f86a)
2025-11-15T15:58:31.3341180+01:00 0HNH4AM1T6FEA:0000002E [INF] Executing endpoint '"DVLD_API.Controllers.CountriesAPIController.getCountryByID (DVLD_API)"' (500cc934)
2025-11-15T15:58:31.3341511+01:00 0HNH4AM1T6FEA:0000002E [INF] Route matched with "{action = \"getCountryByID\", controller = \"CountriesAPI\"}". Executing controller action with signature "Microsoft.AspNetCore.Mvc.ActionResult`1[DVLD_SharedModels.clsCountryDTO] getCountryByID(Int32)" on controller "DVLD_API.Controllers.CountriesAPIController" ("DVLD_API"). (122b2fdf)
2025-11-15T15:58:31.3344892+01:00 0HNH4AM1T6FEA:0000002E [INF] Executing "OkObjectResult", writing value of type '"DVLD_SharedModels.clsCountryDTO"'. (605b4265)
2025-11-15T15:58:31.3345506+01:00 0HNH4AM1T6FEA:0000002E [INF] Executed action "DVLD_API.Controllers.CountriesAPIController.getCountryByID (DVLD_API)" in 0.3851ms (afa2e885)
2025-11-15T15:58:31.3345628+01:00 0HNH4AM1T6FEA:0000002E [INF] Executed endpoint '"DVLD_API.Controllers.CountriesAPIController.getCountryByID (DVLD_API)"' (99874f2b)
2025-11-15T15:58:31.3345888+01:00 0HNH4AM1T6FEA:0000002E [INF] Request finished "HTTP/1.1" "GET" "http"://"localhost:5045""""/api/CountriesAPI/GetCountryByID/119""" - 200 null "application/json; charset=utf-8" 0.5686ms (74253ad3)
2025-11-15T16:04:54.5600481+01:00 0HNH4AM1T6FEB:00000001 [INF] Request starting "HTTP/1.1" "GET" "http"://"localhost:5045""""/api/UsersAPi/GetUserInfoByUserID/25""" - null null (d509f86a)
2025-11-15T16:04:54.5621008+01:00 0HNH4AM1T6FEB:00000001 [INF] Executing endpoint '"DVLD_API.Controllers.UsersAPIController.GetUserInfoByUserID (DVLD_API)"' (500cc934)
2025-11-15T16:04:54.5632520+01:00 0HNH4AM1T6FEB:00000001 [INF] Route matched with "{action = \"GetUserInfoByUserID\", controller = \"UsersAPI\"}". Executing controller action with signature "Microsoft.AspNetCore.Mvc.ActionResult`1[DVLD_SharedModels.clsUserDTO] GetUserInfoByUserID(Int32)" on controller "DVLD_API.Controllers.UsersAPIController" ("DVLD_API"). (122b2fdf)
2025-11-15T16:04:54.5774446+01:00 0HNH4AM1T6FEB:00000001 [INF] Executing "OkObjectResult", writing value of type '"DVLD_SharedModels.clsUserDTO"'. (605b4265)
2025-11-15T16:04:54.5776296+01:00 0HNH4AM1T6FEB:00000001 [INF] Executed action "DVLD_API.Controllers.UsersAPIController.GetUserInfoByUserID (DVLD_API)" in 14.2106ms (afa2e885)
2025-11-15T16:04:54.5776460+01:00 0HNH4AM1T6FEB:00000001 [INF] Executed endpoint '"DVLD_API.Controllers.UsersAPIController.GetUserInfoByUserID (DVLD_API)"' (99874f2b)
2025-11-15T16:04:54.5776962+01:00 0HNH4AM1T6FEB:00000001 [INF] Request finished "HTTP/1.1" "GET" "http"://"localhost:5045""""/api/UsersAPi/GetUserInfoByUserID/25""" - 200 null "application/json; charset=utf-8" 17.7974ms (74253ad3)
2025-11-15T16:04:54.5860626+01:00 0HNH4AM1T6FEC:00000001 [INF] Request starting "HTTP/1.1" "GET" "http"://"localhost:5045""""/api/PersonAPI/GetPersonByID/2073""" - null null (d509f86a)
2025-11-15T16:04:54.5886737+01:00 0HNH4AM1T6FEC:00000001 [INF] Executing endpoint '"DVLD_API.Controllers.PersonAPIController.GetPersonByID (DVLD_API)"' (500cc934)
2025-11-15T16:04:54.5904851+01:00 0HNH4AM1T6FEC:00000001 [INF] Route matched with "{action = \"GetPersonByID\", controller = \"PersonAPI\"}". Executing controller action with signature "Microsoft.AspNetCore.Mvc.ActionResult`1[DVLD_SharedModels.clsPersonDTO] GetPersonByID(Int32)" on controller "DVLD_API.Controllers.PersonAPIController" ("DVLD_API"). (122b2fdf)
2025-11-15T16:04:54.5951828+01:00 0HNH4AM1T6FEC:00000001 [INF] Executing "OkObjectResult", writing value of type '"DVLD_SharedModels.clsPersonDTO"'. (605b4265)
2025-11-15T16:04:54.5953796+01:00 0HNH4AM1T6FEC:00000001 [INF] Executed action "DVLD_API.Controllers.PersonAPIController.GetPersonByID (DVLD_API)" in 4.869ms (afa2e885)
2025-11-15T16:04:54.5954019+01:00 0HNH4AM1T6FEC:00000001 [INF] Executed endpoint '"DVLD_API.Controllers.PersonAPIController.GetPersonByID (DVLD_API)"' (99874f2b)
2025-11-15T16:04:54.5955491+01:00 0HNH4AM1T6FEC:00000001 [INF] Request finished "HTTP/1.1" "GET" "http"://"localhost:5045""""/api/PersonAPI/GetPersonByID/2073""" - 200 null "application/json; charset=utf-8" 9.5146ms (74253ad3)
2025-11-15T16:04:54.6242202+01:00 0HNH4AM1T6FEC:00000002 [INF] Request starting "HTTP/1.1" "GET" "http"://"localhost:5045""""/api/CountriesAPI/GetCountryByID/119""" - null null (d509f86a)
2025-11-15T16:04:54.6243541+01:00 0HNH4AM1T6FEC:00000002 [INF] Executing endpoint '"DVLD_API.Controllers.CountriesAPIController.getCountryByID (DVLD_API)"' (500cc934)
2025-11-15T16:04:54.6244415+01:00 0HNH4AM1T6FEC:00000002 [INF] Route matched with "{action = \"getCountryByID\", controller = \"CountriesAPI\"}". Executing controller action with signature "Microsoft.AspNetCore.Mvc.ActionResult`1[DVLD_SharedModels.clsCountryDTO] getCountryByID(Int32)" on controller "DVLD_API.Controllers.CountriesAPIController" ("DVLD_API"). (122b2fdf)
2025-11-15T16:04:54.6276588+01:00 0HNH4AM1T6FEC:00000002 [INF] Executing "OkObjectResult", writing value of type '"DVLD_SharedModels.clsCountryDTO"'. (605b4265)
2025-11-15T16:04:54.6277384+01:00 0HNH4AM1T6FEC:00000002 [INF] Executed action "DVLD_API.Controllers.CountriesAPIController.getCountryByID (DVLD_API)" in 3.2688ms (afa2e885)
2025-11-15T16:04:54.6277499+01:00 0HNH4AM1T6FEC:00000002 [INF] Executed endpoint '"DVLD_API.Controllers.CountriesAPIController.getCountryByID (DVLD_API)"' (99874f2b)
2025-11-15T16:04:54.6277782+01:00 0HNH4AM1T6FEC:00000002 [INF] Request finished "HTTP/1.1" "GET" "http"://"localhost:5045""""/api/CountriesAPI/GetCountryByID/119""" - 200 null "application/json; charset=utf-8" 3.6118ms (74253ad3)
2025-11-15T16:04:56.7746320+01:00 0HNH4AM1T6FEB:00000002 [INF] Request starting "HTTP/1.1" "GET" "http"://"localhost:5045""""/api/UsersAPi/GetUserInfoByUserID/25""" - null null (d509f86a)
2025-11-15T16:04:56.7747531+01:00 0HNH4AM1T6FEB:00000002 [INF] Executing endpoint '"DVLD_API.Controllers.UsersAPIController.GetUserInfoByUserID (DVLD_API)"' (500cc934)
2025-11-15T16:04:56.7748019+01:00 0HNH4AM1T6FEB:00000002 [INF] Route matched with "{action = \"GetUserInfoByUserID\", controller = \"UsersAPI\"}". Executing controller action with signature "Microsoft.AspNetCore.Mvc.ActionResult`1[DVLD_SharedModels.clsUserDTO] GetUserInfoByUserID(Int32)" on controller "DVLD_API.Controllers.UsersAPIController" ("DVLD_API"). (122b2fdf)
2025-11-15T16:04:56.7754432+01:00 0HNH4AM1T6FEB:00000002 [INF] Executing "OkObjectResult", writing value of type '"DVLD_SharedModels.clsUserDTO"'. (605b4265)
2025-11-15T16:04:56.7755177+01:00 0HNH4AM1T6FEB:00000002 [INF] Executed action "DVLD_API.Controllers.UsersAPIController.GetUserInfoByUserID (DVLD_API)" in 0.6994ms (afa2e885)
2025-11-15T16:04:56.7755304+01:00 0HNH4AM1T6FEB:00000002 [INF] Executed endpoint '"DVLD_API.Controllers.UsersAPIController.GetUserInfoByUserID (DVLD_API)"' (99874f2b)
2025-11-15T16:04:56.7755955+01:00 0HNH4AM1T6FEB:00000002 [INF] Request finished "HTTP/1.1" "GET" "http"://"localhost:5045""""/api/UsersAPi/GetUserInfoByUserID/25""" - 200 null "application/json; charset=utf-8" 1.0254ms (74253ad3)
2025-11-15T16:04:56.7937014+01:00 0HNH4AM1T6FEB:00000003 [INF] Request starting "HTTP/1.1" "GET" "http"://"localhost:5045""""/api/UsersAPi/GetUserInfoByUserID/25""" - null null (d509f86a)
2025-11-15T16:04:56.7937672+01:00 0HNH4AM1T6FEB:00000003 [INF] Executing endpoint '"DVLD_API.Controllers.UsersAPIController.GetUserInfoByUserID (DVLD_API)"' (500cc934)
2025-11-15T16:04:56.7938032+01:00 0HNH4AM1T6FEB:00000003 [INF] Route matched with "{action = \"GetUserInfoByUserID\", controller = \"UsersAPI\"}". Executing controller action with signature "Microsoft.AspNetCore.Mvc.ActionResult`1[DVLD_SharedModels.clsUserDTO] GetUserInfoByUserID(Int32)" on controller "DVLD_API.Controllers.UsersAPIController" ("DVLD_API"). (122b2fdf)
2025-11-15T16:04:56.7943865+01:00 0HNH4AM1T6FEB:00000003 [INF] Executing "OkObjectResult", writing value of type '"DVLD_SharedModels.clsUserDTO"'. (605b4265)
2025-11-15T16:04:56.7944551+01:00 0HNH4AM1T6FEB:00000003 [INF] Executed action "DVLD_API.Controllers.UsersAPIController.GetUserInfoByUserID (DVLD_API)" in 0.6373ms (afa2e885)
2025-11-15T16:04:56.7944645+01:00 0HNH4AM1T6FEB:00000003 [INF] Executed endpoint '"DVLD_API.Controllers.UsersAPIController.GetUserInfoByUserID (DVLD_API)"' (99874f2b)
2025-11-15T16:04:56.7944869+01:00 0HNH4AM1T6FEB:00000003 [INF] Request finished "HTTP/1.1" "GET" "http"://"localhost:5045""""/api/UsersAPi/GetUserInfoByUserID/25""" - 200 null "application/json; charset=utf-8" 0.8087ms (74253ad3)
2025-11-15T16:04:56.7956079+01:00 0HNH4AM1T6FEC:00000003 [INF] Request starting "HTTP/1.1" "GET" "http"://"localhost:5045""""/api/PersonAPI/GetPersonByID/2073""" - null null (d509f86a)
2025-11-15T16:04:56.7956629+01:00 0HNH4AM1T6FEC:00000003 [INF] Executing endpoint '"DVLD_API.Controllers.PersonAPIController.GetPersonByID (DVLD_API)"' (500cc934)
2025-11-15T16:04:56.7956909+01:00 0HNH4AM1T6FEC:00000003 [INF] Route matched with "{action = \"GetPersonByID\", controller = \"PersonAPI\"}". Executing controller action with signature "Microsoft.AspNetCore.Mvc.ActionResult`1[DVLD_SharedModels.clsPersonDTO] GetPersonByID(Int32)" on controller "DVLD_API.Controllers.PersonAPIController" ("DVLD_API"). (122b2fdf)
2025-11-15T16:04:56.7962519+01:00 0HNH4AM1T6FEC:00000003 [INF] Executing "OkObjectResult", writing value of type '"DVLD_SharedModels.clsPersonDTO"'. (605b4265)
2025-11-15T16:04:56.7963923+01:00 0HNH4AM1T6FEC:00000003 [INF] Executed action "DVLD_API.Controllers.PersonAPIController.GetPersonByID (DVLD_API)" in 0.6839ms (afa2e885)
2025-11-15T16:04:56.7964132+01:00 0HNH4AM1T6FEC:00000003 [INF] Executed endpoint '"DVLD_API.Controllers.PersonAPIController.GetPersonByID (DVLD_API)"' (99874f2b)
2025-11-15T16:04:56.7964532+01:00 0HNH4AM1T6FEC:00000003 [INF] Request finished "HTTP/1.1" "GET" "http"://"localhost:5045""""/api/PersonAPI/GetPersonByID/2073""" - 200 null "application/json; charset=utf-8" 0.8511ms (74253ad3)
2025-11-15T16:04:56.8317180+01:00 0HNH4AM1T6FEC:00000004 [INF] Request starting "HTTP/1.1" "GET" "http"://"localhost:5045""""/api/CountriesAPI/GetCountryByID/119""" - null null (d509f86a)
2025-11-15T16:04:56.8318919+01:00 0HNH4AM1T6FEC:00000004 [INF] Executing endpoint '"DVLD_API.Controllers.CountriesAPIController.getCountryByID (DVLD_API)"' (500cc934)
2025-11-15T16:04:56.8319560+01:00 0HNH4AM1T6FEC:00000004 [INF] Route matched with "{action = \"getCountryByID\", controller = \"CountriesAPI\"}". Executing controller action with signature "Microsoft.AspNetCore.Mvc.ActionResult`1[DVLD_SharedModels.clsCountryDTO] getCountryByID(Int32)" on controller "DVLD_API.Controllers.CountriesAPIController" ("DVLD_API"). (122b2fdf)
2025-11-15T16:04:56.8326297+01:00 0HNH4AM1T6FEC:00000004 [INF] Executing "OkObjectResult", writing value of type '"DVLD_SharedModels.clsCountryDTO"'. (605b4265)
2025-11-15T16:04:56.8327196+01:00 0HNH4AM1T6FEC:00000004 [INF] Executed action "DVLD_API.Controllers.CountriesAPIController.getCountryByID (DVLD_API)" in 0.747ms (afa2e885)
2025-11-15T16:04:56.8327342+01:00 0HNH4AM1T6FEC:00000004 [INF] Executed endpoint '"DVLD_API.Controllers.CountriesAPIController.getCountryByID (DVLD_API)"' (99874f2b)
2025-11-15T16:04:56.8327633+01:00 0HNH4AM1T6FEC:00000004 [INF] Request finished "HTTP/1.1" "GET" "http"://"localhost:5045""""/api/CountriesAPI/GetCountryByID/119""" - 200 null "application/json; charset=utf-8" 1.1101ms (74253ad3)
2025-11-15T16:05:00.5996572+01:00 0HNH4AM1T6FEB:00000004 [INF] Request starting "HTTP/1.1" "GET" "http"://"localhost:5045""""/api/UsersAPi/GetUserInfoByUsernameAndPassword/amine aharkate/123""" - null null (d509f86a)
2025-11-15T16:05:00.5998104+01:00 0HNH4AM1T6FEB:00000004 [INF] Executing endpoint '"DVLD_API.Controllers.UsersAPIController.GetUserInfoByUsernameAndPassword (DVLD_API)"' (500cc934)
2025-11-15T16:05:00.5998635+01:00 0HNH4AM1T6FEB:00000004 [INF] Route matched with "{action = \"GetUserInfoByUsernameAndPassword\", controller = \"UsersAPI\"}". Executing controller action with signature "Microsoft.AspNetCore.Mvc.ActionResult`1[DVLD_SharedModels.clsUserDTO] GetUserInfoByUsernameAndPassword(System.String, System.String)" on controller "DVLD_API.Controllers.UsersAPIController" ("DVLD_API"). (122b2fdf)
2025-11-15T16:05:00.6423365+01:00 0HNH4AM1T6FEB:00000004 [INF] Executing "OkObjectResult", writing value of type '"DVLD_SharedModels.clsUserDTO"'. (605b4265)
2025-11-15T16:05:00.6424387+01:00 0HNH4AM1T6FEB:00000004 [INF] Executed action "DVLD_API.Controllers.UsersAPIController.GetUserInfoByUsernameAndPassword (DVLD_API)" in 42.5537ms (afa2e885)
2025-11-15T16:05:00.6424611+01:00 0HNH4AM1T6FEB:00000004 [INF] Executed endpoint '"DVLD_API.Controllers.UsersAPIController.GetUserInfoByUsernameAndPassword (DVLD_API)"' (99874f2b)
2025-11-15T16:05:00.6425096+01:00 0HNH4AM1T6FEB:00000004 [INF] Request finished "HTTP/1.1" "GET" "http"://"localhost:5045""""/api/UsersAPi/GetUserInfoByUsernameAndPassword/amine aharkate/123""" - 200 null "application/json; charset=utf-8" 42.9404ms (74253ad3)
2025-11-15T16:05:02.2570805+01:00 0HNH4AM1T6FEB:00000005 [INF] Request starting "HTTP/1.1" "GET" "http"://"localhost:5045""""/api/UsersAPi/GetAllUsers""" - null null (d509f86a)
2025-11-15T16:05:02.2572527+01:00 0HNH4AM1T6FEB:00000005 [INF] Executing endpoint '"DVLD_API.Controllers.UsersAPIController.GetAllUsers (DVLD_API)"' (500cc934)
2025-11-15T16:05:02.2579865+01:00 0HNH4AM1T6FEB:00000005 [INF] Route matched with "{action = \"GetAllUsers\", controller = \"UsersAPI\"}". Executing controller action with signature "Microsoft.AspNetCore.Mvc.ActionResult`1[System.Collections.Generic.IEnumerable`1[DVLD_SharedModels.clsUserDTO]] GetAllUsers()" on controller "DVLD_API.Controllers.UsersAPIController" ("DVLD_API"). (122b2fdf)
2025-11-15T16:05:02.2611411+01:00 0HNH4AM1T6FEB:00000005 [INF] Executing "OkObjectResult", writing value of type '"System.Collections.Generic.List`1[[DVLD_SharedModels.clsUserDTO, DVLD_SharedModels, Version=1.0.0.0, Culture=neutral, PublicKeyToken=null]]"'. (605b4265)
2025-11-15T16:05:02.2616104+01:00 0HNH4AM1T6FEB:00000005 [INF] Executed action "DVLD_API.Controllers.UsersAPIController.GetAllUsers (DVLD_API)" in 3.6006ms (afa2e885)
2025-11-15T16:05:02.2616295+01:00 0HNH4AM1T6FEB:00000005 [INF] Executed endpoint '"DVLD_API.Controllers.UsersAPIController.GetAllUsers (DVLD_API)"' (99874f2b)
2025-11-15T16:05:02.2616718+01:00 0HNH4AM1T6FEB:00000005 [INF] Request finished "HTTP/1.1" "GET" "http"://"localhost:5045""""/api/UsersAPi/GetAllUsers""" - 200 null "application/json; charset=utf-8" 4.6491ms (74253ad3)
2025-11-15T16:05:10.6420469+01:00 0HNH4AM1T6FED:00000001 [INF] Request starting "HTTP/1.1" "GET" "http"://"localhost:5045""""/api/LicenseClassAsyncAPI/GetAllLicenseClasses""" - null null (d509f86a)
2025-11-15T16:05:10.6422937+01:00 0HNH4AM1T6FED:00000001 [INF] Executing endpoint '"DVLD_API.Controllers.LicenseClassAsyncAPIController.GetAllLicenseClasses (DVLD_API)"' (500cc934)
2025-11-15T16:05:10.6456399+01:00 0HNH4AM1T6FED:00000001 [INF] Route matched with "{action = \"GetAllLicenseClasses\", controller = \"LicenseClassAsyncAPI\"}". Executing controller action with signature "System.Threading.Tasks.Task`1[Microsoft.AspNetCore.Mvc.IActionResult] GetAllLicenseClasses()" on controller "DVLD_API.Controllers.LicenseClassAsyncAPIController" ("DVLD_API"). (122b2fdf)
2025-11-15T16:05:10.6743155+01:00 0HNH4AM1T6FED:00000001 [INF] Executing "OkObjectResult", writing value of type '"System.Collections.Generic.List`1[[DVLD_SharedModels.clsLicenseClassDTO, DVLD_SharedModels, Version=1.0.0.0, Culture=neutral, PublicKeyToken=null]]"'. (605b4265)
2025-11-15T16:05:10.6824234+01:00 0HNH4AM1T6FED:00000001 [INF] Executed action "DVLD_API.Controllers.LicenseClassAsyncAPIController.GetAllLicenseClasses (DVLD_API)" in 36.7364ms (afa2e885)
2025-11-15T16:05:10.6829971+01:00 0HNH4AM1T6FED:00000001 [INF] Executed endpoint '"DVLD_API.Controllers.LicenseClassAsyncAPIController.GetAllLicenseClasses (DVLD_API)"' (99874f2b)
2025-11-15T16:05:10.6840561+01:00 0HNH4AM1T6FED:00000001 [INF] Request finished "HTTP/1.1" "GET" "http"://"localhost:5045""""/api/LicenseClassAsyncAPI/GetAllLicenseClasses""" - 200 null "application/json; charset=utf-8" 42.0257ms (74253ad3)
2025-11-15T16:05:10.7043870+01:00 0HNH4AM1T6FEE:00000001 [INF] Request starting "HTTP/1.1" "GET" "http"://"localhost:5045""""/api/ApplicationType/GetApplicationTypeByID/1""" - null null (d509f86a)
2025-11-15T16:05:10.7046682+01:00 0HNH4AM1T6FEE:00000001 [INF] Executing endpoint '"DVLD_API.Controllers.ApplicationTypeController.GetApplicationTypeByID (DVLD_API)"' (500cc934)
2025-11-15T16:05:10.7057792+01:00 0HNH4AM1T6FEE:00000001 [INF] Route matched with "{action = \"GetApplicationTypeByID\", controller = \"ApplicationType\"}". Executing controller action with signature "Microsoft.AspNetCore.Mvc.ActionResult`1[DVLD_SharedModels.clsApplicationTypeDTO] GetApplicationTypeByID(Int32)" on controller "DVLD_API.Controllers.ApplicationTypeController" ("DVLD_API"). (122b2fdf)
2025-11-15T16:05:10.7107606+01:00 0HNH4AM1T6FEE:00000001 [INF] Executing "OkObjectResult", writing value of type '"DVLD_SharedModels.clsApplicationTypeDTO"'. (605b4265)
2025-11-15T16:05:10.7125539+01:00 0HNH4AM1T6FEE:00000001 [INF] Executed action "DVLD_API.Controllers.ApplicationTypeController.GetApplicationTypeByID (DVLD_API)" in 6.7426ms (afa2e885)
2025-11-15T16:05:10.7125768+01:00 0HNH4AM1T6FEE:00000001 [INF] Executed endpoint '"DVLD_API.Controllers.ApplicationTypeController.GetApplicationTypeByID (DVLD_API)"' (99874f2b)
2025-11-15T16:05:10.7126215+01:00 0HNH4AM1T6FEE:00000001 [INF] Request finished "HTTP/1.1" "GET" "http"://"localhost:5045""""/api/ApplicationType/GetApplicationTypeByID/1""" - 200 null "application/json; charset=utf-8" 8.3231ms (74253ad3)
2025-11-15T16:05:21.1961947+01:00 0HNH4AM1T6FEE:00000002 [INF] Request starting "HTTP/1.1" "GET" "http"://"localhost:5045""""/api/ApplicationType/GetAllApplicationTypes""" - null null (d509f86a)
2025-11-15T16:05:21.1975114+01:00 0HNH4AM1T6FEE:00000002 [INF] Executing endpoint '"DVLD_API.Controllers.ApplicationTypeController.GetAllApplicationTypes (DVLD_API)"' (500cc934)
2025-11-15T16:05:21.1983208+01:00 0HNH4AM1T6FEE:00000002 [INF] Route matched with "{action = \"GetAllApplicationTypes\", controller = \"ApplicationType\"}". Executing controller action with signature "Microsoft.AspNetCore.Mvc.ActionResult`1[System.Collections.Generic.IEnumerable`1[DVLD_SharedModels.clsApplicationTypeDTO]] GetAllApplicationTypes()" on controller "DVLD_API.Controllers.ApplicationTypeController" ("DVLD_API"). (122b2fdf)
2025-11-15T16:05:21.2015878+01:00 0HNH4AM1T6FEE:00000002 [INF] Executing "OkObjectResult", writing value of type '"System.Collections.Generic.List`1[[DVLD_SharedModels.clsApplicationTypeDTO, DVLD_SharedModels, Version=1.0.0.0, Culture=neutral, PublicKeyToken=null]]"'. (605b4265)
2025-11-15T16:05:21.2020676+01:00 0HNH4AM1T6FEE:00000002 [INF] Executed action "DVLD_API.Controllers.ApplicationTypeController.GetAllApplicationTypes (DVLD_API)" in 3.7176ms (afa2e885)
2025-11-15T16:05:21.2020868+01:00 0HNH4AM1T6FEE:00000002 [INF] Executed endpoint '"DVLD_API.Controllers.ApplicationTypeController.GetAllApplicationTypes (DVLD_API)"' (99874f2b)
2025-11-15T16:05:21.2021282+01:00 0HNH4AM1T6FEE:00000002 [INF] Request finished "HTTP/1.1" "GET" "http"://"localhost:5045""""/api/ApplicationType/GetAllApplicationTypes""" - 200 null "application/json; charset=utf-8" 5.9889ms (74253ad3)
2025-11-15T16:05:29.4081709+01:00 0HNH4AM1T6FEE:00000003 [INF] Request starting "HTTP/1.1" "GET" "http"://"localhost:5045""""/api/ApplicationType/GetAllApplicationTypes""" - null null (d509f86a)
2025-11-15T16:05:29.4083427+01:00 0HNH4AM1T6FEE:00000003 [INF] Executing endpoint '"DVLD_API.Controllers.ApplicationTypeController.GetAllApplicationTypes (DVLD_API)"' (500cc934)
2025-11-15T16:05:29.4084869+01:00 0HNH4AM1T6FEE:00000003 [INF] Route matched with "{action = \"GetAllApplicationTypes\", controller = \"ApplicationType\"}". Executing controller action with signature "Microsoft.AspNetCore.Mvc.ActionResult`1[System.Collections.Generic.IEnumerable`1[DVLD_SharedModels.clsApplicationTypeDTO]] GetAllApplicationTypes()" on controller "DVLD_API.Controllers.ApplicationTypeController" ("DVLD_API"). (122b2fdf)
2025-11-15T16:05:29.4103399+01:00 0HNH4AM1T6FEE:00000003 [INF] Executing "OkObjectResult", writing value of type '"System.Collections.Generic.List`1[[DVLD_SharedModels.clsApplicationTypeDTO, DVLD_SharedModels, Version=1.0.0.0, Culture=neutral, PublicKeyToken=null]]"'. (605b4265)
2025-11-15T16:05:29.4104489+01:00 0HNH4AM1T6FEE:00000003 [INF] Executed action "DVLD_API.Controllers.ApplicationTypeController.GetAllApplicationTypes (DVLD_API)" in 1.9448ms (afa2e885)
2025-11-15T16:05:29.4104740+01:00 0HNH4AM1T6FEE:00000003 [INF] Executed endpoint '"DVLD_API.Controllers.ApplicationTypeController.GetAllApplicationTypes (DVLD_API)"' (99874f2b)
2025-11-15T16:05:29.4105075+01:00 0HNH4AM1T6FEE:00000003 [INF] Request finished "HTTP/1.1" "GET" "http"://"localhost:5045""""/api/ApplicationType/GetAllApplicationTypes""" - 200 null "application/json; charset=utf-8" 2.3796ms (74253ad3)
2025-11-15T16:05:44.0942982+01:00 0HNH4AM1T6FEE:00000004 [INF] Request starting "HTTP/1.1" "GET" "http"://"localhost:5045""""/api/ApplicationType/GetAllApplicationTypes""" - null null (d509f86a)
2025-11-15T16:05:44.0944488+01:00 0HNH4AM1T6FEE:00000004 [INF] Executing endpoint '"DVLD_API.Controllers.ApplicationTypeController.GetAllApplicationTypes (DVLD_API)"' (500cc934)
2025-11-15T16:05:44.0944955+01:00 0HNH4AM1T6FEE:00000004 [INF] Route matched with "{action = \"GetAllApplicationTypes\", controller = \"ApplicationType\"}". Executing controller action with signature "Microsoft.AspNetCore.Mvc.ActionResult`1[System.Collections.Generic.IEnumerable`1[DVLD_SharedModels.clsApplicationTypeDTO]] GetAllApplicationTypes()" on controller "DVLD_API.Controllers.ApplicationTypeController" ("DVLD_API"). (122b2fdf)
2025-11-15T16:05:44.0963168+01:00 0HNH4AM1T6FEE:00000004 [INF] Executing "OkObjectResult", writing value of type '"System.Collections.Generic.List`1[[DVLD_SharedModels.clsApplicationTypeDTO, DVLD_SharedModels, Version=1.0.0.0, Culture=neutral, PublicKeyToken=null]]"'. (605b4265)
2025-11-15T16:05:44.0964254+01:00 0HNH4AM1T6FEE:00000004 [INF] Executed action "DVLD_API.Controllers.ApplicationTypeController.GetAllApplicationTypes (DVLD_API)" in 1.9134ms (afa2e885)
2025-11-15T16:05:44.0964443+01:00 0HNH4AM1T6FEE:00000004 [INF] Executed endpoint '"DVLD_API.Controllers.ApplicationTypeController.GetAllApplicationTypes (DVLD_API)"' (99874f2b)
2025-11-15T16:05:44.0964808+01:00 0HNH4AM1T6FEE:00000004 [INF] Request finished "HTTP/1.1" "GET" "http"://"localhost:5045""""/api/ApplicationType/GetAllApplicationTypes""" - 200 null "application/json; charset=utf-8" 2.2602ms (74253ad3)
2025-11-15T16:05:55.4132952+01:00 0HNH4AM1T6FEE:00000005 [INF] Request starting "HTTP/1.1" "GET" "http"://"localhost:5045""""/api/ApplicationType/GetAllApplicationTypes""" - null null (d509f86a)
2025-11-15T16:05:55.4135093+01:00 0HNH4AM1T6FEE:00000005 [INF] Executing endpoint '"DVLD_API.Controllers.ApplicationTypeController.GetAllApplicationTypes (DVLD_API)"' (500cc934)
2025-11-15T16:05:55.4136058+01:00 0HNH4AM1T6FEE:00000005 [INF] Route matched with "{action = \"GetAllApplicationTypes\", controller = \"ApplicationType\"}". Executing controller action with signature "Microsoft.AspNetCore.Mvc.ActionResult`1[System.Collections.Generic.IEnumerable`1[DVLD_SharedModels.clsApplicationTypeDTO]] GetAllApplicationTypes()" on controller "DVLD_API.Controllers.ApplicationTypeController" ("DVLD_API"). (122b2fdf)
2025-11-15T16:05:55.4148224+01:00 0HNH4AM1T6FEE:00000005 [INF] Executing "OkObjectResult", writing value of type '"System.Collections.Generic.List`1[[DVLD_SharedModels.clsApplicationTypeDTO, DVLD_SharedModels, Version=1.0.0.0, Culture=neutral, PublicKeyToken=null]]"'. (605b4265)
2025-11-15T16:05:55.4149444+01:00 0HNH4AM1T6FEE:00000005 [INF] Executed action "DVLD_API.Controllers.ApplicationTypeController.GetAllApplicationTypes (DVLD_API)" in 1.3216ms (afa2e885)
2025-11-15T16:05:55.4149671+01:00 0HNH4AM1T6FEE:00000005 [INF] Executed endpoint '"DVLD_API.Controllers.ApplicationTypeController.GetAllApplicationTypes (DVLD_API)"' (99874f2b)
2025-11-15T16:05:55.4150207+01:00 0HNH4AM1T6FEE:00000005 [INF] Request finished "HTTP/1.1" "GET" "http"://"localhost:5045""""/api/ApplicationType/GetAllApplicationTypes""" - 200 null "application/json; charset=utf-8" 1.9708ms (74253ad3)
