2025-11-03T11:42:39.1275010+01:00  [INF] Now listening on: "http://localhost:5045" (d826f4b8)
2025-11-03T11:42:39.4114471+01:00  [INF] Application started. Press Ctrl+C to shut down. (dcaefe54)
2025-11-03T11:42:39.4138921+01:00  [INF] Hosting environment: "Development" (bc5a1a4e)
2025-11-03T11:42:39.4160590+01:00  [INF] Content root path: "S:\14    PFE_DVLD\TheProjectDVLDVersion2.0.0\BackEnd-ServerSide\ADO_net\DVLD_API" (cc26f24e)
2025-11-03T11:42:42.6816889+01:00 0HNGQOMQRPN9T:00000001 [INF] Request starting "HTTP/1.1" "GET" "http"://"localhost:5045""""/swagger""" - null null (d509f86a)
2025-11-03T11:42:43.2598344+01:00 0HNGQOMQRPN9T:00000001 [INF] Request finished "HTTP/1.1" "GET" "http"://"localhost:5045""""/swagger""" - 301 0 null 652.4295ms (74253ad3)
2025-11-03T11:42:43.2620070+01:00 0HNGQOMQRPN9T:00000002 [INF] Request starting "HTTP/1.1" "GET" "http"://"localhost:5045""""/swagger/index.html""" - null null (d509f86a)
2025-11-03T11:42:43.4101437+01:00 0HNGQOMQRPN9T:00000002 [INF] Request finished "HTTP/1.1" "GET" "http"://"localhost:5045""""/swagger/index.html""" - 200 null "text/html;charset=utf-8" 148.2906ms (74253ad3)
2025-11-03T11:42:43.4616317+01:00 0HNGQOMQRPN9T:00000003 [INF] Request starting "HTTP/1.1" "GET" "http"://"localhost:5045""""/_framework/aspnetcore-browser-refresh.js""" - null null (d509f86a)
2025-11-03T11:42:43.4645668+01:00 0HNGQOMQRPN9T:00000003 [INF] Request finished "HTTP/1.1" "GET" "http"://"localhost:5045""""/_framework/aspnetcore-browser-refresh.js""" - 200 16501 "application/javascript; charset=utf-8" 3.0248ms (74253ad3)
2025-11-03T11:42:43.4665211+01:00 0HNGQOMQRPN9T:00000004 [INF] Request starting "HTTP/1.1" "GET" "http"://"localhost:5045""""/_vs/browserLink""" - null null (d509f86a)
2025-11-03T11:42:43.6406596+01:00 0HNGQOMQRPN9T:00000004 [INF] Request finished "HTTP/1.1" "GET" "http"://"localhost:5045""""/_vs/browserLink""" - 200 null "text/javascript; charset=UTF-8" 174.0016ms (74253ad3)
2025-11-03T11:42:43.6999827+01:00 0HNGQOMQRPN9T:00000005 [INF] Request starting "HTTP/1.1" "GET" "http"://"localhost:5045""""/swagger/v1/swagger.json""" - null null (d509f86a)
2025-11-03T11:42:43.9953341+01:00 0HNGQOMQRPN9T:00000005 [INF] Request finished "HTTP/1.1" "GET" "http"://"localhost:5045""""/swagger/v1/swagger.json""" - 200 null "application/json;charset=utf-8" 295.474ms (74253ad3)
2025-11-03T11:42:56.7840237+01:00 0HNGQOMQRPN9U:00000001 [INF] Request starting "HTTP/1.1" "GET" "http"://"localhost:5045""""/api/userService/GetUserInfoByUsernameAndPassword/amine/123""" - null null (d509f86a)
2025-11-03T11:42:56.8728210+01:00 0HNGQOMQRPN9U:00000001 [INF] CORS policy execution successful. (5409d6ef)
2025-11-03T11:42:56.9339094+01:00 0HNGQOMQRPN9U:00000001 [WRN] Failed to determine the https port for redirect. (ca76cc21)
2025-11-03T11:42:56.9372384+01:00 0HNGQOMQRPN9U:00000001 [WRN] Failed to determine the https port for redirect. (ca76cc21)
2025-11-03T11:42:56.9395741+01:00 0HNGQOMQRPN9U:00000001 [INF] Executing endpoint '"DVLD_API.Controllers_EF.userServiceController.GetUserInfoByUsernameAndPassword (DVLD_API)"' (500cc934)
2025-11-03T11:42:57.1398037+01:00 0HNGQOMQRPN9U:00000001 [INF] Route matched with "{action = \"GetUserInfoByUsernameAndPassword\", controller = \"userService\"}". Executing controller action with signature "Microsoft.AspNetCore.Mvc.ActionResult`1[DVLD_SharedModels.clsUserDTO] GetUserInfoByUsernameAndPassword(System.String, System.String)" on controller "DVLD_API.Controllers_EF.userServiceController" ("DVLD_API"). (122b2fdf)
2025-11-03T11:43:01.1128164+01:00 0HNGQOMQRPN9U:00000001 [INF] Executing "OkObjectResult", writing value of type '"DVLD_SharedModels.clsUserDTO"'. (605b4265)
2025-11-03T11:43:01.1194318+01:00 0HNGQOMQRPN9U:00000001 [INF] Executed action "DVLD_API.Controllers_EF.userServiceController.GetUserInfoByUsernameAndPassword (DVLD_API)" in 3977.1286ms (afa2e885)
2025-11-03T11:43:01.1195212+01:00 0HNGQOMQRPN9U:00000001 [INF] Executed endpoint '"DVLD_API.Controllers_EF.userServiceController.GetUserInfoByUsernameAndPassword (DVLD_API)"' (99874f2b)
2025-11-03T11:43:01.1196256+01:00 0HNGQOMQRPN9U:00000001 [INF] Request finished "HTTP/1.1" "GET" "http"://"localhost:5045""""/api/userService/GetUserInfoByUsernameAndPassword/amine/123""" - 200 null "application/json; charset=utf-8" 4335.6562ms (74253ad3)
2025-11-03T12:19:04.6022122+01:00  [INF] Now listening on: "http://localhost:5045" (d826f4b8)
2025-11-03T12:19:04.7213779+01:00  [INF] Application started. Press Ctrl+C to shut down. (dcaefe54)
2025-11-03T12:19:04.7231710+01:00  [INF] Hosting environment: "Development" (bc5a1a4e)
2025-11-03T12:19:04.7244395+01:00  [INF] Content root path: "S:\14    PFE_DVLD\TheProjectDVLDVersion2.0.0\BackEnd-ServerSide\ADO_net\DVLD_API" (cc26f24e)
2025-11-03T12:19:36.4383324+01:00 0HNGQPB683O4B:00000001 [INF] Request starting "HTTP/1.1" "GET" "http"://"localhost:5045""""/api/userService/GetUserInfoByUsernameAndPassword/amine/123""" - null null (d509f86a)
2025-11-03T12:19:36.4898601+01:00 0HNGQPB683O4B:00000001 [INF] CORS policy execution successful. (5409d6ef)
2025-11-03T12:19:36.4994261+01:00 0HNGQPB683O4B:00000001 [WRN] Failed to determine the https port for redirect. (ca76cc21)
2025-11-03T12:19:36.5019152+01:00 0HNGQPB683O4B:00000001 [WRN] Failed to determine the https port for redirect. (ca76cc21)
2025-11-03T12:19:36.5036212+01:00 0HNGQPB683O4B:00000001 [INF] Executing endpoint '"DVLD_API.Controllers_EF.userServiceController.GetUserInfoByUsernameAndPassword (DVLD_API)"' (500cc934)
2025-11-03T12:19:36.5233229+01:00 0HNGQPB683O4B:00000001 [INF] Route matched with "{action = \"GetUserInfoByUsernameAndPassword\", controller = \"userService\"}". Executing controller action with signature "Microsoft.AspNetCore.Mvc.ActionResult`1[DVLD_SharedModels.clsUserDTO] GetUserInfoByUsernameAndPassword(System.String, System.String)" on controller "DVLD_API.Controllers_EF.userServiceController" ("DVLD_API"). (122b2fdf)
2025-11-03T12:19:37.7642130+01:00 0HNGQPB683O4B:00000001 [INF] Executing "OkObjectResult", writing value of type '"DVLD_SharedModels.clsUserDTO"'. (605b4265)
2025-11-03T12:19:37.7731300+01:00 0HNGQPB683O4B:00000001 [INF] Executed action "DVLD_API.Controllers_EF.userServiceController.GetUserInfoByUsernameAndPassword (DVLD_API)" in 1247.3336ms (afa2e885)
2025-11-03T12:19:37.7732136+01:00 0HNGQPB683O4B:00000001 [INF] Executed endpoint '"DVLD_API.Controllers_EF.userServiceController.GetUserInfoByUsernameAndPassword (DVLD_API)"' (99874f2b)
2025-11-03T12:19:37.7743291+01:00 0HNGQPB683O4B:00000001 [INF] Request finished "HTTP/1.1" "GET" "http"://"localhost:5045""""/api/userService/GetUserInfoByUsernameAndPassword/amine/123""" - 200 null "application/json; charset=utf-8" 1349.0006ms (74253ad3)
2025-11-03T13:03:47.7135983+01:00 0HNGQPB683O4C:00000001 [INF] Request starting "HTTP/1.1" "GET" "http"://"localhost:5045""""/swagger""" - null null (d509f86a)
2025-11-03T13:03:47.8463995+01:00 0HNGQPB683O4C:00000001 [INF] Request finished "HTTP/1.1" "GET" "http"://"localhost:5045""""/swagger""" - 301 0 null 133.3714ms (74253ad3)
2025-11-03T13:03:47.8784776+01:00 0HNGQPB683O4C:00000002 [INF] Request starting "HTTP/1.1" "GET" "http"://"localhost:5045""""/swagger/index.html""" - null null (d509f86a)
2025-11-03T13:03:47.9461182+01:00 0HNGQPB683O4C:00000002 [INF] Request finished "HTTP/1.1" "GET" "http"://"localhost:5045""""/swagger/index.html""" - 200 null "text/html;charset=utf-8" 67.6534ms (74253ad3)
2025-11-03T13:03:48.0480610+01:00 0HNGQPB683O4C:00000003 [INF] Request starting "HTTP/1.1" "GET" "http"://"localhost:5045""""/_framework/aspnetcore-browser-refresh.js""" - null null (d509f86a)
2025-11-03T13:03:48.0502677+01:00 0HNGQPB683O4C:00000003 [INF] Request finished "HTTP/1.1" "GET" "http"://"localhost:5045""""/_framework/aspnetcore-browser-refresh.js""" - 200 16501 "application/javascript; charset=utf-8" 2.2351ms (74253ad3)
2025-11-03T13:03:48.0685838+01:00 0HNGQPB683O4C:00000004 [INF] Request starting "HTTP/1.1" "GET" "http"://"localhost:5045""""/_vs/browserLink""" - null null (d509f86a)
2025-11-03T13:03:48.1259568+01:00 0HNGQPB683O4C:00000004 [INF] Request finished "HTTP/1.1" "GET" "http"://"localhost:5045""""/_vs/browserLink""" - 200 null "text/javascript; charset=UTF-8" 57.3117ms (74253ad3)
2025-11-03T13:03:48.2176231+01:00 0HNGQPB683O4C:00000005 [INF] Request starting "HTTP/1.1" "GET" "http"://"localhost:5045""""/swagger/favicon-16x16.png""" - null null (d509f86a)
2025-11-03T13:03:48.2509885+01:00 0HNGQPB683O4C:00000005 [INF] Sending file. Request path: '"/favicon-16x16.png"'. Physical path: '"N/A"' (27b0a520)
2025-11-03T13:03:48.2511622+01:00 0HNGQPB683O4C:00000005 [INF] Request finished "HTTP/1.1" "GET" "http"://"localhost:5045""""/swagger/favicon-16x16.png""" - 499 665 "image/png" 33.5777ms (74253ad3)
2025-11-03T13:03:48.2736519+01:00 0HNGQPB683O4D:00000001 [INF] Request starting "HTTP/1.1" "GET" "http"://"localhost:5045""""/swagger/v1/swagger.json""" - null null (d509f86a)
2025-11-03T13:03:48.4317174+01:00 0HNGQPB683O4D:00000001 [INF] Request finished "HTTP/1.1" "GET" "http"://"localhost:5045""""/swagger/v1/swagger.json""" - 200 null "application/json;charset=utf-8" 158.1132ms (74253ad3)
2025-11-03T19:15:46.7264687+01:00  [INF] Now listening on: "http://localhost:5045" (d826f4b8)
2025-11-03T19:15:46.9209183+01:00  [INF] Application started. Press Ctrl+C to shut down. (dcaefe54)
2025-11-03T19:15:46.9237029+01:00  [INF] Hosting environment: "Development" (bc5a1a4e)
2025-11-03T19:15:46.9263996+01:00  [INF] Content root path: "S:\14    PFE_DVLD\TheProjectDVLDVersion2.0.0\BackEnd-ServerSide\ADO_net\DVLD_API" (cc26f24e)
2025-11-03T19:15:49.5834579+01:00 0HNGR0K1AP486:00000001 [INF] Request starting "HTTP/1.1" "GET" "http"://"localhost:5045""""/swagger""" - null null (d509f86a)
2025-11-03T19:15:49.9024191+01:00 0HNGR0K1AP486:00000001 [INF] Request finished "HTTP/1.1" "GET" "http"://"localhost:5045""""/swagger""" - 301 0 null 333.2485ms (74253ad3)
2025-11-03T19:15:49.9410886+01:00 0HNGR0K1AP486:00000002 [INF] Request starting "HTTP/1.1" "GET" "http"://"localhost:5045""""/swagger/index.html""" - null null (d509f86a)
2025-11-03T19:15:50.0009694+01:00 0HNGR0K1AP486:00000002 [INF] Request finished "HTTP/1.1" "GET" "http"://"localhost:5045""""/swagger/index.html""" - 200 null "text/html;charset=utf-8" 60.0129ms (74253ad3)
2025-11-03T19:15:50.0445621+01:00 0HNGR0K1AP486:00000003 [INF] Request starting "HTTP/1.1" "GET" "http"://"localhost:5045""""/_framework/aspnetcore-browser-refresh.js""" - null null (d509f86a)
2025-11-03T19:15:50.0460817+01:00 0HNGR0K1AP486:00000003 [INF] Request finished "HTTP/1.1" "GET" "http"://"localhost:5045""""/_framework/aspnetcore-browser-refresh.js""" - 200 16501 "application/javascript; charset=utf-8" 1.5767ms (74253ad3)
2025-11-03T19:15:50.0502462+01:00 0HNGR0K1AP486:00000004 [INF] Request starting "HTTP/1.1" "GET" "http"://"localhost:5045""""/_vs/browserLink""" - null null (d509f86a)
2025-11-03T19:15:50.1049302+01:00 0HNGR0K1AP486:00000004 [INF] Request finished "HTTP/1.1" "GET" "http"://"localhost:5045""""/_vs/browserLink""" - 200 null "text/javascript; charset=UTF-8" 54.686ms (74253ad3)
2025-11-03T19:15:50.1829226+01:00 0HNGR0K1AP486:00000005 [INF] Request starting "HTTP/1.1" "GET" "http"://"localhost:5045""""/swagger/favicon-16x16.png""" - null null (d509f86a)
2025-11-03T19:15:50.2060083+01:00 0HNGR0K1AP486:00000005 [INF] Sending file. Request path: '"/favicon-16x16.png"'. Physical path: '"N/A"' (27b0a520)
2025-11-03T19:15:50.2062008+01:00 0HNGR0K1AP486:00000005 [INF] Request finished "HTTP/1.1" "GET" "http"://"localhost:5045""""/swagger/favicon-16x16.png""" - 499 665 "image/png" 23.306ms (74253ad3)
2025-11-03T19:15:50.2175318+01:00 0HNGR0K1AP487:00000001 [INF] Request starting "HTTP/1.1" "GET" "http"://"localhost:5045""""/swagger/v1/swagger.json""" - null null (d509f86a)
2025-11-03T19:15:50.3676918+01:00 0HNGR0K1AP487:00000001 [INF] Request finished "HTTP/1.1" "GET" "http"://"localhost:5045""""/swagger/v1/swagger.json""" - 200 null "application/json;charset=utf-8" 150.1879ms (74253ad3)
2025-11-03T19:16:02.0960926+01:00 0HNGR0K1AP488:00000001 [INF] Request starting "HTTP/1.1" "GET" "http"://"localhost:5045""""/api/userService/GetUserInfoByUsernameAndPassword/amine/123""" - null null (d509f86a)
2025-11-03T19:16:02.7151452+01:00 0HNGR0K1AP488:00000001 [INF] CORS policy execution successful. (5409d6ef)
2025-11-03T19:16:02.7417604+01:00 0HNGR0K1AP488:00000001 [WRN] Failed to determine the https port for redirect. (ca76cc21)
2025-11-03T19:16:02.7450024+01:00 0HNGR0K1AP488:00000001 [WRN] Failed to determine the https port for redirect. (ca76cc21)
2025-11-03T19:16:02.7470239+01:00 0HNGR0K1AP488:00000001 [INF] Executing endpoint '"DVLD_API.Controllers_EF.userServiceController.GetUserInfoByUsernameAndPassword (DVLD_API)"' (500cc934)
2025-11-03T19:16:02.7723593+01:00 0HNGR0K1AP488:00000001 [INF] Route matched with "{action = \"GetUserInfoByUsernameAndPassword\", controller = \"userService\"}". Executing controller action with signature "Microsoft.AspNetCore.Mvc.ActionResult`1[DVLD_SharedModels.clsUserDTO] GetUserInfoByUsernameAndPassword(System.String, System.String)" on controller "DVLD_API.Controllers_EF.userServiceController" ("DVLD_API"). (122b2fdf)
2025-11-03T19:16:05.1912626+01:00 0HNGR0K1AP488:00000001 [INF] Executing "OkObjectResult", writing value of type '"DVLD_SharedModels.clsUserDTO"'. (605b4265)
2025-11-03T19:16:05.1972885+01:00 0HNGR0K1AP488:00000001 [INF] Executed action "DVLD_API.Controllers_EF.userServiceController.GetUserInfoByUsernameAndPassword (DVLD_API)" in 2422.3207ms (afa2e885)
2025-11-03T19:16:05.1974144+01:00 0HNGR0K1AP488:00000001 [INF] Executed endpoint '"DVLD_API.Controllers_EF.userServiceController.GetUserInfoByUsernameAndPassword (DVLD_API)"' (99874f2b)
2025-11-03T19:16:05.1975367+01:00 0HNGR0K1AP488:00000001 [INF] Request finished "HTTP/1.1" "GET" "http"://"localhost:5045""""/api/userService/GetUserInfoByUsernameAndPassword/amine/123""" - 200 null "application/json; charset=utf-8" 3101.4773ms (74253ad3)
2025-11-03T19:16:07.0320121+01:00 0HNGR0K1AP488:00000002 [INF] Request starting "HTTP/1.1" "GET" "http"://"localhost:5045""""/api/userService/GetUserInfoByUsernameAndPassword/amine/123""" - null null (d509f86a)
2025-11-03T19:16:07.0341879+01:00 0HNGR0K1AP488:00000002 [INF] CORS policy execution successful. (5409d6ef)
2025-11-03T19:16:07.0342855+01:00 0HNGR0K1AP488:00000002 [INF] Executing endpoint '"DVLD_API.Controllers_EF.userServiceController.GetUserInfoByUsernameAndPassword (DVLD_API)"' (500cc934)
2025-11-03T19:16:07.0344722+01:00 0HNGR0K1AP488:00000002 [INF] Route matched with "{action = \"GetUserInfoByUsernameAndPassword\", controller = \"userService\"}". Executing controller action with signature "Microsoft.AspNetCore.Mvc.ActionResult`1[DVLD_SharedModels.clsUserDTO] GetUserInfoByUsernameAndPassword(System.String, System.String)" on controller "DVLD_API.Controllers_EF.userServiceController" ("DVLD_API"). (122b2fdf)
2025-11-03T19:16:07.0571444+01:00 0HNGR0K1AP488:00000002 [INF] Executing "OkObjectResult", writing value of type '"DVLD_SharedModels.clsUserDTO"'. (605b4265)
2025-11-03T19:16:07.0573783+01:00 0HNGR0K1AP488:00000002 [INF] Executed action "DVLD_API.Controllers_EF.userServiceController.GetUserInfoByUsernameAndPassword (DVLD_API)" in 22.8542ms (afa2e885)
2025-11-03T19:16:07.0574091+01:00 0HNGR0K1AP488:00000002 [INF] Executed endpoint '"DVLD_API.Controllers_EF.userServiceController.GetUserInfoByUsernameAndPassword (DVLD_API)"' (99874f2b)
2025-11-03T19:16:07.0574767+01:00 0HNGR0K1AP488:00000002 [INF] Request finished "HTTP/1.1" "GET" "http"://"localhost:5045""""/api/userService/GetUserInfoByUsernameAndPassword/amine/123""" - 200 null "application/json; charset=utf-8" 25.548ms (74253ad3)
2025-11-03T19:16:07.9973221+01:00 0HNGR0K1AP488:00000003 [INF] Request starting "HTTP/1.1" "GET" "http"://"localhost:5045""""/api/userService/GetUserInfoByUsernameAndPassword/amine/123""" - null null (d509f86a)
2025-11-03T19:16:07.9978231+01:00 0HNGR0K1AP488:00000003 [INF] CORS policy execution successful. (5409d6ef)
2025-11-03T19:16:07.9978723+01:00 0HNGR0K1AP488:00000003 [INF] Executing endpoint '"DVLD_API.Controllers_EF.userServiceController.GetUserInfoByUsernameAndPassword (DVLD_API)"' (500cc934)
2025-11-03T19:16:07.9979430+01:00 0HNGR0K1AP488:00000003 [INF] Route matched with "{action = \"GetUserInfoByUsernameAndPassword\", controller = \"userService\"}". Executing controller action with signature "Microsoft.AspNetCore.Mvc.ActionResult`1[DVLD_SharedModels.clsUserDTO] GetUserInfoByUsernameAndPassword(System.String, System.String)" on controller "DVLD_API.Controllers_EF.userServiceController" ("DVLD_API"). (122b2fdf)
2025-11-03T19:16:08.0364323+01:00 0HNGR0K1AP488:00000003 [INF] Executing "OkObjectResult", writing value of type '"DVLD_SharedModels.clsUserDTO"'. (605b4265)
2025-11-03T19:16:08.0366089+01:00 0HNGR0K1AP488:00000003 [INF] Executed action "DVLD_API.Controllers_EF.userServiceController.GetUserInfoByUsernameAndPassword (DVLD_API)" in 38.6273ms (afa2e885)
2025-11-03T19:16:08.0366353+01:00 0HNGR0K1AP488:00000003 [INF] Executed endpoint '"DVLD_API.Controllers_EF.userServiceController.GetUserInfoByUsernameAndPassword (DVLD_API)"' (99874f2b)
2025-11-03T19:16:08.0367017+01:00 0HNGR0K1AP488:00000003 [INF] Request finished "HTTP/1.1" "GET" "http"://"localhost:5045""""/api/userService/GetUserInfoByUsernameAndPassword/amine/123""" - 200 null "application/json; charset=utf-8" 39.4973ms (74253ad3)
2025-11-03T19:16:08.7585864+01:00 0HNGR0K1AP488:00000004 [INF] Request starting "HTTP/1.1" "GET" "http"://"localhost:5045""""/api/userService/GetUserInfoByUsernameAndPassword/amine/123""" - null null (d509f86a)
2025-11-03T19:16:08.7588093+01:00 0HNGR0K1AP488:00000004 [INF] CORS policy execution successful. (5409d6ef)
2025-11-03T19:16:08.7589942+01:00 0HNGR0K1AP488:00000004 [INF] Executing endpoint '"DVLD_API.Controllers_EF.userServiceController.GetUserInfoByUsernameAndPassword (DVLD_API)"' (500cc934)
2025-11-03T19:16:08.7590860+01:00 0HNGR0K1AP488:00000004 [INF] Route matched with "{action = \"GetUserInfoByUsernameAndPassword\", controller = \"userService\"}". Executing controller action with signature "Microsoft.AspNetCore.Mvc.ActionResult`1[DVLD_SharedModels.clsUserDTO] GetUserInfoByUsernameAndPassword(System.String, System.String)" on controller "DVLD_API.Controllers_EF.userServiceController" ("DVLD_API"). (122b2fdf)
2025-11-03T19:16:08.7605334+01:00 0HNGR0K1AP488:00000004 [INF] Executing "OkObjectResult", writing value of type '"DVLD_SharedModels.clsUserDTO"'. (605b4265)
2025-11-03T19:16:08.7606468+01:00 0HNGR0K1AP488:00000004 [INF] Executed action "DVLD_API.Controllers_EF.userServiceController.GetUserInfoByUsernameAndPassword (DVLD_API)" in 1.5218ms (afa2e885)
2025-11-03T19:16:08.7606785+01:00 0HNGR0K1AP488:00000004 [INF] Executed endpoint '"DVLD_API.Controllers_EF.userServiceController.GetUserInfoByUsernameAndPassword (DVLD_API)"' (99874f2b)
2025-11-03T19:16:08.7607235+01:00 0HNGR0K1AP488:00000004 [INF] Request finished "HTTP/1.1" "GET" "http"://"localhost:5045""""/api/userService/GetUserInfoByUsernameAndPassword/amine/123""" - 200 null "application/json; charset=utf-8" 2.1853ms (74253ad3)
2025-11-03T19:16:09.5592813+01:00 0HNGR0K1AP488:00000005 [INF] Request starting "HTTP/1.1" "GET" "http"://"localhost:5045""""/api/userService/GetUserInfoByUsernameAndPassword/amine/123""" - null null (d509f86a)
2025-11-03T19:16:09.5594776+01:00 0HNGR0K1AP488:00000005 [INF] CORS policy execution successful. (5409d6ef)
2025-11-03T19:16:09.5595189+01:00 0HNGR0K1AP488:00000005 [INF] Executing endpoint '"DVLD_API.Controllers_EF.userServiceController.GetUserInfoByUsernameAndPassword (DVLD_API)"' (500cc934)
2025-11-03T19:16:09.5595725+01:00 0HNGR0K1AP488:00000005 [INF] Route matched with "{action = \"GetUserInfoByUsernameAndPassword\", controller = \"userService\"}". Executing controller action with signature "Microsoft.AspNetCore.Mvc.ActionResult`1[DVLD_SharedModels.clsUserDTO] GetUserInfoByUsernameAndPassword(System.String, System.String)" on controller "DVLD_API.Controllers_EF.userServiceController" ("DVLD_API"). (122b2fdf)
2025-11-03T19:16:09.5609050+01:00 0HNGR0K1AP488:00000005 [INF] Executing "OkObjectResult", writing value of type '"DVLD_SharedModels.clsUserDTO"'. (605b4265)
2025-11-03T19:16:09.5610231+01:00 0HNGR0K1AP488:00000005 [INF] Executed action "DVLD_API.Controllers_EF.userServiceController.GetUserInfoByUsernameAndPassword (DVLD_API)" in 1.4261ms (afa2e885)
2025-11-03T19:16:09.5610419+01:00 0HNGR0K1AP488:00000005 [INF] Executed endpoint '"DVLD_API.Controllers_EF.userServiceController.GetUserInfoByUsernameAndPassword (DVLD_API)"' (99874f2b)
2025-11-03T19:16:09.5610746+01:00 0HNGR0K1AP488:00000005 [INF] Request finished "HTTP/1.1" "GET" "http"://"localhost:5045""""/api/userService/GetUserInfoByUsernameAndPassword/amine/123""" - 200 null "application/json; charset=utf-8" 1.8845ms (74253ad3)
2025-11-03T19:16:21.6265995+01:00 0HNGR0K1AP488:00000006 [INF] Request starting "HTTP/1.1" "GET" "http"://"localhost:5045""""/api/userService/GetUserInfoByUsernameAndPassword/amine/123""" - null null (d509f86a)
2025-11-03T19:16:21.6267624+01:00 0HNGR0K1AP488:00000006 [INF] CORS policy execution successful. (5409d6ef)
2025-11-03T19:16:21.6268055+01:00 0HNGR0K1AP488:00000006 [INF] Executing endpoint '"DVLD_API.Controllers_EF.userServiceController.GetUserInfoByUsernameAndPassword (DVLD_API)"' (500cc934)
2025-11-03T19:16:21.6268637+01:00 0HNGR0K1AP488:00000006 [INF] Route matched with "{action = \"GetUserInfoByUsernameAndPassword\", controller = \"userService\"}". Executing controller action with signature "Microsoft.AspNetCore.Mvc.ActionResult`1[DVLD_SharedModels.clsUserDTO] GetUserInfoByUsernameAndPassword(System.String, System.String)" on controller "DVLD_API.Controllers_EF.userServiceController" ("DVLD_API"). (122b2fdf)
2025-11-03T19:16:21.6282453+01:00 0HNGR0K1AP488:00000006 [INF] Executing "OkObjectResult", writing value of type '"DVLD_SharedModels.clsUserDTO"'. (605b4265)
2025-11-03T19:16:21.6284299+01:00 0HNGR0K1AP488:00000006 [INF] Executed action "DVLD_API.Controllers_EF.userServiceController.GetUserInfoByUsernameAndPassword (DVLD_API)" in 1.5369ms (afa2e885)
2025-11-03T19:16:21.6284714+01:00 0HNGR0K1AP488:00000006 [INF] Executed endpoint '"DVLD_API.Controllers_EF.userServiceController.GetUserInfoByUsernameAndPassword (DVLD_API)"' (99874f2b)
2025-11-03T19:16:21.6285375+01:00 0HNGR0K1AP488:00000006 [INF] Request finished "HTTP/1.1" "GET" "http"://"localhost:5045""""/api/userService/GetUserInfoByUsernameAndPassword/amine/123""" - 200 null "application/json; charset=utf-8" 1.9886ms (74253ad3)
2025-11-03T19:16:22.5230560+01:00 0HNGR0K1AP488:00000007 [INF] Request starting "HTTP/1.1" "GET" "http"://"localhost:5045""""/api/userService/GetUserInfoByUsernameAndPassword/amine/123""" - null null (d509f86a)
2025-11-03T19:16:22.5232070+01:00 0HNGR0K1AP488:00000007 [INF] CORS policy execution successful. (5409d6ef)
2025-11-03T19:16:22.5232518+01:00 0HNGR0K1AP488:00000007 [INF] Executing endpoint '"DVLD_API.Controllers_EF.userServiceController.GetUserInfoByUsernameAndPassword (DVLD_API)"' (500cc934)
2025-11-03T19:16:22.5233057+01:00 0HNGR0K1AP488:00000007 [INF] Route matched with "{action = \"GetUserInfoByUsernameAndPassword\", controller = \"userService\"}". Executing controller action with signature "Microsoft.AspNetCore.Mvc.ActionResult`1[DVLD_SharedModels.clsUserDTO] GetUserInfoByUsernameAndPassword(System.String, System.String)" on controller "DVLD_API.Controllers_EF.userServiceController" ("DVLD_API"). (122b2fdf)
2025-11-03T19:16:22.5249044+01:00 0HNGR0K1AP488:00000007 [INF] Executing "OkObjectResult", writing value of type '"DVLD_SharedModels.clsUserDTO"'. (605b4265)
2025-11-03T19:16:22.5250576+01:00 0HNGR0K1AP488:00000007 [INF] Executed action "DVLD_API.Controllers_EF.userServiceController.GetUserInfoByUsernameAndPassword (DVLD_API)" in 1.7328ms (afa2e885)
2025-11-03T19:16:22.5250813+01:00 0HNGR0K1AP488:00000007 [INF] Executed endpoint '"DVLD_API.Controllers_EF.userServiceController.GetUserInfoByUsernameAndPassword (DVLD_API)"' (99874f2b)
2025-11-03T19:16:22.5252417+01:00 0HNGR0K1AP488:00000007 [INF] Request finished "HTTP/1.1" "GET" "http"://"localhost:5045""""/api/userService/GetUserInfoByUsernameAndPassword/amine/123""" - 200 null "application/json; charset=utf-8" 2.1276ms (74253ad3)
2025-11-03T19:16:25.2205206+01:00 0HNGR0K1AP488:00000008 [INF] Request starting "HTTP/1.1" "GET" "http"://"localhost:5045""""/api/userService/GetUserInfoByUsernameAndPassword/amine/123""" - null null (d509f86a)
2025-11-03T19:16:25.2207092+01:00 0HNGR0K1AP488:00000008 [INF] CORS policy execution successful. (5409d6ef)
2025-11-03T19:16:25.2207495+01:00 0HNGR0K1AP488:00000008 [INF] Executing endpoint '"DVLD_API.Controllers_EF.userServiceController.GetUserInfoByUsernameAndPassword (DVLD_API)"' (500cc934)
2025-11-03T19:16:25.2208335+01:00 0HNGR0K1AP488:00000008 [INF] Route matched with "{action = \"GetUserInfoByUsernameAndPassword\", controller = \"userService\"}". Executing controller action with signature "Microsoft.AspNetCore.Mvc.ActionResult`1[DVLD_SharedModels.clsUserDTO] GetUserInfoByUsernameAndPassword(System.String, System.String)" on controller "DVLD_API.Controllers_EF.userServiceController" ("DVLD_API"). (122b2fdf)
2025-11-03T19:16:25.2223309+01:00 0HNGR0K1AP488:00000008 [INF] Executing "OkObjectResult", writing value of type '"DVLD_SharedModels.clsUserDTO"'. (605b4265)
2025-11-03T19:16:25.2224916+01:00 0HNGR0K1AP488:00000008 [INF] Executed action "DVLD_API.Controllers_EF.userServiceController.GetUserInfoByUsernameAndPassword (DVLD_API)" in 1.6383ms (afa2e885)
2025-11-03T19:16:25.2225183+01:00 0HNGR0K1AP488:00000008 [INF] Executed endpoint '"DVLD_API.Controllers_EF.userServiceController.GetUserInfoByUsernameAndPassword (DVLD_API)"' (99874f2b)
2025-11-03T19:16:25.2225673+01:00 0HNGR0K1AP488:00000008 [INF] Request finished "HTTP/1.1" "GET" "http"://"localhost:5045""""/api/userService/GetUserInfoByUsernameAndPassword/amine/123""" - 200 null "application/json; charset=utf-8" 2.1053ms (74253ad3)
2025-11-03T19:16:31.0987560+01:00 0HNGR0K1AP488:00000009 [INF] Request starting "HTTP/1.1" "GET" "http"://"localhost:5045""""/api/userService/GetUserInfoByUsernameAndPassword/amine/123""" - null null (d509f86a)
2025-11-03T19:16:31.0989191+01:00 0HNGR0K1AP488:00000009 [INF] CORS policy execution successful. (5409d6ef)
2025-11-03T19:16:31.0989677+01:00 0HNGR0K1AP488:00000009 [INF] Executing endpoint '"DVLD_API.Controllers_EF.userServiceController.GetUserInfoByUsernameAndPassword (DVLD_API)"' (500cc934)
2025-11-03T19:16:31.0990221+01:00 0HNGR0K1AP488:00000009 [INF] Route matched with "{action = \"GetUserInfoByUsernameAndPassword\", controller = \"userService\"}". Executing controller action with signature "Microsoft.AspNetCore.Mvc.ActionResult`1[DVLD_SharedModels.clsUserDTO] GetUserInfoByUsernameAndPassword(System.String, System.String)" on controller "DVLD_API.Controllers_EF.userServiceController" ("DVLD_API"). (122b2fdf)
2025-11-03T19:16:31.1006855+01:00 0HNGR0K1AP488:00000009 [INF] Executing "OkObjectResult", writing value of type '"DVLD_SharedModels.clsUserDTO"'. (605b4265)
2025-11-03T19:16:31.1008158+01:00 0HNGR0K1AP488:00000009 [INF] Executed action "DVLD_API.Controllers_EF.userServiceController.GetUserInfoByUsernameAndPassword (DVLD_API)" in 1.7737ms (afa2e885)
2025-11-03T19:16:31.1008356+01:00 0HNGR0K1AP488:00000009 [INF] Executed endpoint '"DVLD_API.Controllers_EF.userServiceController.GetUserInfoByUsernameAndPassword (DVLD_API)"' (99874f2b)
2025-11-03T19:16:31.1008762+01:00 0HNGR0K1AP488:00000009 [INF] Request finished "HTTP/1.1" "GET" "http"://"localhost:5045""""/api/userService/GetUserInfoByUsernameAndPassword/amine/123""" - 200 null "application/json; charset=utf-8" 2.1945ms (74253ad3)
2025-11-03T19:17:20.6540527+01:00 0HNGR0K1AP488:0000000A [INF] Request starting "HTTP/1.1" "GET" "http"://"localhost:5045""""/api/userService/GetUserInfoByUsernameAndPassword/amine/123""" - null null (d509f86a)
2025-11-03T19:17:20.6542319+01:00 0HNGR0K1AP488:0000000A [INF] CORS policy execution successful. (5409d6ef)
2025-11-03T19:17:20.6542884+01:00 0HNGR0K1AP488:0000000A [INF] Executing endpoint '"DVLD_API.Controllers_EF.userServiceController.GetUserInfoByUsernameAndPassword (DVLD_API)"' (500cc934)
2025-11-03T19:17:20.6543562+01:00 0HNGR0K1AP488:0000000A [INF] Route matched with "{action = \"GetUserInfoByUsernameAndPassword\", controller = \"userService\"}". Executing controller action with signature "Microsoft.AspNetCore.Mvc.ActionResult`1[DVLD_SharedModels.clsUserDTO] GetUserInfoByUsernameAndPassword(System.String, System.String)" on controller "DVLD_API.Controllers_EF.userServiceController" ("DVLD_API"). (122b2fdf)
2025-11-03T19:17:57.9131762+01:00 0HNGR0K1AP488:0000000A [INF] Executing "OkObjectResult", writing value of type '"DVLD_SharedModels.clsUserDTO"'. (605b4265)
2025-11-03T19:17:57.9366547+01:00 0HNGR0K1AP488:0000000A [INF] Executed action "DVLD_API.Controllers_EF.userServiceController.GetUserInfoByUsernameAndPassword (DVLD_API)" in 37282.2665ms (afa2e885)
2025-11-03T19:17:57.9366891+01:00 0HNGR0K1AP488:0000000A [INF] Executed endpoint '"DVLD_API.Controllers_EF.userServiceController.GetUserInfoByUsernameAndPassword (DVLD_API)"' (99874f2b)
2025-11-03T19:17:57.9367433+01:00 0HNGR0K1AP488:0000000A [INF] Request finished "HTTP/1.1" "GET" "http"://"localhost:5045""""/api/userService/GetUserInfoByUsernameAndPassword/amine/123""" - 200 null "application/json; charset=utf-8" 37282.7577ms (74253ad3)
2025-11-03T19:24:58.5771059+01:00 0HNGR0K1AP489:00000001 [INF] Request starting "HTTP/1.1" "GET" "http"://"localhost:5045""""/api/userService/GetUserInfoByUsernameAndPassword/amine/123sfg""" - null null (d509f86a)
2025-11-03T19:24:58.5799095+01:00 0HNGR0K1AP489:00000001 [INF] CORS policy execution successful. (5409d6ef)
2025-11-03T19:24:58.5799928+01:00 0HNGR0K1AP489:00000001 [INF] Executing endpoint '"DVLD_API.Controllers_EF.userServiceController.GetUserInfoByUsernameAndPassword (DVLD_API)"' (500cc934)
2025-11-03T19:24:58.5800686+01:00 0HNGR0K1AP489:00000001 [INF] Route matched with "{action = \"GetUserInfoByUsernameAndPassword\", controller = \"userService\"}". Executing controller action with signature "Microsoft.AspNetCore.Mvc.ActionResult`1[DVLD_SharedModels.clsUserDTO] GetUserInfoByUsernameAndPassword(System.String, System.String)" on controller "DVLD_API.Controllers_EF.userServiceController" ("DVLD_API"). (122b2fdf)
2025-11-03T19:25:06.8462777+01:00 0HNGR0K1AP489:00000001 [INF] Executing "NotFoundObjectResult", writing value of type '"System.String"'. (605b4265)
2025-11-03T19:25:06.8465192+01:00 0HNGR0K1AP489:00000001 [INF] Executed action "DVLD_API.Controllers_EF.userServiceController.GetUserInfoByUsernameAndPassword (DVLD_API)" in 8266.4264ms (afa2e885)
2025-11-03T19:25:06.8465406+01:00 0HNGR0K1AP489:00000001 [INF] Executed endpoint '"DVLD_API.Controllers_EF.userServiceController.GetUserInfoByUsernameAndPassword (DVLD_API)"' (99874f2b)
2025-11-03T19:25:06.8465875+01:00 0HNGR0K1AP489:00000001 [INF] Request finished "HTTP/1.1" "GET" "http"://"localhost:5045""""/api/userService/GetUserInfoByUsernameAndPassword/amine/123sfg""" - 404 null "text/plain; charset=utf-8" 8271.4861ms (74253ad3)
2025-11-03T19:26:38.8791191+01:00 0HNGR0K1AP489:00000002 [INF] Request starting "HTTP/1.1" "GET" "http"://"localhost:5045""""/api/userService/GetUserInfoByUsernameAndPassword/gfh/sfg""" - null null (d509f86a)
2025-11-03T19:26:38.8794196+01:00 0HNGR0K1AP489:00000002 [INF] CORS policy execution successful. (5409d6ef)
2025-11-03T19:26:38.8801025+01:00 0HNGR0K1AP489:00000002 [INF] Executing endpoint '"DVLD_API.Controllers_EF.userServiceController.GetUserInfoByUsernameAndPassword (DVLD_API)"' (500cc934)
2025-11-03T19:26:38.8801860+01:00 0HNGR0K1AP489:00000002 [INF] Route matched with "{action = \"GetUserInfoByUsernameAndPassword\", controller = \"userService\"}". Executing controller action with signature "Microsoft.AspNetCore.Mvc.ActionResult`1[DVLD_SharedModels.clsUserDTO] GetUserInfoByUsernameAndPassword(System.String, System.String)" on controller "DVLD_API.Controllers_EF.userServiceController" ("DVLD_API"). (122b2fdf)
2025-11-03T19:26:38.8851711+01:00 0HNGR0K1AP489:00000002 [INF] Executing "NotFoundObjectResult", writing value of type '"System.String"'. (605b4265)
2025-11-03T19:26:38.8852804+01:00 0HNGR0K1AP489:00000002 [INF] Executed action "DVLD_API.Controllers_EF.userServiceController.GetUserInfoByUsernameAndPassword (DVLD_API)" in 5.0699ms (afa2e885)
2025-11-03T19:26:38.8853012+01:00 0HNGR0K1AP489:00000002 [INF] Executed endpoint '"DVLD_API.Controllers_EF.userServiceController.GetUserInfoByUsernameAndPassword (DVLD_API)"' (99874f2b)
2025-11-03T19:26:38.8853419+01:00 0HNGR0K1AP489:00000002 [INF] Request finished "HTTP/1.1" "GET" "http"://"localhost:5045""""/api/userService/GetUserInfoByUsernameAndPassword/gfh/sfg""" - 404 null "text/plain; charset=utf-8" 6.3076ms (74253ad3)
2025-11-03T19:40:48.3308102+01:00 0HNGR0K1AP48A:00000001 [INF] Request starting "HTTP/1.1" "GET" "http"://"localhost:5045""""/api/userService/GetUserInfoByUsernameAndPassword/amine/123""" - null null (d509f86a)
2025-11-03T19:40:48.3325245+01:00 0HNGR0K1AP48A:00000001 [INF] CORS policy execution successful. (5409d6ef)
2025-11-03T19:40:48.3327412+01:00 0HNGR0K1AP48A:00000001 [INF] Executing endpoint '"DVLD_API.Controllers_EF.userServiceController.GetUserInfoByUsernameAndPassword (DVLD_API)"' (500cc934)
2025-11-03T19:40:48.3328668+01:00 0HNGR0K1AP48A:00000001 [INF] Route matched with "{action = \"GetUserInfoByUsernameAndPassword\", controller = \"userService\"}". Executing controller action with signature "Microsoft.AspNetCore.Mvc.ActionResult`1[DVLD_SharedModels.clsUserDTO] GetUserInfoByUsernameAndPassword(System.String, System.String)" on controller "DVLD_API.Controllers_EF.userServiceController" ("DVLD_API"). (122b2fdf)
2025-11-03T19:40:48.3369348+01:00 0HNGR0K1AP48A:00000001 [INF] Executing "OkObjectResult", writing value of type '"DVLD_SharedModels.clsUserDTO"'. (605b4265)
2025-11-03T19:40:48.3371084+01:00 0HNGR0K1AP48A:00000001 [INF] Executed action "DVLD_API.Controllers_EF.userServiceController.GetUserInfoByUsernameAndPassword (DVLD_API)" in 4.2004ms (afa2e885)
2025-11-03T19:40:48.3371296+01:00 0HNGR0K1AP48A:00000001 [INF] Executed endpoint '"DVLD_API.Controllers_EF.userServiceController.GetUserInfoByUsernameAndPassword (DVLD_API)"' (99874f2b)
2025-11-03T19:40:48.3372067+01:00 0HNGR0K1AP48A:00000001 [INF] Request finished "HTTP/1.1" "GET" "http"://"localhost:5045""""/api/userService/GetUserInfoByUsernameAndPassword/amine/123""" - 200 null "application/json; charset=utf-8" 7.9024ms (74253ad3)
2025-11-03T19:40:50.0608740+01:00 0HNGR0K1AP48A:00000002 [INF] Request starting "HTTP/1.1" "GET" "http"://"localhost:5045""""/api/userService/GetUserInfoByUsernameAndPassword/amine/123""" - null null (d509f86a)
2025-11-03T19:40:50.0610135+01:00 0HNGR0K1AP48A:00000002 [INF] CORS policy execution successful. (5409d6ef)
2025-11-03T19:40:50.0610542+01:00 0HNGR0K1AP48A:00000002 [INF] Executing endpoint '"DVLD_API.Controllers_EF.userServiceController.GetUserInfoByUsernameAndPassword (DVLD_API)"' (500cc934)
2025-11-03T19:40:50.0611121+01:00 0HNGR0K1AP48A:00000002 [INF] Route matched with "{action = \"GetUserInfoByUsernameAndPassword\", controller = \"userService\"}". Executing controller action with signature "Microsoft.AspNetCore.Mvc.ActionResult`1[DVLD_SharedModels.clsUserDTO] GetUserInfoByUsernameAndPassword(System.String, System.String)" on controller "DVLD_API.Controllers_EF.userServiceController" ("DVLD_API"). (122b2fdf)
2025-11-03T19:40:50.0622627+01:00 0HNGR0K1AP48A:00000002 [INF] Executing "OkObjectResult", writing value of type '"DVLD_SharedModels.clsUserDTO"'. (605b4265)
2025-11-03T19:40:50.0623609+01:00 0HNGR0K1AP48A:00000002 [INF] Executed action "DVLD_API.Controllers_EF.userServiceController.GetUserInfoByUsernameAndPassword (DVLD_API)" in 1.2319ms (afa2e885)
2025-11-03T19:40:50.0623724+01:00 0HNGR0K1AP48A:00000002 [INF] Executed endpoint '"DVLD_API.Controllers_EF.userServiceController.GetUserInfoByUsernameAndPassword (DVLD_API)"' (99874f2b)
2025-11-03T19:40:50.0624014+01:00 0HNGR0K1AP48A:00000002 [INF] Request finished "HTTP/1.1" "GET" "http"://"localhost:5045""""/api/userService/GetUserInfoByUsernameAndPassword/amine/123""" - 200 null "application/json; charset=utf-8" 1.6164ms (74253ad3)
2025-11-03T19:40:50.7978613+01:00 0HNGR0K1AP48A:00000003 [INF] Request starting "HTTP/1.1" "GET" "http"://"localhost:5045""""/api/userService/GetUserInfoByUsernameAndPassword/amine/123""" - null null (d509f86a)
2025-11-03T19:40:50.7980376+01:00 0HNGR0K1AP48A:00000003 [INF] CORS policy execution successful. (5409d6ef)
2025-11-03T19:40:50.7980899+01:00 0HNGR0K1AP48A:00000003 [INF] Executing endpoint '"DVLD_API.Controllers_EF.userServiceController.GetUserInfoByUsernameAndPassword (DVLD_API)"' (500cc934)
2025-11-03T19:40:50.7981495+01:00 0HNGR0K1AP48A:00000003 [INF] Route matched with "{action = \"GetUserInfoByUsernameAndPassword\", controller = \"userService\"}". Executing controller action with signature "Microsoft.AspNetCore.Mvc.ActionResult`1[DVLD_SharedModels.clsUserDTO] GetUserInfoByUsernameAndPassword(System.String, System.String)" on controller "DVLD_API.Controllers_EF.userServiceController" ("DVLD_API"). (122b2fdf)
2025-11-03T19:40:50.7995880+01:00 0HNGR0K1AP48A:00000003 [INF] Executing "OkObjectResult", writing value of type '"DVLD_SharedModels.clsUserDTO"'. (605b4265)
2025-11-03T19:40:50.7997136+01:00 0HNGR0K1AP48A:00000003 [INF] Executed action "DVLD_API.Controllers_EF.userServiceController.GetUserInfoByUsernameAndPassword (DVLD_API)" in 1.5492ms (afa2e885)
2025-11-03T19:40:50.7997346+01:00 0HNGR0K1AP48A:00000003 [INF] Executed endpoint '"DVLD_API.Controllers_EF.userServiceController.GetUserInfoByUsernameAndPassword (DVLD_API)"' (99874f2b)
2025-11-03T19:40:50.7997759+01:00 0HNGR0K1AP48A:00000003 [INF] Request finished "HTTP/1.1" "GET" "http"://"localhost:5045""""/api/userService/GetUserInfoByUsernameAndPassword/amine/123""" - 200 null "application/json; charset=utf-8" 1.98ms (74253ad3)
2025-11-03T19:40:51.3087724+01:00 0HNGR0K1AP48A:00000004 [INF] Request starting "HTTP/1.1" "GET" "http"://"localhost:5045""""/api/userService/GetUserInfoByUsernameAndPassword/amine/123""" - null null (d509f86a)
2025-11-03T19:40:51.3090337+01:00 0HNGR0K1AP48A:00000004 [INF] CORS policy execution successful. (5409d6ef)
2025-11-03T19:40:51.3091605+01:00 0HNGR0K1AP48A:00000004 [INF] Executing endpoint '"DVLD_API.Controllers_EF.userServiceController.GetUserInfoByUsernameAndPassword (DVLD_API)"' (500cc934)
2025-11-03T19:40:51.3092280+01:00 0HNGR0K1AP48A:00000004 [INF] Route matched with "{action = \"GetUserInfoByUsernameAndPassword\", controller = \"userService\"}". Executing controller action with signature "Microsoft.AspNetCore.Mvc.ActionResult`1[DVLD_SharedModels.clsUserDTO] GetUserInfoByUsernameAndPassword(System.String, System.String)" on controller "DVLD_API.Controllers_EF.userServiceController" ("DVLD_API"). (122b2fdf)
2025-11-03T19:40:51.3112694+01:00 0HNGR0K1AP48A:00000004 [INF] Executing "OkObjectResult", writing value of type '"DVLD_SharedModels.clsUserDTO"'. (605b4265)
2025-11-03T19:40:51.3114252+01:00 0HNGR0K1AP48A:00000004 [INF] Executed action "DVLD_API.Controllers_EF.userServiceController.GetUserInfoByUsernameAndPassword (DVLD_API)" in 2.1745ms (afa2e885)
2025-11-03T19:40:51.3114444+01:00 0HNGR0K1AP48A:00000004 [INF] Executed endpoint '"DVLD_API.Controllers_EF.userServiceController.GetUserInfoByUsernameAndPassword (DVLD_API)"' (99874f2b)
2025-11-03T19:40:51.3114859+01:00 0HNGR0K1AP48A:00000004 [INF] Request finished "HTTP/1.1" "GET" "http"://"localhost:5045""""/api/userService/GetUserInfoByUsernameAndPassword/amine/123""" - 200 null "application/json; charset=utf-8" 2.7786ms (74253ad3)
2025-11-03T19:40:51.7753545+01:00 0HNGR0K1AP48A:00000005 [INF] Request starting "HTTP/1.1" "GET" "http"://"localhost:5045""""/api/userService/GetUserInfoByUsernameAndPassword/amine/123""" - null null (d509f86a)
2025-11-03T19:40:51.7754969+01:00 0HNGR0K1AP48A:00000005 [INF] CORS policy execution successful. (5409d6ef)
2025-11-03T19:40:51.7756295+01:00 0HNGR0K1AP48A:00000005 [INF] Executing endpoint '"DVLD_API.Controllers_EF.userServiceController.GetUserInfoByUsernameAndPassword (DVLD_API)"' (500cc934)
2025-11-03T19:40:51.7756915+01:00 0HNGR0K1AP48A:00000005 [INF] Route matched with "{action = \"GetUserInfoByUsernameAndPassword\", controller = \"userService\"}". Executing controller action with signature "Microsoft.AspNetCore.Mvc.ActionResult`1[DVLD_SharedModels.clsUserDTO] GetUserInfoByUsernameAndPassword(System.String, System.String)" on controller "DVLD_API.Controllers_EF.userServiceController" ("DVLD_API"). (122b2fdf)
2025-11-03T19:40:51.7770555+01:00 0HNGR0K1AP48A:00000005 [INF] Executing "OkObjectResult", writing value of type '"DVLD_SharedModels.clsUserDTO"'. (605b4265)
2025-11-03T19:40:51.7771746+01:00 0HNGR0K1AP48A:00000005 [INF] Executed action "DVLD_API.Controllers_EF.userServiceController.GetUserInfoByUsernameAndPassword (DVLD_API)" in 1.4652ms (afa2e885)
2025-11-03T19:40:51.7771873+01:00 0HNGR0K1AP48A:00000005 [INF] Executed endpoint '"DVLD_API.Controllers_EF.userServiceController.GetUserInfoByUsernameAndPassword (DVLD_API)"' (99874f2b)
2025-11-03T19:40:51.7772246+01:00 0HNGR0K1AP48A:00000005 [INF] Request finished "HTTP/1.1" "GET" "http"://"localhost:5045""""/api/userService/GetUserInfoByUsernameAndPassword/amine/123""" - 200 null "application/json; charset=utf-8" 1.9245ms (74253ad3)
2025-11-03T19:40:52.2002453+01:00 0HNGR0K1AP48A:00000006 [INF] Request starting "HTTP/1.1" "GET" "http"://"localhost:5045""""/api/userService/GetUserInfoByUsernameAndPassword/amine/123""" - null null (d509f86a)
2025-11-03T19:40:52.2003855+01:00 0HNGR0K1AP48A:00000006 [INF] CORS policy execution successful. (5409d6ef)
2025-11-03T19:40:52.2004241+01:00 0HNGR0K1AP48A:00000006 [INF] Executing endpoint '"DVLD_API.Controllers_EF.userServiceController.GetUserInfoByUsernameAndPassword (DVLD_API)"' (500cc934)
2025-11-03T19:40:52.2004773+01:00 0HNGR0K1AP48A:00000006 [INF] Route matched with "{action = \"GetUserInfoByUsernameAndPassword\", controller = \"userService\"}". Executing controller action with signature "Microsoft.AspNetCore.Mvc.ActionResult`1[DVLD_SharedModels.clsUserDTO] GetUserInfoByUsernameAndPassword(System.String, System.String)" on controller "DVLD_API.Controllers_EF.userServiceController" ("DVLD_API"). (122b2fdf)
2025-11-03T19:40:52.2017792+01:00 0HNGR0K1AP48A:00000006 [INF] Executing "OkObjectResult", writing value of type '"DVLD_SharedModels.clsUserDTO"'. (605b4265)
2025-11-03T19:40:52.2019172+01:00 0HNGR0K1AP48A:00000006 [INF] Executed action "DVLD_API.Controllers_EF.userServiceController.GetUserInfoByUsernameAndPassword (DVLD_API)" in 1.4198ms (afa2e885)
2025-11-03T19:40:52.2019439+01:00 0HNGR0K1AP48A:00000006 [INF] Executed endpoint '"DVLD_API.Controllers_EF.userServiceController.GetUserInfoByUsernameAndPassword (DVLD_API)"' (99874f2b)
2025-11-03T19:40:52.2019889+01:00 0HNGR0K1AP48A:00000006 [INF] Request finished "HTTP/1.1" "GET" "http"://"localhost:5045""""/api/userService/GetUserInfoByUsernameAndPassword/amine/123""" - 200 null "application/json; charset=utf-8" 1.787ms (74253ad3)
2025-11-03T19:40:52.4366352+01:00 0HNGR0K1AP48A:00000007 [INF] Request starting "HTTP/1.1" "GET" "http"://"localhost:5045""""/api/userService/GetUserInfoByUsernameAndPassword/amine/123""" - null null (d509f86a)
2025-11-03T19:40:52.4367652+01:00 0HNGR0K1AP48A:00000007 [INF] CORS policy execution successful. (5409d6ef)
2025-11-03T19:40:52.4368000+01:00 0HNGR0K1AP48A:00000007 [INF] Executing endpoint '"DVLD_API.Controllers_EF.userServiceController.GetUserInfoByUsernameAndPassword (DVLD_API)"' (500cc934)
2025-11-03T19:40:52.4368528+01:00 0HNGR0K1AP48A:00000007 [INF] Route matched with "{action = \"GetUserInfoByUsernameAndPassword\", controller = \"userService\"}". Executing controller action with signature "Microsoft.AspNetCore.Mvc.ActionResult`1[DVLD_SharedModels.clsUserDTO] GetUserInfoByUsernameAndPassword(System.String, System.String)" on controller "DVLD_API.Controllers_EF.userServiceController" ("DVLD_API"). (122b2fdf)
2025-11-03T19:40:52.4380172+01:00 0HNGR0K1AP48A:00000007 [INF] Executing "OkObjectResult", writing value of type '"DVLD_SharedModels.clsUserDTO"'. (605b4265)
2025-11-03T19:40:52.4381370+01:00 0HNGR0K1AP48A:00000007 [INF] Executed action "DVLD_API.Controllers_EF.userServiceController.GetUserInfoByUsernameAndPassword (DVLD_API)" in 1.2674ms (afa2e885)
2025-11-03T19:40:52.4381550+01:00 0HNGR0K1AP48A:00000007 [INF] Executed endpoint '"DVLD_API.Controllers_EF.userServiceController.GetUserInfoByUsernameAndPassword (DVLD_API)"' (99874f2b)
2025-11-03T19:40:52.4381957+01:00 0HNGR0K1AP48A:00000007 [INF] Request finished "HTTP/1.1" "GET" "http"://"localhost:5045""""/api/userService/GetUserInfoByUsernameAndPassword/amine/123""" - 200 null "application/json; charset=utf-8" 1.6078ms (74253ad3)
2025-11-03T19:41:23.3013480+01:00 0HNGR0K1AP48A:00000008 [INF] Request starting "HTTP/1.1" "GET" "http"://"localhost:5045""""/api/userService/GetUserInfoByUsernameAndPassword/amine/123""" - null null (d509f86a)
2025-11-03T19:41:23.3015689+01:00 0HNGR0K1AP48A:00000008 [INF] CORS policy execution successful. (5409d6ef)
2025-11-03T19:41:23.3016237+01:00 0HNGR0K1AP48A:00000008 [INF] Executing endpoint '"DVLD_API.Controllers_EF.userServiceController.GetUserInfoByUsernameAndPassword (DVLD_API)"' (500cc934)
2025-11-03T19:41:23.3022018+01:00 0HNGR0K1AP48A:00000008 [INF] Route matched with "{action = \"GetUserInfoByUsernameAndPassword\", controller = \"userService\"}". Executing controller action with signature "Microsoft.AspNetCore.Mvc.ActionResult`1[DVLD_SharedModels.clsUserDTO] GetUserInfoByUsernameAndPassword(System.String, System.String)" on controller "DVLD_API.Controllers_EF.userServiceController" ("DVLD_API"). (122b2fdf)
2025-11-03T19:41:23.3065510+01:00 0HNGR0K1AP48A:00000008 [INF] Executing "OkObjectResult", writing value of type '"DVLD_SharedModels.clsUserDTO"'. (605b4265)
2025-11-03T19:41:23.3066593+01:00 0HNGR0K1AP48A:00000008 [INF] Executed action "DVLD_API.Controllers_EF.userServiceController.GetUserInfoByUsernameAndPassword (DVLD_API)" in 4.4347ms (afa2e885)
2025-11-03T19:41:23.3066752+01:00 0HNGR0K1AP48A:00000008 [INF] Executed endpoint '"DVLD_API.Controllers_EF.userServiceController.GetUserInfoByUsernameAndPassword (DVLD_API)"' (99874f2b)
2025-11-03T19:41:23.3067235+01:00 0HNGR0K1AP48A:00000008 [INF] Request finished "HTTP/1.1" "GET" "http"://"localhost:5045""""/api/userService/GetUserInfoByUsernameAndPassword/amine/123""" - 200 null "application/json; charset=utf-8" 5.4394ms (74253ad3)
2025-11-03T20:12:23.6376495+01:00 0HNGR0K1AP48B:00000001 [INF] Request starting "HTTP/1.1" "GET" "http"://"localhost:5045""""/api/userService/GetUserInfoByUsernameAndPassword/amine/123""" - null null (d509f86a)
2025-11-03T20:12:23.6379097+01:00 0HNGR0K1AP48B:00000001 [INF] CORS policy execution successful. (5409d6ef)
2025-11-03T20:12:23.6379593+01:00 0HNGR0K1AP48B:00000001 [INF] Executing endpoint '"DVLD_API.Controllers_EF.userServiceController.GetUserInfoByUsernameAndPassword (DVLD_API)"' (500cc934)
2025-11-03T20:12:23.6380582+01:00 0HNGR0K1AP48B:00000001 [INF] Route matched with "{action = \"GetUserInfoByUsernameAndPassword\", controller = \"userService\"}". Executing controller action with signature "Microsoft.AspNetCore.Mvc.ActionResult`1[DVLD_SharedModels.clsUserDTO] GetUserInfoByUsernameAndPassword(System.String, System.String)" on controller "DVLD_API.Controllers_EF.userServiceController" ("DVLD_API"). (122b2fdf)
2025-11-03T20:12:23.6458842+01:00 0HNGR0K1AP48B:00000001 [INF] Executing "OkObjectResult", writing value of type '"DVLD_SharedModels.clsUserDTO"'. (605b4265)
2025-11-03T20:12:23.6460304+01:00 0HNGR0K1AP48B:00000001 [INF] Executed action "DVLD_API.Controllers_EF.userServiceController.GetUserInfoByUsernameAndPassword (DVLD_API)" in 7.9517ms (afa2e885)
2025-11-03T20:12:23.6460492+01:00 0HNGR0K1AP48B:00000001 [INF] Executed endpoint '"DVLD_API.Controllers_EF.userServiceController.GetUserInfoByUsernameAndPassword (DVLD_API)"' (99874f2b)
2025-11-03T20:12:23.6460858+01:00 0HNGR0K1AP48B:00000001 [INF] Request finished "HTTP/1.1" "GET" "http"://"localhost:5045""""/api/userService/GetUserInfoByUsernameAndPassword/amine/123""" - 200 null "application/json; charset=utf-8" 9.584ms (74253ad3)
2025-11-03T20:12:26.1995596+01:00 0HNGR0K1AP48B:00000002 [INF] Request starting "HTTP/1.1" "GET" "http"://"localhost:5045""""/api/userService/GetUserInfoByUsernameAndPassword/amine/123""" - null null (d509f86a)
2025-11-03T20:12:26.1997871+01:00 0HNGR0K1AP48B:00000002 [INF] CORS policy execution successful. (5409d6ef)
2025-11-03T20:12:26.1998340+01:00 0HNGR0K1AP48B:00000002 [INF] Executing endpoint '"DVLD_API.Controllers_EF.userServiceController.GetUserInfoByUsernameAndPassword (DVLD_API)"' (500cc934)
2025-11-03T20:12:26.1998970+01:00 0HNGR0K1AP48B:00000002 [INF] Route matched with "{action = \"GetUserInfoByUsernameAndPassword\", controller = \"userService\"}". Executing controller action with signature "Microsoft.AspNetCore.Mvc.ActionResult`1[DVLD_SharedModels.clsUserDTO] GetUserInfoByUsernameAndPassword(System.String, System.String)" on controller "DVLD_API.Controllers_EF.userServiceController" ("DVLD_API"). (122b2fdf)
2025-11-03T20:12:26.2013412+01:00 0HNGR0K1AP48B:00000002 [INF] Executing "OkObjectResult", writing value of type '"DVLD_SharedModels.clsUserDTO"'. (605b4265)
2025-11-03T20:12:26.2014957+01:00 0HNGR0K1AP48B:00000002 [INF] Executed action "DVLD_API.Controllers_EF.userServiceController.GetUserInfoByUsernameAndPassword (DVLD_API)" in 1.5753ms (afa2e885)
2025-11-03T20:12:26.2015078+01:00 0HNGR0K1AP48B:00000002 [INF] Executed endpoint '"DVLD_API.Controllers_EF.userServiceController.GetUserInfoByUsernameAndPassword (DVLD_API)"' (99874f2b)
2025-11-03T20:12:26.2015347+01:00 0HNGR0K1AP48B:00000002 [INF] Request finished "HTTP/1.1" "GET" "http"://"localhost:5045""""/api/userService/GetUserInfoByUsernameAndPassword/amine/123""" - 200 null "application/json; charset=utf-8" 2.0343ms (74253ad3)
2025-11-03T20:12:26.8175393+01:00 0HNGR0K1AP48B:00000003 [INF] Request starting "HTTP/1.1" "GET" "http"://"localhost:5045""""/api/userService/GetUserInfoByUsernameAndPassword/amine/123""" - null null (d509f86a)
2025-11-03T20:12:26.8176732+01:00 0HNGR0K1AP48B:00000003 [INF] CORS policy execution successful. (5409d6ef)
2025-11-03T20:12:26.8177114+01:00 0HNGR0K1AP48B:00000003 [INF] Executing endpoint '"DVLD_API.Controllers_EF.userServiceController.GetUserInfoByUsernameAndPassword (DVLD_API)"' (500cc934)
2025-11-03T20:12:26.8177573+01:00 0HNGR0K1AP48B:00000003 [INF] Route matched with "{action = \"GetUserInfoByUsernameAndPassword\", controller = \"userService\"}". Executing controller action with signature "Microsoft.AspNetCore.Mvc.ActionResult`1[DVLD_SharedModels.clsUserDTO] GetUserInfoByUsernameAndPassword(System.String, System.String)" on controller "DVLD_API.Controllers_EF.userServiceController" ("DVLD_API"). (122b2fdf)
2025-11-03T20:12:26.8191395+01:00 0HNGR0K1AP48B:00000003 [INF] Executing "OkObjectResult", writing value of type '"DVLD_SharedModels.clsUserDTO"'. (605b4265)
2025-11-03T20:12:26.8192501+01:00 0HNGR0K1AP48B:00000003 [INF] Executed action "DVLD_API.Controllers_EF.userServiceController.GetUserInfoByUsernameAndPassword (DVLD_API)" in 1.4764ms (afa2e885)
2025-11-03T20:12:26.8192731+01:00 0HNGR0K1AP48B:00000003 [INF] Executed endpoint '"DVLD_API.Controllers_EF.userServiceController.GetUserInfoByUsernameAndPassword (DVLD_API)"' (99874f2b)
2025-11-03T20:12:26.8193426+01:00 0HNGR0K1AP48B:00000003 [INF] Request finished "HTTP/1.1" "GET" "http"://"localhost:5045""""/api/userService/GetUserInfoByUsernameAndPassword/amine/123""" - 200 null "application/json; charset=utf-8" 1.831ms (74253ad3)
2025-11-03T20:12:27.3165733+01:00 0HNGR0K1AP48B:00000004 [INF] Request starting "HTTP/1.1" "GET" "http"://"localhost:5045""""/api/userService/GetUserInfoByUsernameAndPassword/amine/123""" - null null (d509f86a)
2025-11-03T20:12:27.3167157+01:00 0HNGR0K1AP48B:00000004 [INF] CORS policy execution successful. (5409d6ef)
2025-11-03T20:12:27.3168065+01:00 0HNGR0K1AP48B:00000004 [INF] Executing endpoint '"DVLD_API.Controllers_EF.userServiceController.GetUserInfoByUsernameAndPassword (DVLD_API)"' (500cc934)
2025-11-03T20:12:27.3168716+01:00 0HNGR0K1AP48B:00000004 [INF] Route matched with "{action = \"GetUserInfoByUsernameAndPassword\", controller = \"userService\"}". Executing controller action with signature "Microsoft.AspNetCore.Mvc.ActionResult`1[DVLD_SharedModels.clsUserDTO] GetUserInfoByUsernameAndPassword(System.String, System.String)" on controller "DVLD_API.Controllers_EF.userServiceController" ("DVLD_API"). (122b2fdf)
2025-11-03T20:12:27.3181764+01:00 0HNGR0K1AP48B:00000004 [INF] Executing "OkObjectResult", writing value of type '"DVLD_SharedModels.clsUserDTO"'. (605b4265)
2025-11-03T20:12:27.3183085+01:00 0HNGR0K1AP48B:00000004 [INF] Executed action "DVLD_API.Controllers_EF.userServiceController.GetUserInfoByUsernameAndPassword (DVLD_API)" in 1.416ms (afa2e885)
2025-11-03T20:12:27.3183283+01:00 0HNGR0K1AP48B:00000004 [INF] Executed endpoint '"DVLD_API.Controllers_EF.userServiceController.GetUserInfoByUsernameAndPassword (DVLD_API)"' (99874f2b)
2025-11-03T20:12:27.3183778+01:00 0HNGR0K1AP48B:00000004 [INF] Request finished "HTTP/1.1" "GET" "http"://"localhost:5045""""/api/userService/GetUserInfoByUsernameAndPassword/amine/123""" - 200 null "application/json; charset=utf-8" 1.8556ms (74253ad3)
2025-11-03T20:12:27.7257365+01:00 0HNGR0K1AP48B:00000005 [INF] Request starting "HTTP/1.1" "GET" "http"://"localhost:5045""""/api/userService/GetUserInfoByUsernameAndPassword/amine/123""" - null null (d509f86a)
2025-11-03T20:12:27.7258879+01:00 0HNGR0K1AP48B:00000005 [INF] CORS policy execution successful. (5409d6ef)
2025-11-03T20:12:27.7259274+01:00 0HNGR0K1AP48B:00000005 [INF] Executing endpoint '"DVLD_API.Controllers_EF.userServiceController.GetUserInfoByUsernameAndPassword (DVLD_API)"' (500cc934)
2025-11-03T20:12:27.7259995+01:00 0HNGR0K1AP48B:00000005 [INF] Route matched with "{action = \"GetUserInfoByUsernameAndPassword\", controller = \"userService\"}". Executing controller action with signature "Microsoft.AspNetCore.Mvc.ActionResult`1[DVLD_SharedModels.clsUserDTO] GetUserInfoByUsernameAndPassword(System.String, System.String)" on controller "DVLD_API.Controllers_EF.userServiceController" ("DVLD_API"). (122b2fdf)
2025-11-03T20:12:27.7275126+01:00 0HNGR0K1AP48B:00000005 [INF] Executing "OkObjectResult", writing value of type '"DVLD_SharedModels.clsUserDTO"'. (605b4265)
2025-11-03T20:12:27.7276203+01:00 0HNGR0K1AP48B:00000005 [INF] Executed action "DVLD_API.Controllers_EF.userServiceController.GetUserInfoByUsernameAndPassword (DVLD_API)" in 1.6041ms (afa2e885)
2025-11-03T20:12:27.7276375+01:00 0HNGR0K1AP48B:00000005 [INF] Executed endpoint '"DVLD_API.Controllers_EF.userServiceController.GetUserInfoByUsernameAndPassword (DVLD_API)"' (99874f2b)
2025-11-03T20:12:27.7276723+01:00 0HNGR0K1AP48B:00000005 [INF] Request finished "HTTP/1.1" "GET" "http"://"localhost:5045""""/api/userService/GetUserInfoByUsernameAndPassword/amine/123""" - 200 null "application/json; charset=utf-8" 1.9886ms (74253ad3)
2025-11-03T20:12:28.1978012+01:00 0HNGR0K1AP48B:00000006 [INF] Request starting "HTTP/1.1" "GET" "http"://"localhost:5045""""/api/userService/GetUserInfoByUsernameAndPassword/amine/123""" - null null (d509f86a)
2025-11-03T20:12:28.1979463+01:00 0HNGR0K1AP48B:00000006 [INF] CORS policy execution successful. (5409d6ef)
2025-11-03T20:12:28.1979844+01:00 0HNGR0K1AP48B:00000006 [INF] Executing endpoint '"DVLD_API.Controllers_EF.userServiceController.GetUserInfoByUsernameAndPassword (DVLD_API)"' (500cc934)
2025-11-03T20:12:28.1980427+01:00 0HNGR0K1AP48B:00000006 [INF] Route matched with "{action = \"GetUserInfoByUsernameAndPassword\", controller = \"userService\"}". Executing controller action with signature "Microsoft.AspNetCore.Mvc.ActionResult`1[DVLD_SharedModels.clsUserDTO] GetUserInfoByUsernameAndPassword(System.String, System.String)" on controller "DVLD_API.Controllers_EF.userServiceController" ("DVLD_API"). (122b2fdf)
2025-11-03T20:12:28.1993614+01:00 0HNGR0K1AP48B:00000006 [INF] Executing "OkObjectResult", writing value of type '"DVLD_SharedModels.clsUserDTO"'. (605b4265)
2025-11-03T20:12:28.1994597+01:00 0HNGR0K1AP48B:00000006 [INF] Executed action "DVLD_API.Controllers_EF.userServiceController.GetUserInfoByUsernameAndPassword (DVLD_API)" in 1.4001ms (afa2e885)
2025-11-03T20:12:28.1994731+01:00 0HNGR0K1AP48B:00000006 [INF] Executed endpoint '"DVLD_API.Controllers_EF.userServiceController.GetUserInfoByUsernameAndPassword (DVLD_API)"' (99874f2b)
2025-11-03T20:12:28.1995213+01:00 0HNGR0K1AP48B:00000006 [INF] Request finished "HTTP/1.1" "GET" "http"://"localhost:5045""""/api/userService/GetUserInfoByUsernameAndPassword/amine/123""" - 200 null "application/json; charset=utf-8" 1.7616ms (74253ad3)
2025-11-03T20:12:28.6741418+01:00 0HNGR0K1AP48B:00000007 [INF] Request starting "HTTP/1.1" "GET" "http"://"localhost:5045""""/api/userService/GetUserInfoByUsernameAndPassword/amine/123""" - null null (d509f86a)
2025-11-03T20:12:28.6743004+01:00 0HNGR0K1AP48B:00000007 [INF] CORS policy execution successful. (5409d6ef)
2025-11-03T20:12:28.6743393+01:00 0HNGR0K1AP48B:00000007 [INF] Executing endpoint '"DVLD_API.Controllers_EF.userServiceController.GetUserInfoByUsernameAndPassword (DVLD_API)"' (500cc934)
2025-11-03T20:12:28.6744041+01:00 0HNGR0K1AP48B:00000007 [INF] Route matched with "{action = \"GetUserInfoByUsernameAndPassword\", controller = \"userService\"}". Executing controller action with signature "Microsoft.AspNetCore.Mvc.ActionResult`1[DVLD_SharedModels.clsUserDTO] GetUserInfoByUsernameAndPassword(System.String, System.String)" on controller "DVLD_API.Controllers_EF.userServiceController" ("DVLD_API"). (122b2fdf)
2025-11-03T20:12:28.6759253+01:00 0HNGR0K1AP48B:00000007 [INF] Executing "OkObjectResult", writing value of type '"DVLD_SharedModels.clsUserDTO"'. (605b4265)
2025-11-03T20:12:28.6760561+01:00 0HNGR0K1AP48B:00000007 [INF] Executed action "DVLD_API.Controllers_EF.userServiceController.GetUserInfoByUsernameAndPassword (DVLD_API)" in 1.6339ms (afa2e885)
2025-11-03T20:12:28.6760720+01:00 0HNGR0K1AP48B:00000007 [INF] Executed endpoint '"DVLD_API.Controllers_EF.userServiceController.GetUserInfoByUsernameAndPassword (DVLD_API)"' (99874f2b)
2025-11-03T20:12:28.6761105+01:00 0HNGR0K1AP48B:00000007 [INF] Request finished "HTTP/1.1" "GET" "http"://"localhost:5045""""/api/userService/GetUserInfoByUsernameAndPassword/amine/123""" - 200 null "application/json; charset=utf-8" 2.0232ms (74253ad3)
2025-11-03T20:12:52.6519204+01:00 0HNGR0K1AP48B:00000008 [INF] Request starting "HTTP/1.1" "GET" "http"://"localhost:5045""""/api/userService/GetUserInfoByUsernameAndPassword/amine/123""" - null null (d509f86a)
2025-11-03T20:12:52.6520745+01:00 0HNGR0K1AP48B:00000008 [INF] CORS policy execution successful. (5409d6ef)
2025-11-03T20:12:52.6521147+01:00 0HNGR0K1AP48B:00000008 [INF] Executing endpoint '"DVLD_API.Controllers_EF.userServiceController.GetUserInfoByUsernameAndPassword (DVLD_API)"' (500cc934)
2025-11-03T20:12:52.6521686+01:00 0HNGR0K1AP48B:00000008 [INF] Route matched with "{action = \"GetUserInfoByUsernameAndPassword\", controller = \"userService\"}". Executing controller action with signature "Microsoft.AspNetCore.Mvc.ActionResult`1[DVLD_SharedModels.clsUserDTO] GetUserInfoByUsernameAndPassword(System.String, System.String)" on controller "DVLD_API.Controllers_EF.userServiceController" ("DVLD_API"). (122b2fdf)
2025-11-03T20:12:52.6535348+01:00 0HNGR0K1AP48B:00000008 [INF] Executing "OkObjectResult", writing value of type '"DVLD_SharedModels.clsUserDTO"'. (605b4265)
2025-11-03T20:12:52.6536383+01:00 0HNGR0K1AP48B:00000008 [INF] Executed action "DVLD_API.Controllers_EF.userServiceController.GetUserInfoByUsernameAndPassword (DVLD_API)" in 1.4517ms (afa2e885)
2025-11-03T20:12:52.6536554+01:00 0HNGR0K1AP48B:00000008 [INF] Executed endpoint '"DVLD_API.Controllers_EF.userServiceController.GetUserInfoByUsernameAndPassword (DVLD_API)"' (99874f2b)
2025-11-03T20:12:52.6536898+01:00 0HNGR0K1AP48B:00000008 [INF] Request finished "HTTP/1.1" "GET" "http"://"localhost:5045""""/api/userService/GetUserInfoByUsernameAndPassword/amine/123""" - 200 null "application/json; charset=utf-8" 1.9853ms (74253ad3)
2025-11-03T20:16:00.9819195+01:00 0HNGR0K1AP48B:00000009 [INF] Request starting "HTTP/1.1" "GET" "http"://"localhost:5045""""/api/userService/GetUserInfoByUsernameAndPassword/amine/123""" - null null (d509f86a)
2025-11-03T20:16:00.9826195+01:00 0HNGR0K1AP48B:00000009 [INF] CORS policy execution successful. (5409d6ef)
2025-11-03T20:16:00.9826729+01:00 0HNGR0K1AP48B:00000009 [INF] Executing endpoint '"DVLD_API.Controllers_EF.userServiceController.GetUserInfoByUsernameAndPassword (DVLD_API)"' (500cc934)
2025-11-03T20:16:00.9827443+01:00 0HNGR0K1AP48B:00000009 [INF] Route matched with "{action = \"GetUserInfoByUsernameAndPassword\", controller = \"userService\"}". Executing controller action with signature "Microsoft.AspNetCore.Mvc.ActionResult`1[DVLD_SharedModels.clsUserDTO] GetUserInfoByUsernameAndPassword(System.String, System.String)" on controller "DVLD_API.Controllers_EF.userServiceController" ("DVLD_API"). (122b2fdf)
2025-11-03T20:16:01.0045957+01:00 0HNGR0K1AP48B:00000009 [INF] Executing "OkObjectResult", writing value of type '"DVLD_SharedModels.clsUserDTO"'. (605b4265)
2025-11-03T20:16:01.0047325+01:00 0HNGR0K1AP48B:00000009 [INF] Executed action "DVLD_API.Controllers_EF.userServiceController.GetUserInfoByUsernameAndPassword (DVLD_API)" in 21.9723ms (afa2e885)
2025-11-03T20:16:01.0048179+01:00 0HNGR0K1AP48B:00000009 [INF] Executed endpoint '"DVLD_API.Controllers_EF.userServiceController.GetUserInfoByUsernameAndPassword (DVLD_API)"' (99874f2b)
2025-11-03T20:16:01.0048730+01:00 0HNGR0K1AP48B:00000009 [INF] Request finished "HTTP/1.1" "GET" "http"://"localhost:5045""""/api/userService/GetUserInfoByUsernameAndPassword/amine/123""" - 200 null "application/json; charset=utf-8" 23.0867ms (74253ad3)
2025-11-03T20:16:02.2511652+01:00 0HNGR0K1AP48B:0000000A [INF] Request starting "HTTP/1.1" "GET" "http"://"localhost:5045""""/api/userService/GetUserInfoByUsernameAndPassword/amine/123""" - null null (d509f86a)
2025-11-03T20:16:02.2514064+01:00 0HNGR0K1AP48B:0000000A [INF] CORS policy execution successful. (5409d6ef)
2025-11-03T20:16:02.2518562+01:00 0HNGR0K1AP48B:0000000A [INF] Executing endpoint '"DVLD_API.Controllers_EF.userServiceController.GetUserInfoByUsernameAndPassword (DVLD_API)"' (500cc934)
2025-11-03T20:16:02.2519137+01:00 0HNGR0K1AP48B:0000000A [INF] Route matched with "{action = \"GetUserInfoByUsernameAndPassword\", controller = \"userService\"}". Executing controller action with signature "Microsoft.AspNetCore.Mvc.ActionResult`1[DVLD_SharedModels.clsUserDTO] GetUserInfoByUsernameAndPassword(System.String, System.String)" on controller "DVLD_API.Controllers_EF.userServiceController" ("DVLD_API"). (122b2fdf)
2025-11-03T20:16:02.2534057+01:00 0HNGR0K1AP48B:0000000A [INF] Executing "OkObjectResult", writing value of type '"DVLD_SharedModels.clsUserDTO"'. (605b4265)
2025-11-03T20:16:02.2535135+01:00 0HNGR0K1AP48B:0000000A [INF] Executed action "DVLD_API.Controllers_EF.userServiceController.GetUserInfoByUsernameAndPassword (DVLD_API)" in 1.5781ms (afa2e885)
2025-11-03T20:16:02.2535311+01:00 0HNGR0K1AP48B:0000000A [INF] Executed endpoint '"DVLD_API.Controllers_EF.userServiceController.GetUserInfoByUsernameAndPassword (DVLD_API)"' (99874f2b)
2025-11-03T20:16:02.2535889+01:00 0HNGR0K1AP48B:0000000A [INF] Request finished "HTTP/1.1" "GET" "http"://"localhost:5045""""/api/userService/GetUserInfoByUsernameAndPassword/amine/123""" - 200 null "application/json; charset=utf-8" 2.4871ms (74253ad3)
2025-11-03T20:16:02.8371316+01:00 0HNGR0K1AP48B:0000000B [INF] Request starting "HTTP/1.1" "GET" "http"://"localhost:5045""""/api/userService/GetUserInfoByUsernameAndPassword/amine/123""" - null null (d509f86a)
2025-11-03T20:16:02.8374100+01:00 0HNGR0K1AP48B:0000000B [INF] CORS policy execution successful. (5409d6ef)
2025-11-03T20:16:02.8374676+01:00 0HNGR0K1AP48B:0000000B [INF] Executing endpoint '"DVLD_API.Controllers_EF.userServiceController.GetUserInfoByUsernameAndPassword (DVLD_API)"' (500cc934)
2025-11-03T20:16:02.8375395+01:00 0HNGR0K1AP48B:0000000B [INF] Route matched with "{action = \"GetUserInfoByUsernameAndPassword\", controller = \"userService\"}". Executing controller action with signature "Microsoft.AspNetCore.Mvc.ActionResult`1[DVLD_SharedModels.clsUserDTO] GetUserInfoByUsernameAndPassword(System.String, System.String)" on controller "DVLD_API.Controllers_EF.userServiceController" ("DVLD_API"). (122b2fdf)
2025-11-03T20:16:02.8391873+01:00 0HNGR0K1AP48B:0000000B [INF] Executing "OkObjectResult", writing value of type '"DVLD_SharedModels.clsUserDTO"'. (605b4265)
2025-11-03T20:16:02.8393401+01:00 0HNGR0K1AP48B:0000000B [INF] Executed action "DVLD_API.Controllers_EF.userServiceController.GetUserInfoByUsernameAndPassword (DVLD_API)" in 1.7683ms (afa2e885)
2025-11-03T20:16:02.8393583+01:00 0HNGR0K1AP48B:0000000B [INF] Executed endpoint '"DVLD_API.Controllers_EF.userServiceController.GetUserInfoByUsernameAndPassword (DVLD_API)"' (99874f2b)
2025-11-03T20:16:02.8394441+01:00 0HNGR0K1AP48B:0000000B [INF] Request finished "HTTP/1.1" "GET" "http"://"localhost:5045""""/api/userService/GetUserInfoByUsernameAndPassword/amine/123""" - 200 null "application/json; charset=utf-8" 2.3144ms (74253ad3)
2025-11-03T20:16:03.2869792+01:00 0HNGR0K1AP48B:0000000C [INF] Request starting "HTTP/1.1" "GET" "http"://"localhost:5045""""/api/userService/GetUserInfoByUsernameAndPassword/amine/123""" - null null (d509f86a)
2025-11-03T20:16:03.2870898+01:00 0HNGR0K1AP48B:0000000C [INF] CORS policy execution successful. (5409d6ef)
2025-11-03T20:16:03.2871277+01:00 0HNGR0K1AP48B:0000000C [INF] Executing endpoint '"DVLD_API.Controllers_EF.userServiceController.GetUserInfoByUsernameAndPassword (DVLD_API)"' (500cc934)
2025-11-03T20:16:03.2872207+01:00 0HNGR0K1AP48B:0000000C [INF] Route matched with "{action = \"GetUserInfoByUsernameAndPassword\", controller = \"userService\"}". Executing controller action with signature "Microsoft.AspNetCore.Mvc.ActionResult`1[DVLD_SharedModels.clsUserDTO] GetUserInfoByUsernameAndPassword(System.String, System.String)" on controller "DVLD_API.Controllers_EF.userServiceController" ("DVLD_API"). (122b2fdf)
2025-11-03T20:16:03.2890667+01:00 0HNGR0K1AP48B:0000000C [INF] Executing "OkObjectResult", writing value of type '"DVLD_SharedModels.clsUserDTO"'. (605b4265)
2025-11-03T20:16:03.2891927+01:00 0HNGR0K1AP48B:0000000C [INF] Executed action "DVLD_API.Controllers_EF.userServiceController.GetUserInfoByUsernameAndPassword (DVLD_API)" in 1.6666ms (afa2e885)
2025-11-03T20:16:03.2892066+01:00 0HNGR0K1AP48B:0000000C [INF] Executed endpoint '"DVLD_API.Controllers_EF.userServiceController.GetUserInfoByUsernameAndPassword (DVLD_API)"' (99874f2b)
2025-11-03T20:16:03.2892374+01:00 0HNGR0K1AP48B:0000000C [INF] Request finished "HTTP/1.1" "GET" "http"://"localhost:5045""""/api/userService/GetUserInfoByUsernameAndPassword/amine/123""" - 200 null "application/json; charset=utf-8" 2.2997ms (74253ad3)
2025-11-03T20:16:03.7530504+01:00 0HNGR0K1AP48B:0000000D [INF] Request starting "HTTP/1.1" "GET" "http"://"localhost:5045""""/api/userService/GetUserInfoByUsernameAndPassword/amine/123""" - null null (d509f86a)
2025-11-03T20:16:03.7532101+01:00 0HNGR0K1AP48B:0000000D [INF] CORS policy execution successful. (5409d6ef)
2025-11-03T20:16:03.7532358+01:00 0HNGR0K1AP48B:0000000D [INF] Executing endpoint '"DVLD_API.Controllers_EF.userServiceController.GetUserInfoByUsernameAndPassword (DVLD_API)"' (500cc934)
2025-11-03T20:16:03.7532746+01:00 0HNGR0K1AP48B:0000000D [INF] Route matched with "{action = \"GetUserInfoByUsernameAndPassword\", controller = \"userService\"}". Executing controller action with signature "Microsoft.AspNetCore.Mvc.ActionResult`1[DVLD_SharedModels.clsUserDTO] GetUserInfoByUsernameAndPassword(System.String, System.String)" on controller "DVLD_API.Controllers_EF.userServiceController" ("DVLD_API"). (122b2fdf)
2025-11-03T20:16:03.7544789+01:00 0HNGR0K1AP48B:0000000D [INF] Executing "OkObjectResult", writing value of type '"DVLD_SharedModels.clsUserDTO"'. (605b4265)
2025-11-03T20:16:03.7546653+01:00 0HNGR0K1AP48B:0000000D [INF] Executed action "DVLD_API.Controllers_EF.userServiceController.GetUserInfoByUsernameAndPassword (DVLD_API)" in 1.2975ms (afa2e885)
2025-11-03T20:16:03.7547065+01:00 0HNGR0K1AP48B:0000000D [INF] Executed endpoint '"DVLD_API.Controllers_EF.userServiceController.GetUserInfoByUsernameAndPassword (DVLD_API)"' (99874f2b)
2025-11-03T20:16:03.7547305+01:00 0HNGR0K1AP48B:0000000D [INF] Request finished "HTTP/1.1" "GET" "http"://"localhost:5045""""/api/userService/GetUserInfoByUsernameAndPassword/amine/123""" - 200 null "application/json; charset=utf-8" 1.7096ms (74253ad3)
2025-11-03T20:16:04.5683010+01:00 0HNGR0K1AP48B:0000000E [INF] Request starting "HTTP/1.1" "GET" "http"://"localhost:5045""""/api/userService/GetUserInfoByUsernameAndPassword/amine/123""" - null null (d509f86a)
2025-11-03T20:16:04.5684064+01:00 0HNGR0K1AP48B:0000000E [INF] CORS policy execution successful. (5409d6ef)
2025-11-03T20:16:04.5684285+01:00 0HNGR0K1AP48B:0000000E [INF] Executing endpoint '"DVLD_API.Controllers_EF.userServiceController.GetUserInfoByUsernameAndPassword (DVLD_API)"' (500cc934)
2025-11-03T20:16:04.5684728+01:00 0HNGR0K1AP48B:0000000E [INF] Route matched with "{action = \"GetUserInfoByUsernameAndPassword\", controller = \"userService\"}". Executing controller action with signature "Microsoft.AspNetCore.Mvc.ActionResult`1[DVLD_SharedModels.clsUserDTO] GetUserInfoByUsernameAndPassword(System.String, System.String)" on controller "DVLD_API.Controllers_EF.userServiceController" ("DVLD_API"). (122b2fdf)
2025-11-03T20:16:04.5695222+01:00 0HNGR0K1AP48B:0000000E [INF] Executing "OkObjectResult", writing value of type '"DVLD_SharedModels.clsUserDTO"'. (605b4265)
2025-11-03T20:16:04.5695892+01:00 0HNGR0K1AP48B:0000000E [INF] Executed action "DVLD_API.Controllers_EF.userServiceController.GetUserInfoByUsernameAndPassword (DVLD_API)" in 1.0999ms (afa2e885)
2025-11-03T20:16:04.5695970+01:00 0HNGR0K1AP48B:0000000E [INF] Executed endpoint '"DVLD_API.Controllers_EF.userServiceController.GetUserInfoByUsernameAndPassword (DVLD_API)"' (99874f2b)
2025-11-03T20:16:04.5696237+01:00 0HNGR0K1AP48B:0000000E [INF] Request finished "HTTP/1.1" "GET" "http"://"localhost:5045""""/api/userService/GetUserInfoByUsernameAndPassword/amine/123""" - 200 null "application/json; charset=utf-8" 1.3548ms (74253ad3)
2025-11-03T20:16:05.4036224+01:00 0HNGR0K1AP48B:0000000F [INF] Request starting "HTTP/1.1" "GET" "http"://"localhost:5045""""/api/userService/GetUserInfoByUsernameAndPassword/amine/123""" - null null (d509f86a)
2025-11-03T20:16:05.4037189+01:00 0HNGR0K1AP48B:0000000F [INF] CORS policy execution successful. (5409d6ef)
2025-11-03T20:16:05.4037777+01:00 0HNGR0K1AP48B:0000000F [INF] Executing endpoint '"DVLD_API.Controllers_EF.userServiceController.GetUserInfoByUsernameAndPassword (DVLD_API)"' (500cc934)
2025-11-03T20:16:05.4038156+01:00 0HNGR0K1AP48B:0000000F [INF] Route matched with "{action = \"GetUserInfoByUsernameAndPassword\", controller = \"userService\"}". Executing controller action with signature "Microsoft.AspNetCore.Mvc.ActionResult`1[DVLD_SharedModels.clsUserDTO] GetUserInfoByUsernameAndPassword(System.String, System.String)" on controller "DVLD_API.Controllers_EF.userServiceController" ("DVLD_API"). (122b2fdf)
2025-11-03T20:16:05.4049878+01:00 0HNGR0K1AP48B:0000000F [INF] Executing "OkObjectResult", writing value of type '"DVLD_SharedModels.clsUserDTO"'. (605b4265)
2025-11-03T20:16:05.4050679+01:00 0HNGR0K1AP48B:0000000F [INF] Executed action "DVLD_API.Controllers_EF.userServiceController.GetUserInfoByUsernameAndPassword (DVLD_API)" in 1.2297ms (afa2e885)
2025-11-03T20:16:05.4050786+01:00 0HNGR0K1AP48B:0000000F [INF] Executed endpoint '"DVLD_API.Controllers_EF.userServiceController.GetUserInfoByUsernameAndPassword (DVLD_API)"' (99874f2b)
2025-11-03T20:16:05.4050991+01:00 0HNGR0K1AP48B:0000000F [INF] Request finished "HTTP/1.1" "GET" "http"://"localhost:5045""""/api/userService/GetUserInfoByUsernameAndPassword/amine/123""" - 200 null "application/json; charset=utf-8" 1.5056ms (74253ad3)
2025-11-03T20:16:05.8236635+01:00 0HNGR0K1AP48B:00000010 [INF] Request starting "HTTP/1.1" "GET" "http"://"localhost:5045""""/api/userService/GetUserInfoByUsernameAndPassword/amine/123""" - null null (d509f86a)
2025-11-03T20:16:05.8237791+01:00 0HNGR0K1AP48B:00000010 [INF] CORS policy execution successful. (5409d6ef)
2025-11-03T20:16:05.8238083+01:00 0HNGR0K1AP48B:00000010 [INF] Executing endpoint '"DVLD_API.Controllers_EF.userServiceController.GetUserInfoByUsernameAndPassword (DVLD_API)"' (500cc934)
2025-11-03T20:16:05.8238494+01:00 0HNGR0K1AP48B:00000010 [INF] Route matched with "{action = \"GetUserInfoByUsernameAndPassword\", controller = \"userService\"}". Executing controller action with signature "Microsoft.AspNetCore.Mvc.ActionResult`1[DVLD_SharedModels.clsUserDTO] GetUserInfoByUsernameAndPassword(System.String, System.String)" on controller "DVLD_API.Controllers_EF.userServiceController" ("DVLD_API"). (122b2fdf)
2025-11-03T20:16:05.8250548+01:00 0HNGR0K1AP48B:00000010 [INF] Executing "OkObjectResult", writing value of type '"DVLD_SharedModels.clsUserDTO"'. (605b4265)
2025-11-03T20:16:05.8251547+01:00 0HNGR0K1AP48B:00000010 [INF] Executed action "DVLD_API.Controllers_EF.userServiceController.GetUserInfoByUsernameAndPassword (DVLD_API)" in 1.2902ms (afa2e885)
2025-11-03T20:16:05.8252339+01:00 0HNGR0K1AP48B:00000010 [INF] Executed endpoint '"DVLD_API.Controllers_EF.userServiceController.GetUserInfoByUsernameAndPassword (DVLD_API)"' (99874f2b)
2025-11-03T20:16:05.8252716+01:00 0HNGR0K1AP48B:00000010 [INF] Request finished "HTTP/1.1" "GET" "http"://"localhost:5045""""/api/userService/GetUserInfoByUsernameAndPassword/amine/123""" - 200 null "application/json; charset=utf-8" 1.6433ms (74253ad3)
2025-11-03T20:16:06.1747121+01:00 0HNGR0K1AP48B:00000011 [INF] Request starting "HTTP/1.1" "GET" "http"://"localhost:5045""""/api/userService/GetUserInfoByUsernameAndPassword/amine/123""" - null null (d509f86a)
2025-11-03T20:16:06.1748143+01:00 0HNGR0K1AP48B:00000011 [INF] CORS policy execution successful. (5409d6ef)
2025-11-03T20:16:06.1748438+01:00 0HNGR0K1AP48B:00000011 [INF] Executing endpoint '"DVLD_API.Controllers_EF.userServiceController.GetUserInfoByUsernameAndPassword (DVLD_API)"' (500cc934)
2025-11-03T20:16:06.1748834+01:00 0HNGR0K1AP48B:00000011 [INF] Route matched with "{action = \"GetUserInfoByUsernameAndPassword\", controller = \"userService\"}". Executing controller action with signature "Microsoft.AspNetCore.Mvc.ActionResult`1[DVLD_SharedModels.clsUserDTO] GetUserInfoByUsernameAndPassword(System.String, System.String)" on controller "DVLD_API.Controllers_EF.userServiceController" ("DVLD_API"). (122b2fdf)
2025-11-03T20:16:06.1762441+01:00 0HNGR0K1AP48B:00000011 [INF] Executing "OkObjectResult", writing value of type '"DVLD_SharedModels.clsUserDTO"'. (605b4265)
2025-11-03T20:16:06.1763153+01:00 0HNGR0K1AP48B:00000011 [INF] Executed action "DVLD_API.Controllers_EF.userServiceController.GetUserInfoByUsernameAndPassword (DVLD_API)" in 1.4174ms (afa2e885)
2025-11-03T20:16:06.1763309+01:00 0HNGR0K1AP48B:00000011 [INF] Executed endpoint '"DVLD_API.Controllers_EF.userServiceController.GetUserInfoByUsernameAndPassword (DVLD_API)"' (99874f2b)
2025-11-03T20:16:06.1763537+01:00 0HNGR0K1AP48B:00000011 [INF] Request finished "HTTP/1.1" "GET" "http"://"localhost:5045""""/api/userService/GetUserInfoByUsernameAndPassword/amine/123""" - 200 null "application/json; charset=utf-8" 1.6698ms (74253ad3)
2025-11-03T20:16:06.5071300+01:00 0HNGR0K1AP48B:00000012 [INF] Request starting "HTTP/1.1" "GET" "http"://"localhost:5045""""/api/userService/GetUserInfoByUsernameAndPassword/amine/123""" - null null (d509f86a)
2025-11-03T20:16:06.5072421+01:00 0HNGR0K1AP48B:00000012 [INF] CORS policy execution successful. (5409d6ef)
2025-11-03T20:16:06.5072679+01:00 0HNGR0K1AP48B:00000012 [INF] Executing endpoint '"DVLD_API.Controllers_EF.userServiceController.GetUserInfoByUsernameAndPassword (DVLD_API)"' (500cc934)
2025-11-03T20:16:06.5073100+01:00 0HNGR0K1AP48B:00000012 [INF] Route matched with "{action = \"GetUserInfoByUsernameAndPassword\", controller = \"userService\"}". Executing controller action with signature "Microsoft.AspNetCore.Mvc.ActionResult`1[DVLD_SharedModels.clsUserDTO] GetUserInfoByUsernameAndPassword(System.String, System.String)" on controller "DVLD_API.Controllers_EF.userServiceController" ("DVLD_API"). (122b2fdf)
2025-11-03T20:16:06.5083691+01:00 0HNGR0K1AP48B:00000012 [INF] Executing "OkObjectResult", writing value of type '"DVLD_SharedModels.clsUserDTO"'. (605b4265)
2025-11-03T20:16:06.5084444+01:00 0HNGR0K1AP48B:00000012 [INF] Executed action "DVLD_API.Controllers_EF.userServiceController.GetUserInfoByUsernameAndPassword (DVLD_API)" in 1.1173ms (afa2e885)
2025-11-03T20:16:06.5084527+01:00 0HNGR0K1AP48B:00000012 [INF] Executed endpoint '"DVLD_API.Controllers_EF.userServiceController.GetUserInfoByUsernameAndPassword (DVLD_API)"' (99874f2b)
2025-11-03T20:16:06.5084767+01:00 0HNGR0K1AP48B:00000012 [INF] Request finished "HTTP/1.1" "GET" "http"://"localhost:5045""""/api/userService/GetUserInfoByUsernameAndPassword/amine/123""" - 200 null "application/json; charset=utf-8" 1.3823ms (74253ad3)
2025-11-03T20:16:07.2723842+01:00 0HNGR0K1AP48B:00000013 [INF] Request starting "HTTP/1.1" "GET" "http"://"localhost:5045""""/api/userService/GetUserInfoByUsernameAndPassword/amine/123""" - null null (d509f86a)
2025-11-03T20:16:07.2724885+01:00 0HNGR0K1AP48B:00000013 [INF] CORS policy execution successful. (5409d6ef)
2025-11-03T20:16:07.2725061+01:00 0HNGR0K1AP48B:00000013 [INF] Executing endpoint '"DVLD_API.Controllers_EF.userServiceController.GetUserInfoByUsernameAndPassword (DVLD_API)"' (500cc934)
2025-11-03T20:16:07.2725446+01:00 0HNGR0K1AP48B:00000013 [INF] Route matched with "{action = \"GetUserInfoByUsernameAndPassword\", controller = \"userService\"}". Executing controller action with signature "Microsoft.AspNetCore.Mvc.ActionResult`1[DVLD_SharedModels.clsUserDTO] GetUserInfoByUsernameAndPassword(System.String, System.String)" on controller "DVLD_API.Controllers_EF.userServiceController" ("DVLD_API"). (122b2fdf)
2025-11-03T20:16:07.2771089+01:00 0HNGR0K1AP48B:00000013 [INF] Executing "OkObjectResult", writing value of type '"DVLD_SharedModels.clsUserDTO"'. (605b4265)
2025-11-03T20:16:07.2771849+01:00 0HNGR0K1AP48B:00000013 [INF] Executed action "DVLD_API.Controllers_EF.userServiceController.GetUserInfoByUsernameAndPassword (DVLD_API)" in 4.6269ms (afa2e885)
2025-11-03T20:16:07.2771944+01:00 0HNGR0K1AP48B:00000013 [INF] Executed endpoint '"DVLD_API.Controllers_EF.userServiceController.GetUserInfoByUsernameAndPassword (DVLD_API)"' (99874f2b)
2025-11-03T20:16:07.2772187+01:00 0HNGR0K1AP48B:00000013 [INF] Request finished "HTTP/1.1" "GET" "http"://"localhost:5045""""/api/userService/GetUserInfoByUsernameAndPassword/amine/123""" - 200 null "application/json; charset=utf-8" 4.867ms (74253ad3)
2025-11-03T20:16:07.8302862+01:00 0HNGR0K1AP48B:00000014 [INF] Request starting "HTTP/1.1" "GET" "http"://"localhost:5045""""/api/userService/GetUserInfoByUsernameAndPassword/amine/123""" - null null (d509f86a)
2025-11-03T20:16:07.8304030+01:00 0HNGR0K1AP48B:00000014 [INF] CORS policy execution successful. (5409d6ef)
2025-11-03T20:16:07.8304281+01:00 0HNGR0K1AP48B:00000014 [INF] Executing endpoint '"DVLD_API.Controllers_EF.userServiceController.GetUserInfoByUsernameAndPassword (DVLD_API)"' (500cc934)
2025-11-03T20:16:07.8304702+01:00 0HNGR0K1AP48B:00000014 [INF] Route matched with "{action = \"GetUserInfoByUsernameAndPassword\", controller = \"userService\"}". Executing controller action with signature "Microsoft.AspNetCore.Mvc.ActionResult`1[DVLD_SharedModels.clsUserDTO] GetUserInfoByUsernameAndPassword(System.String, System.String)" on controller "DVLD_API.Controllers_EF.userServiceController" ("DVLD_API"). (122b2fdf)
2025-11-03T20:16:07.8317146+01:00 0HNGR0K1AP48B:00000014 [INF] Executing "OkObjectResult", writing value of type '"DVLD_SharedModels.clsUserDTO"'. (605b4265)
2025-11-03T20:16:07.8317928+01:00 0HNGR0K1AP48B:00000014 [INF] Executed action "DVLD_API.Controllers_EF.userServiceController.GetUserInfoByUsernameAndPassword (DVLD_API)" in 1.2238ms (afa2e885)
2025-11-03T20:16:07.8318037+01:00 0HNGR0K1AP48B:00000014 [INF] Executed endpoint '"DVLD_API.Controllers_EF.userServiceController.GetUserInfoByUsernameAndPassword (DVLD_API)"' (99874f2b)
2025-11-03T20:16:07.8318264+01:00 0HNGR0K1AP48B:00000014 [INF] Request finished "HTTP/1.1" "GET" "http"://"localhost:5045""""/api/userService/GetUserInfoByUsernameAndPassword/amine/123""" - 200 null "application/json; charset=utf-8" 1.5697ms (74253ad3)
2025-11-03T20:16:08.3764360+01:00 0HNGR0K1AP48B:00000015 [INF] Request starting "HTTP/1.1" "GET" "http"://"localhost:5045""""/api/userService/GetUserInfoByUsernameAndPassword/amine/123""" - null null (d509f86a)
2025-11-03T20:16:08.3765380+01:00 0HNGR0K1AP48B:00000015 [INF] CORS policy execution successful. (5409d6ef)
2025-11-03T20:16:08.3765656+01:00 0HNGR0K1AP48B:00000015 [INF] Executing endpoint '"DVLD_API.Controllers_EF.userServiceController.GetUserInfoByUsernameAndPassword (DVLD_API)"' (500cc934)
2025-11-03T20:16:08.3766049+01:00 0HNGR0K1AP48B:00000015 [INF] Route matched with "{action = \"GetUserInfoByUsernameAndPassword\", controller = \"userService\"}". Executing controller action with signature "Microsoft.AspNetCore.Mvc.ActionResult`1[DVLD_SharedModels.clsUserDTO] GetUserInfoByUsernameAndPassword(System.String, System.String)" on controller "DVLD_API.Controllers_EF.userServiceController" ("DVLD_API"). (122b2fdf)
2025-11-03T20:16:08.3776512+01:00 0HNGR0K1AP48B:00000015 [INF] Executing "OkObjectResult", writing value of type '"DVLD_SharedModels.clsUserDTO"'. (605b4265)
2025-11-03T20:16:08.3777215+01:00 0HNGR0K1AP48B:00000015 [INF] Executed action "DVLD_API.Controllers_EF.userServiceController.GetUserInfoByUsernameAndPassword (DVLD_API)" in 1.1021ms (afa2e885)
2025-11-03T20:16:08.3777905+01:00 0HNGR0K1AP48B:00000015 [INF] Executed endpoint '"DVLD_API.Controllers_EF.userServiceController.GetUserInfoByUsernameAndPassword (DVLD_API)"' (99874f2b)
2025-11-03T20:16:08.3778130+01:00 0HNGR0K1AP48B:00000015 [INF] Request finished "HTTP/1.1" "GET" "http"://"localhost:5045""""/api/userService/GetUserInfoByUsernameAndPassword/amine/123""" - 200 null "application/json; charset=utf-8" 1.4064ms (74253ad3)
2025-11-03T20:16:12.9238937+01:00 0HNGR0K1AP48B:00000016 [INF] Request starting "HTTP/1.1" "GET" "http"://"localhost:5045""""/api/userService/GetUserInfoByUsernameAndPassword/amine/123""" - null null (d509f86a)
2025-11-03T20:16:12.9240300+01:00 0HNGR0K1AP48B:00000016 [INF] CORS policy execution successful. (5409d6ef)
2025-11-03T20:16:12.9240607+01:00 0HNGR0K1AP48B:00000016 [INF] Executing endpoint '"DVLD_API.Controllers_EF.userServiceController.GetUserInfoByUsernameAndPassword (DVLD_API)"' (500cc934)
2025-11-03T20:16:12.9241146+01:00 0HNGR0K1AP48B:00000016 [INF] Route matched with "{action = \"GetUserInfoByUsernameAndPassword\", controller = \"userService\"}". Executing controller action with signature "Microsoft.AspNetCore.Mvc.ActionResult`1[DVLD_SharedModels.clsUserDTO] GetUserInfoByUsernameAndPassword(System.String, System.String)" on controller "DVLD_API.Controllers_EF.userServiceController" ("DVLD_API"). (122b2fdf)
2025-11-03T20:16:12.9254344+01:00 0HNGR0K1AP48B:00000016 [INF] Executing "OkObjectResult", writing value of type '"DVLD_SharedModels.clsUserDTO"'. (605b4265)
2025-11-03T20:16:12.9255108+01:00 0HNGR0K1AP48B:00000016 [INF] Executed action "DVLD_API.Controllers_EF.userServiceController.GetUserInfoByUsernameAndPassword (DVLD_API)" in 1.3776ms (afa2e885)
2025-11-03T20:16:12.9255221+01:00 0HNGR0K1AP48B:00000016 [INF] Executed endpoint '"DVLD_API.Controllers_EF.userServiceController.GetUserInfoByUsernameAndPassword (DVLD_API)"' (99874f2b)
2025-11-03T20:16:12.9255536+01:00 0HNGR0K1AP48B:00000016 [INF] Request finished "HTTP/1.1" "GET" "http"://"localhost:5045""""/api/userService/GetUserInfoByUsernameAndPassword/amine/123""" - 200 null "application/json; charset=utf-8" 1.7145ms (74253ad3)
2025-11-03T20:16:13.4923329+01:00 0HNGR0K1AP48B:00000017 [INF] Request starting "HTTP/1.1" "GET" "http"://"localhost:5045""""/api/userService/GetUserInfoByUsernameAndPassword/amine/123""" - null null (d509f86a)
2025-11-03T20:16:13.4924577+01:00 0HNGR0K1AP48B:00000017 [INF] CORS policy execution successful. (5409d6ef)
2025-11-03T20:16:13.4924783+01:00 0HNGR0K1AP48B:00000017 [INF] Executing endpoint '"DVLD_API.Controllers_EF.userServiceController.GetUserInfoByUsernameAndPassword (DVLD_API)"' (500cc934)
2025-11-03T20:16:13.4925481+01:00 0HNGR0K1AP48B:00000017 [INF] Route matched with "{action = \"GetUserInfoByUsernameAndPassword\", controller = \"userService\"}". Executing controller action with signature "Microsoft.AspNetCore.Mvc.ActionResult`1[DVLD_SharedModels.clsUserDTO] GetUserInfoByUsernameAndPassword(System.String, System.String)" on controller "DVLD_API.Controllers_EF.userServiceController" ("DVLD_API"). (122b2fdf)
2025-11-03T20:16:13.4936634+01:00 0HNGR0K1AP48B:00000017 [INF] Executing "OkObjectResult", writing value of type '"DVLD_SharedModels.clsUserDTO"'. (605b4265)
2025-11-03T20:16:13.4937400+01:00 0HNGR0K1AP48B:00000017 [INF] Executed action "DVLD_API.Controllers_EF.userServiceController.GetUserInfoByUsernameAndPassword (DVLD_API)" in 1.1727ms (afa2e885)
2025-11-03T20:16:13.4937503+01:00 0HNGR0K1AP48B:00000017 [INF] Executed endpoint '"DVLD_API.Controllers_EF.userServiceController.GetUserInfoByUsernameAndPassword (DVLD_API)"' (99874f2b)
2025-11-03T20:16:13.4937775+01:00 0HNGR0K1AP48B:00000017 [INF] Request finished "HTTP/1.1" "GET" "http"://"localhost:5045""""/api/userService/GetUserInfoByUsernameAndPassword/amine/123""" - 200 null "application/json; charset=utf-8" 1.4717ms (74253ad3)
2025-11-03T20:23:07.2734828+01:00 0HNGR0K1AP48C:00000001 [INF] Request starting "HTTP/1.1" "GET" "http"://"localhost:5045""""/api/userService/GetUserInfoByUsernameAndPassword/amine/123""" - null null (d509f86a)
2025-11-03T20:23:07.2973215+01:00 0HNGR0K1AP48C:00000001 [INF] CORS policy execution successful. (5409d6ef)
2025-11-03T20:23:07.2973656+01:00 0HNGR0K1AP48C:00000001 [INF] Executing endpoint '"DVLD_API.Controllers_EF.userServiceController.GetUserInfoByUsernameAndPassword (DVLD_API)"' (500cc934)
2025-11-03T20:23:07.2974315+01:00 0HNGR0K1AP48C:00000001 [INF] Route matched with "{action = \"GetUserInfoByUsernameAndPassword\", controller = \"userService\"}". Executing controller action with signature "Microsoft.AspNetCore.Mvc.ActionResult`1[DVLD_SharedModels.clsUserDTO] GetUserInfoByUsernameAndPassword(System.String, System.String)" on controller "DVLD_API.Controllers_EF.userServiceController" ("DVLD_API"). (122b2fdf)
2025-11-03T20:23:07.3034267+01:00 0HNGR0K1AP48C:00000001 [INF] Executing "OkObjectResult", writing value of type '"DVLD_SharedModels.clsUserDTO"'. (605b4265)
2025-11-03T20:23:07.3035301+01:00 0HNGR0K1AP48C:00000001 [INF] Executed action "DVLD_API.Controllers_EF.userServiceController.GetUserInfoByUsernameAndPassword (DVLD_API)" in 6.0627ms (afa2e885)
2025-11-03T20:23:07.3035449+01:00 0HNGR0K1AP48C:00000001 [INF] Executed endpoint '"DVLD_API.Controllers_EF.userServiceController.GetUserInfoByUsernameAndPassword (DVLD_API)"' (99874f2b)
2025-11-03T20:23:07.3035816+01:00 0HNGR0K1AP48C:00000001 [INF] Request finished "HTTP/1.1" "GET" "http"://"localhost:5045""""/api/userService/GetUserInfoByUsernameAndPassword/amine/123""" - 200 null "application/json; charset=utf-8" 30.1332ms (74253ad3)
2025-11-03T20:51:37.0259560+01:00 0HNGR0K1AP48D:00000001 [INF] Request starting "HTTP/1.1" "GET" "http"://"localhost:5045""""/api/userService/GetUserInfoByUsernameAndPassword/amine/123""" - null null (d509f86a)
2025-11-03T20:51:37.0279913+01:00 0HNGR0K1AP48D:00000001 [INF] CORS policy execution successful. (5409d6ef)
2025-11-03T20:51:37.0280303+01:00 0HNGR0K1AP48D:00000001 [INF] Executing endpoint '"DVLD_API.Controllers_EF.userServiceController.GetUserInfoByUsernameAndPassword (DVLD_API)"' (500cc934)
2025-11-03T20:51:37.0281190+01:00 0HNGR0K1AP48D:00000001 [INF] Route matched with "{action = \"GetUserInfoByUsernameAndPassword\", controller = \"userService\"}". Executing controller action with signature "Microsoft.AspNetCore.Mvc.ActionResult`1[DVLD_SharedModels.clsUserDTO] GetUserInfoByUsernameAndPassword(System.String, System.String)" on controller "DVLD_API.Controllers_EF.userServiceController" ("DVLD_API"). (122b2fdf)
2025-11-03T20:51:37.0344406+01:00 0HNGR0K1AP48D:00000001 [INF] Executing "OkObjectResult", writing value of type '"DVLD_SharedModels.clsUserDTO"'. (605b4265)
2025-11-03T20:51:37.0345595+01:00 0HNGR0K1AP48D:00000001 [INF] Executed action "DVLD_API.Controllers_EF.userServiceController.GetUserInfoByUsernameAndPassword (DVLD_API)" in 6.4117ms (afa2e885)
2025-11-03T20:51:37.0345721+01:00 0HNGR0K1AP48D:00000001 [INF] Executed endpoint '"DVLD_API.Controllers_EF.userServiceController.GetUserInfoByUsernameAndPassword (DVLD_API)"' (99874f2b)
2025-11-03T20:51:37.0346040+01:00 0HNGR0K1AP48D:00000001 [INF] Request finished "HTTP/1.1" "GET" "http"://"localhost:5045""""/api/userService/GetUserInfoByUsernameAndPassword/amine/123""" - 200 null "application/json; charset=utf-8" 8.6933ms (74253ad3)
