2025-10-30T13:05:07.6939587+01:00  [INF] Now listening on: "http://localhost:5045" (d826f4b8)
2025-10-30T13:05:07.8044020+01:00  [INF] Application started. Press Ctrl+C to shut down. (dcaefe54)
2025-10-30T13:05:07.8075174+01:00  [INF] Hosting environment: "Development" (bc5a1a4e)
2025-10-30T13:05:07.8097905+01:00  [INF] Content root path: "S:\14    PFE_DVLD\TheProjectDVLDVersion2.0.0\BackEnd-ServerSide\DVLD_API" (cc26f24e)
2025-10-30T13:05:09.3407511+01:00 0HNGNLI8RH633:00000001 [INF] Request starting "HTTP/1.1" "GET" "http"://"localhost:5045""""/swagger""" - null null (d509f86a)
2025-10-30T13:05:09.5544152+01:00 0HNGNLI8RH633:00000001 [INF] Request finished "HTTP/1.1" "GET" "http"://"localhost:5045""""/swagger""" - 301 0 null 221.5393ms (74253ad3)
2025-10-30T13:05:09.5873340+01:00 0HNGNLI8RH633:00000002 [INF] Request starting "HTTP/1.1" "GET" "http"://"localhost:5045""""/swagger/index.html""" - null null (d509f86a)
2025-10-30T13:05:09.6463752+01:00 0HNGNLI8RH633:00000002 [INF] Request finished "HTTP/1.1" "GET" "http"://"localhost:5045""""/swagger/index.html""" - 200 null "text/html;charset=utf-8" 59.1046ms (74253ad3)
2025-10-30T13:05:09.6720624+01:00 0HNGNLI8RH633:00000003 [INF] Request starting "HTTP/1.1" "GET" "http"://"localhost:5045""""/_framework/aspnetcore-browser-refresh.js""" - null null (d509f86a)
2025-10-30T13:05:09.6735398+01:00 0HNGNLI8RH633:00000003 [INF] Request finished "HTTP/1.1" "GET" "http"://"localhost:5045""""/_framework/aspnetcore-browser-refresh.js""" - 200 16501 "application/javascript; charset=utf-8" 1.5166ms (74253ad3)
2025-10-30T13:05:09.6775065+01:00 0HNGNLI8RH633:00000004 [INF] Request starting "HTTP/1.1" "GET" "http"://"localhost:5045""""/_vs/browserLink""" - null null (d509f86a)
2025-10-30T13:05:09.7269595+01:00 0HNGNLI8RH633:00000004 [INF] Request finished "HTTP/1.1" "GET" "http"://"localhost:5045""""/_vs/browserLink""" - 200 null "text/javascript; charset=UTF-8" 49.4564ms (74253ad3)
2025-10-30T13:05:09.7871029+01:00 0HNGNLI8RH633:00000005 [INF] Request starting "HTTP/1.1" "GET" "http"://"localhost:5045""""/swagger/favicon-16x16.png""" - null null (d509f86a)
2025-10-30T13:05:09.7977568+01:00 0HNGNLI8RH633:00000005 [INF] Sending file. Request path: '"/favicon-16x16.png"'. Physical path: '"N/A"' (27b0a520)
2025-10-30T13:05:09.7978640+01:00 0HNGNLI8RH633:00000005 [INF] Request finished "HTTP/1.1" "GET" "http"://"localhost:5045""""/swagger/favicon-16x16.png""" - 499 665 "image/png" 10.8298ms (74253ad3)
2025-10-30T13:05:09.8202516+01:00 0HNGNLI8RH634:00000001 [INF] Request starting "HTTP/1.1" "GET" "http"://"localhost:5045""""/swagger/v1/swagger.json""" - null null (d509f86a)
2025-10-30T13:05:09.9400569+01:00 0HNGNLI8RH634:00000001 [INF] Request finished "HTTP/1.1" "GET" "http"://"localhost:5045""""/swagger/v1/swagger.json""" - 200 null "application/json;charset=utf-8" 119.8455ms (74253ad3)
2025-10-30T13:24:04.9722695+01:00  [INF] Now listening on: "http://localhost:5045" (d826f4b8)
2025-10-30T13:24:05.0657164+01:00  [INF] Application started. Press Ctrl+C to shut down. (dcaefe54)
2025-10-30T13:24:05.0676596+01:00  [INF] Hosting environment: "Development" (bc5a1a4e)
2025-10-30T13:24:05.0690382+01:00  [INF] Content root path: "S:\14    PFE_DVLD\TheProjectDVLDVersion2.0.0\BackEnd-ServerSide\DVLD_API" (cc26f24e)
2025-10-30T13:24:05.9790813+01:00 0HNGNLSROB19M:00000001 [INF] Request starting "HTTP/1.1" "GET" "http"://"localhost:5045""""/swagger""" - null null (d509f86a)
2025-10-30T13:24:06.0959374+01:00 0HNGNLSROB19M:00000001 [INF] Request finished "HTTP/1.1" "GET" "http"://"localhost:5045""""/swagger""" - 301 0 null 123.5418ms (74253ad3)
2025-10-30T13:24:06.1229376+01:00 0HNGNLSROB19M:00000002 [INF] Request starting "HTTP/1.1" "GET" "http"://"localhost:5045""""/swagger/index.html""" - null null (d509f86a)
2025-10-30T13:24:06.1759396+01:00 0HNGNLSROB19M:00000002 [INF] Request finished "HTTP/1.1" "GET" "http"://"localhost:5045""""/swagger/index.html""" - 200 null "text/html;charset=utf-8" 53.0775ms (74253ad3)
2025-10-30T13:24:06.2222892+01:00 0HNGNLSROB19M:00000003 [INF] Request starting "HTTP/1.1" "GET" "http"://"localhost:5045""""/_framework/aspnetcore-browser-refresh.js""" - null null (d509f86a)
2025-10-30T13:24:06.2256363+01:00 0HNGNLSROB19M:00000003 [INF] Request finished "HTTP/1.1" "GET" "http"://"localhost:5045""""/_framework/aspnetcore-browser-refresh.js""" - 200 16501 "application/javascript; charset=utf-8" 3.4208ms (74253ad3)
2025-10-30T13:24:06.2262059+01:00 0HNGNLSROB19M:00000004 [INF] Request starting "HTTP/1.1" "GET" "http"://"localhost:5045""""/_vs/browserLink""" - null null (d509f86a)
2025-10-30T13:24:06.2570616+01:00 0HNGNLSROB19M:00000004 [INF] Request finished "HTTP/1.1" "GET" "http"://"localhost:5045""""/_vs/browserLink""" - 200 null "text/javascript; charset=UTF-8" 30.8217ms (74253ad3)
2025-10-30T13:24:06.3282799+01:00 0HNGNLSROB19M:00000005 [INF] Request starting "HTTP/1.1" "GET" "http"://"localhost:5045""""/swagger/favicon-16x16.png""" - null null (d509f86a)
2025-10-30T13:24:06.3388875+01:00 0HNGNLSROB19M:00000005 [INF] Sending file. Request path: '"/favicon-16x16.png"'. Physical path: '"N/A"' (27b0a520)
2025-10-30T13:24:06.3390269+01:00 0HNGNLSROB19M:00000005 [INF] Request finished "HTTP/1.1" "GET" "http"://"localhost:5045""""/swagger/favicon-16x16.png""" - 499 665 "image/png" 10.8992ms (74253ad3)
2025-10-30T13:24:06.3584287+01:00 0HNGNLSROB19N:00000001 [INF] Request starting "HTTP/1.1" "GET" "http"://"localhost:5045""""/swagger/v1/swagger.json""" - null null (d509f86a)
2025-10-30T13:24:06.4656765+01:00 0HNGNLSROB19N:00000001 [INF] Request finished "HTTP/1.1" "GET" "http"://"localhost:5045""""/swagger/v1/swagger.json""" - 200 null "application/json;charset=utf-8" 107.2746ms (74253ad3)
2025-10-30T13:24:20.9911182+01:00 0HNGNLSROB19N:00000002 [INF] Request starting "HTTP/1.1" "GET" "http"://"localhost:5045""""/api/userService/GetUserInfoByUsernameAndPassword/qsdf/qsdf""" - null null (d509f86a)
2025-10-30T13:24:21.0062332+01:00 0HNGNLSROB19N:00000002 [WRN] Failed to determine the https port for redirect. (ca76cc21)
2025-10-30T13:24:21.0091146+01:00 0HNGNLSROB19N:00000002 [INF] Executing endpoint '"DVLD_API.Controllers_EF.userServiceController.GetUserInfoByUsernameAndPassword (DVLD_API)"' (500cc934)
2025-10-30T13:24:21.0285319+01:00 0HNGNLSROB19N:00000002 [INF] Route matched with "{action = \"GetUserInfoByUsernameAndPassword\", controller = \"userService\"}". Executing controller action with signature "Microsoft.AspNetCore.Mvc.ActionResult`1[DVLD_SharedModels.clsUserDTO] GetUserInfoByUsernameAndPassword(System.String, System.String)" on controller "DVLD_API.Controllers_EF.userServiceController" ("DVLD_API"). (122b2fdf)
2025-10-30T13:24:23.4752747+01:00 0HNGNLSROB19N:00000002 [INF] Executing "NotFoundObjectResult", writing value of type '"System.String"'. (605b4265)
2025-10-30T13:24:23.4777773+01:00 0HNGNLSROB19N:00000002 [INF] Executed action "DVLD_API.Controllers_EF.userServiceController.GetUserInfoByUsernameAndPassword (DVLD_API)" in 2446.9457ms (afa2e885)
2025-10-30T13:24:23.4778723+01:00 0HNGNLSROB19N:00000002 [INF] Executed endpoint '"DVLD_API.Controllers_EF.userServiceController.GetUserInfoByUsernameAndPassword (DVLD_API)"' (99874f2b)
2025-10-30T13:24:23.4779714+01:00 0HNGNLSROB19N:00000002 [INF] Request finished "HTTP/1.1" "GET" "http"://"localhost:5045""""/api/userService/GetUserInfoByUsernameAndPassword/qsdf/qsdf""" - 404 null "text/plain; charset=utf-8" 2487.0115ms (74253ad3)
2025-10-30T13:30:55.5587001+01:00  [INF] Now listening on: "http://localhost:5045" (d826f4b8)
2025-10-30T13:30:55.6657817+01:00  [INF] Application started. Press Ctrl+C to shut down. (dcaefe54)
2025-10-30T13:30:55.6677381+01:00  [INF] Hosting environment: "Development" (bc5a1a4e)
2025-10-30T13:30:55.6689719+01:00  [INF] Content root path: "S:\14    PFE_DVLD\TheProjectDVLDVersion2.0.0\BackEnd-ServerSide\DVLD_API" (cc26f24e)
2025-10-30T13:30:56.8531429+01:00 0HNGNM0M65BRU:00000001 [INF] Request starting "HTTP/1.1" "GET" "http"://"localhost:5045""""/swagger""" - null null (d509f86a)
2025-10-30T13:30:56.9719203+01:00 0HNGNM0M65BRU:00000001 [INF] Request finished "HTTP/1.1" "GET" "http"://"localhost:5045""""/swagger""" - 301 0 null 127.2457ms (74253ad3)
2025-10-30T13:30:57.0054573+01:00 0HNGNM0M65BRU:00000002 [INF] Request starting "HTTP/1.1" "GET" "http"://"localhost:5045""""/swagger/index.html""" - null null (d509f86a)
2025-10-30T13:30:57.0869730+01:00 0HNGNM0M65BRU:00000002 [INF] Request finished "HTTP/1.1" "GET" "http"://"localhost:5045""""/swagger/index.html""" - 200 null "text/html;charset=utf-8" 81.591ms (74253ad3)
2025-10-30T13:30:57.1372943+01:00 0HNGNM0M65BRU:00000003 [INF] Request starting "HTTP/1.1" "GET" "http"://"localhost:5045""""/_framework/aspnetcore-browser-refresh.js""" - null null (d509f86a)
2025-10-30T13:30:57.1394778+01:00 0HNGNM0M65BRU:00000003 [INF] Request finished "HTTP/1.1" "GET" "http"://"localhost:5045""""/_framework/aspnetcore-browser-refresh.js""" - 200 16501 "application/javascript; charset=utf-8" 2.2605ms (74253ad3)
2025-10-30T13:30:57.1560360+01:00 0HNGNM0M65BRU:00000004 [INF] Request starting "HTTP/1.1" "GET" "http"://"localhost:5045""""/swagger/swagger-ui.css""" - null null (d509f86a)
2025-10-30T13:30:57.1654147+01:00 0HNGNM0M65BRU:00000004 [INF] Sending file. Request path: '"/swagger-ui.css"'. Physical path: '"N/A"' (27b0a520)
2025-10-30T13:30:57.1656626+01:00 0HNGNM0M65BRU:00000004 [INF] Request finished "HTTP/1.1" "GET" "http"://"localhost:5045""""/swagger/swagger-ui.css""" - 499 152034 "text/css" 9.6636ms (74253ad3)
2025-10-30T13:30:57.1659755+01:00 0HNGNM0M65BRV:00000001 [INF] Request starting "HTTP/1.1" "GET" "http"://"localhost:5045""""/_vs/browserLink""" - null null (d509f86a)
2025-10-30T13:30:57.1925274+01:00 0HNGNM0M65BRV:00000001 [INF] Request finished "HTTP/1.1" "GET" "http"://"localhost:5045""""/_vs/browserLink""" - 200 null "text/javascript; charset=UTF-8" 26.531ms (74253ad3)
2025-10-30T13:30:57.2936249+01:00 0HNGNM0M65BRV:00000002 [INF] Request starting "HTTP/1.1" "GET" "http"://"localhost:5045""""/swagger/favicon-16x16.png""" - null null (d509f86a)
2025-10-30T13:30:57.2948930+01:00 0HNGNM0M65BRV:00000002 [INF] Sending file. Request path: '"/favicon-16x16.png"'. Physical path: '"N/A"' (27b0a520)
2025-10-30T13:30:57.2949746+01:00 0HNGNM0M65BRV:00000002 [INF] Request finished "HTTP/1.1" "GET" "http"://"localhost:5045""""/swagger/favicon-16x16.png""" - 499 665 "image/png" 1.4504ms (74253ad3)
2025-10-30T13:30:57.3333592+01:00 0HNGNM0M65BS0:00000001 [INF] Request starting "HTTP/1.1" "GET" "http"://"localhost:5045""""/swagger/v1/swagger.json""" - null null (d509f86a)
2025-10-30T13:30:57.4496360+01:00 0HNGNM0M65BS0:00000001 [INF] Request finished "HTTP/1.1" "GET" "http"://"localhost:5045""""/swagger/v1/swagger.json""" - 200 null "application/json;charset=utf-8" 116.3163ms (74253ad3)
2025-10-30T13:36:31.6785834+01:00 0HNGNM0M65BS1:00000001 [INF] Request starting "HTTP/1.1" "GET" "http"://"localhost:5045""""/api/UsersAPi/GetAllUsers""" - null null (d509f86a)
2025-10-30T13:36:31.7110129+01:00 0HNGNM0M65BS1:00000001 [WRN] Failed to determine the https port for redirect. (ca76cc21)
2025-10-30T13:36:31.7135661+01:00 0HNGNM0M65BS1:00000001 [WRN] Failed to determine the https port for redirect. (ca76cc21)
2025-10-30T13:36:31.7150363+01:00 0HNGNM0M65BS1:00000001 [INF] Executing endpoint '"DVLD_API.Controllers.UsersAPIController.GetAllUsers (DVLD_API)"' (500cc934)
2025-10-30T13:36:31.7308436+01:00 0HNGNM0M65BS1:00000001 [INF] Route matched with "{action = \"GetAllUsers\", controller = \"UsersAPI\"}". Executing controller action with signature "Microsoft.AspNetCore.Mvc.ActionResult`1[System.Collections.Generic.IEnumerable`1[DVLD_SharedModels.clsUserDTO]] GetAllUsers()" on controller "DVLD_API.Controllers.UsersAPIController" ("DVLD_API"). (122b2fdf)
2025-10-30T13:36:32.0153956+01:00 0HNGNM0M65BS1:00000001 [INF] Executing "OkObjectResult", writing value of type '"System.Collections.Generic.List`1[[DVLD_SharedModels.clsUserDTO, DVLD_SharedModels, Version=1.0.0.0, Culture=neutral, PublicKeyToken=null]]"'. (605b4265)
2025-10-30T13:36:32.0213435+01:00 0HNGNM0M65BS1:00000001 [INF] Executed action "DVLD_API.Controllers.UsersAPIController.GetAllUsers (DVLD_API)" in 288.3602ms (afa2e885)
2025-10-30T13:36:32.0214100+01:00 0HNGNM0M65BS1:00000001 [INF] Executed endpoint '"DVLD_API.Controllers.UsersAPIController.GetAllUsers (DVLD_API)"' (99874f2b)
2025-10-30T13:36:32.0215199+01:00 0HNGNM0M65BS1:00000001 [INF] Request finished "HTTP/1.1" "GET" "http"://"localhost:5045""""/api/UsersAPi/GetAllUsers""" - 200 null "application/json; charset=utf-8" 343.0045ms (74253ad3)
2025-10-30T13:37:02.0935442+01:00 0HNGNM0M65BS2:00000001 [INF] Request starting "HTTP/1.1" "GET" "http"://"localhost:5045""""/api/userService/GetUserInfoByUsernameAndPassword/amine/123""" - null null (d509f86a)
2025-10-30T13:37:02.0965330+01:00 0HNGNM0M65BS2:00000001 [INF] CORS policy execution successful. (5409d6ef)
2025-10-30T13:37:02.0971790+01:00 0HNGNM0M65BS2:00000001 [INF] Executing endpoint '"DVLD_API.Controllers_EF.userServiceController.GetUserInfoByUsernameAndPassword (DVLD_API)"' (500cc934)
2025-10-30T13:37:02.1023135+01:00 0HNGNM0M65BS2:00000001 [INF] Route matched with "{action = \"GetUserInfoByUsernameAndPassword\", controller = \"userService\"}". Executing controller action with signature "Microsoft.AspNetCore.Mvc.ActionResult`1[DVLD_SharedModels.clsUserDTO] GetUserInfoByUsernameAndPassword(System.String, System.String)" on controller "DVLD_API.Controllers_EF.userServiceController" ("DVLD_API"). (122b2fdf)
2025-10-30T13:37:02.8965520+01:00 0HNGNM0M65BS2:00000001 [INF] Executing "OkObjectResult", writing value of type '"DVLD_SharedModels.clsUserDTO"'. (605b4265)
2025-10-30T13:37:02.8978336+01:00 0HNGNM0M65BS2:00000001 [INF] Executed action "DVLD_API.Controllers_EF.userServiceController.GetUserInfoByUsernameAndPassword (DVLD_API)" in 795.4556ms (afa2e885)
2025-10-30T13:37:02.8978709+01:00 0HNGNM0M65BS2:00000001 [INF] Executed endpoint '"DVLD_API.Controllers_EF.userServiceController.GetUserInfoByUsernameAndPassword (DVLD_API)"' (99874f2b)
2025-10-30T13:37:02.8979477+01:00 0HNGNM0M65BS2:00000001 [INF] Request finished "HTTP/1.1" "GET" "http"://"localhost:5045""""/api/userService/GetUserInfoByUsernameAndPassword/amine/123""" - 200 null "application/json; charset=utf-8" 805.5239ms (74253ad3)
