2025-10-31T00:57:40.3048148+01:00  [INF] Now listening on: "http://localhost:5045" (d826f4b8)
2025-10-31T00:57:40.4196046+01:00  [INF] Application started. Press Ctrl+C to shut down. (dcaefe54)
2025-10-31T00:57:40.4214188+01:00  [INF] Hosting environment: "Development" (bc5a1a4e)
2025-10-31T00:57:40.4225963+01:00  [INF] Content root path: "S:\14    PFE_DVLD\TheProjectDVLDVersion2.0.0\BackEnd-ServerSide\ADO_net\DVLD_API" (cc26f24e)
2025-10-31T00:58:06.9049219+01:00 0HNGO20E50LT7:00000001 [INF] Request starting "HTTP/1.1" "GET" "http"://"localhost:5045""""/api/userService/GetUserInfoByUsernameAndPassword/amine/1234""" - null null (d509f86a)
2025-10-31T00:58:06.9501115+01:00 0HNGO20E50LT7:00000001 [INF] CORS policy execution successful. (5409d6ef)
2025-10-31T00:58:06.9580646+01:00 0HNGO20E50LT7:00000001 [WRN] Failed to determine the https port for redirect. (ca76cc21)
2025-10-31T00:58:06.9603065+01:00 0HNGO20E50LT7:00000001 [WRN] Failed to determine the https port for redirect. (ca76cc21)
2025-10-31T00:58:06.9616369+01:00 0HNGO20E50LT7:00000001 [INF] Executing endpoint '"DVLD_API.Controllers_EF.userServiceController.GetUserInfoByUsernameAndPassword (DVLD_API)"' (500cc934)
2025-10-31T00:58:06.9780687+01:00 0HNGO20E50LT7:00000001 [INF] Route matched with "{action = \"GetUserInfoByUsernameAndPassword\", controller = \"userService\"}". Executing controller action with signature "Microsoft.AspNetCore.Mvc.ActionResult`1[DVLD_SharedModels.clsUserDTO] GetUserInfoByUsernameAndPassword(System.String, System.String)" on controller "DVLD_API.Controllers_EF.userServiceController" ("DVLD_API"). (122b2fdf)
2025-10-31T00:58:08.5051486+01:00 0HNGO20E50LT7:00000001 [INF] Executing "NotFoundObjectResult", writing value of type '"System.String"'. (605b4265)
2025-10-31T00:58:08.5098203+01:00 0HNGO20E50LT7:00000001 [INF] Executed action "DVLD_API.Controllers_EF.userServiceController.GetUserInfoByUsernameAndPassword (DVLD_API)" in 1529.5666ms (afa2e885)
2025-10-31T00:58:08.5098911+01:00 0HNGO20E50LT7:00000001 [INF] Executed endpoint '"DVLD_API.Controllers_EF.userServiceController.GetUserInfoByUsernameAndPassword (DVLD_API)"' (99874f2b)
2025-10-31T00:58:08.5108100+01:00 0HNGO20E50LT7:00000001 [INF] Request finished "HTTP/1.1" "GET" "http"://"localhost:5045""""/api/userService/GetUserInfoByUsernameAndPassword/amine/1234""" - 404 null "text/plain; charset=utf-8" 1613.4713ms (74253ad3)
2025-10-31T00:58:15.6264580+01:00 0HNGO20E50LT7:00000002 [INF] Request starting "HTTP/1.1" "GET" "http"://"localhost:5045""""/api/userService/GetUserInfoByUsernameAndPassword/amine/123""" - null null (d509f86a)
2025-10-31T00:58:15.6287390+01:00 0HNGO20E50LT7:00000002 [INF] CORS policy execution successful. (5409d6ef)
2025-10-31T00:58:15.6288357+01:00 0HNGO20E50LT7:00000002 [INF] Executing endpoint '"DVLD_API.Controllers_EF.userServiceController.GetUserInfoByUsernameAndPassword (DVLD_API)"' (500cc934)
2025-10-31T00:58:15.6290288+01:00 0HNGO20E50LT7:00000002 [INF] Route matched with "{action = \"GetUserInfoByUsernameAndPassword\", controller = \"userService\"}". Executing controller action with signature "Microsoft.AspNetCore.Mvc.ActionResult`1[DVLD_SharedModels.clsUserDTO] GetUserInfoByUsernameAndPassword(System.String, System.String)" on controller "DVLD_API.Controllers_EF.userServiceController" ("DVLD_API"). (122b2fdf)
2025-10-31T00:58:15.6555948+01:00 0HNGO20E50LT7:00000002 [INF] Executing "OkObjectResult", writing value of type '"DVLD_SharedModels.clsUserDTO"'. (605b4265)
2025-10-31T00:58:15.6591471+01:00 0HNGO20E50LT7:00000002 [INF] Executed action "DVLD_API.Controllers_EF.userServiceController.GetUserInfoByUsernameAndPassword (DVLD_API)" in 30.0695ms (afa2e885)
2025-10-31T00:58:15.6591843+01:00 0HNGO20E50LT7:00000002 [INF] Executed endpoint '"DVLD_API.Controllers_EF.userServiceController.GetUserInfoByUsernameAndPassword (DVLD_API)"' (99874f2b)
2025-10-31T00:58:15.6593296+01:00 0HNGO20E50LT7:00000002 [INF] Request finished "HTTP/1.1" "GET" "http"://"localhost:5045""""/api/userService/GetUserInfoByUsernameAndPassword/amine/123""" - 200 null "application/json; charset=utf-8" 33.0187ms (74253ad3)
2025-10-31T00:58:34.0877510+01:00 0HNGO20E50LT7:00000003 [INF] Request starting "HTTP/1.1" "GET" "http"://"localhost:5045""""/api/userService/GetUserInfoByUsernameAndPassword/amine/123""" - null null (d509f86a)
2025-10-31T00:58:34.0889532+01:00 0HNGO20E50LT7:00000003 [INF] CORS policy execution successful. (5409d6ef)
2025-10-31T00:58:34.0890720+01:00 0HNGO20E50LT7:00000003 [INF] Executing endpoint '"DVLD_API.Controllers_EF.userServiceController.GetUserInfoByUsernameAndPassword (DVLD_API)"' (500cc934)
2025-10-31T00:58:34.0891516+01:00 0HNGO20E50LT7:00000003 [INF] Route matched with "{action = \"GetUserInfoByUsernameAndPassword\", controller = \"userService\"}". Executing controller action with signature "Microsoft.AspNetCore.Mvc.ActionResult`1[DVLD_SharedModels.clsUserDTO] GetUserInfoByUsernameAndPassword(System.String, System.String)" on controller "DVLD_API.Controllers_EF.userServiceController" ("DVLD_API"). (122b2fdf)
2025-10-31T00:58:34.1276465+01:00 0HNGO20E50LT7:00000003 [INF] Executing "OkObjectResult", writing value of type '"DVLD_SharedModels.clsUserDTO"'. (605b4265)
2025-10-31T00:58:34.1278670+01:00 0HNGO20E50LT7:00000003 [INF] Executed action "DVLD_API.Controllers_EF.userServiceController.GetUserInfoByUsernameAndPassword (DVLD_API)" in 38.6771ms (afa2e885)
2025-10-31T00:58:34.1278944+01:00 0HNGO20E50LT7:00000003 [INF] Executed endpoint '"DVLD_API.Controllers_EF.userServiceController.GetUserInfoByUsernameAndPassword (DVLD_API)"' (99874f2b)
2025-10-31T00:58:34.1279619+01:00 0HNGO20E50LT7:00000003 [INF] Request finished "HTTP/1.1" "GET" "http"://"localhost:5045""""/api/userService/GetUserInfoByUsernameAndPassword/amine/123""" - 200 null "application/json; charset=utf-8" 40.3227ms (74253ad3)
2025-10-31T00:59:49.7669240+01:00 0HNGO20E50LT7:00000004 [INF] Request starting "HTTP/1.1" "GET" "http"://"localhost:5045""""/api/userService/GetUserInfoByUsernameAndPassword/qsdf/qsdfq""" - null null (d509f86a)
2025-10-31T00:59:49.7688620+01:00 0HNGO20E50LT7:00000004 [INF] CORS policy execution successful. (5409d6ef)
2025-10-31T00:59:49.7689444+01:00 0HNGO20E50LT7:00000004 [INF] Executing endpoint '"DVLD_API.Controllers_EF.userServiceController.GetUserInfoByUsernameAndPassword (DVLD_API)"' (500cc934)
2025-10-31T00:59:49.7690579+01:00 0HNGO20E50LT7:00000004 [INF] Route matched with "{action = \"GetUserInfoByUsernameAndPassword\", controller = \"userService\"}". Executing controller action with signature "Microsoft.AspNetCore.Mvc.ActionResult`1[DVLD_SharedModels.clsUserDTO] GetUserInfoByUsernameAndPassword(System.String, System.String)" on controller "DVLD_API.Controllers_EF.userServiceController" ("DVLD_API"). (122b2fdf)
2025-10-31T00:59:49.7810729+01:00 0HNGO20E50LT7:00000004 [INF] Executing "NotFoundObjectResult", writing value of type '"System.String"'. (605b4265)
2025-10-31T00:59:49.7813004+01:00 0HNGO20E50LT7:00000004 [INF] Executed action "DVLD_API.Controllers_EF.userServiceController.GetUserInfoByUsernameAndPassword (DVLD_API)" in 12.1921ms (afa2e885)
2025-10-31T00:59:49.7813403+01:00 0HNGO20E50LT7:00000004 [INF] Executed endpoint '"DVLD_API.Controllers_EF.userServiceController.GetUserInfoByUsernameAndPassword (DVLD_API)"' (99874f2b)
2025-10-31T00:59:49.7814061+01:00 0HNGO20E50LT7:00000004 [INF] Request finished "HTTP/1.1" "GET" "http"://"localhost:5045""""/api/userService/GetUserInfoByUsernameAndPassword/qsdf/qsdfq""" - 404 null "text/plain; charset=utf-8" 15.8832ms (74253ad3)
2025-10-31T01:03:04.4455527+01:00 0HNGO20E50LT8:00000001 [INF] Request starting "HTTP/1.1" "GET" "http"://"localhost:5045""""/swagger""" - null null (d509f86a)
2025-10-31T01:03:04.6814040+01:00 0HNGO20E50LT8:00000001 [INF] Request finished "HTTP/1.1" "GET" "http"://"localhost:5045""""/swagger""" - 499 null null 235.957ms (74253ad3)
