2025-07-20T20:13:25.7066658+01:00  [INF] Now listening on: "http://localhost:5045" (d826f4b8)
2025-07-20T20:13:25.7690344+01:00  [INF] Application started. Press Ctrl+C to shut down. (dcaefe54)
2025-07-20T20:13:25.7709261+01:00  [INF] Hosting environment: "Development" (bc5a1a4e)
2025-07-20T20:13:25.7725167+01:00  [INF] Content root path: "S:\14    PFE_DVLD\TheProjectDVLDVersion2.0.0\BackEnd-ServerSide\DVLD_API" (cc26f24e)
2025-07-20T20:13:27.4833510+01:00 0HNE7O60A4RR7:00000001 [INF] Request starting "HTTP/1.1" "GET" "http"://"localhost:5045""""/swagger""" - null null (d509f86a)
2025-07-20T20:13:27.6671037+01:00 0HNE7O60A4RR7:00000001 [INF] Request finished "HTTP/1.1" "GET" "http"://"localhost:5045""""/swagger""" - 301 0 null 189.413ms (74253ad3)
2025-07-20T20:13:27.6792768+01:00 0HNE7O60A4RR7:00000002 [INF] Request starting "HTTP/1.1" "GET" "http"://"localhost:5045""""/swagger/index.html""" - null null (d509f86a)
2025-07-20T20:13:27.7220540+01:00 0HNE7O60A4RR7:00000002 [INF] Request finished "HTTP/1.1" "GET" "http"://"localhost:5045""""/swagger/index.html""" - 200 null "text/html;charset=utf-8" 42.8622ms (74253ad3)
2025-07-20T20:13:27.7605570+01:00 0HNE7O60A4RR7:00000003 [INF] Request starting "HTTP/1.1" "GET" "http"://"localhost:5045""""/_framework/aspnetcore-browser-refresh.js""" - null null (d509f86a)
2025-07-20T20:13:27.7618835+01:00 0HNE7O60A4RR7:00000003 [INF] Request finished "HTTP/1.1" "GET" "http"://"localhost:5045""""/_framework/aspnetcore-browser-refresh.js""" - 200 16501 "application/javascript; charset=utf-8" 1.3901ms (74253ad3)
2025-07-20T20:13:27.7629241+01:00 0HNE7O60A4RR8:00000001 [INF] Request starting "HTTP/1.1" "GET" "http"://"localhost:5045""""/swagger/swagger-ui.css""" - null null (d509f86a)
2025-07-20T20:13:27.7779338+01:00 0HNE7O60A4RR8:00000001 [INF] The file "/swagger-ui.css" was not modified (f1f8d725)
2025-07-20T20:13:27.7783459+01:00 0HNE7O60A4RR8:00000001 [INF] Request finished "HTTP/1.1" "GET" "http"://"localhost:5045""""/swagger/swagger-ui.css""" - 304 null "text/css" 15.4808ms (74253ad3)
2025-07-20T20:13:27.7790979+01:00 0HNE7O60A4RR8:00000002 [INF] Request starting "HTTP/1.1" "GET" "http"://"localhost:5045""""/swagger/swagger-ui-bundle.js""" - null null (d509f86a)
2025-07-20T20:13:27.7790980+01:00 0HNE7O60A4RR7:00000004 [INF] Request starting "HTTP/1.1" "GET" "http"://"localhost:5045""""/swagger/swagger-ui-standalone-preset.js""" - null null (d509f86a)
2025-07-20T20:13:27.7798813+01:00 0HNE7O60A4RR8:00000002 [INF] The file "/swagger-ui-bundle.js" was not modified (f1f8d725)
2025-07-20T20:13:27.7799929+01:00 0HNE7O60A4RR7:00000004 [INF] The file "/swagger-ui-standalone-preset.js" was not modified (f1f8d725)
2025-07-20T20:13:27.7800392+01:00 0HNE7O60A4RR8:00000002 [INF] Request finished "HTTP/1.1" "GET" "http"://"localhost:5045""""/swagger/swagger-ui-bundle.js""" - 304 null "text/javascript" 0.9744ms (74253ad3)
2025-07-20T20:13:27.7800441+01:00 0HNE7O60A4RR9:00000001 [INF] Request starting "HTTP/1.1" "GET" "http"://"localhost:5045""""/_vs/browserLink""" - null null (d509f86a)
2025-07-20T20:13:27.7800866+01:00 0HNE7O60A4RR7:00000004 [INF] Request finished "HTTP/1.1" "GET" "http"://"localhost:5045""""/swagger/swagger-ui-standalone-preset.js""" - 304 null "text/javascript" 1.0265ms (74253ad3)
2025-07-20T20:13:27.8420942+01:00 0HNE7O60A4RR9:00000001 [INF] Request finished "HTTP/1.1" "GET" "http"://"localhost:5045""""/_vs/browserLink""" - 200 null "text/javascript; charset=UTF-8" 62.0498ms (74253ad3)
2025-07-20T20:13:27.8866883+01:00 0HNE7O60A4RR9:00000002 [INF] Request starting "HTTP/1.1" "GET" "http"://"localhost:5045""""/swagger/favicon-16x16.png""" - null null (d509f86a)
2025-07-20T20:13:27.8911872+01:00 0HNE7O60A4RR9:00000002 [INF] Sending file. Request path: '"/favicon-16x16.png"'. Physical path: '"N/A"' (27b0a520)
2025-07-20T20:13:27.8913179+01:00 0HNE7O60A4RR9:00000002 [INF] Request finished "HTTP/1.1" "GET" "http"://"localhost:5045""""/swagger/favicon-16x16.png""" - 200 665 "image/png" 4.68ms (74253ad3)
2025-07-20T20:13:27.9332098+01:00 0HNE7O60A4RR9:00000003 [INF] Request starting "HTTP/1.1" "GET" "http"://"localhost:5045""""/swagger/v1/swagger.json""" - null null (d509f86a)
2025-07-20T20:13:28.0314295+01:00 0HNE7O60A4RR9:00000003 [INF] Request finished "HTTP/1.1" "GET" "http"://"localhost:5045""""/swagger/v1/swagger.json""" - 200 null "application/json;charset=utf-8" 98.255ms (74253ad3)
2025-07-20T20:24:45.9374709+01:00 0HNE7O60A4RRA:00000001 [INF] Request starting "HTTP/1.1" "GET" "http"://"localhost:5045""""/api/TestsAsync/GetTestById/64""" - null null (d509f86a)
2025-07-20T20:24:45.9517232+01:00 0HNE7O60A4RRA:00000001 [WRN] Failed to determine the https port for redirect. (ca76cc21)
2025-07-20T20:24:45.9547319+01:00 0HNE7O60A4RRA:00000001 [INF] Executing endpoint '"DVLD_API.Controllers.TestsAsyncController.GetTestById (DVLD_API)"' (500cc934)
2025-07-20T20:24:45.9764792+01:00 0HNE7O60A4RRA:00000001 [INF] Route matched with "{action = \"GetTestById\", controller = \"TestsAsync\"}". Executing controller action with signature "System.Threading.Tasks.Task`1[Microsoft.AspNetCore.Mvc.ActionResult`1[DVLD_SharedModels.clsTestDTO]] GetTestById(Int32)" on controller "DVLD_API.Controllers.TestsAsyncController" ("DVLD_API"). (122b2fdf)
2025-07-20T20:24:46.8457217+01:00 0HNE7O60A4RRA:00000001 [INF] Executing "OkObjectResult", writing value of type '"DVLD_SharedModels.clsTestDTO"'. (605b4265)
2025-07-20T20:24:46.8520546+01:00 0HNE7O60A4RRA:00000001 [INF] Executed action "DVLD_API.Controllers.TestsAsyncController.GetTestById (DVLD_API)" in 873.4207ms (afa2e885)
2025-07-20T20:24:46.8523408+01:00 0HNE7O60A4RRA:00000001 [INF] Executed endpoint '"DVLD_API.Controllers.TestsAsyncController.GetTestById (DVLD_API)"' (99874f2b)
2025-07-20T20:24:46.8527919+01:00 0HNE7O60A4RRA:00000001 [INF] Request finished "HTTP/1.1" "GET" "http"://"localhost:5045""""/api/TestsAsync/GetTestById/64""" - 200 null "application/json; charset=utf-8" 915.3914ms (74253ad3)
2025-07-20T20:25:55.5173478+01:00 0HNE7O60A4RRA:00000002 [INF] Request starting "HTTP/1.1" "POST" "http"://"localhost:5045""""/api/TestsAsync/AddNewTest""" - "application/json" 109 (d509f86a)
2025-07-20T20:25:55.5197175+01:00 0HNE7O60A4RRA:00000002 [INF] Executing endpoint '"DVLD_API.Controllers.TestsAsyncController.CreateTest (DVLD_API)"' (500cc934)
2025-07-20T20:25:55.5223822+01:00 0HNE7O60A4RRA:00000002 [INF] Route matched with "{action = \"CreateTest\", controller = \"TestsAsync\"}". Executing controller action with signature "System.Threading.Tasks.Task`1[Microsoft.AspNetCore.Mvc.ActionResult`1[DVLD_SharedModels.clsTestDTO]] CreateTest(DVLD_SharedModels.clsTestDTO)" on controller "DVLD_API.Controllers.TestsAsyncController" ("DVLD_API"). (122b2fdf)
2025-07-20T20:25:55.6252698+01:00 0HNE7O60A4RRA:00000002 [INF] Executing "ObjectResult", writing value of type '"System.String"'. (605b4265)
2025-07-20T20:25:55.6255360+01:00 0HNE7O60A4RRA:00000002 [INF] Executed action "DVLD_API.Controllers.TestsAsyncController.CreateTest (DVLD_API)" in 103.105ms (afa2e885)
2025-07-20T20:25:55.6255752+01:00 0HNE7O60A4RRA:00000002 [INF] Executed endpoint '"DVLD_API.Controllers.TestsAsyncController.CreateTest (DVLD_API)"' (99874f2b)
2025-07-20T20:25:55.6256869+01:00 0HNE7O60A4RRA:00000002 [INF] Request finished "HTTP/1.1" "POST" "http"://"localhost:5045""""/api/TestsAsync/AddNewTest""" - 500 null "text/plain; charset=utf-8" 108.42ms (74253ad3)
2025-07-20T20:26:29.8572916+01:00 0HNE7O60A4RRA:00000003 [INF] Request starting "HTTP/1.1" "POST" "http"://"localhost:5045""""/api/TestsAsync/AddNewTest""" - "application/json" 111 (d509f86a)
2025-07-20T20:26:29.8591819+01:00 0HNE7O60A4RRA:00000003 [INF] Executing endpoint '"DVLD_API.Controllers.TestsAsyncController.CreateTest (DVLD_API)"' (500cc934)
2025-07-20T20:26:29.8602683+01:00 0HNE7O60A4RRA:00000003 [INF] Route matched with "{action = \"CreateTest\", controller = \"TestsAsync\"}". Executing controller action with signature "System.Threading.Tasks.Task`1[Microsoft.AspNetCore.Mvc.ActionResult`1[DVLD_SharedModels.clsTestDTO]] CreateTest(DVLD_SharedModels.clsTestDTO)" on controller "DVLD_API.Controllers.TestsAsyncController" ("DVLD_API"). (122b2fdf)
2025-07-20T20:26:29.8720684+01:00 0HNE7O60A4RRA:00000003 [INF] Executing "CreatedAtRouteResult", writing value of type '"DVLD_SharedModels.clsTestDTO"'. (605b4265)
2025-07-20T20:26:29.8842307+01:00 0HNE7O60A4RRA:00000003 [INF] Executed action "DVLD_API.Controllers.TestsAsyncController.CreateTest (DVLD_API)" in 23.8909ms (afa2e885)
2025-07-20T20:26:29.8842763+01:00 0HNE7O60A4RRA:00000003 [INF] Executed endpoint '"DVLD_API.Controllers.TestsAsyncController.CreateTest (DVLD_API)"' (99874f2b)
2025-07-20T20:26:29.8843760+01:00 0HNE7O60A4RRA:00000003 [INF] Request finished "HTTP/1.1" "POST" "http"://"localhost:5045""""/api/TestsAsync/AddNewTest""" - 201 null "application/json; charset=utf-8" 27.1623ms (74253ad3)
2025-07-20T20:27:41.7147355+01:00 0HNE7O60A4RRA:00000004 [INF] Request starting "HTTP/1.1" "PUT" "http"://"localhost:5045""""/api/TestsAsync/UpdateTest/84""" - "application/json" 123 (d509f86a)
2025-07-20T20:27:41.7161931+01:00 0HNE7O60A4RRA:00000004 [INF] Executing endpoint '"DVLD_API.Controllers.TestsAsyncController.UpdateTest (DVLD_API)"' (500cc934)
2025-07-20T20:27:41.7197992+01:00 0HNE7O60A4RRA:00000004 [INF] Route matched with "{action = \"UpdateTest\", controller = \"TestsAsync\"}". Executing controller action with signature "System.Threading.Tasks.Task`1[Microsoft.AspNetCore.Mvc.IActionResult] UpdateTest(Int32, DVLD_SharedModels.clsTestDTO)" on controller "DVLD_API.Controllers.TestsAsyncController" ("DVLD_API"). (122b2fdf)
2025-07-20T20:27:41.7212770+01:00 0HNE7O60A4RRA:00000004 [INF] Executing "BadRequestObjectResult", writing value of type '"System.String"'. (605b4265)
2025-07-20T20:27:41.7213659+01:00 0HNE7O60A4RRA:00000004 [INF] Executed action "DVLD_API.Controllers.TestsAsyncController.UpdateTest (DVLD_API)" in 1.5413ms (afa2e885)
2025-07-20T20:27:41.7213823+01:00 0HNE7O60A4RRA:00000004 [INF] Executed endpoint '"DVLD_API.Controllers.TestsAsyncController.UpdateTest (DVLD_API)"' (99874f2b)
2025-07-20T20:27:41.7214251+01:00 0HNE7O60A4RRA:00000004 [INF] Request finished "HTTP/1.1" "PUT" "http"://"localhost:5045""""/api/TestsAsync/UpdateTest/84""" - 400 null "text/plain; charset=utf-8" 7.2185ms (74253ad3)
2025-07-20T20:28:24.7714401+01:00 0HNE7O60A4RRA:00000005 [INF] Request starting "HTTP/1.1" "PUT" "http"://"localhost:5045""""/api/TestsAsync/UpdateTest/84""" - "application/json" 107 (d509f86a)
2025-07-20T20:28:24.7716998+01:00 0HNE7O60A4RRA:00000005 [INF] Executing endpoint '"DVLD_API.Controllers.TestsAsyncController.UpdateTest (DVLD_API)"' (500cc934)
2025-07-20T20:28:24.7722495+01:00 0HNE7O60A4RRA:00000005 [INF] Route matched with "{action = \"UpdateTest\", controller = \"TestsAsync\"}". Executing controller action with signature "System.Threading.Tasks.Task`1[Microsoft.AspNetCore.Mvc.IActionResult] UpdateTest(Int32, DVLD_SharedModels.clsTestDTO)" on controller "DVLD_API.Controllers.TestsAsyncController" ("DVLD_API"). (122b2fdf)
2025-07-20T20:28:24.7754717+01:00 0HNE7O60A4RRA:00000005 [INF] Executing "BadRequestObjectResult", writing value of type '"System.String"'. (605b4265)
2025-07-20T20:28:24.7755718+01:00 0HNE7O60A4RRA:00000005 [INF] Executed action "DVLD_API.Controllers.TestsAsyncController.UpdateTest (DVLD_API)" in 3.29ms (afa2e885)
2025-07-20T20:28:24.7756010+01:00 0HNE7O60A4RRA:00000005 [INF] Executed endpoint '"DVLD_API.Controllers.TestsAsyncController.UpdateTest (DVLD_API)"' (99874f2b)
2025-07-20T20:28:24.7756646+01:00 0HNE7O60A4RRA:00000005 [INF] Request finished "HTTP/1.1" "PUT" "http"://"localhost:5045""""/api/TestsAsync/UpdateTest/84""" - 400 null "text/plain; charset=utf-8" 4.31ms (74253ad3)
2025-07-20T20:28:50.8128743+01:00 0HNE7O60A4RRA:00000006 [INF] Request starting "HTTP/1.1" "PUT" "http"://"localhost:5045""""/api/TestsAsync/UpdateTest/84""" - "application/json" 107 (d509f86a)
2025-07-20T20:28:50.8135614+01:00 0HNE7O60A4RRA:00000006 [INF] Executing endpoint '"DVLD_API.Controllers.TestsAsyncController.UpdateTest (DVLD_API)"' (500cc934)
2025-07-20T20:28:50.8136769+01:00 0HNE7O60A4RRA:00000006 [INF] Route matched with "{action = \"UpdateTest\", controller = \"TestsAsync\"}". Executing controller action with signature "System.Threading.Tasks.Task`1[Microsoft.AspNetCore.Mvc.IActionResult] UpdateTest(Int32, DVLD_SharedModels.clsTestDTO)" on controller "DVLD_API.Controllers.TestsAsyncController" ("DVLD_API"). (122b2fdf)
2025-07-20T20:28:50.8166927+01:00 0HNE7O60A4RRA:00000006 [INF] Executing "BadRequestObjectResult", writing value of type '"System.String"'. (605b4265)
2025-07-20T20:28:50.8168465+01:00 0HNE7O60A4RRA:00000006 [INF] Executed action "DVLD_API.Controllers.TestsAsyncController.UpdateTest (DVLD_API)" in 3.1337ms (afa2e885)
2025-07-20T20:28:50.8168881+01:00 0HNE7O60A4RRA:00000006 [INF] Executed endpoint '"DVLD_API.Controllers.TestsAsyncController.UpdateTest (DVLD_API)"' (99874f2b)
2025-07-20T20:28:50.8169729+01:00 0HNE7O60A4RRA:00000006 [INF] Request finished "HTTP/1.1" "PUT" "http"://"localhost:5045""""/api/TestsAsync/UpdateTest/84""" - 400 null "text/plain; charset=utf-8" 4.2495ms (74253ad3)
2025-07-20T20:29:25.3279634+01:00 0HNE7O60A4RRA:00000007 [INF] Request starting "HTTP/1.1" "PUT" "http"://"localhost:5045""""/api/TestsAsync/UpdateTest/84""" - "application/json" 108 (d509f86a)
2025-07-20T20:29:25.3281258+01:00 0HNE7O60A4RRA:00000007 [INF] Executing endpoint '"DVLD_API.Controllers.TestsAsyncController.UpdateTest (DVLD_API)"' (500cc934)
2025-07-20T20:29:25.3282017+01:00 0HNE7O60A4RRA:00000007 [INF] Route matched with "{action = \"UpdateTest\", controller = \"TestsAsync\"}". Executing controller action with signature "System.Threading.Tasks.Task`1[Microsoft.AspNetCore.Mvc.IActionResult] UpdateTest(Int32, DVLD_SharedModels.clsTestDTO)" on controller "DVLD_API.Controllers.TestsAsyncController" ("DVLD_API"). (122b2fdf)
2025-07-20T20:29:25.3401225+01:00 0HNE7O60A4RRA:00000007 [INF] Executing StatusCodeResult, setting HTTP status code 204 (3fe03d2f)
2025-07-20T20:29:25.3401571+01:00 0HNE7O60A4RRA:00000007 [INF] Executed action "DVLD_API.Controllers.TestsAsyncController.UpdateTest (DVLD_API)" in 11.9366ms (afa2e885)
2025-07-20T20:29:25.3401739+01:00 0HNE7O60A4RRA:00000007 [INF] Executed endpoint '"DVLD_API.Controllers.TestsAsyncController.UpdateTest (DVLD_API)"' (99874f2b)
2025-07-20T20:29:25.3402779+01:00 0HNE7O60A4RRA:00000007 [INF] Request finished "HTTP/1.1" "PUT" "http"://"localhost:5045""""/api/TestsAsync/UpdateTest/84""" - 204 null null 12.379ms (74253ad3)
2025-07-20T20:32:50.5358179+01:00 0HNE7O60A4RRB:00000001 [INF] Request starting "HTTP/1.1" "GET" "http"://"localhost:5045""""/api/TestsAsync""" - null null (d509f86a)
2025-07-20T20:32:50.5376735+01:00 0HNE7O60A4RRB:00000001 [INF] Executing endpoint '"DVLD_API.Controllers.TestsAsyncController.GetAllTests (DVLD_API)"' (500cc934)
2025-07-20T20:32:50.5400779+01:00 0HNE7O60A4RRB:00000001 [INF] Route matched with "{action = \"GetAllTests\", controller = \"TestsAsync\"}". Executing controller action with signature "System.Threading.Tasks.Task`1[Microsoft.AspNetCore.Mvc.ActionResult`1[System.Collections.Generic.IEnumerable`1[DVLD_SharedModels.clsTestDTO]]] GetAllTests()" on controller "DVLD_API.Controllers.TestsAsyncController" ("DVLD_API"). (122b2fdf)
2025-07-20T20:32:50.5833009+01:00 0HNE7O60A4RRB:00000001 [INF] Executing "ObjectResult", writing value of type '"System.String"'. (605b4265)
2025-07-20T20:32:50.5834311+01:00 0HNE7O60A4RRB:00000001 [INF] Executed action "DVLD_API.Controllers.TestsAsyncController.GetAllTests (DVLD_API)" in 43.3272ms (afa2e885)
2025-07-20T20:32:50.5834626+01:00 0HNE7O60A4RRB:00000001 [INF] Executed endpoint '"DVLD_API.Controllers.TestsAsyncController.GetAllTests (DVLD_API)"' (99874f2b)
2025-07-20T20:32:50.5835441+01:00 0HNE7O60A4RRB:00000001 [INF] Request finished "HTTP/1.1" "GET" "http"://"localhost:5045""""/api/TestsAsync""" - 500 null "text/plain; charset=utf-8" 49.0274ms (74253ad3)
2025-07-20T20:34:30.7388637+01:00  [INF] Now listening on: "http://localhost:5045" (d826f4b8)
2025-07-20T20:34:30.8053508+01:00  [INF] Application started. Press Ctrl+C to shut down. (dcaefe54)
2025-07-20T20:34:30.8074862+01:00  [INF] Hosting environment: "Development" (bc5a1a4e)
2025-07-20T20:34:30.8089562+01:00  [INF] Content root path: "S:\14    PFE_DVLD\TheProjectDVLDVersion2.0.0\BackEnd-ServerSide\DVLD_API" (cc26f24e)
2025-07-20T20:34:31.5990775+01:00 0HNE7OHPA44Q5:00000001 [INF] Request starting "HTTP/1.1" "GET" "http"://"localhost:5045""""/swagger""" - null null (d509f86a)
2025-07-20T20:34:31.6998784+01:00 0HNE7OHPA44Q5:00000001 [INF] Request finished "HTTP/1.1" "GET" "http"://"localhost:5045""""/swagger""" - 301 0 null 104.1655ms (74253ad3)
2025-07-20T20:34:31.7128873+01:00 0HNE7OHPA44Q5:00000002 [INF] Request starting "HTTP/1.1" "GET" "http"://"localhost:5045""""/swagger/index.html""" - null null (d509f86a)
2025-07-20T20:34:31.7633237+01:00 0HNE7OHPA44Q5:00000002 [INF] Request finished "HTTP/1.1" "GET" "http"://"localhost:5045""""/swagger/index.html""" - 200 null "text/html;charset=utf-8" 50.5986ms (74253ad3)
2025-07-20T20:34:31.8080851+01:00 0HNE7OHPA44Q5:00000003 [INF] Request starting "HTTP/1.1" "GET" "http"://"localhost:5045""""/_framework/aspnetcore-browser-refresh.js""" - null null (d509f86a)
2025-07-20T20:34:31.8127974+01:00 0HNE7OHPA44Q6:00000001 [INF] Request starting "HTTP/1.1" "GET" "http"://"localhost:5045""""/_vs/browserLink""" - null null (d509f86a)
2025-07-20T20:34:31.8129686+01:00 0HNE7OHPA44Q5:00000003 [INF] Request finished "HTTP/1.1" "GET" "http"://"localhost:5045""""/_framework/aspnetcore-browser-refresh.js""" - 200 16501 "application/javascript; charset=utf-8" 4.9546ms (74253ad3)
2025-07-20T20:34:31.8375521+01:00 0HNE7OHPA44Q6:00000001 [INF] Request finished "HTTP/1.1" "GET" "http"://"localhost:5045""""/_vs/browserLink""" - 200 null "text/javascript; charset=UTF-8" 24.7754ms (74253ad3)
2025-07-20T20:34:31.9236490+01:00 0HNE7OHPA44Q6:00000002 [INF] Request starting "HTTP/1.1" "GET" "http"://"localhost:5045""""/swagger/favicon-16x16.png""" - null null (d509f86a)
2025-07-20T20:34:31.9314682+01:00 0HNE7OHPA44Q6:00000002 [INF] Sending file. Request path: '"/favicon-16x16.png"'. Physical path: '"N/A"' (27b0a520)
2025-07-20T20:34:31.9316051+01:00 0HNE7OHPA44Q6:00000002 [INF] Request finished "HTTP/1.1" "GET" "http"://"localhost:5045""""/swagger/favicon-16x16.png""" - 499 665 "image/png" 8.0082ms (74253ad3)
2025-07-20T20:34:31.9583299+01:00 0HNE7OHPA44Q5:00000004 [INF] Request starting "HTTP/1.1" "GET" "http"://"localhost:5045""""/swagger/v1/swagger.json""" - null null (d509f86a)
2025-07-20T20:34:32.0439463+01:00 0HNE7OHPA44Q5:00000004 [INF] Request finished "HTTP/1.1" "GET" "http"://"localhost:5045""""/swagger/v1/swagger.json""" - 200 null "application/json;charset=utf-8" 85.6662ms (74253ad3)
2025-07-20T20:34:43.7064136+01:00 0HNE7OHPA44Q5:00000005 [INF] Request starting "HTTP/1.1" "GET" "http"://"localhost:5045""""/api/TestsAsync/GetAllTests""" - null null (d509f86a)
2025-07-20T20:34:43.7171173+01:00 0HNE7OHPA44Q5:00000005 [WRN] Failed to determine the https port for redirect. (ca76cc21)
2025-07-20T20:34:43.7192266+01:00 0HNE7OHPA44Q5:00000005 [INF] Executing endpoint '"DVLD_API.Controllers.TestsAsyncController.GetAllTests (DVLD_API)"' (500cc934)
2025-07-20T20:34:43.7296423+01:00 0HNE7OHPA44Q5:00000005 [INF] Route matched with "{action = \"GetAllTests\", controller = \"TestsAsync\"}". Executing controller action with signature "System.Threading.Tasks.Task`1[Microsoft.AspNetCore.Mvc.ActionResult`1[System.Collections.Generic.IEnumerable`1[DVLD_SharedModels.clsTestDTO]]] GetAllTests()" on controller "DVLD_API.Controllers.TestsAsyncController" ("DVLD_API"). (122b2fdf)
2025-07-20T20:34:43.9834853+01:00 0HNE7OHPA44Q5:00000005 [INF] Executing "ObjectResult", writing value of type '"System.String"'. (605b4265)
2025-07-20T20:34:43.9860846+01:00 0HNE7OHPA44Q5:00000005 [INF] Executed action "DVLD_API.Controllers.TestsAsyncController.GetAllTests (DVLD_API)" in 254.3622ms (afa2e885)
2025-07-20T20:34:43.9863477+01:00 0HNE7OHPA44Q5:00000005 [INF] Executed endpoint '"DVLD_API.Controllers.TestsAsyncController.GetAllTests (DVLD_API)"' (99874f2b)
2025-07-20T20:34:43.9868047+01:00 0HNE7OHPA44Q5:00000005 [INF] Request finished "HTTP/1.1" "GET" "http"://"localhost:5045""""/api/TestsAsync/GetAllTests""" - 500 null "text/plain; charset=utf-8" 280.5163ms (74253ad3)
2025-07-20T20:42:44.8725123+01:00  [INF] Now listening on: "http://localhost:5045" (d826f4b8)
2025-07-20T20:42:44.9493957+01:00  [INF] Application started. Press Ctrl+C to shut down. (dcaefe54)
2025-07-20T20:42:44.9511524+01:00  [INF] Hosting environment: "Development" (bc5a1a4e)
2025-07-20T20:42:44.9526206+01:00  [INF] Content root path: "S:\14    PFE_DVLD\TheProjectDVLDVersion2.0.0\BackEnd-ServerSide\DVLD_API" (cc26f24e)
2025-07-20T20:42:45.9544286+01:00 0HNE7OMCJ2RE4:00000001 [INF] Request starting "HTTP/1.1" "GET" "http"://"localhost:5045""""/swagger""" - null null (d509f86a)
2025-07-20T20:42:46.0700271+01:00 0HNE7OMCJ2RE4:00000001 [INF] Request finished "HTTP/1.1" "GET" "http"://"localhost:5045""""/swagger""" - 301 0 null 119.0415ms (74253ad3)
2025-07-20T20:42:46.0976463+01:00 0HNE7OMCJ2RE4:00000002 [INF] Request starting "HTTP/1.1" "GET" "http"://"localhost:5045""""/swagger/index.html""" - null null (d509f86a)
2025-07-20T20:42:46.1404952+01:00 0HNE7OMCJ2RE4:00000002 [INF] Request finished "HTTP/1.1" "GET" "http"://"localhost:5045""""/swagger/index.html""" - 200 null "text/html;charset=utf-8" 42.9473ms (74253ad3)
2025-07-20T20:42:46.2072315+01:00 0HNE7OMCJ2RE4:00000003 [INF] Request starting "HTTP/1.1" "GET" "http"://"localhost:5045""""/_framework/aspnetcore-browser-refresh.js""" - null null (d509f86a)
2025-07-20T20:42:46.2085727+01:00 0HNE7OMCJ2RE4:00000003 [INF] Request finished "HTTP/1.1" "GET" "http"://"localhost:5045""""/_framework/aspnetcore-browser-refresh.js""" - 200 16501 "application/javascript; charset=utf-8" 1.4215ms (74253ad3)
2025-07-20T20:42:46.2092054+01:00 0HNE7OMCJ2RE4:00000004 [INF] Request starting "HTTP/1.1" "GET" "http"://"localhost:5045""""/_vs/browserLink""" - null null (d509f86a)
2025-07-20T20:42:46.2357016+01:00 0HNE7OMCJ2RE4:00000004 [INF] Request finished "HTTP/1.1" "GET" "http"://"localhost:5045""""/_vs/browserLink""" - 200 null "text/javascript; charset=UTF-8" 26.4525ms (74253ad3)
2025-07-20T20:42:46.3599735+01:00 0HNE7OMCJ2RE4:00000005 [INF] Request starting "HTTP/1.1" "GET" "http"://"localhost:5045""""/swagger/v1/swagger.json""" - null null (d509f86a)
2025-07-20T20:42:46.4540146+01:00 0HNE7OMCJ2RE4:00000005 [INF] Request finished "HTTP/1.1" "GET" "http"://"localhost:5045""""/swagger/v1/swagger.json""" - 200 null "application/json;charset=utf-8" 94.0676ms (74253ad3)
2025-07-20T20:43:16.9162450+01:00 0HNE7OMCJ2RE4:00000006 [INF] Request starting "HTTP/1.1" "GET" "http"://"localhost:5045""""/api/TestsAsync/GetAllTests""" - null null (d509f86a)
2025-07-20T20:43:16.9325026+01:00 0HNE7OMCJ2RE4:00000006 [WRN] Failed to determine the https port for redirect. (ca76cc21)
2025-07-20T20:43:16.9346372+01:00 0HNE7OMCJ2RE4:00000006 [INF] Executing endpoint '"DVLD_API.Controllers.TestsAsyncController.GetAllTests (DVLD_API)"' (500cc934)
2025-07-20T20:43:16.9449255+01:00 0HNE7OMCJ2RE4:00000006 [INF] Route matched with "{action = \"GetAllTests\", controller = \"TestsAsync\"}". Executing controller action with signature "System.Threading.Tasks.Task`1[Microsoft.AspNetCore.Mvc.ActionResult`1[System.Collections.Generic.IEnumerable`1[DVLD_SharedModels.clsTestDTO]]] GetAllTests()" on controller "DVLD_API.Controllers.TestsAsyncController" ("DVLD_API"). (122b2fdf)
2025-07-20T20:43:17.3262345+01:00 0HNE7OMCJ2RE4:00000006 [INF] Executing "OkObjectResult", writing value of type '"System.Collections.Generic.List`1[[DVLD_SharedModels.clsTestDTO, DVLD_SharedModels, Version=1.0.0.0, Culture=neutral, PublicKeyToken=null]]"'. (605b4265)
2025-07-20T20:43:17.3323037+01:00 0HNE7OMCJ2RE4:00000006 [INF] Executed action "DVLD_API.Controllers.TestsAsyncController.GetAllTests (DVLD_API)" in 385.2201ms (afa2e885)
2025-07-20T20:43:17.3325784+01:00 0HNE7OMCJ2RE4:00000006 [INF] Executed endpoint '"DVLD_API.Controllers.TestsAsyncController.GetAllTests (DVLD_API)"' (99874f2b)
2025-07-20T20:43:17.3330491+01:00 0HNE7OMCJ2RE4:00000006 [INF] Request finished "HTTP/1.1" "GET" "http"://"localhost:5045""""/api/TestsAsync/GetAllTests""" - 200 null "application/json; charset=utf-8" 416.9013ms (74253ad3)
2025-07-20T20:43:34.2091395+01:00 0HNE7OMCJ2RE4:00000007 [INF] Request starting "HTTP/1.1" "GET" "http"://"localhost:5045""""/api/TestsAsync/GetPassedTestCountByApplication/11/passed-count""" - null null (d509f86a)
2025-07-20T20:43:34.2115805+01:00 0HNE7OMCJ2RE4:00000007 [INF] Executing endpoint '"DVLD_API.Controllers.TestsAsyncController.GetPassedTestCount (DVLD_API)"' (500cc934)
2025-07-20T20:43:34.2171921+01:00 0HNE7OMCJ2RE4:00000007 [INF] Route matched with "{action = \"GetPassedTestCount\", controller = \"TestsAsync\"}". Executing controller action with signature "System.Threading.Tasks.Task`1[Microsoft.AspNetCore.Mvc.ActionResult`1[System.Int32]] GetPassedTestCount(Int32)" on controller "DVLD_API.Controllers.TestsAsyncController" ("DVLD_API"). (122b2fdf)
2025-07-20T20:43:34.2553734+01:00 0HNE7OMCJ2RE4:00000007 [INF] Executing "OkObjectResult", writing value of type '"System.Int32"'. (605b4265)
2025-07-20T20:43:34.2568491+01:00 0HNE7OMCJ2RE4:00000007 [INF] Executed action "DVLD_API.Controllers.TestsAsyncController.GetPassedTestCount (DVLD_API)" in 39.6026ms (afa2e885)
2025-07-20T20:43:34.2569001+01:00 0HNE7OMCJ2RE4:00000007 [INF] Executed endpoint '"DVLD_API.Controllers.TestsAsyncController.GetPassedTestCount (DVLD_API)"' (99874f2b)
2025-07-20T20:43:34.2569884+01:00 0HNE7OMCJ2RE4:00000007 [INF] Request finished "HTTP/1.1" "GET" "http"://"localhost:5045""""/api/TestsAsync/GetPassedTestCountByApplication/11/passed-count""" - 200 null "application/json; charset=utf-8" 47.9124ms (74253ad3)
