2025-06-21T01:27:55.4362471+01:00  [INF] Now listening on: "http://localhost:5045" (d826f4b8)
2025-06-21T01:27:55.4941929+01:00  [INF] Application started. Press Ctrl+C to shut down. (dcaefe54)
2025-06-21T01:27:55.4959120+01:00  [INF] Hosting environment: "Development" (bc5a1a4e)
2025-06-21T01:27:55.4972559+01:00  [INF] Content root path: "S:\14    PFE_DVLD\TheProjectDVLDVersion2.0.0\BackEnd-ServerSide\DVLD_API" (cc26f24e)
2025-06-21T01:27:56.5997192+01:00 0HNDGB9RQ3UK9:00000001 [INF] Request starting "HTTP/1.1" "GET" "http"://"localhost:5045""""/swagger/index.html""" - null null (d509f86a)
2025-06-21T01:27:56.8641322+01:00 0HNDGB9RQ3UK9:00000001 [INF] Request finished "HTTP/1.1" "GET" "http"://"localhost:5045""""/swagger/index.html""" - 200 null "text/html;charset=utf-8" 269.0926ms (74253ad3)
2025-06-21T01:27:56.8971957+01:00 0HNDGB9RQ3UK9:00000002 [INF] Request starting "HTTP/1.1" "GET" "http"://"localhost:5045""""/_framework/aspnetcore-browser-refresh.js""" - null null (d509f86a)
2025-06-21T01:27:56.9000104+01:00 0HNDGB9RQ3UK9:00000002 [INF] Request finished "HTTP/1.1" "GET" "http"://"localhost:5045""""/_framework/aspnetcore-browser-refresh.js""" - 200 16501 "application/javascript; charset=utf-8" 2.9749ms (74253ad3)
2025-06-21T01:27:56.9554772+01:00 0HNDGB9RQ3UK9:00000003 [INF] Request starting "HTTP/1.1" "GET" "http"://"localhost:5045""""/_vs/browserLink""" - null null (d509f86a)
2025-06-21T01:27:57.0432865+01:00 0HNDGB9RQ3UK9:00000003 [INF] Request finished "HTTP/1.1" "GET" "http"://"localhost:5045""""/_vs/browserLink""" - 200 null "text/javascript; charset=UTF-8" 87.8806ms (74253ad3)
2025-06-21T01:27:57.1179788+01:00 0HNDGB9RQ3UK9:00000004 [INF] Request starting "HTTP/1.1" "GET" "http"://"localhost:5045""""/swagger/v1/swagger.json""" - null null (d509f86a)
2025-06-21T01:27:57.1828856+01:00 0HNDGB9RQ3UK9:00000004 [INF] Request finished "HTTP/1.1" "GET" "http"://"localhost:5045""""/swagger/v1/swagger.json""" - 200 null "application/json;charset=utf-8" 64.9575ms (74253ad3)
2025-06-21T01:28:05.4464453+01:00 0HNDGB9RQ3UK9:00000005 [INF] Request starting "HTTP/1.1" "GET" "http"://"localhost:5045""""/api/applications/2154""" - null null (d509f86a)
2025-06-21T01:28:05.4616169+01:00 0HNDGB9RQ3UK9:00000005 [WRN] Failed to determine the https port for redirect. (ca76cc21)
2025-06-21T01:28:05.4642207+01:00 0HNDGB9RQ3UK9:00000005 [INF] Executing endpoint '"DVLD_API.Controllers.ApplicationAPIController.GetApplicationByID (DVLD_API)"' (500cc934)
2025-06-21T01:28:05.4802482+01:00 0HNDGB9RQ3UK9:00000005 [INF] Route matched with "{action = \"GetApplicationByID\", controller = \"ApplicationAPI\"}". Executing controller action with signature "System.Threading.Tasks.Task`1[Microsoft.AspNetCore.Mvc.IActionResult] GetApplicationByID(Int32)" on controller "DVLD_API.Controllers.ApplicationAPIController" ("DVLD_API"). (122b2fdf)
2025-06-21T01:28:05.5110333+01:00 0HNDGB9RQ3UK9:00000005 [INF] Retrieving application 2154 (862552af)
2025-06-21T01:28:06.2344793+01:00 0HNDGB9RQ3UK9:00000005 [WRN] Application 2154 not found (d6dea39d)
2025-06-21T01:28:06.2392849+01:00 0HNDGB9RQ3UK9:00000005 [INF] Executing "NotFoundObjectResult", writing value of type '"<>f__AnonymousType0`1[[System.String, System.Private.CoreLib, Version=8.0.0.0, Culture=neutral, PublicKeyToken=7cec85d7bea7798e]]"'. (605b4265)
2025-06-21T01:28:06.2445330+01:00 0HNDGB9RQ3UK9:00000005 [INF] Executed action "DVLD_API.Controllers.ApplicationAPIController.GetApplicationByID (DVLD_API)" in 761.9056ms (afa2e885)
2025-06-21T01:28:06.2448575+01:00 0HNDGB9RQ3UK9:00000005 [INF] Executed endpoint '"DVLD_API.Controllers.ApplicationAPIController.GetApplicationByID (DVLD_API)"' (99874f2b)
2025-06-21T01:28:06.2458730+01:00 0HNDGB9RQ3UK9:00000005 [INF] Request finished "HTTP/1.1" "GET" "http"://"localhost:5045""""/api/applications/2154""" - 404 null "application/json; charset=utf-8" 799.5558ms (74253ad3)
2025-06-21T01:28:15.2238784+01:00 0HNDGB9RQ3UK9:00000006 [INF] Request starting "HTTP/1.1" "GET" "http"://"localhost:5045""""/api/applications/-2154""" - null null (d509f86a)
2025-06-21T01:28:15.2255208+01:00 0HNDGB9RQ3UK9:00000006 [INF] Executing endpoint '"DVLD_API.Controllers.ApplicationAPIController.GetApplicationByID (DVLD_API)"' (500cc934)
2025-06-21T01:28:15.2259244+01:00 0HNDGB9RQ3UK9:00000006 [INF] Route matched with "{action = \"GetApplicationByID\", controller = \"ApplicationAPI\"}". Executing controller action with signature "System.Threading.Tasks.Task`1[Microsoft.AspNetCore.Mvc.IActionResult] GetApplicationByID(Int32)" on controller "DVLD_API.Controllers.ApplicationAPIController" ("DVLD_API"). (122b2fdf)
2025-06-21T01:28:15.2312004+01:00 0HNDGB9RQ3UK9:00000006 [INF] Retrieving application -2154 (862552af)
2025-06-21T01:28:15.2348084+01:00 0HNDGB9RQ3UK9:00000006 [ERR] Invalid application ID -2154 (9e6f5ec2)
2025-06-21T01:28:15.2352263+01:00 0HNDGB9RQ3UK9:00000006 [INF] Executing "BadRequestObjectResult", writing value of type '"<>f__AnonymousType0`1[[System.String, System.Private.CoreLib, Version=8.0.0.0, Culture=neutral, PublicKeyToken=7cec85d7bea7798e]]"'. (605b4265)
2025-06-21T01:28:15.2354142+01:00 0HNDGB9RQ3UK9:00000006 [INF] Executed action "DVLD_API.Controllers.ApplicationAPIController.GetApplicationByID (DVLD_API)" in 9.4131ms (afa2e885)
2025-06-21T01:28:15.2354471+01:00 0HNDGB9RQ3UK9:00000006 [INF] Executed endpoint '"DVLD_API.Controllers.ApplicationAPIController.GetApplicationByID (DVLD_API)"' (99874f2b)
2025-06-21T01:28:15.2355409+01:00 0HNDGB9RQ3UK9:00000006 [INF] Request finished "HTTP/1.1" "GET" "http"://"localhost:5045""""/api/applications/-2154""" - 400 null "application/json; charset=utf-8" 11.7326ms (74253ad3)
